[ 2016-12-30T09:46:50+08:00 ] ::1 /
INFO: [ app_init ] --START--
INFO: Run Behavior\BuildLiteBehavior [ RunTime:0.000022s ]
INFO: [ app_init ] --END-- [ RunTime:0.001698s ]
INFO: [ app_begin ] --START--
INFO: Run Behavior\ReadHtmlCacheBehavior [ RunTime:0.000609s ]
INFO: [ app_begin ] --END-- [ RunTime:0.000658s ]
SQL: SELECT * FROM `yang_config`  [ RunTime:0.0318s ]
SQL: SELECT * FROM `yang_dividend_config`  [ RunTime:0.0093s ]
SQL: SELECT * FROM `yang_article_category` WHERE ( parent_id = 6 ) LIMIT 4   [ RunTime:0.0553s ]
SQL: SELECT * FROM `yang_article` WHERE ( position_id = 7 ) LIMIT 4   [ RunTime:0.0395s ]
NOTIC: [8] Undefined index: USER_KEY_ID D:\phpStudy\WWW\App\Common\Controller\CommonController.class.php 第 77 行.
SQL: SELECT * FROM `yang_currency` WHERE ( is_line=1  ) ORDER BY sort  [ RunTime:0.0168s ]
SQL: SELECT * FROM `yang_article` INNER JOIN yang_article_category ON yang_article.position_id = yang_article_category.id  WHERE yang_article_category.id = 1 AND ( yang_article.sign = 0 ) ORDER BY add_time desc LIMIT 0,6   [ RunTime:0.0007s ]
SQL: SELECT * FROM `yang_article` INNER JOIN yang_article_category ON yang_article.position_id = yang_article_category.id  WHERE yang_article_category.id = 1 AND ( yang_article.sign = 1 ) ORDER BY add_time desc LIMIT 0,4   [ RunTime:0.0004s ]
SQL: SELECT * FROM `yang_article` INNER JOIN yang_article_category ON yang_article.position_id = yang_article_category.id  WHERE yang_article_category.id = 2 AND ( yang_article.sign = 0 ) ORDER BY add_time desc LIMIT 0,6   [ RunTime:0.0004s ]
SQL: SELECT * FROM `yang_article` INNER JOIN yang_article_category ON yang_article.position_id = yang_article_category.id  WHERE yang_article_category.id = 2 AND ( yang_article.sign = 1 ) ORDER BY add_time desc LIMIT 0,4   [ RunTime:0.0004s ]
SQL: SELECT * FROM `yang_flash` ORDER BY sort LIMIT 6   [ RunTime:0.0195s ]
SQL: SELECT * FROM `yang_currency` WHERE ( is_line=1  ) ORDER BY sort  [ RunTime:0.0004s ]
SQL: SELECT * FROM `yang_trade` WHERE `currency_id` = 29 ORDER BY add_time desc LIMIT 1   [ RunTime:0.0229s ]
SQL: SELECT * FROM `yang_trade` WHERE `currency_id` = 29 AND ( add_time<1483027200 ) ORDER BY add_time desc LIMIT 1   [ RunTime:0.0007s ]
SQL: SELECT * FROM `yang_trade` WHERE `currency_id` = 29 AND ( add_time<1483062410-60*60*24 ) ORDER BY add_time desc LIMIT 1   [ RunTime:0.0008s ]
SQL: SELECT * FROM `yang_trade` WHERE `currency_id` = 29 AND ( add_time<1483062410-60*60*24*7 ) ORDER BY add_time desc LIMIT 1   [ RunTime:0.0007s ]
SQL: SELECT SUM(num) AS tp_sum FROM `yang_trade` WHERE `currency_id` = 29 AND ( add_time>1483062410-60*60*24 ) LIMIT 1   [ RunTime:0.0007s ]
SQL: SELECT SUM(num*price) AS tp_sum FROM `yang_trade` WHERE `currency_id` = 29 AND ( add_time>1483062410-60*60*24 ) LIMIT 1   [ RunTime:0.0006s ]
SQL: SELECT `price` FROM `yang_trade` WHERE `currency_id` = 29 ORDER BY price asc LIMIT 1   [ RunTime:0.0008s ]
SQL: SELECT `price` FROM `yang_trade` WHERE `currency_id` = 29 ORDER BY price desc LIMIT 1   [ RunTime:0.0006s ]
SQL: SELECT `price` FROM `yang_orders` WHERE `currency_id` = 29 AND `type` = 'buy' AND `status` IN (0,1) ORDER BY price desc LIMIT 1   [ RunTime:0.0107s ]
SQL: SELECT `price` FROM `yang_orders` WHERE `currency_id` = 29 AND `type` = 'sell' AND `status` IN (0,1) ORDER BY price asc LIMIT 1   [ RunTime:0.0005s ]
SQL: SELECT SUM(money) AS tp_sum FROM `yang_trade` LIMIT 1   [ RunTime:0.0003s ]
SQL: SELECT * FROM `yang_link`  [ RunTime:0.0232s ]
SQL: SELECT yang_issue.*,yang_currency.currency_name as name FROM `yang_issue` left join yang_currency on yang_currency.currency_id=yang_issue.currency_id  ORDER BY  id desc   [ RunTime:0.0253s ]
INFO: [ view_parse ] --START--
INFO: [ template_filter ] --START--
INFO: Run Behavior\ContentReplaceBehavior [ RunTime:0.001093s ]
INFO: [ template_filter ] --END-- [ RunTime:0.001162s ]
INFO: Run Behavior\ParseTemplateBehavior [ RunTime:0.071768s ]
INFO: [ view_parse ] --END-- [ RunTime:0.071829s ]
INFO: [ view_filter ] --START--
INFO: Run Behavior\WriteHtmlCacheBehavior [ RunTime:0.000374s ]
INFO: [ view_filter ] --END-- [ RunTime:0.000415s ]
INFO: [ app_end ] --START--
INFO: Run Behavior\ShowPageTraceBehavior [ RunTime:0.000506s ]
INFO: [ app_end ] --END-- [ RunTime:0.000543s ]

[ 2016-12-30T09:50:41+08:00 ] ::1 /
INFO: [ app_init ] --START--
INFO: Run Behavior\BuildLiteBehavior [ RunTime:0.000028s ]
INFO: [ app_init ] --END-- [ RunTime:0.000786s ]
INFO: [ app_begin ] --START--
INFO: Run Behavior\ReadHtmlCacheBehavior [ RunTime:0.001244s ]
INFO: [ app_begin ] --END-- [ RunTime:0.001345s ]
SQL: SELECT * FROM `yang_config`  [ RunTime:0.0010s ]
SQL: SELECT * FROM `yang_dividend_config`  [ RunTime:0.0006s ]
SQL: SELECT * FROM `yang_article_category` WHERE ( parent_id = 6 ) LIMIT 4   [ RunTime:0.0006s ]
SQL: SELECT * FROM `yang_article` WHERE ( position_id = 7 ) LIMIT 4   [ RunTime:0.0006s ]
NOTIC: [8] Undefined index: USER_KEY_ID D:\phpStudy\WWW\App\Common\Controller\CommonController.class.php 第 77 行.
SQL: SELECT * FROM `yang_currency` WHERE ( is_line=1  ) ORDER BY sort  [ RunTime:0.0007s ]
SQL: SELECT * FROM `yang_article` INNER JOIN yang_article_category ON yang_article.position_id = yang_article_category.id  WHERE yang_article_category.id = 1 AND ( yang_article.sign = 0 ) ORDER BY add_time desc LIMIT 0,6   [ RunTime:0.0011s ]
SQL: SELECT * FROM `yang_article` INNER JOIN yang_article_category ON yang_article.position_id = yang_article_category.id  WHERE yang_article_category.id = 1 AND ( yang_article.sign = 1 ) ORDER BY add_time desc LIMIT 0,4   [ RunTime:0.0008s ]
SQL: SELECT * FROM `yang_article` INNER JOIN yang_article_category ON yang_article.position_id = yang_article_category.id  WHERE yang_article_category.id = 2 AND ( yang_article.sign = 0 ) ORDER BY add_time desc LIMIT 0,6   [ RunTime:0.0007s ]
SQL: SELECT * FROM `yang_article` INNER JOIN yang_article_category ON yang_article.position_id = yang_article_category.id  WHERE yang_article_category.id = 2 AND ( yang_article.sign = 1 ) ORDER BY add_time desc LIMIT 0,4   [ RunTime:0.0006s ]
SQL: SELECT * FROM `yang_flash` ORDER BY sort LIMIT 6   [ RunTime:0.0005s ]
SQL: SELECT * FROM `yang_currency` WHERE ( is_line=1  ) ORDER BY sort  [ RunTime:0.0006s ]
SQL: SELECT * FROM `yang_trade` WHERE `currency_id` = 29 ORDER BY add_time desc LIMIT 1   [ RunTime:0.0012s ]
SQL: SELECT * FROM `yang_trade` WHERE `currency_id` = 29 AND ( add_time<1483027200 ) ORDER BY add_time desc LIMIT 1   [ RunTime:0.0012s ]
SQL: SELECT * FROM `yang_trade` WHERE `currency_id` = 29 AND ( add_time<1483062641-60*60*24 ) ORDER BY add_time desc LIMIT 1   [ RunTime:0.0012s ]
SQL: SELECT * FROM `yang_trade` WHERE `currency_id` = 29 AND ( add_time<1483062641-60*60*24*7 ) ORDER BY add_time desc LIMIT 1   [ RunTime:0.0011s ]
SQL: SELECT SUM(num) AS tp_sum FROM `yang_trade` WHERE `currency_id` = 29 AND ( add_time>1483062641-60*60*24 ) LIMIT 1   [ RunTime:0.0008s ]
SQL: SELECT SUM(num*price) AS tp_sum FROM `yang_trade` WHERE `currency_id` = 29 AND ( add_time>1483062641-60*60*24 ) LIMIT 1   [ RunTime:0.0007s ]
SQL: SELECT `price` FROM `yang_trade` WHERE `currency_id` = 29 ORDER BY price asc LIMIT 1   [ RunTime:0.0007s ]
SQL: SELECT `price` FROM `yang_trade` WHERE `currency_id` = 29 ORDER BY price desc LIMIT 1   [ RunTime:0.0007s ]
SQL: SELECT `price` FROM `yang_orders` WHERE `currency_id` = 29 AND `type` = 'buy' AND `status` IN (0,1) ORDER BY price desc LIMIT 1   [ RunTime:0.0007s ]
SQL: SELECT `price` FROM `yang_orders` WHERE `currency_id` = 29 AND `type` = 'sell' AND `status` IN (0,1) ORDER BY price asc LIMIT 1   [ RunTime:0.0006s ]
SQL: SELECT SUM(money) AS tp_sum FROM `yang_trade` LIMIT 1   [ RunTime:0.0004s ]
SQL: SELECT * FROM `yang_link`  [ RunTime:0.0004s ]
SQL: SELECT yang_issue.*,yang_currency.currency_name as name FROM `yang_issue` left join yang_currency on yang_currency.currency_id=yang_issue.currency_id  ORDER BY  id desc   [ RunTime:0.0004s ]
INFO: [ view_parse ] --START--
INFO: [ template_filter ] --START--
INFO: Run Behavior\ContentReplaceBehavior [ RunTime:0.000866s ]
INFO: [ template_filter ] --END-- [ RunTime:0.000940s ]
INFO: Run Behavior\ParseTemplateBehavior [ RunTime:0.068621s ]
INFO: [ view_parse ] --END-- [ RunTime:0.068696s ]
INFO: [ view_filter ] --START--
INFO: Run Behavior\WriteHtmlCacheBehavior [ RunTime:0.000400s ]
INFO: [ view_filter ] --END-- [ RunTime:0.000444s ]
INFO: [ app_end ] --START--
INFO: Run Behavior\ShowPageTraceBehavior [ RunTime:0.000775s ]
INFO: [ app_end ] --END-- [ RunTime:0.000847s ]

