[ 2016-12-28T16:54:11+08:00 ] ::1 /
INFO: [ app_init ] --START--
INFO: Run Behavior\BuildLiteBehavior [ RunTime:0.000009s ]
INFO: [ app_init ] --END-- [ RunTime:0.000270s ]
INFO: [ app_begin ] --START--
INFO: Run Behavior\ReadHtmlCacheBehavior [ RunTime:0.000482s ]
INFO: [ app_begin ] --END-- [ RunTime:0.000515s ]
SQL: SHOW COLUMNS FROM `yang_config` [ RunTime:0.0031s ]
SQL: SELECT * FROM `yang_config`  [ RunTime:0.0004s ]
SQL: SHOW COLUMNS FROM `yang_dividend_config` [ RunTime:0.0027s ]
SQL: SELECT * FROM `yang_dividend_config`  [ RunTime:0.0003s ]
SQL: SHOW COLUMNS FROM `yang_article_category` [ RunTime:0.0032s ]
SQL: SELECT * FROM `yang_article_category` WHERE ( parent_id = 6 ) LIMIT 4   [ RunTime:0.0004s ]
SQL: SHOW COLUMNS FROM `yang_article` [ RunTime:0.0029s ]
SQL: SELECT * FROM `yang_article` WHERE ( position_id = 7 ) LIMIT 4   [ RunTime:0.0003s ]
SQL: SHOW COLUMNS FROM `yang_orders` [ RunTime:0.0030s ]
NOTIC: [8] Undefined index: USER_KEY_ID D:\phpStudy\WWW\App\Common\Controller\CommonController.class.php 第 77 行.
SQL: SHOW COLUMNS FROM `yang_currency` [ RunTime:0.0034s ]
SQL: SELECT * FROM `yang_currency` WHERE ( is_line=1  ) ORDER BY sort  [ RunTime:0.0004s ]
SQL: SELECT * FROM `yang_article` INNER JOIN yang_article_category ON yang_article.position_id = yang_article_category.id  WHERE yang_article_category.id = 1 AND ( yang_article.sign = 0 ) ORDER BY add_time desc LIMIT 0,6   [ RunTime:0.0004s ]
SQL: SELECT * FROM `yang_article` INNER JOIN yang_article_category ON yang_article.position_id = yang_article_category.id  WHERE yang_article_category.id = 1 AND ( yang_article.sign = 1 ) ORDER BY add_time desc LIMIT 0,4   [ RunTime:0.0003s ]
SQL: SELECT * FROM `yang_article` INNER JOIN yang_article_category ON yang_article.position_id = yang_article_category.id  WHERE yang_article_category.id = 2 AND ( yang_article.sign = 0 ) ORDER BY add_time desc LIMIT 0,6   [ RunTime:0.0003s ]
SQL: SELECT * FROM `yang_article` INNER JOIN yang_article_category ON yang_article.position_id = yang_article_category.id  WHERE yang_article_category.id = 2 AND ( yang_article.sign = 1 ) ORDER BY add_time desc LIMIT 0,4   [ RunTime:0.0003s ]
SQL: SHOW COLUMNS FROM `yang_flash` [ RunTime:0.0040s ]
SQL: SELECT * FROM `yang_flash` ORDER BY sort LIMIT 6   [ RunTime:0.0003s ]
SQL: SELECT * FROM `yang_currency` WHERE ( is_line=1  ) ORDER BY sort  [ RunTime:0.0002s ]
SQL: SHOW COLUMNS FROM `yang_trade` [ RunTime:0.0031s ]
SQL: SELECT * FROM `yang_trade` WHERE `currency_id` = 29 ORDER BY add_time desc LIMIT 1   [ RunTime:0.0009s ]
SQL: SELECT * FROM `yang_trade` WHERE `currency_id` = 29 AND ( add_time<1482854400 ) ORDER BY add_time desc LIMIT 1   [ RunTime:0.0005s ]
SQL: SELECT * FROM `yang_trade` WHERE `currency_id` = 29 AND ( add_time<1482915250-60*60*24 ) ORDER BY add_time desc LIMIT 1   [ RunTime:0.0005s ]
SQL: SELECT * FROM `yang_trade` WHERE `currency_id` = 29 AND ( add_time<1482915250-60*60*24*7 ) ORDER BY add_time desc LIMIT 1   [ RunTime:0.0004s ]
SQL: SELECT SUM(num) AS tp_sum FROM `yang_trade` WHERE `currency_id` = 29 AND ( add_time>1482915250-60*60*24 ) LIMIT 1   [ RunTime:0.0004s ]
SQL: SELECT SUM(num*price) AS tp_sum FROM `yang_trade` WHERE `currency_id` = 29 AND ( add_time>1482915250-60*60*24 ) LIMIT 1   [ RunTime:0.0004s ]
SQL: SELECT `price` FROM `yang_trade` WHERE `currency_id` = 29 ORDER BY price asc LIMIT 1   [ RunTime:0.0004s ]
SQL: SELECT `price` FROM `yang_trade` WHERE `currency_id` = 29 ORDER BY price desc LIMIT 1   [ RunTime:0.0004s ]
SQL: SELECT `price` FROM `yang_orders` WHERE `currency_id` = 29 AND `type` = 'buy' AND `status` IN (0,1) ORDER BY price desc LIMIT 1   [ RunTime:0.0004s ]
SQL: SELECT `price` FROM `yang_orders` WHERE `currency_id` = 29 AND `type` = 'sell' AND `status` IN (0,1) ORDER BY price asc LIMIT 1   [ RunTime:0.0003s ]
SQL: SELECT SUM(money) AS tp_sum FROM `yang_trade` LIMIT 1   [ RunTime:0.0002s ]
SQL: SHOW COLUMNS FROM `yang_link` [ RunTime:0.0033s ]
SQL: SELECT * FROM `yang_link`  [ RunTime:0.0002s ]
SQL: SHOW COLUMNS FROM `yang_issue` [ RunTime:0.0035s ]
SQL: SELECT yang_issue.*,yang_currency.currency_name as name FROM `yang_issue` left join yang_currency on yang_currency.currency_id=yang_issue.currency_id  ORDER BY  id desc   [ RunTime:0.0003s ]
INFO: [ view_parse ] --START--
INFO: [ template_filter ] --START--
INFO: Run Behavior\ContentReplaceBehavior [ RunTime:0.000492s ]
INFO: [ template_filter ] --END-- [ RunTime:0.000543s ]
INFO: Run Behavior\ParseTemplateBehavior [ RunTime:0.026136s ]
INFO: [ view_parse ] --END-- [ RunTime:0.026178s ]
INFO: [ view_filter ] --START--
INFO: Run Behavior\WriteHtmlCacheBehavior [ RunTime:0.000223s ]
INFO: [ view_filter ] --END-- [ RunTime:0.000245s ]
INFO: [ app_end ] --START--
INFO: Run Behavior\ShowPageTraceBehavior [ RunTime:0.000473s ]
INFO: [ app_end ] --END-- [ RunTime:0.000502s ]

[ 2016-12-28T16:54:18+08:00 ] ::1 /Home/Reg/reg.html
INFO: [ app_init ] --START--
INFO: Run Behavior\BuildLiteBehavior [ RunTime:0.000011s ]
INFO: [ app_init ] --END-- [ RunTime:0.000247s ]
INFO: [ app_begin ] --START--
INFO: Run Behavior\ReadHtmlCacheBehavior [ RunTime:0.000453s ]
INFO: [ app_begin ] --END-- [ RunTime:0.000492s ]
SQL: SELECT * FROM `yang_config`  [ RunTime:0.0003s ]
SQL: SELECT * FROM `yang_dividend_config`  [ RunTime:0.0001s ]
SQL: SELECT * FROM `yang_article_category` WHERE ( parent_id = 6 ) LIMIT 4   [ RunTime:0.0002s ]
SQL: SELECT * FROM `yang_article` WHERE ( position_id = 7 ) LIMIT 4   [ RunTime:0.0001s ]
NOTIC: [8] Undefined index: USER_KEY_ID D:\phpStudy\WWW\App\Common\Controller\CommonController.class.php 第 77 行.
SQL: SELECT * FROM `yang_currency` WHERE ( is_line=1  ) ORDER BY sort  [ RunTime:0.0001s ]
INFO: [ view_parse ] --START--
INFO: [ template_filter ] --START--
INFO: Run Behavior\ContentReplaceBehavior [ RunTime:0.000321s ]
INFO: [ template_filter ] --END-- [ RunTime:0.000353s ]
INFO: Run Behavior\ParseTemplateBehavior [ RunTime:0.013349s ]
INFO: [ view_parse ] --END-- [ RunTime:0.013387s ]
INFO: [ view_filter ] --START--
INFO: Run Behavior\WriteHtmlCacheBehavior [ RunTime:0.000194s ]
INFO: [ view_filter ] --END-- [ RunTime:0.000219s ]
INFO: [ app_end ] --START--
INFO: Run Behavior\ShowPageTraceBehavior [ RunTime:0.000436s ]
INFO: [ app_end ] --END-- [ RunTime:0.000489s ]

[ 2016-12-28T16:54:34+08:00 ] ::1 /Home/Reg/ajaxCheckEmail.html?email=123456%2540lianhe319.com
INFO: [ app_init ] --START--
INFO: Run Behavior\BuildLiteBehavior [ RunTime:0.000011s ]
INFO: [ app_init ] --END-- [ RunTime:0.000254s ]
INFO: [ app_begin ] --START--
INFO: Run Behavior\ReadHtmlCacheBehavior [ RunTime:0.000454s ]
INFO: [ app_begin ] --END-- [ RunTime:0.000488s ]
NOTIC: [8192] Function eregi() is deprecated D:\phpStudy\WWW\App\Common\Common\function.php 第 619 行.
SQL: SELECT * FROM `yang_config`  [ RunTime:0.0004s ]
SQL: SELECT * FROM `yang_dividend_config`  [ RunTime:0.0002s ]
SQL: SELECT * FROM `yang_article_category` WHERE ( parent_id = 6 ) LIMIT 4   [ RunTime:0.0002s ]
SQL: SELECT * FROM `yang_article` WHERE ( position_id = 7 ) LIMIT 4   [ RunTime:0.0002s ]
NOTIC: [8] Undefined index: USER_KEY_ID D:\phpStudy\WWW\App\Common\Controller\CommonController.class.php 第 77 行.
SQL: SELECT * FROM `yang_currency` WHERE ( is_line=1  ) ORDER BY sort  [ RunTime:0.0002s ]
SQL: SHOW COLUMNS FROM `yang_member` [ RunTime:0.0035s ]
SQL: SELECT * FROM `yang_member` WHERE `email` = '123456@lianhe319.com' LIMIT 1   [ RunTime:0.0010s ]

[ 2016-12-28T16:54:53+08:00 ] ::1 /Home/Reg/addReg.html
INFO: [ app_init ] --START--
INFO: Run Behavior\BuildLiteBehavior [ RunTime:0.000009s ]
INFO: [ app_init ] --END-- [ RunTime:0.000256s ]
INFO: [ app_begin ] --START--
INFO: Run Behavior\ReadHtmlCacheBehavior [ RunTime:0.000420s ]
INFO: [ app_begin ] --END-- [ RunTime:0.000454s ]
NOTIC: [8192] Function eregi() is deprecated D:\phpStudy\WWW\App\Common\Common\function.php 第 619 行.
NOTIC: [8192] Function eregi() is deprecated D:\phpStudy\WWW\App\Common\Common\function.php 第 619 行.
NOTIC: [8192] Function eregi() is deprecated D:\phpStudy\WWW\App\Common\Common\function.php 第 619 行.
NOTIC: [8192] Function eregi() is deprecated D:\phpStudy\WWW\App\Common\Common\function.php 第 619 行.
NOTIC: [8192] Function eregi() is deprecated D:\phpStudy\WWW\App\Common\Common\function.php 第 619 行.
NOTIC: [8192] Function eregi() is deprecated D:\phpStudy\WWW\App\Common\Common\function.php 第 619 行.
SQL: SELECT * FROM `yang_config`  [ RunTime:0.0003s ]
SQL: SELECT * FROM `yang_dividend_config`  [ RunTime:0.0003s ]
SQL: SELECT * FROM `yang_article_category` WHERE ( parent_id = 6 ) LIMIT 4   [ RunTime:0.0002s ]
SQL: SELECT * FROM `yang_article` WHERE ( position_id = 7 ) LIMIT 4   [ RunTime:0.0001s ]
NOTIC: [8] Undefined index: USER_KEY_ID D:\phpStudy\WWW\App\Common\Controller\CommonController.class.php 第 77 行.
SQL: SELECT * FROM `yang_currency` WHERE ( is_line=1  ) ORDER BY sort  [ RunTime:0.0002s ]
NOTIC: [8] Undefined index: validate D:\phpStudy\WWW\ThinkPHP\Library\Think\Model.class.php 第 1185 行.
SQL: SELECT * FROM `yang_member` WHERE `email` = '123456@lianhe319.com' LIMIT 1   [ RunTime:0.0006s ]
NOTIC: [8] Undefined index: auto D:\phpStudy\WWW\ThinkPHP\Library\Think\Model.class.php 第 1128 行.
SQL: INSERT INTO `yang_member` (`email`,`pwd`,`pid`,`pwdtrade`,`reg_time`,`ip`) VALUES ('123456@lianhe319.com','886972791cf5fd3732351a001e5f04b3','','2ebea0787e2d2d43cb3d4f41e7d4a6fc','1482915293','0.0.0.0') [ RunTime:0.0539s ]

[ 2016-12-28T16:54:54+08:00 ] ::1 /Home/Reg/regSuccess.html
INFO: [ app_init ] --START--
INFO: Run Behavior\BuildLiteBehavior [ RunTime:0.000011s ]
INFO: [ app_init ] --END-- [ RunTime:0.000337s ]
INFO: [ app_begin ] --START--
INFO: Run Behavior\ReadHtmlCacheBehavior [ RunTime:0.000421s ]
INFO: [ app_begin ] --END-- [ RunTime:0.000454s ]
SQL: SELECT * FROM `yang_config`  [ RunTime:0.0003s ]
SQL: SELECT * FROM `yang_dividend_config`  [ RunTime:0.0001s ]
SQL: SELECT * FROM `yang_article_category` WHERE ( parent_id = 6 ) LIMIT 4   [ RunTime:0.0002s ]
SQL: SELECT * FROM `yang_article` WHERE ( position_id = 7 ) LIMIT 4   [ RunTime:0.0001s ]
SQL: SELECT *,(rmb+forzen_rmb) as count FROM `yang_member` WHERE ( member_id='390' ) LIMIT 1   [ RunTime:0.0003s ]
SQL: SHOW COLUMNS FROM `yang_message` [ RunTime:0.0024s ]
SQL: SELECT COUNT(*) AS tp_count FROM `yang_message` WHERE `member_id` = '390' AND `status` = 0 LIMIT 1   [ RunTime:0.0002s ]
SQL: SELECT * FROM `yang_currency` WHERE ( is_line=1  ) ORDER BY sort  [ RunTime:0.0002s ]

[ 2016-12-28T16:54:55+08:00 ] ::1 /Home/User/index.html
INFO: [ app_init ] --START--
INFO: Run Behavior\BuildLiteBehavior [ RunTime:0.000009s ]
INFO: [ app_init ] --END-- [ RunTime:0.000244s ]
INFO: [ app_begin ] --START--
INFO: Run Behavior\ReadHtmlCacheBehavior [ RunTime:0.000569s ]
INFO: [ app_begin ] --END-- [ RunTime:0.000613s ]
SQL: SELECT * FROM `yang_config`  [ RunTime:0.0006s ]
SQL: SELECT * FROM `yang_dividend_config`  [ RunTime:0.0002s ]
SQL: SELECT * FROM `yang_article_category` WHERE ( parent_id = 6 ) LIMIT 4   [ RunTime:0.0002s ]
SQL: SELECT * FROM `yang_article` WHERE ( position_id = 7 ) LIMIT 4   [ RunTime:0.0002s ]
SQL: SELECT *,(rmb+forzen_rmb) as count FROM `yang_member` WHERE ( member_id='390' ) LIMIT 1   [ RunTime:0.0002s ]
SQL: SELECT COUNT(*) AS tp_count FROM `yang_message` WHERE `member_id` = '390' AND `status` = 0 LIMIT 1   [ RunTime:0.0003s ]
SQL: SELECT * FROM `yang_currency` WHERE ( is_line=1  ) ORDER BY sort  [ RunTime:0.0002s ]
SQL: SELECT * FROM `yang_member` WHERE ( member_id =390 ) LIMIT 1   [ RunTime:0.0001s ]
SQL: SELECT * FROM `yang_currency`  [ RunTime:0.0001s ]
SQL: SHOW COLUMNS FROM `yang_currency_user` [ RunTime:0.0022s ]
SQL: SELECT *,(num+forzen_num) as count FROM `yang_currency_user` WHERE `member_id` = 390 AND `currency_id` = 29 LIMIT 1   [ RunTime:0.0002s ]
SQL: INSERT INTO `yang_currency_user` (`member_id`,`currency_id`,`num`,`forzen_num`,`status`) VALUES ('390','29','0','0','0') [ RunTime:0.0493s ]
SQL: SHOW COLUMNS FROM `yang_issue_log` [ RunTime:0.0025s ]
SQL: SELECT * FROM `yang_issue_log` WHERE ( deal>0 and add_time<1482915295-60*60*24  and status=0 )  [ RunTime:0.0002s ]
SQL: SELECT yang_currency_user.*,(yang_currency_user.num+yang_currency_user.forzen_num) as count,yang_currency.currency_name,yang_currency.currency_mark FROM `yang_currency_user` left join yang_currency on yang_currency.currency_id=yang_currency_user.currency_id  WHERE `member_id` = '390' ORDER BY sort  [ RunTime:0.0003s ]
SQL: SELECT * FROM `yang_trade` WHERE `currency_id` = 29 ORDER BY add_time desc LIMIT 1   [ RunTime:0.0003s ]
SQL: SELECT * FROM `yang_trade` WHERE `currency_id` = 29 AND ( add_time<1482854400 ) ORDER BY add_time desc LIMIT 1   [ RunTime:0.0003s ]
SQL: SELECT * FROM `yang_trade` WHERE `currency_id` = 29 AND ( add_time<1482915295-60*60*24 ) ORDER BY add_time desc LIMIT 1   [ RunTime:0.0002s ]
SQL: SELECT * FROM `yang_trade` WHERE `currency_id` = 29 AND ( add_time<1482915295-60*60*24*7 ) ORDER BY add_time desc LIMIT 1   [ RunTime:0.0003s ]
SQL: SELECT SUM(num) AS tp_sum FROM `yang_trade` WHERE `currency_id` = 29 AND ( add_time>1482915295-60*60*24 ) LIMIT 1   [ RunTime:0.0002s ]
SQL: SELECT SUM(num*price) AS tp_sum FROM `yang_trade` WHERE `currency_id` = 29 AND ( add_time>1482915295-60*60*24 ) LIMIT 1   [ RunTime:0.0003s ]
SQL: SELECT `price` FROM `yang_trade` WHERE `currency_id` = 29 ORDER BY price asc LIMIT 1   [ RunTime:0.0003s ]
SQL: SELECT `price` FROM `yang_trade` WHERE `currency_id` = 29 ORDER BY price desc LIMIT 1   [ RunTime:0.0002s ]
SQL: SELECT `price` FROM `yang_orders` WHERE `currency_id` = 29 AND `type` = 'buy' AND `status` IN (0,1) ORDER BY price desc LIMIT 1   [ RunTime:0.0003s ]
SQL: SELECT `price` FROM `yang_orders` WHERE `currency_id` = 29 AND `type` = 'sell' AND `status` IN (0,1) ORDER BY price asc LIMIT 1   [ RunTime:0.0003s ]
SQL: SELECT `rmb`,`forzen_rmb` FROM `yang_member` WHERE `member_id` = 390 LIMIT 1   [ RunTime:0.0001s ]
INFO: [ view_parse ] --START--
INFO: [ template_filter ] --START--
INFO: Run Behavior\ContentReplaceBehavior [ RunTime:0.000240s ]
INFO: [ template_filter ] --END-- [ RunTime:0.000274s ]
NOTIC: [8] Undefined variable: username D:\phpStudy\WWW\App\Runtime\Cache\Home\64032f3cba072b42246c94805e3ede75.php 第 54 行.
INFO: Run Behavior\ParseTemplateBehavior [ RunTime:0.015473s ]
INFO: [ view_parse ] --END-- [ RunTime:0.015508s ]
INFO: [ view_filter ] --START--
INFO: Run Behavior\WriteHtmlCacheBehavior [ RunTime:0.000188s ]
INFO: [ view_filter ] --END-- [ RunTime:0.000212s ]
INFO: [ app_end ] --START--
INFO: Run Behavior\ShowPageTraceBehavior [ RunTime:0.000473s ]
INFO: [ app_end ] --END-- [ RunTime:0.000501s ]

[ 2016-12-28T16:54:56+08:00 ] ::1 /Home/User/js/index.js
INFO: [ app_init ] --START--
INFO: Run Behavior\BuildLiteBehavior [ RunTime:0.000030s ]
INFO: [ app_init ] --END-- [ RunTime:0.000273s ]
INFO: [ app_begin ] --START--
INFO: Run Behavior\ReadHtmlCacheBehavior [ RunTime:0.000463s ]
INFO: [ app_begin ] --END-- [ RunTime:0.000514s ]
SQL: SELECT * FROM `yang_config`  [ RunTime:0.0002s ]
SQL: SELECT * FROM `yang_dividend_config`  [ RunTime:0.0001s ]
SQL: SELECT * FROM `yang_article_category` WHERE ( parent_id = 6 ) LIMIT 4   [ RunTime:0.0002s ]
SQL: SELECT * FROM `yang_article` WHERE ( position_id = 7 ) LIMIT 4   [ RunTime:0.0001s ]
SQL: SELECT *,(rmb+forzen_rmb) as count FROM `yang_member` WHERE ( member_id='390' ) LIMIT 1   [ RunTime:0.0002s ]
SQL: SELECT COUNT(*) AS tp_count FROM `yang_message` WHERE `member_id` = '390' AND `status` = 0 LIMIT 1   [ RunTime:0.0002s ]
SQL: SELECT * FROM `yang_currency` WHERE ( is_line=1  ) ORDER BY sort  [ RunTime:0.0002s ]
SQL: SELECT * FROM `yang_member` WHERE ( member_id =390 ) LIMIT 1   [ RunTime:0.0002s ]
SQL: SELECT * FROM `yang_currency`  [ RunTime:0.0002s ]
SQL: SELECT *,(num+forzen_num) as count FROM `yang_currency_user` WHERE `member_id` = 390 AND `currency_id` = 29 LIMIT 1   [ RunTime:0.0003s ]
SQL: SELECT * FROM `yang_issue_log` WHERE ( deal>0 and add_time<1482915296-60*60*24  and status=0 )  [ RunTime:0.0001s ]
INFO: [ view_parse ] --START--
INFO: [ template_filter ] --START--
INFO: Run Behavior\ContentReplaceBehavior [ RunTime:0.000085s ]
INFO: [ template_filter ] --END-- [ RunTime:0.000161s ]
INFO: Run Behavior\ParseTemplateBehavior [ RunTime:0.005312s ]
INFO: [ view_parse ] --END-- [ RunTime:0.005346s ]
INFO: [ view_filter ] --START--
INFO: Run Behavior\WriteHtmlCacheBehavior [ RunTime:0.000183s ]
INFO: [ view_filter ] --END-- [ RunTime:0.000207s ]
INFO: [ app_end ] --START--
INFO: Run Behavior\ShowPageTraceBehavior [ RunTime:0.000525s ]
INFO: [ app_end ] --END-- [ RunTime:0.000564s ]

[ 2016-12-28T16:55:02+08:00 ] ::1 /Home/User/index.html
INFO: [ app_init ] --START--
INFO: Run Behavior\BuildLiteBehavior [ RunTime:0.000010s ]
INFO: [ app_init ] --END-- [ RunTime:0.000275s ]
INFO: [ app_begin ] --START--
INFO: Run Behavior\ReadHtmlCacheBehavior [ RunTime:0.000465s ]
INFO: [ app_begin ] --END-- [ RunTime:0.000501s ]
SQL: SELECT * FROM `yang_config`  [ RunTime:0.0003s ]
SQL: SELECT * FROM `yang_dividend_config`  [ RunTime:0.0001s ]
SQL: SELECT * FROM `yang_article_category` WHERE ( parent_id = 6 ) LIMIT 4   [ RunTime:0.0002s ]
SQL: SELECT * FROM `yang_article` WHERE ( position_id = 7 ) LIMIT 4   [ RunTime:0.0001s ]
SQL: SELECT *,(rmb+forzen_rmb) as count FROM `yang_member` WHERE ( member_id='390' ) LIMIT 1   [ RunTime:0.0002s ]
SQL: SELECT COUNT(*) AS tp_count FROM `yang_message` WHERE `member_id` = '390' AND `status` = 0 LIMIT 1   [ RunTime:0.0001s ]
SQL: SELECT * FROM `yang_currency` WHERE ( is_line=1  ) ORDER BY sort  [ RunTime:0.0001s ]
SQL: SELECT * FROM `yang_member` WHERE ( member_id =390 ) LIMIT 1   [ RunTime:0.0001s ]
SQL: SELECT * FROM `yang_currency`  [ RunTime:0.0001s ]
SQL: SELECT *,(num+forzen_num) as count FROM `yang_currency_user` WHERE `member_id` = 390 AND `currency_id` = 29 LIMIT 1   [ RunTime:0.0001s ]
SQL: SELECT * FROM `yang_issue_log` WHERE ( deal>0 and add_time<1482915302-60*60*24  and status=0 )  [ RunTime:0.0002s ]
SQL: SELECT yang_currency_user.*,(yang_currency_user.num+yang_currency_user.forzen_num) as count,yang_currency.currency_name,yang_currency.currency_mark FROM `yang_currency_user` left join yang_currency on yang_currency.currency_id=yang_currency_user.currency_id  WHERE `member_id` = '390' ORDER BY sort  [ RunTime:0.0003s ]
SQL: SELECT * FROM `yang_trade` WHERE `currency_id` = 29 ORDER BY add_time desc LIMIT 1   [ RunTime:0.0003s ]
SQL: SELECT * FROM `yang_trade` WHERE `currency_id` = 29 AND ( add_time<1482854400 ) ORDER BY add_time desc LIMIT 1   [ RunTime:0.0002s ]
SQL: SELECT * FROM `yang_trade` WHERE `currency_id` = 29 AND ( add_time<1482915302-60*60*24 ) ORDER BY add_time desc LIMIT 1   [ RunTime:0.0003s ]
SQL: SELECT * FROM `yang_trade` WHERE `currency_id` = 29 AND ( add_time<1482915302-60*60*24*7 ) ORDER BY add_time desc LIMIT 1   [ RunTime:0.0003s ]
SQL: SELECT SUM(num) AS tp_sum FROM `yang_trade` WHERE `currency_id` = 29 AND ( add_time>1482915302-60*60*24 ) LIMIT 1   [ RunTime:0.0002s ]
SQL: SELECT SUM(num*price) AS tp_sum FROM `yang_trade` WHERE `currency_id` = 29 AND ( add_time>1482915302-60*60*24 ) LIMIT 1   [ RunTime:0.0002s ]
SQL: SELECT `price` FROM `yang_trade` WHERE `currency_id` = 29 ORDER BY price asc LIMIT 1   [ RunTime:0.0002s ]
SQL: SELECT `price` FROM `yang_trade` WHERE `currency_id` = 29 ORDER BY price desc LIMIT 1   [ RunTime:0.0002s ]
SQL: SELECT `price` FROM `yang_orders` WHERE `currency_id` = 29 AND `type` = 'buy' AND `status` IN (0,1) ORDER BY price desc LIMIT 1   [ RunTime:0.0002s ]
SQL: SELECT `price` FROM `yang_orders` WHERE `currency_id` = 29 AND `type` = 'sell' AND `status` IN (0,1) ORDER BY price asc LIMIT 1   [ RunTime:0.0002s ]
SQL: SELECT `rmb`,`forzen_rmb` FROM `yang_member` WHERE `member_id` = 390 LIMIT 1   [ RunTime:0.0001s ]
INFO: [ view_parse ] --START--
INFO: [ template_filter ] --START--
INFO: Run Behavior\ContentReplaceBehavior [ RunTime:0.000234s ]
INFO: [ template_filter ] --END-- [ RunTime:0.000268s ]
NOTIC: [8] Undefined variable: username D:\phpStudy\WWW\App\Runtime\Cache\Home\64032f3cba072b42246c94805e3ede75.php 第 54 行.
INFO: Run Behavior\ParseTemplateBehavior [ RunTime:0.015303s ]
INFO: [ view_parse ] --END-- [ RunTime:0.015338s ]
INFO: [ view_filter ] --START--
INFO: Run Behavior\WriteHtmlCacheBehavior [ RunTime:0.000280s ]
INFO: [ view_filter ] --END-- [ RunTime:0.000312s ]
INFO: [ app_end ] --START--
INFO: Run Behavior\ShowPageTraceBehavior [ RunTime:0.000439s ]
INFO: [ app_end ] --END-- [ RunTime:0.000475s ]

[ 2016-12-28T16:55:03+08:00 ] ::1 /Home/User/js/index.js
INFO: [ app_init ] --START--
INFO: Run Behavior\BuildLiteBehavior [ RunTime:0.000010s ]
INFO: [ app_init ] --END-- [ RunTime:0.000285s ]
INFO: [ app_begin ] --START--
INFO: Run Behavior\ReadHtmlCacheBehavior [ RunTime:0.000412s ]
INFO: [ app_begin ] --END-- [ RunTime:0.000445s ]
SQL: SELECT * FROM `yang_config`  [ RunTime:0.0003s ]
SQL: SELECT * FROM `yang_dividend_config`  [ RunTime:0.0002s ]
SQL: SELECT * FROM `yang_article_category` WHERE ( parent_id = 6 ) LIMIT 4   [ RunTime:0.0002s ]
SQL: SELECT * FROM `yang_article` WHERE ( position_id = 7 ) LIMIT 4   [ RunTime:0.0002s ]
SQL: SELECT *,(rmb+forzen_rmb) as count FROM `yang_member` WHERE ( member_id='390' ) LIMIT 1   [ RunTime:0.0003s ]
SQL: SELECT COUNT(*) AS tp_count FROM `yang_message` WHERE `member_id` = '390' AND `status` = 0 LIMIT 1   [ RunTime:0.0002s ]
SQL: SELECT * FROM `yang_currency` WHERE ( is_line=1  ) ORDER BY sort  [ RunTime:0.0003s ]
SQL: SELECT * FROM `yang_member` WHERE ( member_id =390 ) LIMIT 1   [ RunTime:0.0002s ]
SQL: SELECT * FROM `yang_currency`  [ RunTime:0.0002s ]
SQL: SELECT *,(num+forzen_num) as count FROM `yang_currency_user` WHERE `member_id` = 390 AND `currency_id` = 29 LIMIT 1   [ RunTime:0.0001s ]
SQL: SELECT * FROM `yang_issue_log` WHERE ( deal>0 and add_time<1482915303-60*60*24  and status=0 )  [ RunTime:0.0001s ]
INFO: [ view_parse ] --START--
INFO: [ template_filter ] --START--
INFO: Run Behavior\ContentReplaceBehavior [ RunTime:0.000047s ]
INFO: [ template_filter ] --END-- [ RunTime:0.000079s ]
INFO: Run Behavior\ParseTemplateBehavior [ RunTime:0.004759s ]
INFO: [ view_parse ] --END-- [ RunTime:0.004799s ]
INFO: [ view_filter ] --START--
INFO: Run Behavior\WriteHtmlCacheBehavior [ RunTime:0.000320s ]
INFO: [ view_filter ] --END-- [ RunTime:0.000382s ]
INFO: [ app_end ] --START--
INFO: Run Behavior\ShowPageTraceBehavior [ RunTime:0.000496s ]
INFO: [ app_end ] --END-- [ RunTime:0.000548s ]

[ 2016-12-28T16:55:06+08:00 ] ::1 /Home/Safe/index.html
INFO: [ app_init ] --START--
INFO: Run Behavior\BuildLiteBehavior [ RunTime:0.000010s ]
INFO: [ app_init ] --END-- [ RunTime:0.000241s ]
INFO: [ app_begin ] --START--
INFO: Run Behavior\ReadHtmlCacheBehavior [ RunTime:0.000442s ]
INFO: [ app_begin ] --END-- [ RunTime:0.000478s ]
SQL: SELECT * FROM `yang_config`  [ RunTime:0.0003s ]
SQL: SELECT * FROM `yang_dividend_config`  [ RunTime:0.0001s ]
SQL: SELECT * FROM `yang_article_category` WHERE ( parent_id = 6 ) LIMIT 4   [ RunTime:0.0002s ]
SQL: SELECT * FROM `yang_article` WHERE ( position_id = 7 ) LIMIT 4   [ RunTime:0.0001s ]
SQL: SELECT *,(rmb+forzen_rmb) as count FROM `yang_member` WHERE ( member_id='390' ) LIMIT 1   [ RunTime:0.0002s ]
SQL: SELECT COUNT(*) AS tp_count FROM `yang_message` WHERE `member_id` = '390' AND `status` = 0 LIMIT 1   [ RunTime:0.0002s ]
SQL: SELECT * FROM `yang_currency` WHERE ( is_line=1  ) ORDER BY sort  [ RunTime:0.0001s ]
SQL: SELECT * FROM `yang_member` WHERE ( member_id =390 ) LIMIT 1   [ RunTime:0.0001s ]
SQL: SELECT * FROM `yang_currency`  [ RunTime:0.0001s ]
SQL: SELECT *,(num+forzen_num) as count FROM `yang_currency_user` WHERE `member_id` = 390 AND `currency_id` = 29 LIMIT 1   [ RunTime:0.0001s ]
SQL: SELECT * FROM `yang_issue_log` WHERE ( deal>0 and add_time<1482915306-60*60*24  and status=0 )  [ RunTime:0.0002s ]
SQL: SELECT * FROM `yang_member` WHERE ( member_id = 390 ) LIMIT 1   [ RunTime:0.0001s ]
INFO: [ view_parse ] --START--
INFO: [ template_filter ] --START--
INFO: Run Behavior\ContentReplaceBehavior [ RunTime:0.000275s ]
INFO: [ template_filter ] --END-- [ RunTime:0.000312s ]
NOTIC: [8] Undefined variable: username D:\phpStudy\WWW\App\Runtime\Cache\Home\65e74b816c4db46a3ad1c8d78125e2c9.php 第 54 行.
INFO: Run Behavior\ParseTemplateBehavior [ RunTime:0.014426s ]
INFO: [ view_parse ] --END-- [ RunTime:0.014458s ]
INFO: [ view_filter ] --START--
INFO: Run Behavior\WriteHtmlCacheBehavior [ RunTime:0.000314s ]
INFO: [ view_filter ] --END-- [ RunTime:0.000338s ]
INFO: [ app_end ] --START--
INFO: Run Behavior\ShowPageTraceBehavior [ RunTime:0.000385s ]
INFO: [ app_end ] --END-- [ RunTime:0.000412s ]

[ 2016-12-28T16:55:08+08:00 ] ::1 /Home/Safe/_PUBLIC__/Home/js/script.js
INFO: [ app_init ] --START--
INFO: Run Behavior\BuildLiteBehavior [ RunTime:0.000009s ]
INFO: [ app_init ] --END-- [ RunTime:0.000217s ]
INFO: [ app_begin ] --START--
INFO: Run Behavior\ReadHtmlCacheBehavior [ RunTime:0.000358s ]
INFO: [ app_begin ] --END-- [ RunTime:0.000389s ]
NOTIC: [8192] Function eregi() is deprecated D:\phpStudy\WWW\App\Common\Common\function.php 第 619 行.
SQL: SELECT * FROM `yang_config`  [ RunTime:0.0003s ]
SQL: SELECT * FROM `yang_dividend_config`  [ RunTime:0.0002s ]
SQL: SELECT * FROM `yang_article_category` WHERE ( parent_id = 6 ) LIMIT 4   [ RunTime:0.0002s ]
SQL: SELECT * FROM `yang_article` WHERE ( position_id = 7 ) LIMIT 4   [ RunTime:0.0002s ]
SQL: SELECT *,(rmb+forzen_rmb) as count FROM `yang_member` WHERE ( member_id='390' ) LIMIT 1   [ RunTime:0.0002s ]
SQL: SELECT COUNT(*) AS tp_count FROM `yang_message` WHERE `member_id` = '390' AND `status` = 0 LIMIT 1   [ RunTime:0.0001s ]
SQL: SELECT * FROM `yang_currency` WHERE ( is_line=1  ) ORDER BY sort  [ RunTime:0.0002s ]
SQL: SELECT * FROM `yang_member` WHERE ( member_id =390 ) LIMIT 1   [ RunTime:0.0001s ]
SQL: SELECT * FROM `yang_currency`  [ RunTime:0.0001s ]
SQL: SELECT *,(num+forzen_num) as count FROM `yang_currency_user` WHERE `member_id` = 390 AND `currency_id` = 29 LIMIT 1   [ RunTime:0.0002s ]
SQL: SELECT * FROM `yang_issue_log` WHERE ( deal>0 and add_time<1482915308-60*60*24  and status=0 )  [ RunTime:0.0001s ]
INFO: [ view_parse ] --START--
INFO: [ template_filter ] --START--
INFO: Run Behavior\ContentReplaceBehavior [ RunTime:0.000047s ]
INFO: [ template_filter ] --END-- [ RunTime:0.000083s ]
INFO: Run Behavior\ParseTemplateBehavior [ RunTime:0.004274s ]
INFO: [ view_parse ] --END-- [ RunTime:0.004312s ]
INFO: [ view_filter ] --START--
INFO: Run Behavior\WriteHtmlCacheBehavior [ RunTime:0.000255s ]
INFO: [ view_filter ] --END-- [ RunTime:0.000291s ]
INFO: [ app_end ] --START--
INFO: Run Behavior\ShowPageTraceBehavior [ RunTime:0.000460s ]
INFO: [ app_end ] --END-- [ RunTime:0.000485s ]

[ 2016-12-28T16:55:11+08:00 ] ::1 /Home/ModifyMember/modify.html
INFO: [ app_init ] --START--
INFO: Run Behavior\BuildLiteBehavior [ RunTime:0.000011s ]
INFO: [ app_init ] --END-- [ RunTime:0.000267s ]
INFO: [ app_begin ] --START--
INFO: Run Behavior\ReadHtmlCacheBehavior [ RunTime:0.000446s ]
INFO: [ app_begin ] --END-- [ RunTime:0.000482s ]
SQL: SELECT * FROM `yang_config`  [ RunTime:0.0003s ]
SQL: SELECT * FROM `yang_dividend_config`  [ RunTime:0.0001s ]
SQL: SELECT * FROM `yang_article_category` WHERE ( parent_id = 6 ) LIMIT 4   [ RunTime:0.0002s ]
SQL: SELECT * FROM `yang_article` WHERE ( position_id = 7 ) LIMIT 4   [ RunTime:0.0002s ]
SQL: SELECT *,(rmb+forzen_rmb) as count FROM `yang_member` WHERE ( member_id='390' ) LIMIT 1   [ RunTime:0.0002s ]
SQL: SELECT COUNT(*) AS tp_count FROM `yang_message` WHERE `member_id` = '390' AND `status` = 0 LIMIT 1   [ RunTime:0.0002s ]
SQL: SELECT * FROM `yang_currency` WHERE ( is_line=1  ) ORDER BY sort  [ RunTime:0.0002s ]
INFO: [ view_parse ] --START--
INFO: [ template_filter ] --START--
INFO: Run Behavior\ContentReplaceBehavior [ RunTime:0.000289s ]
INFO: [ template_filter ] --END-- [ RunTime:0.000324s ]
NOTIC: [8] Undefined variable: username D:\phpStudy\WWW\App\Runtime\Cache\Home\04019951ea908a45ffeb264a6ac7e926.php 第 54 行.
INFO: Run Behavior\ParseTemplateBehavior [ RunTime:0.013753s ]
INFO: [ view_parse ] --END-- [ RunTime:0.013786s ]
INFO: [ view_filter ] --START--
INFO: Run Behavior\WriteHtmlCacheBehavior [ RunTime:0.000285s ]
INFO: [ view_filter ] --END-- [ RunTime:0.000310s ]
INFO: [ app_end ] --START--
INFO: Run Behavior\ShowPageTraceBehavior [ RunTime:0.000415s ]
INFO: [ app_end ] --END-- [ RunTime:0.000444s ]

[ 2016-12-28T16:56:52+08:00 ] ::1 /Home/ModifyMember/ajaxCheckPhone.html?phone=13561962764
INFO: [ app_init ] --START--
INFO: Run Behavior\BuildLiteBehavior [ RunTime:0.000008s ]
INFO: [ app_init ] --END-- [ RunTime:0.000253s ]
INFO: [ app_begin ] --START--
INFO: Run Behavior\ReadHtmlCacheBehavior [ RunTime:0.000322s ]
INFO: [ app_begin ] --END-- [ RunTime:0.000351s ]
NOTIC: [8192] Function eregi() is deprecated D:\phpStudy\WWW\App\Common\Common\function.php 第 619 行.
SQL: SELECT * FROM `yang_config`  [ RunTime:0.0010s ]
SQL: SELECT * FROM `yang_dividend_config`  [ RunTime:0.0004s ]
SQL: SELECT * FROM `yang_article_category` WHERE ( parent_id = 6 ) LIMIT 4   [ RunTime:0.0005s ]
SQL: SELECT * FROM `yang_article` WHERE ( position_id = 7 ) LIMIT 4   [ RunTime:0.0005s ]
SQL: SELECT *,(rmb+forzen_rmb) as count FROM `yang_member` WHERE ( member_id='390' ) LIMIT 1   [ RunTime:0.0007s ]
SQL: SELECT COUNT(*) AS tp_count FROM `yang_message` WHERE `member_id` = '390' AND `status` = 0 LIMIT 1   [ RunTime:0.0006s ]
SQL: SELECT * FROM `yang_currency` WHERE ( is_line=1  ) ORDER BY sort  [ RunTime:0.0006s ]
SQL: SELECT * FROM `yang_member` WHERE `phone` = '13561962764' LIMIT 1   [ RunTime:0.0028s ]

[ 2016-12-28T16:57:43+08:00 ] ::1 /Home/ModifyMember/modify.html
INFO: [ app_init ] --START--
INFO: Run Behavior\BuildLiteBehavior [ RunTime:0.000027s ]
INFO: [ app_init ] --END-- [ RunTime:0.000712s ]
INFO: [ app_begin ] --START--
INFO: Run Behavior\ReadHtmlCacheBehavior [ RunTime:0.001334s ]
INFO: [ app_begin ] --END-- [ RunTime:0.001443s ]
SQL: SELECT * FROM `yang_config`  [ RunTime:0.0003s ]
SQL: SELECT * FROM `yang_dividend_config`  [ RunTime:0.0002s ]
SQL: SELECT * FROM `yang_article_category` WHERE ( parent_id = 6 ) LIMIT 4   [ RunTime:0.0002s ]
SQL: SELECT * FROM `yang_article` WHERE ( position_id = 7 ) LIMIT 4   [ RunTime:0.0002s ]
SQL: SELECT *,(rmb+forzen_rmb) as count FROM `yang_member` WHERE ( member_id='390' ) LIMIT 1   [ RunTime:0.0003s ]
SQL: SELECT COUNT(*) AS tp_count FROM `yang_message` WHERE `member_id` = '390' AND `status` = 0 LIMIT 1   [ RunTime:0.0002s ]
SQL: SELECT * FROM `yang_currency` WHERE ( is_line=1  ) ORDER BY sort  [ RunTime:0.0002s ]
INFO: [ view_parse ] --START--
INFO: [ template_filter ] --START--
INFO: Run Behavior\ContentReplaceBehavior [ RunTime:0.000335s ]
INFO: [ template_filter ] --END-- [ RunTime:0.000378s ]
NOTIC: [8] Undefined variable: username D:\phpStudy\WWW\App\Runtime\Cache\Home\04019951ea908a45ffeb264a6ac7e926.php 第 54 行.
INFO: Run Behavior\ParseTemplateBehavior [ RunTime:0.015861s ]
INFO: [ view_parse ] --END-- [ RunTime:0.015904s ]
INFO: [ view_filter ] --START--
INFO: Run Behavior\WriteHtmlCacheBehavior [ RunTime:0.000370s ]
INFO: [ view_filter ] --END-- [ RunTime:0.000405s ]
INFO: [ app_end ] --START--
INFO: Run Behavior\ShowPageTraceBehavior [ RunTime:0.000520s ]
INFO: [ app_end ] --END-- [ RunTime:0.000558s ]

[ 2016-12-28T16:58:50+08:00 ] ::1 /Home/ModifyMember/ajaxCheckNick.html?nick=helloword
INFO: [ app_init ] --START--
INFO: Run Behavior\BuildLiteBehavior [ RunTime:0.000010s ]
INFO: [ app_init ] --END-- [ RunTime:0.000224s ]
INFO: [ app_begin ] --START--
INFO: Run Behavior\ReadHtmlCacheBehavior [ RunTime:0.000322s ]
INFO: [ app_begin ] --END-- [ RunTime:0.000353s ]
NOTIC: [8192] Function eregi() is deprecated D:\phpStudy\WWW\App\Common\Common\function.php 第 619 行.
SQL: SELECT * FROM `yang_config`  [ RunTime:0.0010s ]
SQL: SELECT * FROM `yang_dividend_config`  [ RunTime:0.0004s ]
SQL: SELECT * FROM `yang_article_category` WHERE ( parent_id = 6 ) LIMIT 4   [ RunTime:0.0006s ]
SQL: SELECT * FROM `yang_article` WHERE ( position_id = 7 ) LIMIT 4   [ RunTime:0.0005s ]
SQL: SELECT *,(rmb+forzen_rmb) as count FROM `yang_member` WHERE ( member_id='390' ) LIMIT 1   [ RunTime:0.0007s ]
SQL: SELECT COUNT(*) AS tp_count FROM `yang_message` WHERE `member_id` = '390' AND `status` = 0 LIMIT 1   [ RunTime:0.0006s ]
SQL: SELECT * FROM `yang_currency` WHERE ( is_line=1  ) ORDER BY sort  [ RunTime:0.0006s ]
SQL: SELECT * FROM `yang_member` WHERE `nick` = 'helloword' LIMIT 1   [ RunTime:0.0026s ]

[ 2016-12-28T16:59:13+08:00 ] ::1 /Home/ModifyMember/ajaxCheckPhone.html?phone=15653667762
INFO: [ app_init ] --START--
INFO: Run Behavior\BuildLiteBehavior [ RunTime:0.000009s ]
INFO: [ app_init ] --END-- [ RunTime:0.000243s ]
INFO: [ app_begin ] --START--
INFO: Run Behavior\ReadHtmlCacheBehavior [ RunTime:0.000321s ]
INFO: [ app_begin ] --END-- [ RunTime:0.000351s ]
NOTIC: [8192] Function eregi() is deprecated D:\phpStudy\WWW\App\Common\Common\function.php 第 619 行.
SQL: SELECT * FROM `yang_config`  [ RunTime:0.0005s ]
SQL: SELECT * FROM `yang_dividend_config`  [ RunTime:0.0002s ]
SQL: SELECT * FROM `yang_article_category` WHERE ( parent_id = 6 ) LIMIT 4   [ RunTime:0.0002s ]
SQL: SELECT * FROM `yang_article` WHERE ( position_id = 7 ) LIMIT 4   [ RunTime:0.0001s ]
SQL: SELECT *,(rmb+forzen_rmb) as count FROM `yang_member` WHERE ( member_id='390' ) LIMIT 1   [ RunTime:0.0002s ]
SQL: SELECT COUNT(*) AS tp_count FROM `yang_message` WHERE `member_id` = '390' AND `status` = 0 LIMIT 1   [ RunTime:0.0002s ]
SQL: SELECT * FROM `yang_currency` WHERE ( is_line=1  ) ORDER BY sort  [ RunTime:0.0002s ]
SQL: SELECT * FROM `yang_member` WHERE `phone` = '15653667762' LIMIT 1   [ RunTime:0.0007s ]

[ 2016-12-28T16:59:15+08:00 ] ::1 /Home/ModifyMember/ajaxCheckPhone.html?phone=15653667762
INFO: [ app_init ] --START--
INFO: Run Behavior\BuildLiteBehavior [ RunTime:0.000030s ]
INFO: [ app_init ] --END-- [ RunTime:0.000721s ]
INFO: [ app_begin ] --START--
INFO: Run Behavior\ReadHtmlCacheBehavior [ RunTime:0.001040s ]
INFO: [ app_begin ] --END-- [ RunTime:0.001133s ]
NOTIC: [8192] Function eregi() is deprecated D:\phpStudy\WWW\App\Common\Common\function.php 第 619 行.
SQL: SELECT * FROM `yang_config`  [ RunTime:0.0005s ]
SQL: SELECT * FROM `yang_dividend_config`  [ RunTime:0.0001s ]
SQL: SELECT * FROM `yang_article_category` WHERE ( parent_id = 6 ) LIMIT 4   [ RunTime:0.0002s ]
SQL: SELECT * FROM `yang_article` WHERE ( position_id = 7 ) LIMIT 4   [ RunTime:0.0002s ]
SQL: SELECT *,(rmb+forzen_rmb) as count FROM `yang_member` WHERE ( member_id='390' ) LIMIT 1   [ RunTime:0.0002s ]
SQL: SELECT COUNT(*) AS tp_count FROM `yang_message` WHERE `member_id` = '390' AND `status` = 0 LIMIT 1   [ RunTime:0.0002s ]
SQL: SELECT * FROM `yang_currency` WHERE ( is_line=1  ) ORDER BY sort  [ RunTime:0.0001s ]
SQL: SELECT * FROM `yang_member` WHERE `phone` = '15653667762' LIMIT 1   [ RunTime:0.0006s ]

[ 2016-12-28T16:59:16+08:00 ] ::1 /Home/ModifyMember/modify.html
INFO: [ app_init ] --START--
INFO: Run Behavior\BuildLiteBehavior [ RunTime:0.000009s ]
INFO: [ app_init ] --END-- [ RunTime:0.000248s ]
INFO: [ app_begin ] --START--
INFO: Run Behavior\ReadHtmlCacheBehavior [ RunTime:0.000579s ]
INFO: [ app_begin ] --END-- [ RunTime:0.000617s ]
NOTIC: [8192] Function eregi() is deprecated D:\phpStudy\WWW\App\Common\Common\function.php 第 619 行.
NOTIC: [8192] Function eregi() is deprecated D:\phpStudy\WWW\App\Common\Common\function.php 第 619 行.
NOTIC: [8192] Function eregi() is deprecated D:\phpStudy\WWW\App\Common\Common\function.php 第 619 行.
NOTIC: [8192] Function eregi() is deprecated D:\phpStudy\WWW\App\Common\Common\function.php 第 619 行.
NOTIC: [8192] Function eregi() is deprecated D:\phpStudy\WWW\App\Common\Common\function.php 第 619 行.
SQL: SELECT * FROM `yang_config`  [ RunTime:0.0002s ]
SQL: SELECT * FROM `yang_dividend_config`  [ RunTime:0.0001s ]
SQL: SELECT * FROM `yang_article_category` WHERE ( parent_id = 6 ) LIMIT 4   [ RunTime:0.0002s ]
SQL: SELECT * FROM `yang_article` WHERE ( position_id = 7 ) LIMIT 4   [ RunTime:0.0001s ]
SQL: SELECT *,(rmb+forzen_rmb) as count FROM `yang_member` WHERE ( member_id='390' ) LIMIT 1   [ RunTime:0.0002s ]
SQL: SELECT COUNT(*) AS tp_count FROM `yang_message` WHERE `member_id` = '390' AND `status` = 0 LIMIT 1   [ RunTime:0.0001s ]
SQL: SELECT * FROM `yang_currency` WHERE ( is_line=1  ) ORDER BY sort  [ RunTime:0.0001s ]
NOTIC: [8] Undefined index: validate D:\phpStudy\WWW\ThinkPHP\Library\Think\Model.class.php 第 1185 行.
NOTIC: [8] Undefined index: code D:\phpStudy\WWW\ThinkPHP\Library\Think\Model.class.php 第 1303 行.

[ 2016-12-28T16:59:41+08:00 ] ::1 /Home/ModifyMember/modify.html
INFO: [ app_init ] --START--
INFO: Run Behavior\BuildLiteBehavior [ RunTime:0.000009s ]
INFO: [ app_init ] --END-- [ RunTime:0.000224s ]
INFO: [ app_begin ] --START--
INFO: Run Behavior\ReadHtmlCacheBehavior [ RunTime:0.000332s ]
INFO: [ app_begin ] --END-- [ RunTime:0.000361s ]
NOTIC: [8192] Function eregi() is deprecated D:\phpStudy\WWW\App\Common\Common\function.php 第 619 行.
NOTIC: [8192] Function eregi() is deprecated D:\phpStudy\WWW\App\Common\Common\function.php 第 619 行.
NOTIC: [8192] Function eregi() is deprecated D:\phpStudy\WWW\App\Common\Common\function.php 第 619 行.
NOTIC: [8192] Function eregi() is deprecated D:\phpStudy\WWW\App\Common\Common\function.php 第 619 行.
NOTIC: [8192] Function eregi() is deprecated D:\phpStudy\WWW\App\Common\Common\function.php 第 619 行.
SQL: SELECT * FROM `yang_config`  [ RunTime:0.0005s ]
SQL: SELECT * FROM `yang_dividend_config`  [ RunTime:0.0002s ]
SQL: SELECT * FROM `yang_article_category` WHERE ( parent_id = 6 ) LIMIT 4   [ RunTime:0.0002s ]
SQL: SELECT * FROM `yang_article` WHERE ( position_id = 7 ) LIMIT 4   [ RunTime:0.0002s ]
SQL: SELECT *,(rmb+forzen_rmb) as count FROM `yang_member` WHERE ( member_id='390' ) LIMIT 1   [ RunTime:0.0002s ]
SQL: SELECT COUNT(*) AS tp_count FROM `yang_message` WHERE `member_id` = '390' AND `status` = 0 LIMIT 1   [ RunTime:0.0002s ]
SQL: SELECT * FROM `yang_currency` WHERE ( is_line=1  ) ORDER BY sort  [ RunTime:0.0002s ]
NOTIC: [8] Undefined index: validate D:\phpStudy\WWW\ThinkPHP\Library\Think\Model.class.php 第 1185 行.
NOTIC: [8] Undefined index: code D:\phpStudy\WWW\ThinkPHP\Library\Think\Model.class.php 第 1303 行.

[ 2016-12-28T17:16:22+08:00 ] ::1 /Home/User/index.html
INFO: [ app_init ] --START--
INFO: Run Behavior\BuildLiteBehavior [ RunTime:0.000011s ]
INFO: [ app_init ] --END-- [ RunTime:0.000280s ]
INFO: [ app_begin ] --START--
INFO: Run Behavior\ReadHtmlCacheBehavior [ RunTime:0.000437s ]
INFO: [ app_begin ] --END-- [ RunTime:0.000482s ]
SQL: SELECT * FROM `yang_config`  [ RunTime:0.0005s ]
SQL: SELECT * FROM `yang_dividend_config`  [ RunTime:0.0003s ]
SQL: SELECT * FROM `yang_article_category` WHERE ( parent_id = 6 ) LIMIT 4   [ RunTime:0.0003s ]
SQL: SELECT * FROM `yang_article` WHERE ( position_id = 7 ) LIMIT 4   [ RunTime:0.0003s ]
SQL: SELECT *,(rmb+forzen_rmb) as count FROM `yang_member` WHERE ( member_id='390' ) LIMIT 1   [ RunTime:0.0002s ]
SQL: SELECT COUNT(*) AS tp_count FROM `yang_message` WHERE `member_id` = '390' AND `status` = 0 LIMIT 1   [ RunTime:0.0002s ]
SQL: SELECT * FROM `yang_currency` WHERE ( is_line=1  ) ORDER BY sort  [ RunTime:0.0003s ]
SQL: SELECT * FROM `yang_member` WHERE ( member_id =390 ) LIMIT 1   [ RunTime:0.0002s ]
SQL: SELECT * FROM `yang_currency`  [ RunTime:0.0002s ]
SQL: SELECT *,(num+forzen_num) as count FROM `yang_currency_user` WHERE `member_id` = 390 AND `currency_id` = 29 LIMIT 1   [ RunTime:0.0003s ]
SQL: SELECT * FROM `yang_issue_log` WHERE ( deal>0 and add_time<1482916582-60*60*24  and status=0 )  [ RunTime:0.0003s ]
SQL: SELECT yang_currency_user.*,(yang_currency_user.num+yang_currency_user.forzen_num) as count,yang_currency.currency_name,yang_currency.currency_mark FROM `yang_currency_user` left join yang_currency on yang_currency.currency_id=yang_currency_user.currency_id  WHERE `member_id` = '390' ORDER BY sort  [ RunTime:0.0003s ]
SQL: SELECT * FROM `yang_trade` WHERE `currency_id` = 29 ORDER BY add_time desc LIMIT 1   [ RunTime:0.0004s ]
SQL: SELECT * FROM `yang_trade` WHERE `currency_id` = 29 AND ( add_time<1482854400 ) ORDER BY add_time desc LIMIT 1   [ RunTime:0.0003s ]
SQL: SELECT * FROM `yang_trade` WHERE `currency_id` = 29 AND ( add_time<1482916582-60*60*24 ) ORDER BY add_time desc LIMIT 1   [ RunTime:0.0003s ]
SQL: SELECT * FROM `yang_trade` WHERE `currency_id` = 29 AND ( add_time<1482916582-60*60*24*7 ) ORDER BY add_time desc LIMIT 1   [ RunTime:0.0003s ]
SQL: SELECT SUM(num) AS tp_sum FROM `yang_trade` WHERE `currency_id` = 29 AND ( add_time>1482916582-60*60*24 ) LIMIT 1   [ RunTime:0.0002s ]
SQL: SELECT SUM(num*price) AS tp_sum FROM `yang_trade` WHERE `currency_id` = 29 AND ( add_time>1482916582-60*60*24 ) LIMIT 1   [ RunTime:0.0002s ]
SQL: SELECT `price` FROM `yang_trade` WHERE `currency_id` = 29 ORDER BY price asc LIMIT 1   [ RunTime:0.0002s ]
SQL: SELECT `price` FROM `yang_trade` WHERE `currency_id` = 29 ORDER BY price desc LIMIT 1   [ RunTime:0.0002s ]
SQL: SELECT `price` FROM `yang_orders` WHERE `currency_id` = 29 AND `type` = 'buy' AND `status` IN (0,1) ORDER BY price desc LIMIT 1   [ RunTime:0.0003s ]
SQL: SELECT `price` FROM `yang_orders` WHERE `currency_id` = 29 AND `type` = 'sell' AND `status` IN (0,1) ORDER BY price asc LIMIT 1   [ RunTime:0.0002s ]
SQL: SELECT `rmb`,`forzen_rmb` FROM `yang_member` WHERE `member_id` = 390 LIMIT 1   [ RunTime:0.0001s ]
INFO: [ view_parse ] --START--
INFO: [ template_filter ] --START--
INFO: Run Behavior\ContentReplaceBehavior [ RunTime:0.000263s ]
INFO: [ template_filter ] --END-- [ RunTime:0.000305s ]
NOTIC: [8] Undefined variable: username D:\phpStudy\WWW\App\Runtime\Cache\Home\64032f3cba072b42246c94805e3ede75.php 第 54 行.
INFO: Run Behavior\ParseTemplateBehavior [ RunTime:0.017094s ]
INFO: [ view_parse ] --END-- [ RunTime:0.017131s ]
INFO: [ view_filter ] --START--
INFO: Run Behavior\WriteHtmlCacheBehavior [ RunTime:0.000288s ]
INFO: [ view_filter ] --END-- [ RunTime:0.000314s ]
INFO: [ app_end ] --START--
INFO: Run Behavior\ShowPageTraceBehavior [ RunTime:0.000439s ]
INFO: [ app_end ] --END-- [ RunTime:0.000474s ]

[ 2016-12-28T17:16:24+08:00 ] ::1 /Home/User/js/index.js
INFO: [ app_init ] --START--
INFO: Run Behavior\BuildLiteBehavior [ RunTime:0.000010s ]
INFO: [ app_init ] --END-- [ RunTime:0.000222s ]
INFO: [ app_begin ] --START--
INFO: Run Behavior\ReadHtmlCacheBehavior [ RunTime:0.000496s ]
INFO: [ app_begin ] --END-- [ RunTime:0.000553s ]
SQL: SELECT * FROM `yang_config`  [ RunTime:0.0003s ]
SQL: SELECT * FROM `yang_dividend_config`  [ RunTime:0.0001s ]
SQL: SELECT * FROM `yang_article_category` WHERE ( parent_id = 6 ) LIMIT 4   [ RunTime:0.0001s ]
SQL: SELECT * FROM `yang_article` WHERE ( position_id = 7 ) LIMIT 4   [ RunTime:0.0001s ]
SQL: SELECT *,(rmb+forzen_rmb) as count FROM `yang_member` WHERE ( member_id='390' ) LIMIT 1   [ RunTime:0.0002s ]
SQL: SELECT COUNT(*) AS tp_count FROM `yang_message` WHERE `member_id` = '390' AND `status` = 0 LIMIT 1   [ RunTime:0.0001s ]
SQL: SELECT * FROM `yang_currency` WHERE ( is_line=1  ) ORDER BY sort  [ RunTime:0.0001s ]
SQL: SELECT * FROM `yang_member` WHERE ( member_id =390 ) LIMIT 1   [ RunTime:0.0001s ]
SQL: SELECT * FROM `yang_currency`  [ RunTime:0.0001s ]
SQL: SELECT *,(num+forzen_num) as count FROM `yang_currency_user` WHERE `member_id` = 390 AND `currency_id` = 29 LIMIT 1   [ RunTime:0.0002s ]
SQL: SELECT * FROM `yang_issue_log` WHERE ( deal>0 and add_time<1482916584-60*60*24  and status=0 )  [ RunTime:0.0001s ]
INFO: [ view_parse ] --START--
INFO: [ template_filter ] --START--
INFO: Run Behavior\ContentReplaceBehavior [ RunTime:0.000052s ]
INFO: [ template_filter ] --END-- [ RunTime:0.000089s ]
INFO: Run Behavior\ParseTemplateBehavior [ RunTime:0.004072s ]
INFO: [ view_parse ] --END-- [ RunTime:0.004105s ]
INFO: [ view_filter ] --START--
INFO: Run Behavior\WriteHtmlCacheBehavior [ RunTime:0.000263s ]
INFO: [ view_filter ] --END-- [ RunTime:0.000288s ]
INFO: [ app_end ] --START--
INFO: Run Behavior\ShowPageTraceBehavior [ RunTime:0.000344s ]
INFO: [ app_end ] --END-- [ RunTime:0.000371s ]

[ 2016-12-28T17:16:28+08:00 ] ::1 /Home/Safe/index.html
INFO: [ app_init ] --START--
INFO: Run Behavior\BuildLiteBehavior [ RunTime:0.000010s ]
INFO: [ app_init ] --END-- [ RunTime:0.000237s ]
INFO: [ app_begin ] --START--
INFO: Run Behavior\ReadHtmlCacheBehavior [ RunTime:0.000502s ]
INFO: [ app_begin ] --END-- [ RunTime:0.000539s ]
SQL: SELECT * FROM `yang_config`  [ RunTime:0.0003s ]
SQL: SELECT * FROM `yang_dividend_config`  [ RunTime:0.0001s ]
SQL: SELECT * FROM `yang_article_category` WHERE ( parent_id = 6 ) LIMIT 4   [ RunTime:0.0002s ]
SQL: SELECT * FROM `yang_article` WHERE ( position_id = 7 ) LIMIT 4   [ RunTime:0.0001s ]
SQL: SELECT *,(rmb+forzen_rmb) as count FROM `yang_member` WHERE ( member_id='390' ) LIMIT 1   [ RunTime:0.0002s ]
SQL: SELECT COUNT(*) AS tp_count FROM `yang_message` WHERE `member_id` = '390' AND `status` = 0 LIMIT 1   [ RunTime:0.0002s ]
SQL: SELECT * FROM `yang_currency` WHERE ( is_line=1  ) ORDER BY sort  [ RunTime:0.0002s ]
SQL: SELECT * FROM `yang_member` WHERE ( member_id =390 ) LIMIT 1   [ RunTime:0.0001s ]
SQL: SELECT * FROM `yang_currency`  [ RunTime:0.0001s ]
SQL: SELECT *,(num+forzen_num) as count FROM `yang_currency_user` WHERE `member_id` = 390 AND `currency_id` = 29 LIMIT 1   [ RunTime:0.0001s ]
SQL: SELECT * FROM `yang_issue_log` WHERE ( deal>0 and add_time<1482916588-60*60*24  and status=0 )  [ RunTime:0.0002s ]
SQL: SELECT * FROM `yang_member` WHERE ( member_id = 390 ) LIMIT 1   [ RunTime:0.0002s ]
INFO: [ view_parse ] --START--
INFO: [ template_filter ] --START--
INFO: Run Behavior\ContentReplaceBehavior [ RunTime:0.000264s ]
INFO: [ template_filter ] --END-- [ RunTime:0.000295s ]
NOTIC: [8] Undefined variable: username D:\phpStudy\WWW\App\Runtime\Cache\Home\65e74b816c4db46a3ad1c8d78125e2c9.php 第 54 行.
INFO: Run Behavior\ParseTemplateBehavior [ RunTime:0.014781s ]
INFO: [ view_parse ] --END-- [ RunTime:0.014814s ]
INFO: [ view_filter ] --START--
INFO: Run Behavior\WriteHtmlCacheBehavior [ RunTime:0.000267s ]
INFO: [ view_filter ] --END-- [ RunTime:0.000293s ]
INFO: [ app_end ] --START--
INFO: Run Behavior\ShowPageTraceBehavior [ RunTime:0.000471s ]
INFO: [ app_end ] --END-- [ RunTime:0.000501s ]

[ 2016-12-28T17:16:29+08:00 ] ::1 /Home/Safe/_PUBLIC__/Home/js/script.js
INFO: [ app_init ] --START--
INFO: Run Behavior\BuildLiteBehavior [ RunTime:0.000012s ]
INFO: [ app_init ] --END-- [ RunTime:0.000266s ]
INFO: [ app_begin ] --START--
INFO: Run Behavior\ReadHtmlCacheBehavior [ RunTime:0.000460s ]
INFO: [ app_begin ] --END-- [ RunTime:0.000498s ]
NOTIC: [8192] Function eregi() is deprecated D:\phpStudy\WWW\App\Common\Common\function.php 第 619 行.
SQL: SELECT * FROM `yang_config`  [ RunTime:0.0004s ]
SQL: SELECT * FROM `yang_dividend_config`  [ RunTime:0.0001s ]
SQL: SELECT * FROM `yang_article_category` WHERE ( parent_id = 6 ) LIMIT 4   [ RunTime:0.0003s ]
SQL: SELECT * FROM `yang_article` WHERE ( position_id = 7 ) LIMIT 4   [ RunTime:0.0002s ]
SQL: SELECT *,(rmb+forzen_rmb) as count FROM `yang_member` WHERE ( member_id='390' ) LIMIT 1   [ RunTime:0.0002s ]
SQL: SELECT COUNT(*) AS tp_count FROM `yang_message` WHERE `member_id` = '390' AND `status` = 0 LIMIT 1   [ RunTime:0.0002s ]
SQL: SELECT * FROM `yang_currency` WHERE ( is_line=1  ) ORDER BY sort  [ RunTime:0.0002s ]
SQL: SELECT * FROM `yang_member` WHERE ( member_id =390 ) LIMIT 1   [ RunTime:0.0002s ]
SQL: SELECT * FROM `yang_currency`  [ RunTime:0.0003s ]
SQL: SELECT *,(num+forzen_num) as count FROM `yang_currency_user` WHERE `member_id` = 390 AND `currency_id` = 29 LIMIT 1   [ RunTime:0.0002s ]
SQL: SELECT * FROM `yang_issue_log` WHERE ( deal>0 and add_time<1482916589-60*60*24  and status=0 )  [ RunTime:0.0002s ]
INFO: [ view_parse ] --START--
INFO: [ template_filter ] --START--
INFO: Run Behavior\ContentReplaceBehavior [ RunTime:0.000048s ]
INFO: [ template_filter ] --END-- [ RunTime:0.000087s ]
INFO: Run Behavior\ParseTemplateBehavior [ RunTime:0.004712s ]
INFO: [ view_parse ] --END-- [ RunTime:0.004746s ]
INFO: [ view_filter ] --START--
INFO: Run Behavior\WriteHtmlCacheBehavior [ RunTime:0.000276s ]
INFO: [ view_filter ] --END-- [ RunTime:0.000301s ]
INFO: [ app_end ] --START--
INFO: Run Behavior\ShowPageTraceBehavior [ RunTime:0.000476s ]
INFO: [ app_end ] --END-- [ RunTime:0.000502s ]

[ 2016-12-28T17:16:34+08:00 ] ::1 /Home/User/index.html
INFO: [ app_init ] --START--
INFO: Run Behavior\BuildLiteBehavior [ RunTime:0.000010s ]
INFO: [ app_init ] --END-- [ RunTime:0.000256s ]
INFO: [ app_begin ] --START--
INFO: Run Behavior\ReadHtmlCacheBehavior [ RunTime:0.000499s ]
INFO: [ app_begin ] --END-- [ RunTime:0.000544s ]
SQL: SELECT * FROM `yang_config`  [ RunTime:0.0002s ]
SQL: SELECT * FROM `yang_dividend_config`  [ RunTime:0.0001s ]
SQL: SELECT * FROM `yang_article_category` WHERE ( parent_id = 6 ) LIMIT 4   [ RunTime:0.0001s ]
SQL: SELECT * FROM `yang_article` WHERE ( position_id = 7 ) LIMIT 4   [ RunTime:0.0001s ]
SQL: SELECT *,(rmb+forzen_rmb) as count FROM `yang_member` WHERE ( member_id='390' ) LIMIT 1   [ RunTime:0.0002s ]
SQL: SELECT COUNT(*) AS tp_count FROM `yang_message` WHERE `member_id` = '390' AND `status` = 0 LIMIT 1   [ RunTime:0.0002s ]
SQL: SELECT * FROM `yang_currency` WHERE ( is_line=1  ) ORDER BY sort  [ RunTime:0.0001s ]
SQL: SELECT * FROM `yang_member` WHERE ( member_id =390 ) LIMIT 1   [ RunTime:0.0001s ]
SQL: SELECT * FROM `yang_currency`  [ RunTime:0.0001s ]
SQL: SELECT *,(num+forzen_num) as count FROM `yang_currency_user` WHERE `member_id` = 390 AND `currency_id` = 29 LIMIT 1   [ RunTime:0.0001s ]
SQL: SELECT * FROM `yang_issue_log` WHERE ( deal>0 and add_time<1482916594-60*60*24  and status=0 )  [ RunTime:0.0001s ]
SQL: SELECT yang_currency_user.*,(yang_currency_user.num+yang_currency_user.forzen_num) as count,yang_currency.currency_name,yang_currency.currency_mark FROM `yang_currency_user` left join yang_currency on yang_currency.currency_id=yang_currency_user.currency_id  WHERE `member_id` = '390' ORDER BY sort  [ RunTime:0.0003s ]
SQL: SELECT * FROM `yang_trade` WHERE `currency_id` = 29 ORDER BY add_time desc LIMIT 1   [ RunTime:0.0002s ]
SQL: SELECT * FROM `yang_trade` WHERE `currency_id` = 29 AND ( add_time<1482854400 ) ORDER BY add_time desc LIMIT 1   [ RunTime:0.0003s ]
SQL: SELECT * FROM `yang_trade` WHERE `currency_id` = 29 AND ( add_time<1482916594-60*60*24 ) ORDER BY add_time desc LIMIT 1   [ RunTime:0.0003s ]
SQL: SELECT * FROM `yang_trade` WHERE `currency_id` = 29 AND ( add_time<1482916594-60*60*24*7 ) ORDER BY add_time desc LIMIT 1   [ RunTime:0.0002s ]
SQL: SELECT SUM(num) AS tp_sum FROM `yang_trade` WHERE `currency_id` = 29 AND ( add_time>1482916594-60*60*24 ) LIMIT 1   [ RunTime:0.0002s ]
SQL: SELECT SUM(num*price) AS tp_sum FROM `yang_trade` WHERE `currency_id` = 29 AND ( add_time>1482916594-60*60*24 ) LIMIT 1   [ RunTime:0.0002s ]
SQL: SELECT `price` FROM `yang_trade` WHERE `currency_id` = 29 ORDER BY price asc LIMIT 1   [ RunTime:0.0002s ]
SQL: SELECT `price` FROM `yang_trade` WHERE `currency_id` = 29 ORDER BY price desc LIMIT 1   [ RunTime:0.0002s ]
SQL: SELECT `price` FROM `yang_orders` WHERE `currency_id` = 29 AND `type` = 'buy' AND `status` IN (0,1) ORDER BY price desc LIMIT 1   [ RunTime:0.0002s ]
SQL: SELECT `price` FROM `yang_orders` WHERE `currency_id` = 29 AND `type` = 'sell' AND `status` IN (0,1) ORDER BY price asc LIMIT 1   [ RunTime:0.0002s ]
SQL: SELECT `rmb`,`forzen_rmb` FROM `yang_member` WHERE `member_id` = 390 LIMIT 1   [ RunTime:0.0001s ]
INFO: [ view_parse ] --START--
INFO: [ template_filter ] --START--
INFO: Run Behavior\ContentReplaceBehavior [ RunTime:0.000343s ]
INFO: [ template_filter ] --END-- [ RunTime:0.000389s ]
NOTIC: [8] Undefined variable: username D:\phpStudy\WWW\App\Runtime\Cache\Home\64032f3cba072b42246c94805e3ede75.php 第 54 行.
INFO: Run Behavior\ParseTemplateBehavior [ RunTime:0.014745s ]
INFO: [ view_parse ] --END-- [ RunTime:0.014781s ]
INFO: [ view_filter ] --START--
INFO: Run Behavior\WriteHtmlCacheBehavior [ RunTime:0.000264s ]
INFO: [ view_filter ] --END-- [ RunTime:0.000290s ]
INFO: [ app_end ] --START--
INFO: Run Behavior\ShowPageTraceBehavior [ RunTime:0.000341s ]
INFO: [ app_end ] --END-- [ RunTime:0.000370s ]

[ 2016-12-28T17:16:35+08:00 ] ::1 /Home/User/js/index.js
INFO: [ app_init ] --START--
INFO: Run Behavior\BuildLiteBehavior [ RunTime:0.000011s ]
INFO: [ app_init ] --END-- [ RunTime:0.000245s ]
INFO: [ app_begin ] --START--
INFO: Run Behavior\ReadHtmlCacheBehavior [ RunTime:0.000425s ]
INFO: [ app_begin ] --END-- [ RunTime:0.000469s ]
SQL: SELECT * FROM `yang_config`  [ RunTime:0.0004s ]
SQL: SELECT * FROM `yang_dividend_config`  [ RunTime:0.0002s ]
SQL: SELECT * FROM `yang_article_category` WHERE ( parent_id = 6 ) LIMIT 4   [ RunTime:0.0002s ]
SQL: SELECT * FROM `yang_article` WHERE ( position_id = 7 ) LIMIT 4   [ RunTime:0.0002s ]
SQL: SELECT *,(rmb+forzen_rmb) as count FROM `yang_member` WHERE ( member_id='390' ) LIMIT 1   [ RunTime:0.0003s ]
SQL: SELECT COUNT(*) AS tp_count FROM `yang_message` WHERE `member_id` = '390' AND `status` = 0 LIMIT 1   [ RunTime:0.0003s ]
SQL: SELECT * FROM `yang_currency` WHERE ( is_line=1  ) ORDER BY sort  [ RunTime:0.0002s ]
SQL: SELECT * FROM `yang_member` WHERE ( member_id =390 ) LIMIT 1   [ RunTime:0.0002s ]
SQL: SELECT * FROM `yang_currency`  [ RunTime:0.0002s ]
SQL: SELECT *,(num+forzen_num) as count FROM `yang_currency_user` WHERE `member_id` = 390 AND `currency_id` = 29 LIMIT 1   [ RunTime:0.0003s ]
SQL: SELECT * FROM `yang_issue_log` WHERE ( deal>0 and add_time<1482916595-60*60*24  and status=0 )  [ RunTime:0.0002s ]
INFO: [ view_parse ] --START--
INFO: [ template_filter ] --START--
INFO: Run Behavior\ContentReplaceBehavior [ RunTime:0.000076s ]
INFO: [ template_filter ] --END-- [ RunTime:0.000127s ]
INFO: Run Behavior\ParseTemplateBehavior [ RunTime:0.003920s ]
INFO: [ view_parse ] --END-- [ RunTime:0.003955s ]
INFO: [ view_filter ] --START--
INFO: Run Behavior\WriteHtmlCacheBehavior [ RunTime:0.000287s ]
INFO: [ view_filter ] --END-- [ RunTime:0.000312s ]
INFO: [ app_end ] --START--
INFO: Run Behavior\ShowPageTraceBehavior [ RunTime:0.000384s ]
INFO: [ app_end ] --END-- [ RunTime:0.000410s ]

[ 2016-12-28T17:16:42+08:00 ] ::1 /Home/ModifyMember/modify.html
INFO: [ app_init ] --START--
INFO: Run Behavior\BuildLiteBehavior [ RunTime:0.000010s ]
INFO: [ app_init ] --END-- [ RunTime:0.000239s ]
INFO: [ app_begin ] --START--
INFO: Run Behavior\ReadHtmlCacheBehavior [ RunTime:0.000454s ]
INFO: [ app_begin ] --END-- [ RunTime:0.000488s ]
SQL: SELECT * FROM `yang_config`  [ RunTime:0.0004s ]
SQL: SELECT * FROM `yang_dividend_config`  [ RunTime:0.0002s ]
SQL: SELECT * FROM `yang_article_category` WHERE ( parent_id = 6 ) LIMIT 4   [ RunTime:0.0003s ]
SQL: SELECT * FROM `yang_article` WHERE ( position_id = 7 ) LIMIT 4   [ RunTime:0.0002s ]
SQL: SELECT *,(rmb+forzen_rmb) as count FROM `yang_member` WHERE ( member_id='390' ) LIMIT 1   [ RunTime:0.0003s ]
SQL: SELECT COUNT(*) AS tp_count FROM `yang_message` WHERE `member_id` = '390' AND `status` = 0 LIMIT 1   [ RunTime:0.0002s ]
SQL: SELECT * FROM `yang_currency` WHERE ( is_line=1  ) ORDER BY sort  [ RunTime:0.0002s ]
INFO: [ view_parse ] --START--
INFO: [ template_filter ] --START--
INFO: Run Behavior\ContentReplaceBehavior [ RunTime:0.000371s ]
INFO: [ template_filter ] --END-- [ RunTime:0.000415s ]
NOTIC: [8] Undefined variable: username D:\phpStudy\WWW\App\Runtime\Cache\Home\04019951ea908a45ffeb264a6ac7e926.php 第 54 行.
INFO: Run Behavior\ParseTemplateBehavior [ RunTime:0.017828s ]
INFO: [ view_parse ] --END-- [ RunTime:0.017875s ]
INFO: [ view_filter ] --START--
INFO: Run Behavior\WriteHtmlCacheBehavior [ RunTime:0.000387s ]
INFO: [ view_filter ] --END-- [ RunTime:0.000421s ]
INFO: [ app_end ] --START--
INFO: Run Behavior\ShowPageTraceBehavior [ RunTime:0.000619s ]
INFO: [ app_end ] --END-- [ RunTime:0.000690s ]

[ 2016-12-28T17:18:40+08:00 ] ::1 /Home/ModifyMember/ajaxCheckNick.html?nick=sd
INFO: [ app_init ] --START--
INFO: Run Behavior\BuildLiteBehavior [ RunTime:0.000009s ]
INFO: [ app_init ] --END-- [ RunTime:0.000267s ]
INFO: [ app_begin ] --START--
INFO: Run Behavior\ReadHtmlCacheBehavior [ RunTime:0.000450s ]
INFO: [ app_begin ] --END-- [ RunTime:0.000478s ]
NOTIC: [8192] Function eregi() is deprecated D:\phpStudy\WWW\App\Common\Common\function.php 第 619 行.
SQL: SELECT * FROM `yang_config`  [ RunTime:0.0007s ]
SQL: SELECT * FROM `yang_dividend_config`  [ RunTime:0.0003s ]
SQL: SELECT * FROM `yang_article_category` WHERE ( parent_id = 6 ) LIMIT 4   [ RunTime:0.0004s ]
SQL: SELECT * FROM `yang_article` WHERE ( position_id = 7 ) LIMIT 4   [ RunTime:0.0003s ]
SQL: SELECT *,(rmb+forzen_rmb) as count FROM `yang_member` WHERE ( member_id='390' ) LIMIT 1   [ RunTime:0.0004s ]
SQL: SELECT COUNT(*) AS tp_count FROM `yang_message` WHERE `member_id` = '390' AND `status` = 0 LIMIT 1   [ RunTime:0.0004s ]
SQL: SELECT * FROM `yang_currency` WHERE ( is_line=1  ) ORDER BY sort  [ RunTime:0.0004s ]
SQL: SELECT * FROM `yang_member` WHERE `nick` = 'sd' LIMIT 1   [ RunTime:0.0014s ]

[ 2016-12-28T17:19:00+08:00 ] ::1 /Home/ModifyMember/ajaxCheckPhone.html?phone=15653667762
INFO: [ app_init ] --START--
INFO: Run Behavior\BuildLiteBehavior [ RunTime:0.000008s ]
INFO: [ app_init ] --END-- [ RunTime:0.000219s ]
INFO: [ app_begin ] --START--
INFO: Run Behavior\ReadHtmlCacheBehavior [ RunTime:0.000409s ]
INFO: [ app_begin ] --END-- [ RunTime:0.000439s ]
NOTIC: [8192] Function eregi() is deprecated D:\phpStudy\WWW\App\Common\Common\function.php 第 619 行.
SQL: SELECT * FROM `yang_config`  [ RunTime:0.0009s ]
SQL: SELECT * FROM `yang_dividend_config`  [ RunTime:0.0004s ]
SQL: SELECT * FROM `yang_article_category` WHERE ( parent_id = 6 ) LIMIT 4   [ RunTime:0.0005s ]
SQL: SELECT * FROM `yang_article` WHERE ( position_id = 7 ) LIMIT 4   [ RunTime:0.0005s ]
SQL: SELECT *,(rmb+forzen_rmb) as count FROM `yang_member` WHERE ( member_id='390' ) LIMIT 1   [ RunTime:0.0007s ]
SQL: SELECT COUNT(*) AS tp_count FROM `yang_message` WHERE `member_id` = '390' AND `status` = 0 LIMIT 1   [ RunTime:0.0006s ]
SQL: SELECT * FROM `yang_currency` WHERE ( is_line=1  ) ORDER BY sort  [ RunTime:0.0006s ]
SQL: SELECT * FROM `yang_member` WHERE `phone` = '15653667762' LIMIT 1   [ RunTime:0.0016s ]

[ 2016-12-28T17:19:07+08:00 ] ::1 /Home/ModifyMember/ajaxCheckPhone.html?phone=15653667762
INFO: [ app_init ] --START--
INFO: Run Behavior\BuildLiteBehavior [ RunTime:0.000022s ]
INFO: [ app_init ] --END-- [ RunTime:0.000579s ]
INFO: [ app_begin ] --START--
INFO: Run Behavior\ReadHtmlCacheBehavior [ RunTime:0.000797s ]
INFO: [ app_begin ] --END-- [ RunTime:0.000850s ]
NOTIC: [8192] Function eregi() is deprecated D:\phpStudy\WWW\App\Common\Common\function.php 第 619 行.
SQL: SELECT * FROM `yang_config`  [ RunTime:0.0003s ]
SQL: SELECT * FROM `yang_dividend_config`  [ RunTime:0.0001s ]
SQL: SELECT * FROM `yang_article_category` WHERE ( parent_id = 6 ) LIMIT 4   [ RunTime:0.0002s ]
SQL: SELECT * FROM `yang_article` WHERE ( position_id = 7 ) LIMIT 4   [ RunTime:0.0002s ]
SQL: SELECT *,(rmb+forzen_rmb) as count FROM `yang_member` WHERE ( member_id='390' ) LIMIT 1   [ RunTime:0.0002s ]
SQL: SELECT COUNT(*) AS tp_count FROM `yang_message` WHERE `member_id` = '390' AND `status` = 0 LIMIT 1   [ RunTime:0.0002s ]
SQL: SELECT * FROM `yang_currency` WHERE ( is_line=1  ) ORDER BY sort  [ RunTime:0.0002s ]
SQL: SELECT * FROM `yang_member` WHERE `phone` = '15653667762' LIMIT 1   [ RunTime:0.0006s ]

[ 2016-12-28T17:19:15+08:00 ] ::1 /Home/ModifyMember/ajaxCheckPhone.html?phone=15653667762
INFO: [ app_init ] --START--
INFO: Run Behavior\BuildLiteBehavior [ RunTime:0.000008s ]
INFO: [ app_init ] --END-- [ RunTime:0.000268s ]
INFO: [ app_begin ] --START--
INFO: Run Behavior\ReadHtmlCacheBehavior [ RunTime:0.000471s ]
INFO: [ app_begin ] --END-- [ RunTime:0.000498s ]
NOTIC: [8192] Function eregi() is deprecated D:\phpStudy\WWW\App\Common\Common\function.php 第 619 行.
SQL: SELECT * FROM `yang_config`  [ RunTime:0.0003s ]
SQL: SELECT * FROM `yang_dividend_config`  [ RunTime:0.0002s ]
SQL: SELECT * FROM `yang_article_category` WHERE ( parent_id = 6 ) LIMIT 4   [ RunTime:0.0002s ]
SQL: SELECT * FROM `yang_article` WHERE ( position_id = 7 ) LIMIT 4   [ RunTime:0.0002s ]
SQL: SELECT *,(rmb+forzen_rmb) as count FROM `yang_member` WHERE ( member_id='390' ) LIMIT 1   [ RunTime:0.0003s ]
SQL: SELECT COUNT(*) AS tp_count FROM `yang_message` WHERE `member_id` = '390' AND `status` = 0 LIMIT 1   [ RunTime:0.0002s ]
SQL: SELECT * FROM `yang_currency` WHERE ( is_line=1  ) ORDER BY sort  [ RunTime:0.0002s ]
SQL: SELECT * FROM `yang_member` WHERE `phone` = '15653667762' LIMIT 1   [ RunTime:0.0007s ]

[ 2016-12-28T17:19:16+08:00 ] ::1 /Home/ModifyMember/modify.html
INFO: [ app_init ] --START--
INFO: Run Behavior\BuildLiteBehavior [ RunTime:0.000014s ]
INFO: [ app_init ] --END-- [ RunTime:0.000337s ]
INFO: [ app_begin ] --START--
INFO: Run Behavior\ReadHtmlCacheBehavior [ RunTime:0.000439s ]
INFO: [ app_begin ] --END-- [ RunTime:0.000472s ]
SQL: SELECT * FROM `yang_config`  [ RunTime:0.0003s ]
SQL: SELECT * FROM `yang_dividend_config`  [ RunTime:0.0002s ]
SQL: SELECT * FROM `yang_article_category` WHERE ( parent_id = 6 ) LIMIT 4   [ RunTime:0.0002s ]
SQL: SELECT * FROM `yang_article` WHERE ( position_id = 7 ) LIMIT 4   [ RunTime:0.0002s ]
SQL: SELECT *,(rmb+forzen_rmb) as count FROM `yang_member` WHERE ( member_id='390' ) LIMIT 1   [ RunTime:0.0002s ]
SQL: SELECT COUNT(*) AS tp_count FROM `yang_message` WHERE `member_id` = '390' AND `status` = 0 LIMIT 1   [ RunTime:0.0002s ]
SQL: SELECT * FROM `yang_currency` WHERE ( is_line=1  ) ORDER BY sort  [ RunTime:0.0002s ]
INFO: [ view_parse ] --START--
INFO: [ template_filter ] --START--
INFO: Run Behavior\ContentReplaceBehavior [ RunTime:0.000244s ]
INFO: [ template_filter ] --END-- [ RunTime:0.000284s ]
NOTIC: [8] Undefined variable: username D:\phpStudy\WWW\App\Runtime\Cache\Home\04019951ea908a45ffeb264a6ac7e926.php 第 54 行.
INFO: Run Behavior\ParseTemplateBehavior [ RunTime:0.012817s ]
INFO: [ view_parse ] --END-- [ RunTime:0.012850s ]
INFO: [ view_filter ] --START--
INFO: Run Behavior\WriteHtmlCacheBehavior [ RunTime:0.000268s ]
INFO: [ view_filter ] --END-- [ RunTime:0.000294s ]
INFO: [ app_end ] --START--
INFO: Run Behavior\ShowPageTraceBehavior [ RunTime:0.000389s ]
INFO: [ app_end ] --END-- [ RunTime:0.000418s ]

[ 2016-12-28T17:19:20+08:00 ] ::1 /Home/ModifyMember/ajaxCheckNick.html?nick=sd
INFO: [ app_init ] --START--
INFO: Run Behavior\BuildLiteBehavior [ RunTime:0.000031s ]
INFO: [ app_init ] --END-- [ RunTime:0.000720s ]
INFO: [ app_begin ] --START--
INFO: Run Behavior\ReadHtmlCacheBehavior [ RunTime:0.000936s ]
INFO: [ app_begin ] --END-- [ RunTime:0.001016s ]
NOTIC: [8192] Function eregi() is deprecated D:\phpStudy\WWW\App\Common\Common\function.php 第 619 行.
SQL: SELECT * FROM `yang_config`  [ RunTime:0.0003s ]
SQL: SELECT * FROM `yang_dividend_config`  [ RunTime:0.0002s ]
SQL: SELECT * FROM `yang_article_category` WHERE ( parent_id = 6 ) LIMIT 4   [ RunTime:0.0002s ]
SQL: SELECT * FROM `yang_article` WHERE ( position_id = 7 ) LIMIT 4   [ RunTime:0.0002s ]
SQL: SELECT *,(rmb+forzen_rmb) as count FROM `yang_member` WHERE ( member_id='390' ) LIMIT 1   [ RunTime:0.0003s ]
SQL: SELECT COUNT(*) AS tp_count FROM `yang_message` WHERE `member_id` = '390' AND `status` = 0 LIMIT 1   [ RunTime:0.0002s ]
SQL: SELECT * FROM `yang_currency` WHERE ( is_line=1  ) ORDER BY sort  [ RunTime:0.0002s ]
SQL: SELECT * FROM `yang_member` WHERE `nick` = 'sd' LIMIT 1   [ RunTime:0.0008s ]

[ 2016-12-28T17:19:35+08:00 ] ::1 /Home/ModifyMember/ajaxCheckPhone.html?phone=15653667762
INFO: [ app_init ] --START--
INFO: Run Behavior\BuildLiteBehavior [ RunTime:0.000008s ]
INFO: [ app_init ] --END-- [ RunTime:0.000213s ]
INFO: [ app_begin ] --START--
INFO: Run Behavior\ReadHtmlCacheBehavior [ RunTime:0.000321s ]
INFO: [ app_begin ] --END-- [ RunTime:0.000349s ]
NOTIC: [8192] Function eregi() is deprecated D:\phpStudy\WWW\App\Common\Common\function.php 第 619 行.
SQL: SELECT * FROM `yang_config`  [ RunTime:0.0011s ]
SQL: SELECT * FROM `yang_dividend_config`  [ RunTime:0.0006s ]
SQL: SELECT * FROM `yang_article_category` WHERE ( parent_id = 6 ) LIMIT 4   [ RunTime:0.0007s ]
SQL: SELECT * FROM `yang_article` WHERE ( position_id = 7 ) LIMIT 4   [ RunTime:0.0006s ]
SQL: SELECT *,(rmb+forzen_rmb) as count FROM `yang_member` WHERE ( member_id='390' ) LIMIT 1   [ RunTime:0.0009s ]
SQL: SELECT COUNT(*) AS tp_count FROM `yang_message` WHERE `member_id` = '390' AND `status` = 0 LIMIT 1   [ RunTime:0.0006s ]
SQL: SELECT * FROM `yang_currency` WHERE ( is_line=1  ) ORDER BY sort  [ RunTime:0.0006s ]
SQL: SELECT * FROM `yang_member` WHERE `phone` = '15653667762' LIMIT 1   [ RunTime:0.0025s ]

[ 2016-12-28T17:19:37+08:00 ] ::1 /Home/ModifyMember/ajaxCheckPhone.html?phone=15653667762
INFO: [ app_init ] --START--
INFO: Run Behavior\BuildLiteBehavior [ RunTime:0.000023s ]
INFO: [ app_init ] --END-- [ RunTime:0.000567s ]
INFO: [ app_begin ] --START--
INFO: Run Behavior\ReadHtmlCacheBehavior [ RunTime:0.000783s ]
INFO: [ app_begin ] --END-- [ RunTime:0.000852s ]
NOTIC: [8192] Function eregi() is deprecated D:\phpStudy\WWW\App\Common\Common\function.php 第 619 行.
SQL: SELECT * FROM `yang_config`  [ RunTime:0.0002s ]
SQL: SELECT * FROM `yang_dividend_config`  [ RunTime:0.0002s ]
SQL: SELECT * FROM `yang_article_category` WHERE ( parent_id = 6 ) LIMIT 4   [ RunTime:0.0001s ]
SQL: SELECT * FROM `yang_article` WHERE ( position_id = 7 ) LIMIT 4   [ RunTime:0.0002s ]
SQL: SELECT *,(rmb+forzen_rmb) as count FROM `yang_member` WHERE ( member_id='390' ) LIMIT 1   [ RunTime:0.0002s ]
SQL: SELECT COUNT(*) AS tp_count FROM `yang_message` WHERE `member_id` = '390' AND `status` = 0 LIMIT 1   [ RunTime:0.0001s ]
SQL: SELECT * FROM `yang_currency` WHERE ( is_line=1  ) ORDER BY sort  [ RunTime:0.0001s ]
SQL: SELECT * FROM `yang_member` WHERE `phone` = '15653667762' LIMIT 1   [ RunTime:0.0006s ]

[ 2016-12-28T17:19:38+08:00 ] ::1 /Home/ModifyMember/modify.html
INFO: [ app_init ] --START--
INFO: Run Behavior\BuildLiteBehavior [ RunTime:0.000010s ]
INFO: [ app_init ] --END-- [ RunTime:0.000243s ]
INFO: [ app_begin ] --START--
INFO: Run Behavior\ReadHtmlCacheBehavior [ RunTime:0.000473s ]
INFO: [ app_begin ] --END-- [ RunTime:0.000508s ]
NOTIC: [8192] Function eregi() is deprecated D:\phpStudy\WWW\App\Common\Common\function.php 第 619 行.
NOTIC: [8192] Function eregi() is deprecated D:\phpStudy\WWW\App\Common\Common\function.php 第 619 行.
NOTIC: [8192] Function eregi() is deprecated D:\phpStudy\WWW\App\Common\Common\function.php 第 619 行.
NOTIC: [8192] Function eregi() is deprecated D:\phpStudy\WWW\App\Common\Common\function.php 第 619 行.
NOTIC: [8192] Function eregi() is deprecated D:\phpStudy\WWW\App\Common\Common\function.php 第 619 行.
SQL: SELECT * FROM `yang_config`  [ RunTime:0.0003s ]
SQL: SELECT * FROM `yang_dividend_config`  [ RunTime:0.0002s ]
SQL: SELECT * FROM `yang_article_category` WHERE ( parent_id = 6 ) LIMIT 4   [ RunTime:0.0002s ]
SQL: SELECT * FROM `yang_article` WHERE ( position_id = 7 ) LIMIT 4   [ RunTime:0.0002s ]
SQL: SELECT *,(rmb+forzen_rmb) as count FROM `yang_member` WHERE ( member_id='390' ) LIMIT 1   [ RunTime:0.0002s ]
SQL: SELECT COUNT(*) AS tp_count FROM `yang_message` WHERE `member_id` = '390' AND `status` = 0 LIMIT 1   [ RunTime:0.0002s ]
SQL: SELECT * FROM `yang_currency` WHERE ( is_line=1  ) ORDER BY sort  [ RunTime:0.0003s ]
NOTIC: [8] Undefined index: validate D:\phpStudy\WWW\ThinkPHP\Library\Think\Model.class.php 第 1185 行.
NOTIC: [8] Undefined index: code D:\phpStudy\WWW\ThinkPHP\Library\Think\Model.class.php 第 1303 行.

[ 2016-12-28T17:24:32+08:00 ] ::1 /Home/ModifyMember/modify.html
INFO: [ app_init ] --START--
INFO: Run Behavior\BuildLiteBehavior [ RunTime:0.000010s ]
INFO: [ app_init ] --END-- [ RunTime:0.000256s ]
INFO: [ app_begin ] --START--
INFO: Run Behavior\ReadHtmlCacheBehavior [ RunTime:0.000431s ]
INFO: [ app_begin ] --END-- [ RunTime:0.000464s ]
SQL: SELECT * FROM `yang_config`  [ RunTime:0.0003s ]
SQL: SELECT * FROM `yang_dividend_config`  [ RunTime:0.0001s ]
SQL: SELECT * FROM `yang_article_category` WHERE ( parent_id = 6 ) LIMIT 4   [ RunTime:0.0002s ]
SQL: SELECT * FROM `yang_article` WHERE ( position_id = 7 ) LIMIT 4   [ RunTime:0.0001s ]
SQL: SELECT *,(rmb+forzen_rmb) as count FROM `yang_member` WHERE ( member_id='390' ) LIMIT 1   [ RunTime:0.0002s ]
SQL: SELECT COUNT(*) AS tp_count FROM `yang_message` WHERE `member_id` = '390' AND `status` = 0 LIMIT 1   [ RunTime:0.0002s ]
SQL: SELECT * FROM `yang_currency` WHERE ( is_line=1  ) ORDER BY sort  [ RunTime:0.0001s ]
INFO: [ view_parse ] --START--
INFO: [ template_filter ] --START--
INFO: Run Behavior\ContentReplaceBehavior [ RunTime:0.000235s ]
INFO: [ template_filter ] --END-- [ RunTime:0.000263s ]
NOTIC: [8] Undefined variable: username D:\phpStudy\WWW\App\Runtime\Cache\Home\04019951ea908a45ffeb264a6ac7e926.php 第 54 行.
INFO: Run Behavior\ParseTemplateBehavior [ RunTime:0.012418s ]
INFO: [ view_parse ] --END-- [ RunTime:0.012447s ]
INFO: [ view_filter ] --START--
INFO: Run Behavior\WriteHtmlCacheBehavior [ RunTime:0.000240s ]
INFO: [ view_filter ] --END-- [ RunTime:0.000264s ]
INFO: [ app_end ] --START--
INFO: Run Behavior\ShowPageTraceBehavior [ RunTime:0.000408s ]
INFO: [ app_end ] --END-- [ RunTime:0.000447s ]

