[ 2017-01-02T09:33:53+08:00 ] 127.0.0.1 /
INFO: [ app_init ] --START--
INFO: Run Behavior\BuildLiteBehavior [ RunTime:0.000011s ]
INFO: [ app_init ] --END-- [ RunTime:0.000292s ]
INFO: [ app_begin ] --START--
INFO: Run Behavior\ReadHtmlCacheBehavior [ RunTime:0.000636s ]
INFO: [ app_begin ] --END-- [ RunTime:0.000683s ]
SQL: SELECT * FROM `yang_config`  [ RunTime:0.0263s ]
SQL: SELECT * FROM `yang_dividend_config`  [ RunTime:0.0098s ]
SQL: SELECT * FROM `yang_article_category` WHERE ( parent_id = 6 ) LIMIT 4   [ RunTime:0.0698s ]
SQL: SELECT * FROM `yang_article` WHERE ( position_id = 7 ) LIMIT 4   [ RunTime:0.0258s ]
NOTIC: [8] Undefined index: USER_KEY_ID D:\phpStudy\WWW\App\Common\Controller\CommonController.class.php 第 77 行.
SQL: SELECT * FROM `yang_currency` WHERE ( is_line=1  ) ORDER BY sort  [ RunTime:0.0154s ]
SQL: SELECT * FROM `yang_article` INNER JOIN yang_article_category ON yang_article.position_id = yang_article_category.id  WHERE yang_article_category.id = 1 AND ( yang_article.sign = 0 ) ORDER BY add_time desc LIMIT 0,6   [ RunTime:0.0010s ]
SQL: SELECT * FROM `yang_article` INNER JOIN yang_article_category ON yang_article.position_id = yang_article_category.id  WHERE yang_article_category.id = 1 AND ( yang_article.sign = 1 ) ORDER BY add_time desc LIMIT 0,4   [ RunTime:0.0008s ]
SQL: SELECT * FROM `yang_article` INNER JOIN yang_article_category ON yang_article.position_id = yang_article_category.id  WHERE yang_article_category.id = 2 AND ( yang_article.sign = 0 ) ORDER BY add_time desc LIMIT 0,6   [ RunTime:0.0008s ]
SQL: SELECT * FROM `yang_article` INNER JOIN yang_article_category ON yang_article.position_id = yang_article_category.id  WHERE yang_article_category.id = 2 AND ( yang_article.sign = 1 ) ORDER BY add_time desc LIMIT 0,4   [ RunTime:0.0007s ]
SQL: SELECT * FROM `yang_flash` ORDER BY sort LIMIT 6   [ RunTime:0.0144s ]
SQL: SELECT * FROM `yang_currency` WHERE ( is_line=1  ) ORDER BY sort  [ RunTime:0.0010s ]
SQL: SELECT * FROM `yang_trade` WHERE `currency_id` = 29 ORDER BY add_time desc LIMIT 1   [ RunTime:0.0260s ]
SQL: SELECT * FROM `yang_trade` WHERE `currency_id` = 29 AND ( add_time<1483286400 ) ORDER BY add_time desc LIMIT 1   [ RunTime:0.0008s ]
SQL: SELECT * FROM `yang_trade` WHERE `currency_id` = 29 AND ( add_time<1483320833-60*60*24 ) ORDER BY add_time desc LIMIT 1   [ RunTime:0.0009s ]
SQL: SELECT * FROM `yang_trade` WHERE `currency_id` = 29 AND ( add_time<1483320833-60*60*24*7 ) ORDER BY add_time desc LIMIT 1   [ RunTime:0.0007s ]
SQL: SELECT SUM(num) AS tp_sum FROM `yang_trade` WHERE `currency_id` = 29 AND ( add_time>1483320833-60*60*24 ) LIMIT 1   [ RunTime:0.0007s ]
SQL: SELECT SUM(num*price) AS tp_sum FROM `yang_trade` WHERE `currency_id` = 29 AND ( add_time>1483320833-60*60*24 ) LIMIT 1   [ RunTime:0.0006s ]
SQL: SELECT `price` FROM `yang_trade` WHERE `currency_id` = 29 ORDER BY price asc LIMIT 1   [ RunTime:0.0007s ]
SQL: SELECT `price` FROM `yang_trade` WHERE `currency_id` = 29 ORDER BY price desc LIMIT 1   [ RunTime:0.0006s ]
SQL: SELECT `price` FROM `yang_orders` WHERE `currency_id` = 29 AND `type` = 'buy' AND `status` IN (0,1) ORDER BY price desc LIMIT 1   [ RunTime:0.0103s ]
SQL: SELECT `price` FROM `yang_orders` WHERE `currency_id` = 29 AND `type` = 'sell' AND `status` IN (0,1) ORDER BY price asc LIMIT 1   [ RunTime:0.0006s ]
SQL: SELECT SUM(money) AS tp_sum FROM `yang_trade` LIMIT 1   [ RunTime:0.0003s ]
SQL: SELECT * FROM `yang_link`  [ RunTime:0.0234s ]
SQL: SELECT yang_issue.*,yang_currency.currency_name as name FROM `yang_issue` left join yang_currency on yang_currency.currency_id=yang_issue.currency_id  ORDER BY  id desc   [ RunTime:0.0203s ]
INFO: [ view_parse ] --START--
INFO: [ template_filter ] --START--
INFO: Run Behavior\ContentReplaceBehavior [ RunTime:0.003170s ]
INFO: [ template_filter ] --END-- [ RunTime:0.003345s ]
INFO: Run Behavior\ParseTemplateBehavior [ RunTime:0.252723s ]
INFO: [ view_parse ] --END-- [ RunTime:0.252847s ]
INFO: [ view_filter ] --START--
INFO: Run Behavior\WriteHtmlCacheBehavior [ RunTime:0.001335s ]
INFO: [ view_filter ] --END-- [ RunTime:0.001444s ]
INFO: [ app_end ] --START--
INFO: Run Behavior\ShowPageTraceBehavior [ RunTime:0.033685s ]
INFO: [ app_end ] --END-- [ RunTime:0.033830s ]

[ 2017-01-02T09:34:04+08:00 ] 127.0.0.1 /
INFO: [ app_init ] --START--
INFO: Run Behavior\BuildLiteBehavior [ RunTime:0.000038s ]
INFO: [ app_init ] --END-- [ RunTime:0.001026s ]
INFO: [ app_begin ] --START--
INFO: Run Behavior\ReadHtmlCacheBehavior [ RunTime:0.001741s ]
INFO: [ app_begin ] --END-- [ RunTime:0.001896s ]
SQL: SELECT * FROM `yang_config`  [ RunTime:0.0010s ]
SQL: SELECT * FROM `yang_dividend_config`  [ RunTime:0.0005s ]
SQL: SELECT * FROM `yang_article_category` WHERE ( parent_id = 6 ) LIMIT 4   [ RunTime:0.0006s ]
SQL: SELECT * FROM `yang_article` WHERE ( position_id = 7 ) LIMIT 4   [ RunTime:0.0006s ]
NOTIC: [8] Undefined index: USER_KEY_ID D:\phpStudy\WWW\App\Common\Controller\CommonController.class.php 第 77 行.
SQL: SELECT * FROM `yang_currency` WHERE ( is_line=1  ) ORDER BY sort  [ RunTime:0.0004s ]
SQL: SELECT * FROM `yang_article` INNER JOIN yang_article_category ON yang_article.position_id = yang_article_category.id  WHERE yang_article_category.id = 1 AND ( yang_article.sign = 0 ) ORDER BY add_time desc LIMIT 0,6   [ RunTime:0.0007s ]
SQL: SELECT * FROM `yang_article` INNER JOIN yang_article_category ON yang_article.position_id = yang_article_category.id  WHERE yang_article_category.id = 1 AND ( yang_article.sign = 1 ) ORDER BY add_time desc LIMIT 0,4   [ RunTime:0.0005s ]
SQL: SELECT * FROM `yang_article` INNER JOIN yang_article_category ON yang_article.position_id = yang_article_category.id  WHERE yang_article_category.id = 2 AND ( yang_article.sign = 0 ) ORDER BY add_time desc LIMIT 0,6   [ RunTime:0.0004s ]
SQL: SELECT * FROM `yang_article` INNER JOIN yang_article_category ON yang_article.position_id = yang_article_category.id  WHERE yang_article_category.id = 2 AND ( yang_article.sign = 1 ) ORDER BY add_time desc LIMIT 0,4   [ RunTime:0.0004s ]
SQL: SELECT * FROM `yang_flash` ORDER BY sort LIMIT 6   [ RunTime:0.0003s ]
SQL: SELECT * FROM `yang_currency` WHERE ( is_line=1  ) ORDER BY sort  [ RunTime:0.0005s ]
SQL: SELECT * FROM `yang_trade` WHERE `currency_id` = 29 ORDER BY add_time desc LIMIT 1   [ RunTime:0.0007s ]
SQL: SELECT * FROM `yang_trade` WHERE `currency_id` = 29 AND ( add_time<1483286400 ) ORDER BY add_time desc LIMIT 1   [ RunTime:0.0007s ]
SQL: SELECT * FROM `yang_trade` WHERE `currency_id` = 29 AND ( add_time<1483320844-60*60*24 ) ORDER BY add_time desc LIMIT 1   [ RunTime:0.0007s ]
SQL: SELECT * FROM `yang_trade` WHERE `currency_id` = 29 AND ( add_time<1483320844-60*60*24*7 ) ORDER BY add_time desc LIMIT 1   [ RunTime:0.0007s ]
SQL: SELECT SUM(num) AS tp_sum FROM `yang_trade` WHERE `currency_id` = 29 AND ( add_time>1483320844-60*60*24 ) LIMIT 1   [ RunTime:0.0006s ]
SQL: SELECT SUM(num*price) AS tp_sum FROM `yang_trade` WHERE `currency_id` = 29 AND ( add_time>1483320844-60*60*24 ) LIMIT 1   [ RunTime:0.0006s ]
SQL: SELECT `price` FROM `yang_trade` WHERE `currency_id` = 29 ORDER BY price asc LIMIT 1   [ RunTime:0.0006s ]
SQL: SELECT `price` FROM `yang_trade` WHERE `currency_id` = 29 ORDER BY price desc LIMIT 1   [ RunTime:0.0006s ]
SQL: SELECT `price` FROM `yang_orders` WHERE `currency_id` = 29 AND `type` = 'buy' AND `status` IN (0,1) ORDER BY price desc LIMIT 1   [ RunTime:0.0006s ]
SQL: SELECT `price` FROM `yang_orders` WHERE `currency_id` = 29 AND `type` = 'sell' AND `status` IN (0,1) ORDER BY price asc LIMIT 1   [ RunTime:0.0005s ]
SQL: SELECT SUM(money) AS tp_sum FROM `yang_trade` LIMIT 1   [ RunTime:0.0003s ]
SQL: SELECT * FROM `yang_link`  [ RunTime:0.0004s ]
SQL: SELECT yang_issue.*,yang_currency.currency_name as name FROM `yang_issue` left join yang_currency on yang_currency.currency_id=yang_issue.currency_id  ORDER BY  id desc   [ RunTime:0.0004s ]
INFO: [ view_parse ] --START--
INFO: [ template_filter ] --START--
INFO: Run Behavior\ContentReplaceBehavior [ RunTime:0.000513s ]
INFO: [ template_filter ] --END-- [ RunTime:0.000554s ]
INFO: Run Behavior\ParseTemplateBehavior [ RunTime:0.049287s ]
INFO: [ view_parse ] --END-- [ RunTime:0.049342s ]
INFO: [ view_filter ] --START--
INFO: Run Behavior\WriteHtmlCacheBehavior [ RunTime:0.000178s ]
INFO: [ view_filter ] --END-- [ RunTime:0.000205s ]
INFO: [ app_end ] --START--
INFO: Run Behavior\ShowPageTraceBehavior [ RunTime:0.000391s ]
INFO: [ app_end ] --END-- [ RunTime:0.000426s ]

[ 2017-01-02T09:34:16+08:00 ] 127.0.0.1 /
INFO: [ app_init ] --START--
INFO: Run Behavior\BuildLiteBehavior [ RunTime:0.000009s ]
INFO: [ app_init ] --END-- [ RunTime:0.000219s ]
INFO: [ app_begin ] --START--
INFO: Run Behavior\ReadHtmlCacheBehavior [ RunTime:0.000319s ]
INFO: [ app_begin ] --END-- [ RunTime:0.000350s ]
SQL: SELECT * FROM `yang_config`  [ RunTime:0.0004s ]
SQL: SELECT * FROM `yang_dividend_config`  [ RunTime:0.0002s ]
SQL: SELECT * FROM `yang_article_category` WHERE ( parent_id = 6 ) LIMIT 4   [ RunTime:0.0003s ]
SQL: SELECT * FROM `yang_article` WHERE ( position_id = 7 ) LIMIT 4   [ RunTime:0.0002s ]
NOTIC: [8] Undefined index: USER_KEY_ID D:\phpStudy\WWW\App\Common\Controller\CommonController.class.php 第 77 行.
SQL: SELECT * FROM `yang_currency` WHERE ( is_line=1  ) ORDER BY sort  [ RunTime:0.0003s ]
SQL: SELECT * FROM `yang_article` INNER JOIN yang_article_category ON yang_article.position_id = yang_article_category.id  WHERE yang_article_category.id = 1 AND ( yang_article.sign = 0 ) ORDER BY add_time desc LIMIT 0,6   [ RunTime:0.0004s ]
SQL: SELECT * FROM `yang_article` INNER JOIN yang_article_category ON yang_article.position_id = yang_article_category.id  WHERE yang_article_category.id = 1 AND ( yang_article.sign = 1 ) ORDER BY add_time desc LIMIT 0,4   [ RunTime:0.0003s ]
SQL: SELECT * FROM `yang_article` INNER JOIN yang_article_category ON yang_article.position_id = yang_article_category.id  WHERE yang_article_category.id = 2 AND ( yang_article.sign = 0 ) ORDER BY add_time desc LIMIT 0,6   [ RunTime:0.0003s ]
SQL: SELECT * FROM `yang_article` INNER JOIN yang_article_category ON yang_article.position_id = yang_article_category.id  WHERE yang_article_category.id = 2 AND ( yang_article.sign = 1 ) ORDER BY add_time desc LIMIT 0,4   [ RunTime:0.0004s ]
SQL: SELECT * FROM `yang_flash` ORDER BY sort LIMIT 6   [ RunTime:0.0003s ]
SQL: SELECT * FROM `yang_currency` WHERE ( is_line=1  ) ORDER BY sort  [ RunTime:0.0003s ]
SQL: SELECT * FROM `yang_trade` WHERE `currency_id` = 29 ORDER BY add_time desc LIMIT 1   [ RunTime:0.0005s ]
SQL: SELECT * FROM `yang_trade` WHERE `currency_id` = 29 AND ( add_time<1483286400 ) ORDER BY add_time desc LIMIT 1   [ RunTime:0.0005s ]
SQL: SELECT * FROM `yang_trade` WHERE `currency_id` = 29 AND ( add_time<1483320856-60*60*24 ) ORDER BY add_time desc LIMIT 1   [ RunTime:0.0005s ]
SQL: SELECT * FROM `yang_trade` WHERE `currency_id` = 29 AND ( add_time<1483320856-60*60*24*7 ) ORDER BY add_time desc LIMIT 1   [ RunTime:0.0005s ]
SQL: SELECT SUM(num) AS tp_sum FROM `yang_trade` WHERE `currency_id` = 29 AND ( add_time>1483320856-60*60*24 ) LIMIT 1   [ RunTime:0.0005s ]
SQL: SELECT SUM(num*price) AS tp_sum FROM `yang_trade` WHERE `currency_id` = 29 AND ( add_time>1483320856-60*60*24 ) LIMIT 1   [ RunTime:0.0004s ]
SQL: SELECT `price` FROM `yang_trade` WHERE `currency_id` = 29 ORDER BY price asc LIMIT 1   [ RunTime:0.0004s ]
SQL: SELECT `price` FROM `yang_trade` WHERE `currency_id` = 29 ORDER BY price desc LIMIT 1   [ RunTime:0.0004s ]
SQL: SELECT `price` FROM `yang_orders` WHERE `currency_id` = 29 AND `type` = 'buy' AND `status` IN (0,1) ORDER BY price desc LIMIT 1   [ RunTime:0.0004s ]
SQL: SELECT `price` FROM `yang_orders` WHERE `currency_id` = 29 AND `type` = 'sell' AND `status` IN (0,1) ORDER BY price asc LIMIT 1   [ RunTime:0.0003s ]
SQL: SELECT SUM(money) AS tp_sum FROM `yang_trade` LIMIT 1   [ RunTime:0.0002s ]
SQL: SELECT * FROM `yang_link`  [ RunTime:0.0002s ]
SQL: SELECT yang_issue.*,yang_currency.currency_name as name FROM `yang_issue` left join yang_currency on yang_currency.currency_id=yang_issue.currency_id  ORDER BY  id desc   [ RunTime:0.0003s ]
INFO: [ view_parse ] --START--
INFO: [ template_filter ] --START--
INFO: Run Behavior\ContentReplaceBehavior [ RunTime:0.000505s ]
INFO: [ template_filter ] --END-- [ RunTime:0.000548s ]
INFO: Run Behavior\ParseTemplateBehavior [ RunTime:0.027977s ]
INFO: [ view_parse ] --END-- [ RunTime:0.028023s ]
INFO: [ view_filter ] --START--
INFO: Run Behavior\WriteHtmlCacheBehavior [ RunTime:0.000167s ]
INFO: [ view_filter ] --END-- [ RunTime:0.000192s ]
INFO: [ app_end ] --START--
INFO: Run Behavior\ShowPageTraceBehavior [ RunTime:0.000387s ]
INFO: [ app_end ] --END-- [ RunTime:0.000416s ]

