[ 2017-02-13T08:55:13+08:00 ] ::1 /
INFO: [ app_init ] --START--
INFO: Run Behavior\BuildLiteBehavior [ RunTime:0.000015s ]
INFO: [ app_init ] --END-- [ RunTime:0.018082s ]
INFO: [ app_begin ] --START--
INFO: Run Behavior\ReadHtmlCacheBehavior [ RunTime:0.000669s ]
INFO: [ app_begin ] --END-- [ RunTime:0.000710s ]
SQL: SELECT * FROM `yang_config`  [ RunTime:0.0262s ]
SQL: SELECT * FROM `yang_dividend_config`  [ RunTime:0.0096s ]
SQL: SELECT * FROM `yang_article_category` WHERE ( parent_id = 6 ) LIMIT 4   [ RunTime:0.0556s ]
SQL: SELECT * FROM `yang_article` WHERE ( position_id = 7 ) LIMIT 4   [ RunTime:0.0402s ]
NOTIC: [8] Undefined index: USER_KEY_ID D:\phpStudy\WWW\App\Common\Controller\CommonController.class.php 第 77 行.
SQL: SELECT * FROM `yang_currency` WHERE ( is_line=1  ) ORDER BY sort  [ RunTime:0.0146s ]
SQL: SELECT * FROM `yang_article` INNER JOIN yang_article_category ON yang_article.position_id = yang_article_category.id  WHERE yang_article_category.id = 1 AND ( yang_article.sign = 0 ) ORDER BY add_time desc LIMIT 0,6   [ RunTime:0.0003s ]
SQL: SELECT * FROM `yang_article` INNER JOIN yang_article_category ON yang_article.position_id = yang_article_category.id  WHERE yang_article_category.id = 1 AND ( yang_article.sign = 1 ) ORDER BY add_time desc LIMIT 0,4   [ RunTime:0.0002s ]
SQL: SELECT * FROM `yang_article` INNER JOIN yang_article_category ON yang_article.position_id = yang_article_category.id  WHERE yang_article_category.id = 2 AND ( yang_article.sign = 0 ) ORDER BY add_time desc LIMIT 0,6   [ RunTime:0.0002s ]
SQL: SELECT * FROM `yang_article` INNER JOIN yang_article_category ON yang_article.position_id = yang_article_category.id  WHERE yang_article_category.id = 2 AND ( yang_article.sign = 1 ) ORDER BY add_time desc LIMIT 0,4   [ RunTime:0.0002s ]
SQL: SELECT * FROM `yang_flash` ORDER BY sort LIMIT 6   [ RunTime:0.0212s ]
SQL: SELECT * FROM `yang_currency` WHERE ( is_line=1  ) ORDER BY sort  [ RunTime:0.0002s ]
SQL: SELECT * FROM `yang_trade` WHERE `currency_id` = 29 ORDER BY add_time desc LIMIT 1   [ RunTime:0.0237s ]
SQL: SELECT * FROM `yang_trade` WHERE `currency_id` = 29 AND ( add_time<1486915200 ) ORDER BY add_time desc LIMIT 1   [ RunTime:0.0003s ]
SQL: SELECT * FROM `yang_trade` WHERE `currency_id` = 29 AND ( add_time<1486947313-60*60*24 ) ORDER BY add_time desc LIMIT 1   [ RunTime:0.0003s ]
SQL: SELECT * FROM `yang_trade` WHERE `currency_id` = 29 AND ( add_time<1486947313-60*60*24*7 ) ORDER BY add_time desc LIMIT 1   [ RunTime:0.0003s ]
SQL: SELECT SUM(num) AS tp_sum FROM `yang_trade` WHERE `currency_id` = 29 AND ( add_time>1486947313-60*60*24 ) LIMIT 1   [ RunTime:0.0002s ]
SQL: SELECT SUM(num*price) AS tp_sum FROM `yang_trade` WHERE `currency_id` = 29 AND ( add_time>1486947313-60*60*24 ) LIMIT 1   [ RunTime:0.0002s ]
SQL: SELECT `price` FROM `yang_trade` WHERE `currency_id` = 29 ORDER BY price asc LIMIT 1   [ RunTime:0.0001s ]
SQL: SELECT `price` FROM `yang_trade` WHERE `currency_id` = 29 ORDER BY price desc LIMIT 1   [ RunTime:0.0002s ]
SQL: SELECT `price` FROM `yang_orders` WHERE `currency_id` = 29 AND `type` = 'buy' AND `status` IN (0,1) ORDER BY price desc LIMIT 1   [ RunTime:0.0207s ]
SQL: SELECT `price` FROM `yang_orders` WHERE `currency_id` = 29 AND `type` = 'sell' AND `status` IN (0,1) ORDER BY price asc LIMIT 1   [ RunTime:0.0002s ]
SQL: SELECT SUM(money) AS tp_sum FROM `yang_trade` LIMIT 1   [ RunTime:0.0002s ]
SQL: SELECT * FROM `yang_link`  [ RunTime:0.0191s ]
SQL: SELECT yang_issue.*,yang_currency.currency_name as name FROM `yang_issue` left join yang_currency on yang_currency.currency_id=yang_issue.currency_id  ORDER BY  id desc   [ RunTime:0.0202s ]
INFO: [ view_parse ] --START--
INFO: [ template_filter ] --START--
INFO: Run Behavior\ContentReplaceBehavior [ RunTime:0.000695s ]
INFO: [ template_filter ] --END-- [ RunTime:0.000736s ]
INFO: Run Behavior\ParseTemplateBehavior [ RunTime:0.139244s ]
INFO: [ view_parse ] --END-- [ RunTime:0.139292s ]
INFO: [ view_filter ] --START--
INFO: Run Behavior\WriteHtmlCacheBehavior [ RunTime:0.000836s ]
INFO: [ view_filter ] --END-- [ RunTime:0.000877s ]
INFO: [ app_end ] --START--
INFO: Run Behavior\ShowPageTraceBehavior [ RunTime:0.014640s ]
INFO: [ app_end ] --END-- [ RunTime:0.014705s ]

