[ 2017-01-14T17:16:34+08:00 ] ::1 /
INFO: [ app_init ] --START--
INFO: Run Behavior\BuildLiteBehavior [ RunTime:0.000033s ]
INFO: [ app_init ] --END-- [ RunTime:0.001992s ]
INFO: [ app_begin ] --START--
INFO: Run Behavior\ReadHtmlCacheBehavior [ RunTime:0.005346s ]
INFO: [ app_begin ] --END-- [ RunTime:0.005451s ]
SQL: SELECT * FROM `yang_config`  [ RunTime:0.0739s ]
SQL: SELECT * FROM `yang_dividend_config`  [ RunTime:0.0097s ]
SQL: SELECT * FROM `yang_article_category` WHERE ( parent_id = 6 ) LIMIT 4   [ RunTime:0.0665s ]
SQL: SELECT * FROM `yang_article` WHERE ( position_id = 7 ) LIMIT 4   [ RunTime:0.0823s ]
NOTIC: [8] Undefined index: USER_KEY_ID D:\phpStudy\WWW\App\Common\Controller\CommonController.class.php 第 77 行.
SQL: SELECT * FROM `yang_currency` WHERE ( is_line=1  ) ORDER BY sort  [ RunTime:0.0174s ]
SQL: SELECT * FROM `yang_article` INNER JOIN yang_article_category ON yang_article.position_id = yang_article_category.id  WHERE yang_article_category.id = 1 AND ( yang_article.sign = 0 ) ORDER BY add_time desc LIMIT 0,6   [ RunTime:0.0012s ]
SQL: SELECT * FROM `yang_article` INNER JOIN yang_article_category ON yang_article.position_id = yang_article_category.id  WHERE yang_article_category.id = 1 AND ( yang_article.sign = 1 ) ORDER BY add_time desc LIMIT 0,4   [ RunTime:0.0003s ]
SQL: SELECT * FROM `yang_article` INNER JOIN yang_article_category ON yang_article.position_id = yang_article_category.id  WHERE yang_article_category.id = 2 AND ( yang_article.sign = 0 ) ORDER BY add_time desc LIMIT 0,6   [ RunTime:0.0002s ]
SQL: SELECT * FROM `yang_article` INNER JOIN yang_article_category ON yang_article.position_id = yang_article_category.id  WHERE yang_article_category.id = 2 AND ( yang_article.sign = 1 ) ORDER BY add_time desc LIMIT 0,4   [ RunTime:0.0002s ]
SQL: SELECT * FROM `yang_flash` ORDER BY sort LIMIT 6   [ RunTime:0.0130s ]
SQL: SELECT * FROM `yang_currency` WHERE ( is_line=1  ) ORDER BY sort  [ RunTime:0.0003s ]
SQL: SELECT * FROM `yang_trade` WHERE `currency_id` = 29 ORDER BY add_time desc LIMIT 1   [ RunTime:0.0375s ]
SQL: SELECT * FROM `yang_trade` WHERE `currency_id` = 29 AND ( add_time<1484323200 ) ORDER BY add_time desc LIMIT 1   [ RunTime:0.0002s ]
SQL: SELECT * FROM `yang_trade` WHERE `currency_id` = 29 AND ( add_time<1484385394-60*60*24 ) ORDER BY add_time desc LIMIT 1   [ RunTime:0.0002s ]
SQL: SELECT * FROM `yang_trade` WHERE `currency_id` = 29 AND ( add_time<1484385394-60*60*24*7 ) ORDER BY add_time desc LIMIT 1   [ RunTime:0.0001s ]
SQL: SELECT SUM(num) AS tp_sum FROM `yang_trade` WHERE `currency_id` = 29 AND ( add_time>1484385394-60*60*24 ) LIMIT 1   [ RunTime:0.0002s ]
SQL: SELECT SUM(num*price) AS tp_sum FROM `yang_trade` WHERE `currency_id` = 29 AND ( add_time>1484385394-60*60*24 ) LIMIT 1   [ RunTime:0.0001s ]
SQL: SELECT `price` FROM `yang_trade` WHERE `currency_id` = 29 ORDER BY price asc LIMIT 1   [ RunTime:0.0001s ]
SQL: SELECT `price` FROM `yang_trade` WHERE `currency_id` = 29 ORDER BY price desc LIMIT 1   [ RunTime:0.0001s ]
SQL: SELECT `price` FROM `yang_orders` WHERE `currency_id` = 29 AND `type` = 'buy' AND `status` IN (0,1) ORDER BY price desc LIMIT 1   [ RunTime:0.0324s ]
SQL: SELECT `price` FROM `yang_orders` WHERE `currency_id` = 29 AND `type` = 'sell' AND `status` IN (0,1) ORDER BY price asc LIMIT 1   [ RunTime:0.0003s ]
SQL: SELECT SUM(money) AS tp_sum FROM `yang_trade` LIMIT 1   [ RunTime:0.0001s ]
SQL: SELECT * FROM `yang_link`  [ RunTime:0.0301s ]
SQL: SELECT yang_issue.*,yang_currency.currency_name as name FROM `yang_issue` left join yang_currency on yang_currency.currency_id=yang_issue.currency_id  ORDER BY  id desc   [ RunTime:0.0365s ]
INFO: [ view_parse ] --START--
INFO: [ template_filter ] --START--
INFO: Run Behavior\ContentReplaceBehavior [ RunTime:0.001162s ]
INFO: [ template_filter ] --END-- [ RunTime:0.001253s ]
INFO: Run Behavior\ParseTemplateBehavior [ RunTime:0.111619s ]
INFO: [ view_parse ] --END-- [ RunTime:0.111674s ]
INFO: [ view_filter ] --START--
INFO: Run Behavior\WriteHtmlCacheBehavior [ RunTime:0.000339s ]
INFO: [ view_filter ] --END-- [ RunTime:0.000373s ]
INFO: [ app_end ] --START--
INFO: Run Behavior\ShowPageTraceBehavior [ RunTime:0.000863s ]
INFO: [ app_end ] --END-- [ RunTime:0.000930s ]

[ 2017-01-14T17:16:38+08:00 ] ::1 /Home/Login/index.html
INFO: [ app_init ] --START--
INFO: Run Behavior\BuildLiteBehavior [ RunTime:0.000014s ]
INFO: [ app_init ] --END-- [ RunTime:0.000291s ]
INFO: [ app_begin ] --START--
INFO: Run Behavior\ReadHtmlCacheBehavior [ RunTime:0.000440s ]
INFO: [ app_begin ] --END-- [ RunTime:0.000479s ]
SQL: SELECT * FROM `yang_config`  [ RunTime:0.0004s ]
SQL: SELECT * FROM `yang_dividend_config`  [ RunTime:0.0002s ]
SQL: SELECT * FROM `yang_article_category` WHERE ( parent_id = 6 ) LIMIT 4   [ RunTime:0.0002s ]
SQL: SELECT * FROM `yang_article` WHERE ( position_id = 7 ) LIMIT 4   [ RunTime:0.0002s ]
NOTIC: [8] Undefined index: USER_KEY_ID D:\phpStudy\WWW\App\Common\Controller\CommonController.class.php 第 77 行.
SQL: SELECT * FROM `yang_currency` WHERE ( is_line=1  ) ORDER BY sort  [ RunTime:0.0002s ]
INFO: [ view_parse ] --START--
INFO: [ template_filter ] --START--
INFO: Run Behavior\ContentReplaceBehavior [ RunTime:0.000265s ]
INFO: [ template_filter ] --END-- [ RunTime:0.000305s ]
INFO: Run Behavior\ParseTemplateBehavior [ RunTime:0.023504s ]
INFO: [ view_parse ] --END-- [ RunTime:0.023553s ]
INFO: [ view_filter ] --START--
INFO: Run Behavior\WriteHtmlCacheBehavior [ RunTime:0.000320s ]
INFO: [ view_filter ] --END-- [ RunTime:0.000353s ]
INFO: [ app_end ] --START--
INFO: Run Behavior\ShowPageTraceBehavior [ RunTime:0.000624s ]
INFO: [ app_end ] --END-- [ RunTime:0.000662s ]

[ 2017-01-14T17:16:40+08:00 ] ::1 /Home/Reg/reg.html
INFO: [ app_init ] --START--
INFO: Run Behavior\BuildLiteBehavior [ RunTime:0.000017s ]
INFO: [ app_init ] --END-- [ RunTime:0.000350s ]
INFO: [ app_begin ] --START--
INFO: Run Behavior\ReadHtmlCacheBehavior [ RunTime:0.000632s ]
INFO: [ app_begin ] --END-- [ RunTime:0.000680s ]
SQL: SELECT * FROM `yang_config`  [ RunTime:0.0002s ]
SQL: SELECT * FROM `yang_dividend_config`  [ RunTime:0.0001s ]
SQL: SELECT * FROM `yang_article_category` WHERE ( parent_id = 6 ) LIMIT 4   [ RunTime:0.0001s ]
SQL: SELECT * FROM `yang_article` WHERE ( position_id = 7 ) LIMIT 4   [ RunTime:0.0001s ]
NOTIC: [8] Undefined index: USER_KEY_ID D:\phpStudy\WWW\App\Common\Controller\CommonController.class.php 第 77 行.
SQL: SELECT * FROM `yang_currency` WHERE ( is_line=1  ) ORDER BY sort  [ RunTime:0.0002s ]
INFO: [ view_parse ] --START--
INFO: [ template_filter ] --START--
INFO: Run Behavior\ContentReplaceBehavior [ RunTime:0.000456s ]
INFO: [ template_filter ] --END-- [ RunTime:0.000533s ]
INFO: Run Behavior\ParseTemplateBehavior [ RunTime:0.073137s ]
INFO: [ view_parse ] --END-- [ RunTime:0.073193s ]
INFO: [ view_filter ] --START--
INFO: Run Behavior\WriteHtmlCacheBehavior [ RunTime:0.000300s ]
INFO: [ view_filter ] --END-- [ RunTime:0.000328s ]
INFO: [ app_end ] --START--
INFO: Run Behavior\ShowPageTraceBehavior [ RunTime:0.000414s ]
INFO: [ app_end ] --END-- [ RunTime:0.000442s ]

[ 2017-01-14T17:17:20+08:00 ] ::1 /Home/Reg/reg.html
INFO: [ app_init ] --START--
INFO: Run Behavior\BuildLiteBehavior [ RunTime:0.000049s ]
INFO: [ app_init ] --END-- [ RunTime:0.001046s ]
INFO: [ app_begin ] --START--
INFO: Run Behavior\ReadHtmlCacheBehavior [ RunTime:0.001556s ]
INFO: [ app_begin ] --END-- [ RunTime:0.001704s ]
SQL: SELECT * FROM `yang_config`  [ RunTime:0.0005s ]
SQL: SELECT * FROM `yang_dividend_config`  [ RunTime:0.0003s ]
SQL: SELECT * FROM `yang_article_category` WHERE ( parent_id = 6 ) LIMIT 4   [ RunTime:0.0003s ]
SQL: SELECT * FROM `yang_article` WHERE ( position_id = 7 ) LIMIT 4   [ RunTime:0.0003s ]
NOTIC: [8] Undefined index: USER_KEY_ID D:\phpStudy\WWW\App\Common\Controller\CommonController.class.php 第 77 行.
SQL: SELECT * FROM `yang_currency` WHERE ( is_line=1  ) ORDER BY sort  [ RunTime:0.0004s ]
INFO: [ view_parse ] --START--
INFO: [ template_filter ] --START--
INFO: Run Behavior\ContentReplaceBehavior [ RunTime:0.000428s ]
INFO: [ template_filter ] --END-- [ RunTime:0.000492s ]
INFO: Run Behavior\ParseTemplateBehavior [ RunTime:0.021058s ]
INFO: [ view_parse ] --END-- [ RunTime:0.021120s ]
INFO: [ view_filter ] --START--
INFO: Run Behavior\WriteHtmlCacheBehavior [ RunTime:0.000229s ]
INFO: [ view_filter ] --END-- [ RunTime:0.000263s ]
INFO: [ app_end ] --START--
INFO: Run Behavior\ShowPageTraceBehavior [ RunTime:0.000491s ]
INFO: [ app_end ] --END-- [ RunTime:0.000533s ]

[ 2017-01-14T17:18:51+08:00 ] ::1 /Home/Login/index.html
INFO: [ app_init ] --START--
INFO: Run Behavior\BuildLiteBehavior [ RunTime:0.000009s ]
INFO: [ app_init ] --END-- [ RunTime:0.000281s ]
INFO: [ app_begin ] --START--
INFO: Run Behavior\ReadHtmlCacheBehavior [ RunTime:0.000432s ]
INFO: [ app_begin ] --END-- [ RunTime:0.000465s ]
SQL: SELECT * FROM `yang_config`  [ RunTime:0.0006s ]
SQL: SELECT * FROM `yang_dividend_config`  [ RunTime:0.0003s ]
SQL: SELECT * FROM `yang_article_category` WHERE ( parent_id = 6 ) LIMIT 4   [ RunTime:0.0003s ]
SQL: SELECT * FROM `yang_article` WHERE ( position_id = 7 ) LIMIT 4   [ RunTime:0.0002s ]
NOTIC: [8] Undefined index: USER_KEY_ID D:\phpStudy\WWW\App\Common\Controller\CommonController.class.php 第 77 行.
SQL: SELECT * FROM `yang_currency` WHERE ( is_line=1  ) ORDER BY sort  [ RunTime:0.0003s ]
INFO: [ view_parse ] --START--
INFO: [ template_filter ] --START--
INFO: Run Behavior\ContentReplaceBehavior [ RunTime:0.000362s ]
INFO: [ template_filter ] --END-- [ RunTime:0.000415s ]
INFO: Run Behavior\ParseTemplateBehavior [ RunTime:0.018666s ]
INFO: [ view_parse ] --END-- [ RunTime:0.018718s ]
INFO: [ view_filter ] --START--
INFO: Run Behavior\WriteHtmlCacheBehavior [ RunTime:0.000323s ]
INFO: [ view_filter ] --END-- [ RunTime:0.000367s ]
INFO: [ app_end ] --START--
INFO: Run Behavior\ShowPageTraceBehavior [ RunTime:0.000581s ]
INFO: [ app_end ] --END-- [ RunTime:0.000623s ]

[ 2017-01-14T17:18:56+08:00 ] ::1 /Home/Login/checkIp.html
INFO: [ app_init ] --START--
INFO: Run Behavior\BuildLiteBehavior [ RunTime:0.000017s ]
INFO: [ app_init ] --END-- [ RunTime:0.000431s ]
INFO: [ app_begin ] --START--
INFO: Run Behavior\ReadHtmlCacheBehavior [ RunTime:0.000773s ]
INFO: [ app_begin ] --END-- [ RunTime:0.000832s ]
NOTIC: [8192] Function eregi() is deprecated D:\phpStudy\WWW\App\Common\Common\function.php 第 619 行.
SQL: SELECT * FROM `yang_config`  [ RunTime:0.0002s ]
SQL: SELECT * FROM `yang_dividend_config`  [ RunTime:0.0001s ]
SQL: SELECT * FROM `yang_article_category` WHERE ( parent_id = 6 ) LIMIT 4   [ RunTime:0.0001s ]
SQL: SELECT * FROM `yang_article` WHERE ( position_id = 7 ) LIMIT 4   [ RunTime:0.0001s ]
NOTIC: [8] Undefined index: USER_KEY_ID D:\phpStudy\WWW\App\Common\Controller\CommonController.class.php 第 77 行.
SQL: SELECT * FROM `yang_currency` WHERE ( is_line=1  ) ORDER BY sort  [ RunTime:0.0001s ]
SQL: SELECT * FROM `yang_member` WHERE `email` = 'xiazhaoweiii@126.com' LIMIT 1   [ RunTime:0.0312s ]

[ 2017-01-14T17:19:00+08:00 ] ::1 /Home/Login/checkLog.html
INFO: [ app_init ] --START--
INFO: Run Behavior\BuildLiteBehavior [ RunTime:0.000019s ]
INFO: [ app_init ] --END-- [ RunTime:0.000526s ]
INFO: [ app_begin ] --START--
INFO: Run Behavior\ReadHtmlCacheBehavior [ RunTime:0.000771s ]
INFO: [ app_begin ] --END-- [ RunTime:0.000850s ]
NOTIC: [8192] Function eregi() is deprecated D:\phpStudy\WWW\App\Common\Common\function.php 第 619 行.
NOTIC: [8192] Function eregi() is deprecated D:\phpStudy\WWW\App\Common\Common\function.php 第 619 行.
NOTIC: [8192] Function eregi() is deprecated D:\phpStudy\WWW\App\Common\Common\function.php 第 619 行.
NOTIC: [8192] Function eregi() is deprecated D:\phpStudy\WWW\App\Common\Common\function.php 第 619 行.
NOTIC: [8192] Function eregi() is deprecated D:\phpStudy\WWW\App\Common\Common\function.php 第 619 行.
SQL: SELECT * FROM `yang_config`  [ RunTime:0.0006s ]
SQL: SELECT * FROM `yang_dividend_config`  [ RunTime:0.0003s ]
SQL: SELECT * FROM `yang_article_category` WHERE ( parent_id = 6 ) LIMIT 4   [ RunTime:0.0004s ]
SQL: SELECT * FROM `yang_article` WHERE ( position_id = 7 ) LIMIT 4   [ RunTime:0.0004s ]
NOTIC: [8] Undefined index: USER_KEY_ID D:\phpStudy\WWW\App\Common\Controller\CommonController.class.php 第 77 行.
SQL: SELECT * FROM `yang_currency` WHERE ( is_line=1  ) ORDER BY sort  [ RunTime:0.0004s ]
SQL: SELECT * FROM `yang_member` WHERE `email` = 'xiazhaoweiii@126.com' LIMIT 1   [ RunTime:0.0005s ]
SQL: SELECT * FROM `yang_message_all` WHERE `add_time` >= '1483695773' AND (  u_id= -1 or  u_id = 391 )  [ RunTime:0.0255s ]
SQL: INSERT INTO `yang_message` (`member_id`,`title`,`type`,`content`,`add_time`,`status`,`message_all_id`) VALUES ('391','人工充值成功','-2','您申请的人工充值已成功，充值金额为','1483697476','0','236'),('391','CNY提现失败','-2','很抱歉您提现失败，请重新操作或联系客服！','1483697825','0','237') [ RunTime:0.0757s ]
SQL: UPDATE `yang_member` SET `login_ip`='0.0.0.0',`login_time`='1484385540' WHERE `member_id` = 391 [ RunTime:0.0579s ]

[ 2017-01-14T17:19:01+08:00 ] ::1 /Home/Safe/index.html
INFO: [ app_init ] --START--
INFO: Run Behavior\BuildLiteBehavior [ RunTime:0.000011s ]
INFO: [ app_init ] --END-- [ RunTime:0.000282s ]
INFO: [ app_begin ] --START--
INFO: Run Behavior\ReadHtmlCacheBehavior [ RunTime:0.000415s ]
INFO: [ app_begin ] --END-- [ RunTime:0.000456s ]
SQL: SELECT * FROM `yang_config`  [ RunTime:0.0003s ]
SQL: SELECT * FROM `yang_dividend_config`  [ RunTime:0.0002s ]
SQL: SELECT * FROM `yang_article_category` WHERE ( parent_id = 6 ) LIMIT 4   [ RunTime:0.0002s ]
SQL: SELECT * FROM `yang_article` WHERE ( position_id = 7 ) LIMIT 4   [ RunTime:0.0002s ]
SQL: SELECT *,(rmb+forzen_rmb) as count FROM `yang_member` WHERE ( member_id='391' ) LIMIT 1   [ RunTime:0.0002s ]
SQL: SELECT COUNT(*) AS tp_count FROM `yang_message` WHERE `member_id` = '391' AND `status` = 0 LIMIT 1   [ RunTime:0.0002s ]
SQL: SELECT * FROM `yang_currency` WHERE ( is_line=1  ) ORDER BY sort  [ RunTime:0.0002s ]
SQL: SELECT * FROM `yang_member` WHERE ( member_id =391 ) LIMIT 1   [ RunTime:0.0002s ]
SQL: SELECT * FROM `yang_currency`  [ RunTime:0.0002s ]
SQL: SELECT *,(num+forzen_num) as count FROM `yang_currency_user` WHERE `member_id` = 391 AND `currency_id` = 29 LIMIT 1   [ RunTime:0.0146s ]
SQL: SELECT * FROM `yang_issue_log` WHERE ( deal>0 and add_time<1484385541-60*60*24  and status=0 )  [ RunTime:0.0157s ]
SQL: SELECT `is_forzen`,`remove_forzen_bili`,`remove_forzen_cycle` FROM `yang_issue` WHERE ( id = 10 ) LIMIT 1   [ RunTime:0.0001s ]
SQL: UPDATE `yang_issue_log` SET `deal`=deal-0 WHERE ( id=31 ) [ RunTime:0.0001s ]
SQL: UPDATE `yang_issue_log` SET `add_time`='1484385541' WHERE ( id=31 ) [ RunTime:0.0001s ]
SQL: UPDATE `yang_currency_user` SET `num`=num+0 WHERE ( member_id=59 and currency_id=26 ) [ RunTime:0.0002s ]
SQL: UPDATE `yang_currency_user` SET `forzen_num`=forzen_num-0 WHERE ( member_id=59 and currency_id=26 ) [ RunTime:0.0001s ]
SQL: SELECT * FROM `yang_member` WHERE ( member_id = 391 ) LIMIT 1   [ RunTime:0.0002s ]
INFO: [ view_parse ] --START--
INFO: [ template_filter ] --START--
INFO: Run Behavior\ContentReplaceBehavior [ RunTime:0.000275s ]
INFO: [ template_filter ] --END-- [ RunTime:0.000311s ]
NOTIC: [8] Undefined variable: username D:\phpStudy\WWW\App\Runtime\Cache\Home\65e74b816c4db46a3ad1c8d78125e2c9.php 第 54 行.
INFO: Run Behavior\ParseTemplateBehavior [ RunTime:0.035791s ]
INFO: [ view_parse ] --END-- [ RunTime:0.035835s ]
INFO: [ view_filter ] --START--
INFO: Run Behavior\WriteHtmlCacheBehavior [ RunTime:0.000234s ]
INFO: [ view_filter ] --END-- [ RunTime:0.000258s ]
INFO: [ app_end ] --START--
INFO: Run Behavior\ShowPageTraceBehavior [ RunTime:0.000490s ]
INFO: [ app_end ] --END-- [ RunTime:0.000520s ]

[ 2017-01-14T17:19:02+08:00 ] ::1 /Home/Safe/_PUBLIC__/Home/js/script.js
INFO: [ app_init ] --START--
INFO: Run Behavior\BuildLiteBehavior [ RunTime:0.000010s ]
INFO: [ app_init ] --END-- [ RunTime:0.000306s ]
INFO: [ app_begin ] --START--
INFO: Run Behavior\ReadHtmlCacheBehavior [ RunTime:0.000408s ]
INFO: [ app_begin ] --END-- [ RunTime:0.000458s ]
NOTIC: [8192] Function eregi() is deprecated D:\phpStudy\WWW\App\Common\Common\function.php 第 619 行.
SQL: SELECT * FROM `yang_config`  [ RunTime:0.0003s ]
SQL: SELECT * FROM `yang_dividend_config`  [ RunTime:0.0001s ]
SQL: SELECT * FROM `yang_article_category` WHERE ( parent_id = 6 ) LIMIT 4   [ RunTime:0.0001s ]
SQL: SELECT * FROM `yang_article` WHERE ( position_id = 7 ) LIMIT 4   [ RunTime:0.0001s ]
SQL: SELECT *,(rmb+forzen_rmb) as count FROM `yang_member` WHERE ( member_id='391' ) LIMIT 1   [ RunTime:0.0002s ]
SQL: SELECT COUNT(*) AS tp_count FROM `yang_message` WHERE `member_id` = '391' AND `status` = 0 LIMIT 1   [ RunTime:0.0002s ]
SQL: SELECT * FROM `yang_currency` WHERE ( is_line=1  ) ORDER BY sort  [ RunTime:0.0002s ]
SQL: SELECT * FROM `yang_member` WHERE ( member_id =391 ) LIMIT 1   [ RunTime:0.0002s ]
SQL: SELECT * FROM `yang_currency`  [ RunTime:0.0002s ]
SQL: SELECT *,(num+forzen_num) as count FROM `yang_currency_user` WHERE `member_id` = 391 AND `currency_id` = 29 LIMIT 1   [ RunTime:0.0002s ]
SQL: SELECT * FROM `yang_issue_log` WHERE ( deal>0 and add_time<1484385542-60*60*24  and status=0 )  [ RunTime:0.0002s ]
INFO: [ view_parse ] --START--
INFO: [ template_filter ] --START--
INFO: Run Behavior\ContentReplaceBehavior [ RunTime:0.000046s ]
INFO: [ template_filter ] --END-- [ RunTime:0.000083s ]
INFO: Run Behavior\ParseTemplateBehavior [ RunTime:0.012492s ]
INFO: [ view_parse ] --END-- [ RunTime:0.012525s ]
INFO: [ view_filter ] --START--
INFO: Run Behavior\WriteHtmlCacheBehavior [ RunTime:0.000150s ]
INFO: [ view_filter ] --END-- [ RunTime:0.000173s ]
INFO: [ app_end ] --START--
INFO: Run Behavior\ShowPageTraceBehavior [ RunTime:0.000361s ]
INFO: [ app_end ] --END-- [ RunTime:0.000386s ]

[ 2017-01-14T17:19:05+08:00 ] ::1 /Home/User/index.html
INFO: [ app_init ] --START--
INFO: Run Behavior\BuildLiteBehavior [ RunTime:0.000015s ]
INFO: [ app_init ] --END-- [ RunTime:0.000358s ]
INFO: [ app_begin ] --START--
INFO: Run Behavior\ReadHtmlCacheBehavior [ RunTime:0.000403s ]
INFO: [ app_begin ] --END-- [ RunTime:0.000435s ]
SQL: SELECT * FROM `yang_config`  [ RunTime:0.0003s ]
SQL: SELECT * FROM `yang_dividend_config`  [ RunTime:0.0001s ]
SQL: SELECT * FROM `yang_article_category` WHERE ( parent_id = 6 ) LIMIT 4   [ RunTime:0.0002s ]
SQL: SELECT * FROM `yang_article` WHERE ( position_id = 7 ) LIMIT 4   [ RunTime:0.0002s ]
SQL: SELECT *,(rmb+forzen_rmb) as count FROM `yang_member` WHERE ( member_id='391' ) LIMIT 1   [ RunTime:0.0002s ]
SQL: SELECT COUNT(*) AS tp_count FROM `yang_message` WHERE `member_id` = '391' AND `status` = 0 LIMIT 1   [ RunTime:0.0002s ]
SQL: SELECT * FROM `yang_currency` WHERE ( is_line=1  ) ORDER BY sort  [ RunTime:0.0002s ]
SQL: SELECT * FROM `yang_member` WHERE ( member_id =391 ) LIMIT 1   [ RunTime:0.0002s ]
SQL: SELECT * FROM `yang_currency`  [ RunTime:0.0002s ]
SQL: SELECT *,(num+forzen_num) as count FROM `yang_currency_user` WHERE `member_id` = 391 AND `currency_id` = 29 LIMIT 1   [ RunTime:0.0002s ]
SQL: SELECT * FROM `yang_issue_log` WHERE ( deal>0 and add_time<1484385545-60*60*24  and status=0 )  [ RunTime:0.0002s ]
SQL: SELECT yang_currency_user.*,(yang_currency_user.num+yang_currency_user.forzen_num) as count,yang_currency.currency_name,yang_currency.currency_mark FROM `yang_currency_user` left join yang_currency on yang_currency.currency_id=yang_currency_user.currency_id  WHERE `member_id` = '391' ORDER BY sort  [ RunTime:0.0004s ]
SQL: SELECT * FROM `yang_trade` WHERE `currency_id` = 29 ORDER BY add_time desc LIMIT 1   [ RunTime:0.0002s ]
SQL: SELECT * FROM `yang_trade` WHERE `currency_id` = 29 AND ( add_time<1484323200 ) ORDER BY add_time desc LIMIT 1   [ RunTime:0.0001s ]
SQL: SELECT * FROM `yang_trade` WHERE `currency_id` = 29 AND ( add_time<1484385545-60*60*24 ) ORDER BY add_time desc LIMIT 1   [ RunTime:0.0001s ]
SQL: SELECT * FROM `yang_trade` WHERE `currency_id` = 29 AND ( add_time<1484385545-60*60*24*7 ) ORDER BY add_time desc LIMIT 1   [ RunTime:0.0002s ]
SQL: SELECT SUM(num) AS tp_sum FROM `yang_trade` WHERE `currency_id` = 29 AND ( add_time>1484385545-60*60*24 ) LIMIT 1   [ RunTime:0.0001s ]
SQL: SELECT SUM(num*price) AS tp_sum FROM `yang_trade` WHERE `currency_id` = 29 AND ( add_time>1484385545-60*60*24 ) LIMIT 1   [ RunTime:0.0001s ]
SQL: SELECT `price` FROM `yang_trade` WHERE `currency_id` = 29 ORDER BY price asc LIMIT 1   [ RunTime:0.0001s ]
SQL: SELECT `price` FROM `yang_trade` WHERE `currency_id` = 29 ORDER BY price desc LIMIT 1   [ RunTime:0.0001s ]
SQL: SELECT `price` FROM `yang_orders` WHERE `currency_id` = 29 AND `type` = 'buy' AND `status` IN (0,1) ORDER BY price desc LIMIT 1   [ RunTime:0.0002s ]
SQL: SELECT `price` FROM `yang_orders` WHERE `currency_id` = 29 AND `type` = 'sell' AND `status` IN (0,1) ORDER BY price asc LIMIT 1   [ RunTime:0.0002s ]
SQL: SELECT `rmb`,`forzen_rmb` FROM `yang_member` WHERE `member_id` = 391 LIMIT 1   [ RunTime:0.0001s ]
INFO: [ view_parse ] --START--
INFO: [ template_filter ] --START--
INFO: Run Behavior\ContentReplaceBehavior [ RunTime:0.000371s ]
INFO: [ template_filter ] --END-- [ RunTime:0.000426s ]
NOTIC: [8] Undefined variable: username D:\phpStudy\WWW\App\Runtime\Cache\Home\64032f3cba072b42246c94805e3ede75.php 第 54 行.
INFO: Run Behavior\ParseTemplateBehavior [ RunTime:0.029994s ]
INFO: [ view_parse ] --END-- [ RunTime:0.030049s ]
INFO: [ view_filter ] --START--
INFO: Run Behavior\WriteHtmlCacheBehavior [ RunTime:0.000219s ]
INFO: [ view_filter ] --END-- [ RunTime:0.000242s ]
INFO: [ app_end ] --START--
INFO: Run Behavior\ShowPageTraceBehavior [ RunTime:0.000406s ]
INFO: [ app_end ] --END-- [ RunTime:0.000433s ]

[ 2017-01-14T17:19:06+08:00 ] ::1 /Home/User/js/index.js
INFO: [ app_init ] --START--
INFO: Run Behavior\BuildLiteBehavior [ RunTime:0.000010s ]
INFO: [ app_init ] --END-- [ RunTime:0.000271s ]
INFO: [ app_begin ] --START--
INFO: Run Behavior\ReadHtmlCacheBehavior [ RunTime:0.000431s ]
INFO: [ app_begin ] --END-- [ RunTime:0.000473s ]
SQL: SELECT * FROM `yang_config`  [ RunTime:0.0005s ]
SQL: SELECT * FROM `yang_dividend_config`  [ RunTime:0.0003s ]
SQL: SELECT * FROM `yang_article_category` WHERE ( parent_id = 6 ) LIMIT 4   [ RunTime:0.0003s ]
SQL: SELECT * FROM `yang_article` WHERE ( position_id = 7 ) LIMIT 4   [ RunTime:0.0003s ]
SQL: SELECT *,(rmb+forzen_rmb) as count FROM `yang_member` WHERE ( member_id='391' ) LIMIT 1   [ RunTime:0.0004s ]
SQL: SELECT COUNT(*) AS tp_count FROM `yang_message` WHERE `member_id` = '391' AND `status` = 0 LIMIT 1   [ RunTime:0.0003s ]
SQL: SELECT * FROM `yang_currency` WHERE ( is_line=1  ) ORDER BY sort  [ RunTime:0.0003s ]
SQL: SELECT * FROM `yang_member` WHERE ( member_id =391 ) LIMIT 1   [ RunTime:0.0004s ]
SQL: SELECT * FROM `yang_currency`  [ RunTime:0.0003s ]
SQL: SELECT *,(num+forzen_num) as count FROM `yang_currency_user` WHERE `member_id` = 391 AND `currency_id` = 29 LIMIT 1   [ RunTime:0.0004s ]
SQL: SELECT * FROM `yang_issue_log` WHERE ( deal>0 and add_time<1484385546-60*60*24  and status=0 )  [ RunTime:0.0003s ]
INFO: [ view_parse ] --START--
INFO: [ template_filter ] --START--
INFO: Run Behavior\ContentReplaceBehavior [ RunTime:0.000089s ]
INFO: [ template_filter ] --END-- [ RunTime:0.000170s ]
INFO: Run Behavior\ParseTemplateBehavior [ RunTime:0.007716s ]
INFO: [ view_parse ] --END-- [ RunTime:0.007783s ]
INFO: [ view_filter ] --START--
INFO: Run Behavior\WriteHtmlCacheBehavior [ RunTime:0.000290s ]
INFO: [ view_filter ] --END-- [ RunTime:0.000337s ]
INFO: [ app_end ] --START--
INFO: Run Behavior\ShowPageTraceBehavior [ RunTime:0.000704s ]
INFO: [ app_end ] --END-- [ RunTime:0.000756s ]

[ 2017-01-14T17:19:09+08:00 ] ::1 /Home/User/pay.html
INFO: [ app_init ] --START--
INFO: Run Behavior\BuildLiteBehavior [ RunTime:0.000009s ]
INFO: [ app_init ] --END-- [ RunTime:0.000243s ]
INFO: [ app_begin ] --START--
INFO: Run Behavior\ReadHtmlCacheBehavior [ RunTime:0.000352s ]
INFO: [ app_begin ] --END-- [ RunTime:0.000385s ]
SQL: SELECT * FROM `yang_config`  [ RunTime:0.0004s ]
SQL: SELECT * FROM `yang_dividend_config`  [ RunTime:0.0002s ]
SQL: SELECT * FROM `yang_article_category` WHERE ( parent_id = 6 ) LIMIT 4   [ RunTime:0.0002s ]
SQL: SELECT * FROM `yang_article` WHERE ( position_id = 7 ) LIMIT 4   [ RunTime:0.0001s ]
SQL: SELECT *,(rmb+forzen_rmb) as count FROM `yang_member` WHERE ( member_id='391' ) LIMIT 1   [ RunTime:0.0003s ]
SQL: SELECT COUNT(*) AS tp_count FROM `yang_message` WHERE `member_id` = '391' AND `status` = 0 LIMIT 1   [ RunTime:0.0002s ]
SQL: SELECT * FROM `yang_currency` WHERE ( is_line=1  ) ORDER BY sort  [ RunTime:0.0002s ]
SQL: SELECT * FROM `yang_member` WHERE ( member_id =391 ) LIMIT 1   [ RunTime:0.0002s ]
SQL: SELECT * FROM `yang_currency`  [ RunTime:0.0001s ]
SQL: SELECT *,(num+forzen_num) as count FROM `yang_currency_user` WHERE `member_id` = 391 AND `currency_id` = 29 LIMIT 1   [ RunTime:0.0002s ]
SQL: SELECT * FROM `yang_issue_log` WHERE ( deal>0 and add_time<1484385549-60*60*24  and status=0 )  [ RunTime:0.0001s ]
SQL: SELECT COUNT(*) AS tp_count FROM `yang_pay` WHERE ( member_name='夏赵伟' ) LIMIT 1   [ RunTime:0.0009s ]
SQL: SELECT COUNT(*) AS tp_count FROM `yang_pay` WHERE `member_name` = '夏赵伟' AND `member_id` = '391' AND `type` <> 3 LIMIT 1   [ RunTime:0.0001s ]
SQL: SELECT * FROM `yang_pay` WHERE `member_name` = '夏赵伟' AND `member_id` = '391' AND `type` <> 3 ORDER BY pay_id desc LIMIT 0,5   [ RunTime:0.0001s ]
SQL: SELECT * FROM `yang_website_bank` WHERE ( status = 1 )  [ RunTime:0.0203s ]
SQL: SELECT * FROM `yang_article` WHERE ( article_id=102 ) LIMIT 1   [ RunTime:0.0002s ]
INFO: [ view_parse ] --START--
INFO: [ template_filter ] --START--
INFO: Run Behavior\ContentReplaceBehavior [ RunTime:0.000460s ]
INFO: [ template_filter ] --END-- [ RunTime:0.000497s ]
NOTIC: [8] Undefined variable: username D:\phpStudy\WWW\App\Runtime\Cache\Home\28a34ffecdebdb5c434df2da0bbd2be6.php 第 54 行.
NOTIC: [8] Undefined index: title D:\phpStudy\WWW\App\Runtime\Cache\Home\28a34ffecdebdb5c434df2da0bbd2be6.php 第 397 行.
INFO: Run Behavior\ParseTemplateBehavior [ RunTime:0.027779s ]
INFO: [ view_parse ] --END-- [ RunTime:0.027826s ]
INFO: [ view_filter ] --START--
INFO: Run Behavior\WriteHtmlCacheBehavior [ RunTime:0.000150s ]
INFO: [ view_filter ] --END-- [ RunTime:0.000173s ]
INFO: [ app_end ] --START--
INFO: Run Behavior\ShowPageTraceBehavior [ RunTime:0.000322s ]
INFO: [ app_end ] --END-- [ RunTime:0.000348s ]

[ 2017-01-14T17:20:30+08:00 ] ::1 /Home/User/pay.html
INFO: [ app_init ] --START--
INFO: Run Behavior\BuildLiteBehavior [ RunTime:0.000014s ]
INFO: [ app_init ] --END-- [ RunTime:0.000337s ]
INFO: [ app_begin ] --START--
INFO: Run Behavior\ReadHtmlCacheBehavior [ RunTime:0.000497s ]
INFO: [ app_begin ] --END-- [ RunTime:0.000547s ]
SQL: SELECT * FROM `yang_config`  [ RunTime:0.0004s ]
SQL: SELECT * FROM `yang_dividend_config`  [ RunTime:0.0002s ]
SQL: SELECT * FROM `yang_article_category` WHERE ( parent_id = 6 ) LIMIT 4   [ RunTime:0.0002s ]
SQL: SELECT * FROM `yang_article` WHERE ( position_id = 7 ) LIMIT 4   [ RunTime:0.0002s ]
SQL: SELECT *,(rmb+forzen_rmb) as count FROM `yang_member` WHERE ( member_id='391' ) LIMIT 1   [ RunTime:0.0003s ]
SQL: SELECT COUNT(*) AS tp_count FROM `yang_message` WHERE `member_id` = '391' AND `status` = 0 LIMIT 1   [ RunTime:0.0002s ]
SQL: SELECT * FROM `yang_currency` WHERE ( is_line=1  ) ORDER BY sort  [ RunTime:0.0002s ]
SQL: SELECT * FROM `yang_member` WHERE ( member_id =391 ) LIMIT 1   [ RunTime:0.0002s ]
SQL: SELECT * FROM `yang_currency`  [ RunTime:0.0002s ]
SQL: SELECT *,(num+forzen_num) as count FROM `yang_currency_user` WHERE `member_id` = 391 AND `currency_id` = 29 LIMIT 1   [ RunTime:0.0002s ]
SQL: SELECT * FROM `yang_issue_log` WHERE ( deal>0 and add_time<1484385630-60*60*24  and status=0 )  [ RunTime:0.0002s ]
SQL: SELECT COUNT(*) AS tp_count FROM `yang_pay` WHERE ( member_name='夏赵伟' ) LIMIT 1   [ RunTime:0.0002s ]
SQL: SELECT COUNT(*) AS tp_count FROM `yang_pay` WHERE `member_name` = '夏赵伟' AND `member_id` = '391' AND `type` <> 3 LIMIT 1   [ RunTime:0.0002s ]
SQL: SELECT * FROM `yang_pay` WHERE `member_name` = '夏赵伟' AND `member_id` = '391' AND `type` <> 3 ORDER BY pay_id desc LIMIT 0,5   [ RunTime:0.0002s ]
SQL: SELECT * FROM `yang_website_bank` WHERE ( status = 1 )  [ RunTime:0.0002s ]
SQL: SELECT * FROM `yang_article` WHERE ( article_id=102 ) LIMIT 1   [ RunTime:0.0002s ]
INFO: [ view_parse ] --START--
INFO: [ template_filter ] --START--
INFO: Run Behavior\ContentReplaceBehavior [ RunTime:0.000722s ]
INFO: [ template_filter ] --END-- [ RunTime:0.000779s ]
NOTIC: [8] Undefined variable: username D:\phpStudy\WWW\App\Runtime\Cache\Home\28a34ffecdebdb5c434df2da0bbd2be6.php 第 54 行.
NOTIC: [8] Undefined index: title D:\phpStudy\WWW\App\Runtime\Cache\Home\28a34ffecdebdb5c434df2da0bbd2be6.php 第 397 行.
INFO: Run Behavior\ParseTemplateBehavior [ RunTime:0.024701s ]
INFO: [ view_parse ] --END-- [ RunTime:0.024760s ]
INFO: [ view_filter ] --START--
INFO: Run Behavior\WriteHtmlCacheBehavior [ RunTime:0.000238s ]
INFO: [ view_filter ] --END-- [ RunTime:0.000272s ]
INFO: [ app_end ] --START--
INFO: Run Behavior\ShowPageTraceBehavior [ RunTime:0.000483s ]
INFO: [ app_end ] --END-- [ RunTime:0.000526s ]

