[ 2017-01-18T10:29:12+08:00 ] ::1 /admin
INFO: [ app_init ] --START--
INFO: Run Behavior\BuildLiteBehavior [ RunTime:0.000009s ]
INFO: [ app_init ] --END-- [ RunTime:0.000216s ]
INFO: [ app_begin ] --START--
INFO: Run Behavior\ReadHtmlCacheBehavior [ RunTime:0.000379s ]
INFO: [ app_begin ] --END-- [ RunTime:0.000410s ]
SQL: SELECT * FROM `yang_config`  [ RunTime:0.0003s ]
SQL: SELECT * FROM `yang_dividend_config`  [ RunTime:0.0001s ]
SQL: SELECT * FROM `yang_article_category` WHERE ( parent_id = 6 ) LIMIT 4   [ RunTime:0.0001s ]
SQL: SELECT * FROM `yang_article` WHERE ( position_id = 7 ) LIMIT 4   [ RunTime:0.0001s ]
SQL: SELECT *,(rmb+forzen_rmb) as count FROM `yang_member` WHERE ( member_id='391' ) LIMIT 1   [ RunTime:0.0002s ]
SQL: SELECT COUNT(*) AS tp_count FROM `yang_message` WHERE `member_id` = '391' AND `status` = 0 LIMIT 1   [ RunTime:0.0001s ]
SQL: SELECT * FROM `yang_currency` WHERE ( is_line=1  ) ORDER BY sort  [ RunTime:0.0001s ]

[ 2017-01-18T10:29:13+08:00 ] ::1 /admin/Login/login.html
INFO: [ app_init ] --START--
INFO: Run Behavior\BuildLiteBehavior [ RunTime:0.000009s ]
INFO: [ app_init ] --END-- [ RunTime:0.000217s ]
INFO: [ app_begin ] --START--
INFO: Run Behavior\ReadHtmlCacheBehavior [ RunTime:0.000339s ]
INFO: [ app_begin ] --END-- [ RunTime:0.000382s ]
SQL: SELECT * FROM `yang_config`  [ RunTime:0.0003s ]
SQL: SELECT * FROM `yang_dividend_config`  [ RunTime:0.0001s ]
SQL: SELECT * FROM `yang_article_category` WHERE ( parent_id = 6 ) LIMIT 4   [ RunTime:0.0002s ]
SQL: SELECT * FROM `yang_article` WHERE ( position_id = 7 ) LIMIT 4   [ RunTime:0.0001s ]
SQL: SELECT *,(rmb+forzen_rmb) as count FROM `yang_member` WHERE ( member_id='391' ) LIMIT 1   [ RunTime:0.0002s ]
SQL: SELECT COUNT(*) AS tp_count FROM `yang_message` WHERE `member_id` = '391' AND `status` = 0 LIMIT 1   [ RunTime:0.0002s ]
SQL: SELECT * FROM `yang_currency` WHERE ( is_line=1  ) ORDER BY sort  [ RunTime:0.0002s ]
INFO: [ view_parse ] --START--
INFO: [ template_filter ] --START--
INFO: Run Behavior\ContentReplaceBehavior [ RunTime:0.000052s ]
INFO: [ template_filter ] --END-- [ RunTime:0.000097s ]
INFO: Run Behavior\ParseTemplateBehavior [ RunTime:0.033200s ]
INFO: [ view_parse ] --END-- [ RunTime:0.033260s ]
INFO: [ view_filter ] --START--
INFO: Run Behavior\WriteHtmlCacheBehavior [ RunTime:0.000354s ]
INFO: [ view_filter ] --END-- [ RunTime:0.000383s ]
INFO: [ app_end ] --START--
INFO: Run Behavior\ShowPageTraceBehavior [ RunTime:0.000467s ]
INFO: [ app_end ] --END-- [ RunTime:0.000507s ]

[ 2017-01-18T10:32:36+08:00 ] ::1 /admin/Login/checkLogin.html
INFO: [ app_init ] --START--
INFO: Run Behavior\BuildLiteBehavior [ RunTime:0.000010s ]
INFO: [ app_init ] --END-- [ RunTime:0.000240s ]
INFO: [ app_begin ] --START--
INFO: Run Behavior\ReadHtmlCacheBehavior [ RunTime:0.000357s ]
INFO: [ app_begin ] --END-- [ RunTime:0.000392s ]
NOTIC: [8192] Function eregi() is deprecated D:\phpStudy\WWW\App\Common\Common\function.php 第 619 行.
NOTIC: [8192] Function eregi() is deprecated D:\phpStudy\WWW\App\Common\Common\function.php 第 619 行.
SQL: SELECT * FROM `yang_config`  [ RunTime:0.0011s ]
SQL: SELECT * FROM `yang_dividend_config`  [ RunTime:0.0007s ]
SQL: SELECT * FROM `yang_article_category` WHERE ( parent_id = 6 ) LIMIT 4   [ RunTime:0.0006s ]
SQL: SELECT * FROM `yang_article` WHERE ( position_id = 7 ) LIMIT 4   [ RunTime:0.0005s ]
SQL: SELECT *,(rmb+forzen_rmb) as count FROM `yang_member` WHERE ( member_id='391' ) LIMIT 1   [ RunTime:0.0007s ]
SQL: SELECT COUNT(*) AS tp_count FROM `yang_message` WHERE `member_id` = '391' AND `status` = 0 LIMIT 1   [ RunTime:0.0006s ]
SQL: SELECT * FROM `yang_currency` WHERE ( is_line=1  ) ORDER BY sort  [ RunTime:0.0006s ]
SQL: SELECT * FROM `yang_admin` WHERE ( username='admin' ) LIMIT 1   [ RunTime:0.0519s ]

[ 2017-01-18T10:32:37+08:00 ] ::1 /admin/Index/index.html
INFO: [ app_init ] --START--
INFO: Run Behavior\BuildLiteBehavior [ RunTime:0.000028s ]
INFO: [ app_init ] --END-- [ RunTime:0.000708s ]
INFO: [ app_begin ] --START--
INFO: Run Behavior\ReadHtmlCacheBehavior [ RunTime:0.001044s ]
INFO: [ app_begin ] --END-- [ RunTime:0.001144s ]
SQL: SELECT * FROM `yang_config`  [ RunTime:0.0004s ]
SQL: SELECT * FROM `yang_dividend_config`  [ RunTime:0.0002s ]
SQL: SELECT * FROM `yang_article_category` WHERE ( parent_id = 6 ) LIMIT 4   [ RunTime:0.0002s ]
SQL: SELECT * FROM `yang_article` WHERE ( position_id = 7 ) LIMIT 4   [ RunTime:0.0002s ]
SQL: SELECT *,(rmb+forzen_rmb) as count FROM `yang_member` WHERE ( member_id='391' ) LIMIT 1   [ RunTime:0.0003s ]
SQL: SELECT COUNT(*) AS tp_count FROM `yang_message` WHERE `member_id` = '391' AND `status` = 0 LIMIT 1   [ RunTime:0.0002s ]
SQL: SELECT * FROM `yang_currency` WHERE ( is_line=1  ) ORDER BY sort  [ RunTime:0.0003s ]
SQL: SELECT * FROM `yang_admin` WHERE ( admin_id='1' ) LIMIT 1   [ RunTime:0.0002s ]
SQL: SELECT `key`,`value` FROM `yang_config`  [ RunTime:0.0003s ]
SQL: SELECT `Nav` FROM `yang_admin` WHERE ( admin_id='1' ) LIMIT 1   [ RunTime:0.0001s ]
SQL: SELECT * FROM `yang_nav` WHERE ( nav_id=1 ) LIMIT 1   [ RunTime:0.0327s ]
SQL: SELECT * FROM `yang_nav` WHERE ( nav_id=2 ) LIMIT 1   [ RunTime:0.0002s ]
SQL: SELECT * FROM `yang_nav` WHERE ( nav_id=3 ) LIMIT 1   [ RunTime:0.0002s ]
SQL: SELECT * FROM `yang_nav` WHERE ( nav_id=4 ) LIMIT 1   [ RunTime:0.0002s ]
SQL: SELECT * FROM `yang_nav` WHERE ( nav_id=6 ) LIMIT 1   [ RunTime:0.0002s ]
SQL: SELECT * FROM `yang_nav` WHERE ( nav_id=7 ) LIMIT 1   [ RunTime:0.0002s ]
SQL: SELECT * FROM `yang_nav` WHERE ( nav_id=8 ) LIMIT 1   [ RunTime:0.0002s ]
SQL: SELECT * FROM `yang_nav` WHERE ( nav_id=15 ) LIMIT 1   [ RunTime:0.0002s ]
SQL: SELECT * FROM `yang_nav` WHERE ( nav_id=9 ) LIMIT 1   [ RunTime:0.0002s ]
SQL: SELECT * FROM `yang_nav` WHERE ( nav_id=10 ) LIMIT 1   [ RunTime:0.0002s ]
SQL: SELECT * FROM `yang_nav` WHERE ( nav_id=11 ) LIMIT 1   [ RunTime:0.0002s ]
SQL: SELECT * FROM `yang_nav` WHERE ( nav_id=12 ) LIMIT 1   [ RunTime:0.0002s ]
SQL: SELECT * FROM `yang_nav` WHERE ( nav_id=13 ) LIMIT 1   [ RunTime:0.0002s ]
SQL: SELECT * FROM `yang_nav` WHERE ( nav_id=14 ) LIMIT 1   [ RunTime:0.0002s ]
SQL: SELECT * FROM `yang_nav` WHERE ( nav_id=17 ) LIMIT 1   [ RunTime:0.0002s ]
SQL: SELECT * FROM `yang_nav` WHERE ( nav_id=16 ) LIMIT 1   [ RunTime:0.0002s ]
SQL: SELECT * FROM `yang_nav` WHERE ( nav_id=21 ) LIMIT 1   [ RunTime:0.0002s ]
SQL: SELECT * FROM `yang_nav` WHERE ( nav_id=22 ) LIMIT 1   [ RunTime:0.0002s ]
SQL: SELECT * FROM `yang_nav` WHERE ( nav_id=26 ) LIMIT 1   [ RunTime:0.0002s ]
SQL: SELECT * FROM `yang_nav` WHERE ( nav_id=27 ) LIMIT 1   [ RunTime:0.0002s ]
SQL: SELECT * FROM `yang_nav` WHERE ( nav_id=28 ) LIMIT 1   [ RunTime:0.0002s ]
SQL: SELECT * FROM `yang_nav` WHERE ( nav_id=29 ) LIMIT 1   [ RunTime:0.0002s ]
SQL: SELECT * FROM `yang_nav` WHERE ( nav_id=30 ) LIMIT 1   [ RunTime:0.0002s ]
SQL: SELECT * FROM `yang_nav` WHERE ( nav_id=18 ) LIMIT 1   [ RunTime:0.0002s ]
SQL: SELECT * FROM `yang_nav` WHERE ( nav_id=33 ) LIMIT 1   [ RunTime:0.0002s ]
SQL: SELECT * FROM `yang_nav` WHERE ( nav_id=32 ) LIMIT 1   [ RunTime:0.0002s ]
SQL: SELECT * FROM `yang_nav` WHERE ( nav_id=35 ) LIMIT 1   [ RunTime:0.0002s ]
SQL: SELECT * FROM `yang_nav` WHERE ( nav_id=36 ) LIMIT 1   [ RunTime:0.0002s ]
SQL: SELECT * FROM `yang_nav` WHERE ( nav_id=40 ) LIMIT 1   [ RunTime:0.0002s ]
SQL: SELECT * FROM `yang_nav` WHERE ( nav_id=44 ) LIMIT 1   [ RunTime:0.0002s ]
SQL: SELECT * FROM `yang_nav` WHERE ( nav_id=41 ) LIMIT 1   [ RunTime:0.0002s ]
SQL: SELECT * FROM `yang_nav` WHERE ( nav_id=52 ) LIMIT 1   [ RunTime:0.0002s ]
SQL: SELECT * FROM `yang_nav` WHERE ( nav_id=43 ) LIMIT 1   [ RunTime:0.0002s ]
SQL: SELECT * FROM `yang_nav` WHERE ( nav_id=45 ) LIMIT 1   [ RunTime:0.0002s ]
SQL: SELECT * FROM `yang_nav` WHERE ( nav_id=46 ) LIMIT 1   [ RunTime:0.0002s ]
SQL: SELECT * FROM `yang_nav` WHERE ( nav_id=47 ) LIMIT 1   [ RunTime:0.0002s ]
SQL: SELECT * FROM `yang_nav` WHERE ( nav_id=48 ) LIMIT 1   [ RunTime:0.0002s ]
SQL: SELECT * FROM `yang_nav` WHERE ( nav_id=49 ) LIMIT 1   [ RunTime:0.0002s ]
SQL: SELECT * FROM `yang_nav` WHERE ( nav_id=50 ) LIMIT 1   [ RunTime:0.0002s ]
SQL: SELECT * FROM `yang_nav` WHERE ( nav_id=51 ) LIMIT 1   [ RunTime:0.0003s ]
SQL: SELECT * FROM `yang_nav` WHERE ( nav_id=56 ) LIMIT 1   [ RunTime:0.0002s ]
SQL: SELECT * FROM `yang_nav` WHERE ( nav_id=57 ) LIMIT 1   [ RunTime:0.0002s ]
SQL: SELECT * FROM `yang_nav` WHERE ( nav_id=58 ) LIMIT 1   [ RunTime:0.0002s ]
SQL: SELECT * FROM `yang_nav` WHERE ( nav_id=59 ) LIMIT 1   [ RunTime:0.0002s ]
SQL: SELECT * FROM `yang_nav` WHERE ( nav_id=60 ) LIMIT 1   [ RunTime:0.0002s ]
SQL: SELECT * FROM `yang_nav` WHERE ( nav_id=61 ) LIMIT 1   [ RunTime:0.0002s ]
INFO: [ view_parse ] --START--
INFO: [ template_filter ] --START--
INFO: Run Behavior\ContentReplaceBehavior [ RunTime:0.000499s ]
INFO: [ template_filter ] --END-- [ RunTime:0.000589s ]
NOTIC: [8] Undefined variable: list D:\phpStudy\WWW\App\Runtime\Cache\Admin\9df924d9a2d217daa77a359c5bee0c33.php 第 243 行.
NOTIC: [8] Undefined variable: empty D:\phpStudy\WWW\App\Runtime\Cache\Admin\9df924d9a2d217daa77a359c5bee0c33.php 第 260 行.
NOTIC: [8] Array to string conversion D:\phpStudy\WWW\App\Runtime\Cache\Admin\9df924d9a2d217daa77a359c5bee0c33.php 第 278 行.
NOTIC: [8] Use of undefined constant mysqlnd - assumed 'mysqlnd' D:\phpStudy\WWW\App\Runtime\Cache\Admin\9df924d9a2d217daa77a359c5bee0c33.php 第 323 行.
INFO: Run Behavior\ParseTemplateBehavior [ RunTime:0.062519s ]
INFO: [ view_parse ] --END-- [ RunTime:0.062586s ]
INFO: [ view_filter ] --START--
INFO: Run Behavior\WriteHtmlCacheBehavior [ RunTime:0.000410s ]
INFO: [ view_filter ] --END-- [ RunTime:0.000460s ]
INFO: [ app_end ] --START--
INFO: Run Behavior\ShowPageTraceBehavior [ RunTime:0.000759s ]
INFO: [ app_end ] --END-- [ RunTime:0.000817s ]

[ 2017-01-18T10:33:41+08:00 ] ::1 /admin/Currency/index
INFO: [ app_init ] --START--
INFO: Run Behavior\BuildLiteBehavior [ RunTime:0.000009s ]
INFO: [ app_init ] --END-- [ RunTime:0.000232s ]
INFO: [ app_begin ] --START--
INFO: Run Behavior\ReadHtmlCacheBehavior [ RunTime:0.000344s ]
INFO: [ app_begin ] --END-- [ RunTime:0.000377s ]
SQL: SELECT * FROM `yang_config`  [ RunTime:0.0004s ]
SQL: SELECT * FROM `yang_dividend_config`  [ RunTime:0.0001s ]
SQL: SELECT * FROM `yang_article_category` WHERE ( parent_id = 6 ) LIMIT 4   [ RunTime:0.0001s ]
SQL: SELECT * FROM `yang_article` WHERE ( position_id = 7 ) LIMIT 4   [ RunTime:0.0001s ]
SQL: SELECT *,(rmb+forzen_rmb) as count FROM `yang_member` WHERE ( member_id='391' ) LIMIT 1   [ RunTime:0.0002s ]
SQL: SELECT COUNT(*) AS tp_count FROM `yang_message` WHERE `member_id` = '391' AND `status` = 0 LIMIT 1   [ RunTime:0.0001s ]
SQL: SELECT * FROM `yang_currency` WHERE ( is_line=1  ) ORDER BY sort  [ RunTime:0.0001s ]
SQL: SELECT * FROM `yang_admin` WHERE ( admin_id='1' ) LIMIT 1   [ RunTime:0.0001s ]
SQL: SELECT `key`,`value` FROM `yang_config`  [ RunTime:0.0002s ]
SQL: SELECT `Nav` FROM `yang_admin` WHERE ( admin_id='1' ) LIMIT 1   [ RunTime:0.0001s ]
SQL: SELECT * FROM `yang_nav` WHERE ( nav_id=1 ) LIMIT 1   [ RunTime:0.0001s ]
SQL: SELECT * FROM `yang_nav` WHERE ( nav_id=2 ) LIMIT 1   [ RunTime:0.0001s ]
SQL: SELECT * FROM `yang_nav` WHERE ( nav_id=3 ) LIMIT 1   [ RunTime:0.0001s ]
SQL: SELECT * FROM `yang_nav` WHERE ( nav_id=4 ) LIMIT 1   [ RunTime:0.0002s ]
SQL: SELECT * FROM `yang_nav` WHERE ( nav_id=6 ) LIMIT 1   [ RunTime:0.0001s ]
SQL: SELECT * FROM `yang_nav` WHERE ( nav_id=7 ) LIMIT 1   [ RunTime:0.0001s ]
SQL: SELECT * FROM `yang_nav` WHERE ( nav_id=8 ) LIMIT 1   [ RunTime:0.0002s ]
SQL: SELECT * FROM `yang_nav` WHERE ( nav_id=15 ) LIMIT 1   [ RunTime:0.0002s ]
SQL: SELECT * FROM `yang_nav` WHERE ( nav_id=9 ) LIMIT 1   [ RunTime:0.0001s ]
SQL: SELECT * FROM `yang_nav` WHERE ( nav_id=10 ) LIMIT 1   [ RunTime:0.0001s ]
SQL: SELECT * FROM `yang_nav` WHERE ( nav_id=11 ) LIMIT 1   [ RunTime:0.0001s ]
SQL: SELECT * FROM `yang_nav` WHERE ( nav_id=12 ) LIMIT 1   [ RunTime:0.0001s ]
SQL: SELECT * FROM `yang_nav` WHERE ( nav_id=13 ) LIMIT 1   [ RunTime:0.0001s ]
SQL: SELECT * FROM `yang_nav` WHERE ( nav_id=14 ) LIMIT 1   [ RunTime:0.0001s ]
SQL: SELECT * FROM `yang_nav` WHERE ( nav_id=17 ) LIMIT 1   [ RunTime:0.0001s ]
SQL: SELECT * FROM `yang_nav` WHERE ( nav_id=16 ) LIMIT 1   [ RunTime:0.0001s ]
SQL: SELECT * FROM `yang_nav` WHERE ( nav_id=21 ) LIMIT 1   [ RunTime:0.0001s ]
SQL: SELECT * FROM `yang_nav` WHERE ( nav_id=22 ) LIMIT 1   [ RunTime:0.0001s ]
SQL: SELECT * FROM `yang_nav` WHERE ( nav_id=26 ) LIMIT 1   [ RunTime:0.0001s ]
SQL: SELECT * FROM `yang_nav` WHERE ( nav_id=27 ) LIMIT 1   [ RunTime:0.0001s ]
SQL: SELECT * FROM `yang_nav` WHERE ( nav_id=28 ) LIMIT 1   [ RunTime:0.0001s ]
SQL: SELECT * FROM `yang_nav` WHERE ( nav_id=29 ) LIMIT 1   [ RunTime:0.0001s ]
SQL: SELECT * FROM `yang_nav` WHERE ( nav_id=30 ) LIMIT 1   [ RunTime:0.0001s ]
SQL: SELECT * FROM `yang_nav` WHERE ( nav_id=18 ) LIMIT 1   [ RunTime:0.0001s ]
SQL: SELECT * FROM `yang_nav` WHERE ( nav_id=33 ) LIMIT 1   [ RunTime:0.0001s ]
SQL: SELECT * FROM `yang_nav` WHERE ( nav_id=32 ) LIMIT 1   [ RunTime:0.0001s ]
SQL: SELECT * FROM `yang_nav` WHERE ( nav_id=35 ) LIMIT 1   [ RunTime:0.0001s ]
SQL: SELECT * FROM `yang_nav` WHERE ( nav_id=36 ) LIMIT 1   [ RunTime:0.0001s ]
SQL: SELECT * FROM `yang_nav` WHERE ( nav_id=40 ) LIMIT 1   [ RunTime:0.0001s ]
SQL: SELECT * FROM `yang_nav` WHERE ( nav_id=44 ) LIMIT 1   [ RunTime:0.0002s ]
SQL: SELECT * FROM `yang_nav` WHERE ( nav_id=41 ) LIMIT 1   [ RunTime:0.0001s ]
SQL: SELECT * FROM `yang_nav` WHERE ( nav_id=52 ) LIMIT 1   [ RunTime:0.0001s ]
SQL: SELECT * FROM `yang_nav` WHERE ( nav_id=43 ) LIMIT 1   [ RunTime:0.0001s ]
SQL: SELECT * FROM `yang_nav` WHERE ( nav_id=45 ) LIMIT 1   [ RunTime:0.0001s ]
SQL: SELECT * FROM `yang_nav` WHERE ( nav_id=46 ) LIMIT 1   [ RunTime:0.0001s ]
SQL: SELECT * FROM `yang_nav` WHERE ( nav_id=47 ) LIMIT 1   [ RunTime:0.0001s ]
SQL: SELECT * FROM `yang_nav` WHERE ( nav_id=48 ) LIMIT 1   [ RunTime:0.0001s ]
SQL: SELECT * FROM `yang_nav` WHERE ( nav_id=49 ) LIMIT 1   [ RunTime:0.0001s ]
SQL: SELECT * FROM `yang_nav` WHERE ( nav_id=50 ) LIMIT 1   [ RunTime:0.0001s ]
SQL: SELECT * FROM `yang_nav` WHERE ( nav_id=51 ) LIMIT 1   [ RunTime:0.0001s ]
SQL: SELECT * FROM `yang_nav` WHERE ( nav_id=56 ) LIMIT 1   [ RunTime:0.0001s ]
SQL: SELECT * FROM `yang_nav` WHERE ( nav_id=57 ) LIMIT 1   [ RunTime:0.0001s ]
SQL: SELECT * FROM `yang_nav` WHERE ( nav_id=58 ) LIMIT 1   [ RunTime:0.0001s ]
SQL: SELECT * FROM `yang_nav` WHERE ( nav_id=59 ) LIMIT 1   [ RunTime:0.0001s ]
SQL: SELECT * FROM `yang_nav` WHERE ( nav_id=60 ) LIMIT 1   [ RunTime:0.0001s ]
SQL: SELECT * FROM `yang_nav` WHERE ( nav_id=61 ) LIMIT 1   [ RunTime:0.0001s ]
SQL: SELECT * FROM `yang_currency`  [ RunTime:0.0001s ]
INFO: [ view_parse ] --START--
INFO: [ template_filter ] --START--
INFO: Run Behavior\ContentReplaceBehavior [ RunTime:0.000611s ]
INFO: [ template_filter ] --END-- [ RunTime:0.000703s ]
INFO: Run Behavior\ParseTemplateBehavior [ RunTime:0.047340s ]
INFO: [ view_parse ] --END-- [ RunTime:0.047431s ]
INFO: [ view_filter ] --START--
INFO: Run Behavior\WriteHtmlCacheBehavior [ RunTime:0.000240s ]
INFO: [ view_filter ] --END-- [ RunTime:0.000267s ]
INFO: [ app_end ] --START--
INFO: Run Behavior\ShowPageTraceBehavior [ RunTime:0.000434s ]
INFO: [ app_end ] --END-- [ RunTime:0.000465s ]

[ 2017-01-18T10:34:10+08:00 ] ::1 /admin/Currency/savePrice.html
INFO: [ app_init ] --START--
INFO: Run Behavior\BuildLiteBehavior [ RunTime:0.000011s ]
INFO: [ app_init ] --END-- [ RunTime:0.000240s ]
INFO: [ app_begin ] --START--
INFO: Run Behavior\ReadHtmlCacheBehavior [ RunTime:0.000347s ]
INFO: [ app_begin ] --END-- [ RunTime:0.000378s ]
NOTIC: [8192] Function eregi() is deprecated D:\phpStudy\WWW\App\Common\Common\function.php 第 619 行.
NOTIC: [8192] Function eregi() is deprecated D:\phpStudy\WWW\App\Common\Common\function.php 第 619 行.
NOTIC: [8192] Function eregi() is deprecated D:\phpStudy\WWW\App\Common\Common\function.php 第 619 行.
SQL: SELECT * FROM `yang_config`  [ RunTime:0.0005s ]
SQL: SELECT * FROM `yang_dividend_config`  [ RunTime:0.0002s ]
SQL: SELECT * FROM `yang_article_category` WHERE ( parent_id = 6 ) LIMIT 4   [ RunTime:0.0003s ]
SQL: SELECT * FROM `yang_article` WHERE ( position_id = 7 ) LIMIT 4   [ RunTime:0.0002s ]
SQL: SELECT *,(rmb+forzen_rmb) as count FROM `yang_member` WHERE ( member_id='391' ) LIMIT 1   [ RunTime:0.0003s ]
SQL: SELECT COUNT(*) AS tp_count FROM `yang_message` WHERE `member_id` = '391' AND `status` = 0 LIMIT 1   [ RunTime:0.0002s ]
SQL: SELECT * FROM `yang_currency` WHERE ( is_line=1  ) ORDER BY sort  [ RunTime:0.0003s ]
SQL: SELECT * FROM `yang_admin` WHERE ( admin_id='1' ) LIMIT 1   [ RunTime:0.0002s ]
SQL: SELECT `key`,`value` FROM `yang_config`  [ RunTime:0.0004s ]
SQL: SELECT `Nav` FROM `yang_admin` WHERE ( admin_id='1' ) LIMIT 1   [ RunTime:0.0002s ]
SQL: SELECT * FROM `yang_nav` WHERE ( nav_id=1 ) LIMIT 1   [ RunTime:0.0002s ]
SQL: SELECT * FROM `yang_nav` WHERE ( nav_id=2 ) LIMIT 1   [ RunTime:0.0002s ]
SQL: SELECT * FROM `yang_nav` WHERE ( nav_id=3 ) LIMIT 1   [ RunTime:0.0002s ]
SQL: SELECT * FROM `yang_nav` WHERE ( nav_id=4 ) LIMIT 1   [ RunTime:0.0002s ]
SQL: SELECT * FROM `yang_nav` WHERE ( nav_id=6 ) LIMIT 1   [ RunTime:0.0002s ]
SQL: SELECT * FROM `yang_nav` WHERE ( nav_id=7 ) LIMIT 1   [ RunTime:0.0002s ]
SQL: SELECT * FROM `yang_nav` WHERE ( nav_id=8 ) LIMIT 1   [ RunTime:0.0002s ]
SQL: SELECT * FROM `yang_nav` WHERE ( nav_id=15 ) LIMIT 1   [ RunTime:0.0002s ]
SQL: SELECT * FROM `yang_nav` WHERE ( nav_id=9 ) LIMIT 1   [ RunTime:0.0002s ]
SQL: SELECT * FROM `yang_nav` WHERE ( nav_id=10 ) LIMIT 1   [ RunTime:0.0002s ]
SQL: SELECT * FROM `yang_nav` WHERE ( nav_id=11 ) LIMIT 1   [ RunTime:0.0002s ]
SQL: SELECT * FROM `yang_nav` WHERE ( nav_id=12 ) LIMIT 1   [ RunTime:0.0002s ]
SQL: SELECT * FROM `yang_nav` WHERE ( nav_id=13 ) LIMIT 1   [ RunTime:0.0002s ]
SQL: SELECT * FROM `yang_nav` WHERE ( nav_id=14 ) LIMIT 1   [ RunTime:0.0002s ]
SQL: SELECT * FROM `yang_nav` WHERE ( nav_id=17 ) LIMIT 1   [ RunTime:0.0002s ]
SQL: SELECT * FROM `yang_nav` WHERE ( nav_id=16 ) LIMIT 1   [ RunTime:0.0002s ]
SQL: SELECT * FROM `yang_nav` WHERE ( nav_id=21 ) LIMIT 1   [ RunTime:0.0002s ]
SQL: SELECT * FROM `yang_nav` WHERE ( nav_id=22 ) LIMIT 1   [ RunTime:0.0002s ]
SQL: SELECT * FROM `yang_nav` WHERE ( nav_id=26 ) LIMIT 1   [ RunTime:0.0002s ]
SQL: SELECT * FROM `yang_nav` WHERE ( nav_id=27 ) LIMIT 1   [ RunTime:0.0002s ]
SQL: SELECT * FROM `yang_nav` WHERE ( nav_id=28 ) LIMIT 1   [ RunTime:0.0002s ]
SQL: SELECT * FROM `yang_nav` WHERE ( nav_id=29 ) LIMIT 1   [ RunTime:0.0002s ]
SQL: SELECT * FROM `yang_nav` WHERE ( nav_id=30 ) LIMIT 1   [ RunTime:0.0002s ]
SQL: SELECT * FROM `yang_nav` WHERE ( nav_id=18 ) LIMIT 1   [ RunTime:0.0002s ]
SQL: SELECT * FROM `yang_nav` WHERE ( nav_id=33 ) LIMIT 1   [ RunTime:0.0002s ]
SQL: SELECT * FROM `yang_nav` WHERE ( nav_id=32 ) LIMIT 1   [ RunTime:0.0002s ]
SQL: SELECT * FROM `yang_nav` WHERE ( nav_id=35 ) LIMIT 1   [ RunTime:0.0002s ]
SQL: SELECT * FROM `yang_nav` WHERE ( nav_id=36 ) LIMIT 1   [ RunTime:0.0002s ]
SQL: SELECT * FROM `yang_nav` WHERE ( nav_id=40 ) LIMIT 1   [ RunTime:0.0002s ]
SQL: SELECT * FROM `yang_nav` WHERE ( nav_id=44 ) LIMIT 1   [ RunTime:0.0002s ]
SQL: SELECT * FROM `yang_nav` WHERE ( nav_id=41 ) LIMIT 1   [ RunTime:0.0002s ]
SQL: SELECT * FROM `yang_nav` WHERE ( nav_id=52 ) LIMIT 1   [ RunTime:0.0002s ]
SQL: SELECT * FROM `yang_nav` WHERE ( nav_id=43 ) LIMIT 1   [ RunTime:0.0002s ]
SQL: SELECT * FROM `yang_nav` WHERE ( nav_id=45 ) LIMIT 1   [ RunTime:0.0002s ]
SQL: SELECT * FROM `yang_nav` WHERE ( nav_id=46 ) LIMIT 1   [ RunTime:0.0002s ]
SQL: SELECT * FROM `yang_nav` WHERE ( nav_id=47 ) LIMIT 1   [ RunTime:0.0002s ]
SQL: SELECT * FROM `yang_nav` WHERE ( nav_id=48 ) LIMIT 1   [ RunTime:0.0002s ]
SQL: SELECT * FROM `yang_nav` WHERE ( nav_id=49 ) LIMIT 1   [ RunTime:0.0002s ]
SQL: SELECT * FROM `yang_nav` WHERE ( nav_id=50 ) LIMIT 1   [ RunTime:0.0002s ]
SQL: SELECT * FROM `yang_nav` WHERE ( nav_id=51 ) LIMIT 1   [ RunTime:0.0002s ]
SQL: SELECT * FROM `yang_nav` WHERE ( nav_id=56 ) LIMIT 1   [ RunTime:0.0002s ]
SQL: SELECT * FROM `yang_nav` WHERE ( nav_id=57 ) LIMIT 1   [ RunTime:0.0002s ]
SQL: SELECT * FROM `yang_nav` WHERE ( nav_id=58 ) LIMIT 1   [ RunTime:0.0002s ]
SQL: SELECT * FROM `yang_nav` WHERE ( nav_id=59 ) LIMIT 1   [ RunTime:0.0002s ]
SQL: SELECT * FROM `yang_nav` WHERE ( nav_id=60 ) LIMIT 1   [ RunTime:0.0002s ]
SQL: SELECT * FROM `yang_nav` WHERE ( nav_id=61 ) LIMIT 1   [ RunTime:0.0002s ]
SQL: UPDATE `yang_currency` SET `price_up`='0' WHERE ( currency_id = 29 ) [ RunTime:0.0004s ]
SQL: UPDATE `yang_currency` SET `price_down`='0' WHERE ( currency_id = 29 ) [ RunTime:0.0002s ]
NOTIC: [2] in_array() expects parameter 2 to be array, boolean given D:\phpStudy\WWW\App\Admin\Controller\CurrencyController.class.php 第 326 行.

[ 2017-01-18T10:34:17+08:00 ] ::1 /admin/Currency/index
INFO: [ app_init ] --START--
INFO: Run Behavior\BuildLiteBehavior [ RunTime:0.000014s ]
INFO: [ app_init ] --END-- [ RunTime:0.000324s ]
INFO: [ app_begin ] --START--
INFO: Run Behavior\ReadHtmlCacheBehavior [ RunTime:0.000584s ]
INFO: [ app_begin ] --END-- [ RunTime:0.000633s ]
SQL: SELECT * FROM `yang_config`  [ RunTime:0.0010s ]
SQL: SELECT * FROM `yang_dividend_config`  [ RunTime:0.0005s ]
SQL: SELECT * FROM `yang_article_category` WHERE ( parent_id = 6 ) LIMIT 4   [ RunTime:0.0006s ]
SQL: SELECT * FROM `yang_article` WHERE ( position_id = 7 ) LIMIT 4   [ RunTime:0.0005s ]
SQL: SELECT *,(rmb+forzen_rmb) as count FROM `yang_member` WHERE ( member_id='391' ) LIMIT 1   [ RunTime:0.0007s ]
SQL: SELECT COUNT(*) AS tp_count FROM `yang_message` WHERE `member_id` = '391' AND `status` = 0 LIMIT 1   [ RunTime:0.0005s ]
SQL: SELECT * FROM `yang_currency` WHERE ( is_line=1  ) ORDER BY sort  [ RunTime:0.0006s ]
SQL: SELECT * FROM `yang_admin` WHERE ( admin_id='1' ) LIMIT 1   [ RunTime:0.0005s ]
SQL: SELECT `key`,`value` FROM `yang_config`  [ RunTime:0.0009s ]
SQL: SELECT `Nav` FROM `yang_admin` WHERE ( admin_id='1' ) LIMIT 1   [ RunTime:0.0004s ]
SQL: SELECT * FROM `yang_nav` WHERE ( nav_id=1 ) LIMIT 1   [ RunTime:0.0005s ]
SQL: SELECT * FROM `yang_nav` WHERE ( nav_id=2 ) LIMIT 1   [ RunTime:0.0005s ]
SQL: SELECT * FROM `yang_nav` WHERE ( nav_id=3 ) LIMIT 1   [ RunTime:0.0005s ]
SQL: SELECT * FROM `yang_nav` WHERE ( nav_id=4 ) LIMIT 1   [ RunTime:0.0004s ]
SQL: SELECT * FROM `yang_nav` WHERE ( nav_id=6 ) LIMIT 1   [ RunTime:0.0004s ]
SQL: SELECT * FROM `yang_nav` WHERE ( nav_id=7 ) LIMIT 1   [ RunTime:0.0004s ]
SQL: SELECT * FROM `yang_nav` WHERE ( nav_id=8 ) LIMIT 1   [ RunTime:0.0004s ]
SQL: SELECT * FROM `yang_nav` WHERE ( nav_id=15 ) LIMIT 1   [ RunTime:0.0004s ]
SQL: SELECT * FROM `yang_nav` WHERE ( nav_id=9 ) LIMIT 1   [ RunTime:0.0004s ]
SQL: SELECT * FROM `yang_nav` WHERE ( nav_id=10 ) LIMIT 1   [ RunTime:0.0004s ]
SQL: SELECT * FROM `yang_nav` WHERE ( nav_id=11 ) LIMIT 1   [ RunTime:0.0004s ]
SQL: SELECT * FROM `yang_nav` WHERE ( nav_id=12 ) LIMIT 1   [ RunTime:0.0004s ]
SQL: SELECT * FROM `yang_nav` WHERE ( nav_id=13 ) LIMIT 1   [ RunTime:0.0004s ]
SQL: SELECT * FROM `yang_nav` WHERE ( nav_id=14 ) LIMIT 1   [ RunTime:0.0004s ]
SQL: SELECT * FROM `yang_nav` WHERE ( nav_id=17 ) LIMIT 1   [ RunTime:0.0004s ]
SQL: SELECT * FROM `yang_nav` WHERE ( nav_id=16 ) LIMIT 1   [ RunTime:0.0002s ]
SQL: SELECT * FROM `yang_nav` WHERE ( nav_id=21 ) LIMIT 1   [ RunTime:0.0002s ]
SQL: SELECT * FROM `yang_nav` WHERE ( nav_id=22 ) LIMIT 1   [ RunTime:0.0002s ]
SQL: SELECT * FROM `yang_nav` WHERE ( nav_id=26 ) LIMIT 1   [ RunTime:0.0002s ]
SQL: SELECT * FROM `yang_nav` WHERE ( nav_id=27 ) LIMIT 1   [ RunTime:0.0002s ]
SQL: SELECT * FROM `yang_nav` WHERE ( nav_id=28 ) LIMIT 1   [ RunTime:0.0002s ]
SQL: SELECT * FROM `yang_nav` WHERE ( nav_id=29 ) LIMIT 1   [ RunTime:0.0002s ]
SQL: SELECT * FROM `yang_nav` WHERE ( nav_id=30 ) LIMIT 1   [ RunTime:0.0002s ]
SQL: SELECT * FROM `yang_nav` WHERE ( nav_id=18 ) LIMIT 1   [ RunTime:0.0002s ]
SQL: SELECT * FROM `yang_nav` WHERE ( nav_id=33 ) LIMIT 1   [ RunTime:0.0002s ]
SQL: SELECT * FROM `yang_nav` WHERE ( nav_id=32 ) LIMIT 1   [ RunTime:0.0002s ]
SQL: SELECT * FROM `yang_nav` WHERE ( nav_id=35 ) LIMIT 1   [ RunTime:0.0002s ]
SQL: SELECT * FROM `yang_nav` WHERE ( nav_id=36 ) LIMIT 1   [ RunTime:0.0003s ]
SQL: SELECT * FROM `yang_nav` WHERE ( nav_id=40 ) LIMIT 1   [ RunTime:0.0002s ]
SQL: SELECT * FROM `yang_nav` WHERE ( nav_id=44 ) LIMIT 1   [ RunTime:0.0002s ]
SQL: SELECT * FROM `yang_nav` WHERE ( nav_id=41 ) LIMIT 1   [ RunTime:0.0003s ]
SQL: SELECT * FROM `yang_nav` WHERE ( nav_id=52 ) LIMIT 1   [ RunTime:0.0002s ]
SQL: SELECT * FROM `yang_nav` WHERE ( nav_id=43 ) LIMIT 1   [ RunTime:0.0003s ]
SQL: SELECT * FROM `yang_nav` WHERE ( nav_id=45 ) LIMIT 1   [ RunTime:0.0002s ]
SQL: SELECT * FROM `yang_nav` WHERE ( nav_id=46 ) LIMIT 1   [ RunTime:0.0002s ]
SQL: SELECT * FROM `yang_nav` WHERE ( nav_id=47 ) LIMIT 1   [ RunTime:0.0003s ]
SQL: SELECT * FROM `yang_nav` WHERE ( nav_id=48 ) LIMIT 1   [ RunTime:0.0003s ]
SQL: SELECT * FROM `yang_nav` WHERE ( nav_id=49 ) LIMIT 1   [ RunTime:0.0003s ]
SQL: SELECT * FROM `yang_nav` WHERE ( nav_id=50 ) LIMIT 1   [ RunTime:0.0003s ]
SQL: SELECT * FROM `yang_nav` WHERE ( nav_id=51 ) LIMIT 1   [ RunTime:0.0002s ]
SQL: SELECT * FROM `yang_nav` WHERE ( nav_id=56 ) LIMIT 1   [ RunTime:0.0002s ]
SQL: SELECT * FROM `yang_nav` WHERE ( nav_id=57 ) LIMIT 1   [ RunTime:0.0002s ]
SQL: SELECT * FROM `yang_nav` WHERE ( nav_id=58 ) LIMIT 1   [ RunTime:0.0002s ]
SQL: SELECT * FROM `yang_nav` WHERE ( nav_id=59 ) LIMIT 1   [ RunTime:0.0002s ]
SQL: SELECT * FROM `yang_nav` WHERE ( nav_id=60 ) LIMIT 1   [ RunTime:0.0002s ]
SQL: SELECT * FROM `yang_nav` WHERE ( nav_id=61 ) LIMIT 1   [ RunTime:0.0002s ]
SQL: SELECT * FROM `yang_currency`  [ RunTime:0.0003s ]
INFO: [ view_parse ] --START--
INFO: [ template_filter ] --START--
INFO: Run Behavior\ContentReplaceBehavior [ RunTime:0.000422s ]
INFO: [ template_filter ] --END-- [ RunTime:0.000489s ]
INFO: Run Behavior\ParseTemplateBehavior [ RunTime:0.050547s ]
INFO: [ view_parse ] --END-- [ RunTime:0.050680s ]
INFO: [ view_filter ] --START--
INFO: Run Behavior\WriteHtmlCacheBehavior [ RunTime:0.000425s ]
INFO: [ view_filter ] --END-- [ RunTime:0.000470s ]
INFO: [ app_end ] --START--
INFO: Run Behavior\ShowPageTraceBehavior [ RunTime:0.000737s ]
INFO: [ app_end ] --END-- [ RunTime:0.000791s ]

[ 2017-01-18T10:39:46+08:00 ] ::1 /admin/Currency/savePrice.html
INFO: [ app_init ] --START--
INFO: Run Behavior\BuildLiteBehavior [ RunTime:0.000011s ]
INFO: [ app_init ] --END-- [ RunTime:0.000247s ]
INFO: [ app_begin ] --START--
INFO: Run Behavior\ReadHtmlCacheBehavior [ RunTime:0.000357s ]
INFO: [ app_begin ] --END-- [ RunTime:0.000389s ]
NOTIC: [8192] Function eregi() is deprecated D:\phpStudy\WWW\App\Common\Common\function.php 第 619 行.
NOTIC: [8192] Function eregi() is deprecated D:\phpStudy\WWW\App\Common\Common\function.php 第 619 行.
NOTIC: [8192] Function eregi() is deprecated D:\phpStudy\WWW\App\Common\Common\function.php 第 619 行.
SQL: SELECT * FROM `yang_config`  [ RunTime:0.0004s ]
SQL: SELECT * FROM `yang_dividend_config`  [ RunTime:0.0001s ]
SQL: SELECT * FROM `yang_article_category` WHERE ( parent_id = 6 ) LIMIT 4   [ RunTime:0.0002s ]
SQL: SELECT * FROM `yang_article` WHERE ( position_id = 7 ) LIMIT 4   [ RunTime:0.0002s ]
SQL: SELECT *,(rmb+forzen_rmb) as count FROM `yang_member` WHERE ( member_id='391' ) LIMIT 1   [ RunTime:0.0002s ]
SQL: SELECT COUNT(*) AS tp_count FROM `yang_message` WHERE `member_id` = '391' AND `status` = 0 LIMIT 1   [ RunTime:0.0002s ]
SQL: SELECT * FROM `yang_currency` WHERE ( is_line=1  ) ORDER BY sort  [ RunTime:0.0002s ]
SQL: SELECT * FROM `yang_admin` WHERE ( admin_id='1' ) LIMIT 1   [ RunTime:0.0001s ]
SQL: SELECT `key`,`value` FROM `yang_config`  [ RunTime:0.0002s ]
SQL: SELECT `Nav` FROM `yang_admin` WHERE ( admin_id='1' ) LIMIT 1   [ RunTime:0.0001s ]
SQL: SELECT * FROM `yang_nav` WHERE ( nav_id=1 ) LIMIT 1   [ RunTime:0.0001s ]
SQL: SELECT * FROM `yang_nav` WHERE ( nav_id=2 ) LIMIT 1   [ RunTime:0.0001s ]
SQL: SELECT * FROM `yang_nav` WHERE ( nav_id=3 ) LIMIT 1   [ RunTime:0.0001s ]
SQL: SELECT * FROM `yang_nav` WHERE ( nav_id=4 ) LIMIT 1   [ RunTime:0.0001s ]
SQL: SELECT * FROM `yang_nav` WHERE ( nav_id=6 ) LIMIT 1   [ RunTime:0.0002s ]
SQL: SELECT * FROM `yang_nav` WHERE ( nav_id=7 ) LIMIT 1   [ RunTime:0.0001s ]
SQL: SELECT * FROM `yang_nav` WHERE ( nav_id=8 ) LIMIT 1   [ RunTime:0.0001s ]
SQL: SELECT * FROM `yang_nav` WHERE ( nav_id=15 ) LIMIT 1   [ RunTime:0.0001s ]
SQL: SELECT * FROM `yang_nav` WHERE ( nav_id=9 ) LIMIT 1   [ RunTime:0.0001s ]
SQL: SELECT * FROM `yang_nav` WHERE ( nav_id=10 ) LIMIT 1   [ RunTime:0.0002s ]
SQL: SELECT * FROM `yang_nav` WHERE ( nav_id=11 ) LIMIT 1   [ RunTime:0.0002s ]
SQL: SELECT * FROM `yang_nav` WHERE ( nav_id=12 ) LIMIT 1   [ RunTime:0.0002s ]
SQL: SELECT * FROM `yang_nav` WHERE ( nav_id=13 ) LIMIT 1   [ RunTime:0.0001s ]
SQL: SELECT * FROM `yang_nav` WHERE ( nav_id=14 ) LIMIT 1   [ RunTime:0.0001s ]
SQL: SELECT * FROM `yang_nav` WHERE ( nav_id=17 ) LIMIT 1   [ RunTime:0.0001s ]
SQL: SELECT * FROM `yang_nav` WHERE ( nav_id=16 ) LIMIT 1   [ RunTime:0.0001s ]
SQL: SELECT * FROM `yang_nav` WHERE ( nav_id=21 ) LIMIT 1   [ RunTime:0.0001s ]
SQL: SELECT * FROM `yang_nav` WHERE ( nav_id=22 ) LIMIT 1   [ RunTime:0.0001s ]
SQL: SELECT * FROM `yang_nav` WHERE ( nav_id=26 ) LIMIT 1   [ RunTime:0.0001s ]
SQL: SELECT * FROM `yang_nav` WHERE ( nav_id=27 ) LIMIT 1   [ RunTime:0.0001s ]
SQL: SELECT * FROM `yang_nav` WHERE ( nav_id=28 ) LIMIT 1   [ RunTime:0.0002s ]
SQL: SELECT * FROM `yang_nav` WHERE ( nav_id=29 ) LIMIT 1   [ RunTime:0.0002s ]
SQL: SELECT * FROM `yang_nav` WHERE ( nav_id=30 ) LIMIT 1   [ RunTime:0.0001s ]
SQL: SELECT * FROM `yang_nav` WHERE ( nav_id=18 ) LIMIT 1   [ RunTime:0.0002s ]
SQL: SELECT * FROM `yang_nav` WHERE ( nav_id=33 ) LIMIT 1   [ RunTime:0.0002s ]
SQL: SELECT * FROM `yang_nav` WHERE ( nav_id=32 ) LIMIT 1   [ RunTime:0.0001s ]
SQL: SELECT * FROM `yang_nav` WHERE ( nav_id=35 ) LIMIT 1   [ RunTime:0.0002s ]
SQL: SELECT * FROM `yang_nav` WHERE ( nav_id=36 ) LIMIT 1   [ RunTime:0.0002s ]
SQL: SELECT * FROM `yang_nav` WHERE ( nav_id=40 ) LIMIT 1   [ RunTime:0.0002s ]
SQL: SELECT * FROM `yang_nav` WHERE ( nav_id=44 ) LIMIT 1   [ RunTime:0.0001s ]
SQL: SELECT * FROM `yang_nav` WHERE ( nav_id=41 ) LIMIT 1   [ RunTime:0.0001s ]
SQL: SELECT * FROM `yang_nav` WHERE ( nav_id=52 ) LIMIT 1   [ RunTime:0.0001s ]
SQL: SELECT * FROM `yang_nav` WHERE ( nav_id=43 ) LIMIT 1   [ RunTime:0.0001s ]
SQL: SELECT * FROM `yang_nav` WHERE ( nav_id=45 ) LIMIT 1   [ RunTime:0.0001s ]
SQL: SELECT * FROM `yang_nav` WHERE ( nav_id=46 ) LIMIT 1   [ RunTime:0.0001s ]
SQL: SELECT * FROM `yang_nav` WHERE ( nav_id=47 ) LIMIT 1   [ RunTime:0.0001s ]
SQL: SELECT * FROM `yang_nav` WHERE ( nav_id=48 ) LIMIT 1   [ RunTime:0.0002s ]
SQL: SELECT * FROM `yang_nav` WHERE ( nav_id=49 ) LIMIT 1   [ RunTime:0.0001s ]
SQL: SELECT * FROM `yang_nav` WHERE ( nav_id=50 ) LIMIT 1   [ RunTime:0.0001s ]
SQL: SELECT * FROM `yang_nav` WHERE ( nav_id=51 ) LIMIT 1   [ RunTime:0.0001s ]
SQL: SELECT * FROM `yang_nav` WHERE ( nav_id=56 ) LIMIT 1   [ RunTime:0.0001s ]
SQL: SELECT * FROM `yang_nav` WHERE ( nav_id=57 ) LIMIT 1   [ RunTime:0.0002s ]
SQL: SELECT * FROM `yang_nav` WHERE ( nav_id=58 ) LIMIT 1   [ RunTime:0.0001s ]
SQL: SELECT * FROM `yang_nav` WHERE ( nav_id=59 ) LIMIT 1   [ RunTime:0.0001s ]
SQL: SELECT * FROM `yang_nav` WHERE ( nav_id=60 ) LIMIT 1   [ RunTime:0.0001s ]
SQL: SELECT * FROM `yang_nav` WHERE ( nav_id=61 ) LIMIT 1   [ RunTime:0.0001s ]
SQL: UPDATE `yang_currency` SET `price_up`='4' WHERE ( currency_id = 29 ) [ RunTime:0.0002s ]
SQL: UPDATE `yang_currency` SET `price_down`='2' WHERE ( currency_id = 29 ) [ RunTime:0.0001s ]
NOTIC: [2] in_array() expects parameter 2 to be array, boolean given D:\phpStudy\WWW\App\Admin\Controller\CurrencyController.class.php 第 326 行.

[ 2017-01-18T10:39:52+08:00 ] ::1 /admin/Currency/index
INFO: [ app_init ] --START--
INFO: Run Behavior\BuildLiteBehavior [ RunTime:0.000009s ]
INFO: [ app_init ] --END-- [ RunTime:0.000219s ]
INFO: [ app_begin ] --START--
INFO: Run Behavior\ReadHtmlCacheBehavior [ RunTime:0.000358s ]
INFO: [ app_begin ] --END-- [ RunTime:0.000389s ]
SQL: SELECT * FROM `yang_config`  [ RunTime:0.0006s ]
SQL: SELECT * FROM `yang_dividend_config`  [ RunTime:0.0003s ]
SQL: SELECT * FROM `yang_article_category` WHERE ( parent_id = 6 ) LIMIT 4   [ RunTime:0.0004s ]
SQL: SELECT * FROM `yang_article` WHERE ( position_id = 7 ) LIMIT 4   [ RunTime:0.0003s ]
SQL: SELECT *,(rmb+forzen_rmb) as count FROM `yang_member` WHERE ( member_id='391' ) LIMIT 1   [ RunTime:0.0004s ]
SQL: SELECT COUNT(*) AS tp_count FROM `yang_message` WHERE `member_id` = '391' AND `status` = 0 LIMIT 1   [ RunTime:0.0003s ]
SQL: SELECT * FROM `yang_currency` WHERE ( is_line=1  ) ORDER BY sort  [ RunTime:0.0004s ]
SQL: SELECT * FROM `yang_admin` WHERE ( admin_id='1' ) LIMIT 1   [ RunTime:0.0003s ]
SQL: SELECT `key`,`value` FROM `yang_config`  [ RunTime:0.0004s ]
SQL: SELECT `Nav` FROM `yang_admin` WHERE ( admin_id='1' ) LIMIT 1   [ RunTime:0.0002s ]
SQL: SELECT * FROM `yang_nav` WHERE ( nav_id=1 ) LIMIT 1   [ RunTime:0.0003s ]
SQL: SELECT * FROM `yang_nav` WHERE ( nav_id=2 ) LIMIT 1   [ RunTime:0.0002s ]
SQL: SELECT * FROM `yang_nav` WHERE ( nav_id=3 ) LIMIT 1   [ RunTime:0.0002s ]
SQL: SELECT * FROM `yang_nav` WHERE ( nav_id=4 ) LIMIT 1   [ RunTime:0.0003s ]
SQL: SELECT * FROM `yang_nav` WHERE ( nav_id=6 ) LIMIT 1   [ RunTime:0.0003s ]
SQL: SELECT * FROM `yang_nav` WHERE ( nav_id=7 ) LIMIT 1   [ RunTime:0.0002s ]
SQL: SELECT * FROM `yang_nav` WHERE ( nav_id=8 ) LIMIT 1   [ RunTime:0.0002s ]
SQL: SELECT * FROM `yang_nav` WHERE ( nav_id=15 ) LIMIT 1   [ RunTime:0.0002s ]
SQL: SELECT * FROM `yang_nav` WHERE ( nav_id=9 ) LIMIT 1   [ RunTime:0.0002s ]
SQL: SELECT * FROM `yang_nav` WHERE ( nav_id=10 ) LIMIT 1   [ RunTime:0.0002s ]
SQL: SELECT * FROM `yang_nav` WHERE ( nav_id=11 ) LIMIT 1   [ RunTime:0.0002s ]
SQL: SELECT * FROM `yang_nav` WHERE ( nav_id=12 ) LIMIT 1   [ RunTime:0.0002s ]
SQL: SELECT * FROM `yang_nav` WHERE ( nav_id=13 ) LIMIT 1   [ RunTime:0.0002s ]
SQL: SELECT * FROM `yang_nav` WHERE ( nav_id=14 ) LIMIT 1   [ RunTime:0.0002s ]
SQL: SELECT * FROM `yang_nav` WHERE ( nav_id=17 ) LIMIT 1   [ RunTime:0.0003s ]
SQL: SELECT * FROM `yang_nav` WHERE ( nav_id=16 ) LIMIT 1   [ RunTime:0.0003s ]
SQL: SELECT * FROM `yang_nav` WHERE ( nav_id=21 ) LIMIT 1   [ RunTime:0.0003s ]
SQL: SELECT * FROM `yang_nav` WHERE ( nav_id=22 ) LIMIT 1   [ RunTime:0.0003s ]
SQL: SELECT * FROM `yang_nav` WHERE ( nav_id=26 ) LIMIT 1   [ RunTime:0.0003s ]
SQL: SELECT * FROM `yang_nav` WHERE ( nav_id=27 ) LIMIT 1   [ RunTime:0.0003s ]
SQL: SELECT * FROM `yang_nav` WHERE ( nav_id=28 ) LIMIT 1   [ RunTime:0.0003s ]
SQL: SELECT * FROM `yang_nav` WHERE ( nav_id=29 ) LIMIT 1   [ RunTime:0.0002s ]
SQL: SELECT * FROM `yang_nav` WHERE ( nav_id=30 ) LIMIT 1   [ RunTime:0.0002s ]
SQL: SELECT * FROM `yang_nav` WHERE ( nav_id=18 ) LIMIT 1   [ RunTime:0.0002s ]
SQL: SELECT * FROM `yang_nav` WHERE ( nav_id=33 ) LIMIT 1   [ RunTime:0.0002s ]
SQL: SELECT * FROM `yang_nav` WHERE ( nav_id=32 ) LIMIT 1   [ RunTime:0.0002s ]
SQL: SELECT * FROM `yang_nav` WHERE ( nav_id=35 ) LIMIT 1   [ RunTime:0.0002s ]
SQL: SELECT * FROM `yang_nav` WHERE ( nav_id=36 ) LIMIT 1   [ RunTime:0.0002s ]
SQL: SELECT * FROM `yang_nav` WHERE ( nav_id=40 ) LIMIT 1   [ RunTime:0.0002s ]
SQL: SELECT * FROM `yang_nav` WHERE ( nav_id=44 ) LIMIT 1   [ RunTime:0.0002s ]
SQL: SELECT * FROM `yang_nav` WHERE ( nav_id=41 ) LIMIT 1   [ RunTime:0.0002s ]
SQL: SELECT * FROM `yang_nav` WHERE ( nav_id=52 ) LIMIT 1   [ RunTime:0.0002s ]
SQL: SELECT * FROM `yang_nav` WHERE ( nav_id=43 ) LIMIT 1   [ RunTime:0.0002s ]
SQL: SELECT * FROM `yang_nav` WHERE ( nav_id=45 ) LIMIT 1   [ RunTime:0.0003s ]
SQL: SELECT * FROM `yang_nav` WHERE ( nav_id=46 ) LIMIT 1   [ RunTime:0.0002s ]
SQL: SELECT * FROM `yang_nav` WHERE ( nav_id=47 ) LIMIT 1   [ RunTime:0.0003s ]
SQL: SELECT * FROM `yang_nav` WHERE ( nav_id=48 ) LIMIT 1   [ RunTime:0.0002s ]
SQL: SELECT * FROM `yang_nav` WHERE ( nav_id=49 ) LIMIT 1   [ RunTime:0.0003s ]
SQL: SELECT * FROM `yang_nav` WHERE ( nav_id=50 ) LIMIT 1   [ RunTime:0.0003s ]
SQL: SELECT * FROM `yang_nav` WHERE ( nav_id=51 ) LIMIT 1   [ RunTime:0.0003s ]
SQL: SELECT * FROM `yang_nav` WHERE ( nav_id=56 ) LIMIT 1   [ RunTime:0.0003s ]
SQL: SELECT * FROM `yang_nav` WHERE ( nav_id=57 ) LIMIT 1   [ RunTime:0.0002s ]
SQL: SELECT * FROM `yang_nav` WHERE ( nav_id=58 ) LIMIT 1   [ RunTime:0.0002s ]
SQL: SELECT * FROM `yang_nav` WHERE ( nav_id=59 ) LIMIT 1   [ RunTime:0.0002s ]
SQL: SELECT * FROM `yang_nav` WHERE ( nav_id=60 ) LIMIT 1   [ RunTime:0.0002s ]
SQL: SELECT * FROM `yang_nav` WHERE ( nav_id=61 ) LIMIT 1   [ RunTime:0.0002s ]
SQL: SELECT * FROM `yang_currency`  [ RunTime:0.0003s ]
INFO: [ view_parse ] --START--
INFO: [ template_filter ] --START--
INFO: Run Behavior\ContentReplaceBehavior [ RunTime:0.000289s ]
INFO: [ template_filter ] --END-- [ RunTime:0.000338s ]
INFO: Run Behavior\ParseTemplateBehavior [ RunTime:0.018717s ]
INFO: [ view_parse ] --END-- [ RunTime:0.018764s ]
INFO: [ view_filter ] --START--
INFO: Run Behavior\WriteHtmlCacheBehavior [ RunTime:0.000195s ]
INFO: [ view_filter ] --END-- [ RunTime:0.000225s ]
INFO: [ app_end ] --START--
INFO: Run Behavior\ShowPageTraceBehavior [ RunTime:0.000427s ]
INFO: [ app_end ] --END-- [ RunTime:0.000463s ]

[ 2017-01-18T10:45:04+08:00 ] ::1 /admin/Trade/orders/currency_id/29.html
INFO: [ app_init ] --START--
INFO: Run Behavior\BuildLiteBehavior [ RunTime:0.000010s ]
INFO: [ app_init ] --END-- [ RunTime:0.000222s ]
INFO: [ app_begin ] --START--
INFO: Run Behavior\ReadHtmlCacheBehavior [ RunTime:0.000322s ]
INFO: [ app_begin ] --END-- [ RunTime:0.000353s ]
NOTIC: [8192] Function eregi() is deprecated D:\phpStudy\WWW\App\Common\Common\function.php 第 619 行.
SQL: SELECT * FROM `yang_config`  [ RunTime:0.0004s ]
SQL: SELECT * FROM `yang_dividend_config`  [ RunTime:0.0001s ]
SQL: SELECT * FROM `yang_article_category` WHERE ( parent_id = 6 ) LIMIT 4   [ RunTime:0.0002s ]
SQL: SELECT * FROM `yang_article` WHERE ( position_id = 7 ) LIMIT 4   [ RunTime:0.0002s ]
SQL: SELECT *,(rmb+forzen_rmb) as count FROM `yang_member` WHERE ( member_id='391' ) LIMIT 1   [ RunTime:0.0002s ]
SQL: SELECT COUNT(*) AS tp_count FROM `yang_message` WHERE `member_id` = '391' AND `status` = 0 LIMIT 1   [ RunTime:0.0002s ]
SQL: SELECT * FROM `yang_currency` WHERE ( is_line=1  ) ORDER BY sort  [ RunTime:0.0002s ]
SQL: SELECT * FROM `yang_admin` WHERE ( admin_id='1' ) LIMIT 1   [ RunTime:0.0003s ]
SQL: SELECT `key`,`value` FROM `yang_config`  [ RunTime:0.0002s ]
SQL: SELECT `Nav` FROM `yang_admin` WHERE ( admin_id='1' ) LIMIT 1   [ RunTime:0.0001s ]
SQL: SELECT * FROM `yang_nav` WHERE ( nav_id=1 ) LIMIT 1   [ RunTime:0.0003s ]
SQL: SELECT * FROM `yang_nav` WHERE ( nav_id=2 ) LIMIT 1   [ RunTime:0.0001s ]
SQL: SELECT * FROM `yang_nav` WHERE ( nav_id=3 ) LIMIT 1   [ RunTime:0.0001s ]
SQL: SELECT * FROM `yang_nav` WHERE ( nav_id=4 ) LIMIT 1   [ RunTime:0.0001s ]
SQL: SELECT * FROM `yang_nav` WHERE ( nav_id=6 ) LIMIT 1   [ RunTime:0.0001s ]
SQL: SELECT * FROM `yang_nav` WHERE ( nav_id=7 ) LIMIT 1   [ RunTime:0.0001s ]
SQL: SELECT * FROM `yang_nav` WHERE ( nav_id=8 ) LIMIT 1   [ RunTime:0.0001s ]
SQL: SELECT * FROM `yang_nav` WHERE ( nav_id=15 ) LIMIT 1   [ RunTime:0.0001s ]
SQL: SELECT * FROM `yang_nav` WHERE ( nav_id=9 ) LIMIT 1   [ RunTime:0.0001s ]
SQL: SELECT * FROM `yang_nav` WHERE ( nav_id=10 ) LIMIT 1   [ RunTime:0.0001s ]
SQL: SELECT * FROM `yang_nav` WHERE ( nav_id=11 ) LIMIT 1   [ RunTime:0.0001s ]
SQL: SELECT * FROM `yang_nav` WHERE ( nav_id=12 ) LIMIT 1   [ RunTime:0.0001s ]
SQL: SELECT * FROM `yang_nav` WHERE ( nav_id=13 ) LIMIT 1   [ RunTime:0.0001s ]
SQL: SELECT * FROM `yang_nav` WHERE ( nav_id=14 ) LIMIT 1   [ RunTime:0.0001s ]
SQL: SELECT * FROM `yang_nav` WHERE ( nav_id=17 ) LIMIT 1   [ RunTime:0.0001s ]
SQL: SELECT * FROM `yang_nav` WHERE ( nav_id=16 ) LIMIT 1   [ RunTime:0.0001s ]
SQL: SELECT * FROM `yang_nav` WHERE ( nav_id=21 ) LIMIT 1   [ RunTime:0.0001s ]
SQL: SELECT * FROM `yang_nav` WHERE ( nav_id=22 ) LIMIT 1   [ RunTime:0.0001s ]
SQL: SELECT * FROM `yang_nav` WHERE ( nav_id=26 ) LIMIT 1   [ RunTime:0.0001s ]
SQL: SELECT * FROM `yang_nav` WHERE ( nav_id=27 ) LIMIT 1   [ RunTime:0.0001s ]
SQL: SELECT * FROM `yang_nav` WHERE ( nav_id=28 ) LIMIT 1   [ RunTime:0.0001s ]
SQL: SELECT * FROM `yang_nav` WHERE ( nav_id=29 ) LIMIT 1   [ RunTime:0.0001s ]
SQL: SELECT * FROM `yang_nav` WHERE ( nav_id=30 ) LIMIT 1   [ RunTime:0.0001s ]
SQL: SELECT * FROM `yang_nav` WHERE ( nav_id=18 ) LIMIT 1   [ RunTime:0.0001s ]
SQL: SELECT * FROM `yang_nav` WHERE ( nav_id=33 ) LIMIT 1   [ RunTime:0.0001s ]
SQL: SELECT * FROM `yang_nav` WHERE ( nav_id=32 ) LIMIT 1   [ RunTime:0.0001s ]
SQL: SELECT * FROM `yang_nav` WHERE ( nav_id=35 ) LIMIT 1   [ RunTime:0.0001s ]
SQL: SELECT * FROM `yang_nav` WHERE ( nav_id=36 ) LIMIT 1   [ RunTime:0.0001s ]
SQL: SELECT * FROM `yang_nav` WHERE ( nav_id=40 ) LIMIT 1   [ RunTime:0.0001s ]
SQL: SELECT * FROM `yang_nav` WHERE ( nav_id=44 ) LIMIT 1   [ RunTime:0.0001s ]
SQL: SELECT * FROM `yang_nav` WHERE ( nav_id=41 ) LIMIT 1   [ RunTime:0.0001s ]
SQL: SELECT * FROM `yang_nav` WHERE ( nav_id=52 ) LIMIT 1   [ RunTime:0.0001s ]
SQL: SELECT * FROM `yang_nav` WHERE ( nav_id=43 ) LIMIT 1   [ RunTime:0.0001s ]
SQL: SELECT * FROM `yang_nav` WHERE ( nav_id=45 ) LIMIT 1   [ RunTime:0.0001s ]
SQL: SELECT * FROM `yang_nav` WHERE ( nav_id=46 ) LIMIT 1   [ RunTime:0.0001s ]
SQL: SELECT * FROM `yang_nav` WHERE ( nav_id=47 ) LIMIT 1   [ RunTime:0.0001s ]
SQL: SELECT * FROM `yang_nav` WHERE ( nav_id=48 ) LIMIT 1   [ RunTime:0.0001s ]
SQL: SELECT * FROM `yang_nav` WHERE ( nav_id=49 ) LIMIT 1   [ RunTime:0.0001s ]
SQL: SELECT * FROM `yang_nav` WHERE ( nav_id=50 ) LIMIT 1   [ RunTime:0.0001s ]
SQL: SELECT * FROM `yang_nav` WHERE ( nav_id=51 ) LIMIT 1   [ RunTime:0.0001s ]
SQL: SELECT * FROM `yang_nav` WHERE ( nav_id=56 ) LIMIT 1   [ RunTime:0.0001s ]
SQL: SELECT * FROM `yang_nav` WHERE ( nav_id=57 ) LIMIT 1   [ RunTime:0.0001s ]
SQL: SELECT * FROM `yang_nav` WHERE ( nav_id=58 ) LIMIT 1   [ RunTime:0.0001s ]
SQL: SELECT * FROM `yang_nav` WHERE ( nav_id=59 ) LIMIT 1   [ RunTime:0.0001s ]
SQL: SELECT * FROM `yang_nav` WHERE ( nav_id=60 ) LIMIT 1   [ RunTime:0.0001s ]
SQL: SELECT * FROM `yang_nav` WHERE ( nav_id=61 ) LIMIT 1   [ RunTime:0.0001s ]
SQL: SELECT COUNT(*) AS tp_count FROM yang_orders a LEFT JOIN yang_currency AS b ON a.currency_id = b.currency_id LEFT JOIN yang_member as c on a.member_id = c.member_id   WHERE a.currency_id = '29' ORDER BY  a.add_time desc  LIMIT 1   [ RunTime:0.0002s ]
SQL: SELECT a.*,b.currency_name as b_name,c.email as email FROM yang_orders a LEFT JOIN yang_currency AS b ON a.currency_id = b.currency_id LEFT JOIN yang_member as c on a.member_id = c.member_id   WHERE a.currency_id = '29' ORDER BY  a.add_time desc  LIMIT 0,25   [ RunTime:0.0002s ]
SQL: SELECT `currency_name`,`currency_id` FROM `yang_currency`  [ RunTime:0.0001s ]
INFO: [ view_parse ] --START--
INFO: [ template_filter ] --START--
INFO: Run Behavior\ContentReplaceBehavior [ RunTime:0.000346s ]
INFO: [ template_filter ] --END-- [ RunTime:0.000403s ]
INFO: Run Behavior\ParseTemplateBehavior [ RunTime:0.030810s ]
INFO: [ view_parse ] --END-- [ RunTime:0.030853s ]
INFO: [ view_filter ] --START--
INFO: Run Behavior\WriteHtmlCacheBehavior [ RunTime:0.000243s ]
INFO: [ view_filter ] --END-- [ RunTime:0.000269s ]
INFO: [ app_end ] --START--
INFO: Run Behavior\ShowPageTraceBehavior [ RunTime:0.000432s ]
INFO: [ app_end ] --END-- [ RunTime:0.000471s ]

