[ 2016-12-29T09:04:11+08:00 ] ::1 /%EF%BF%A52717.80%20_%20%E3%80%90%E7%81%AB%E5%B8%81%E3%80%91%E8%99%9A%E6%8B%9F%E8%B4%A7%E5%B8%81%E4%BA%A4%E6%98%93_%E6%AF%94%E7%89%B9%E5%B8%81%E4%BA%A4%E6%98%93%E5%B9%B3%E5%8F%B0_%E8%99%9A%E6%8B%9F%E5%B8%81%E8%8E%B1%E7%89%B9%E5%B8%81_%E6%AF%94%E7%89%B9%E5%B8%81%E5%AE%98%E7%BD%91_files/page_glb_var.js
INFO: [ app_init ] --START--
INFO: Run Behavior\BuildLiteBehavior [ RunTime:0.000014s ]
INFO: [ app_init ] --END-- [ RunTime:0.000376s ]
ERR: æ— æ³•åŠ è½½æ¨¡å—:ï¿¥2717.80 _ ã€ç«å¸ã€‘è™šæ‹Ÿè´§å¸äº¤æ˜“_æ¯”ç‰¹å¸äº¤æ˜“å¹³å°_è™šæ‹Ÿå¸è±ç‰¹å¸_æ¯”ç‰¹å¸å®˜ç½‘_files

[ 2016-12-29T09:04:11+08:00 ] ::1 /Uploads/Public/Uploads/2016-03-19/56ecc75e1312d.jpg
INFO: [ app_init ] --START--
INFO: Run Behavior\BuildLiteBehavior [ RunTime:0.000010s ]
INFO: [ app_init ] --END-- [ RunTime:0.000351s ]
ERR: æ— æ³•åŠ è½½æ¨¡å—:Uploads

[ 2016-12-29T09:04:11+08:00 ] ::1 /Public/Home/js/dist/page_index.js
INFO: [ app_init ] --START--
INFO: Run Behavior\BuildLiteBehavior [ RunTime:0.000015s ]
INFO: [ app_init ] --END-- [ RunTime:0.000433s ]
ERR: æ— æ³•åŠ è½½æ¨¡å—:Public

[ 2016-12-29T09:04:12+08:00 ] ::1 /favicon.ico
INFO: [ app_init ] --START--
INFO: Run Behavior\BuildLiteBehavior [ RunTime:0.000016s ]
INFO: [ app_init ] --END-- [ RunTime:0.000381s ]
ERR: æ— æ³•åŠ è½½æ¨¡å—:Favicon

[ 2016-12-29T09:11:28+08:00 ] ::1 /%EF%BF%A52717.80%20_%20%E3%80%90%E7%81%AB%E5%B8%81%E3%80%91%E8%99%9A%E6%8B%9F%E8%B4%A7%E5%B8%81%E4%BA%A4%E6%98%93_%E6%AF%94%E7%89%B9%E5%B8%81%E4%BA%A4%E6%98%93%E5%B9%B3%E5%8F%B0_%E8%99%9A%E6%8B%9F%E5%B8%81%E8%8E%B1%E7%89%B9%E5%B8%81_%E6%AF%94%E7%89%B9%E5%B8%81%E5%AE%98%E7%BD%91_files/page_glb_var.js
INFO: [ app_init ] --START--
INFO: Run Behavior\BuildLiteBehavior [ RunTime:0.000010s ]
INFO: [ app_init ] --END-- [ RunTime:0.000244s ]
ERR: æ— æ³•åŠ è½½æ¨¡å—:ï¿¥2717.80 _ ã€ç«å¸ã€‘è™šæ‹Ÿè´§å¸äº¤æ˜“_æ¯”ç‰¹å¸äº¤æ˜“å¹³å°_è™šæ‹Ÿå¸è±ç‰¹å¸_æ¯”ç‰¹å¸å®˜ç½‘_files

[ 2016-12-29T09:11:28+08:00 ] ::1 /Uploads/Public/Uploads/2016-03-19/56ecc75e1312d.jpg
INFO: [ app_init ] --START--
INFO: Run Behavior\BuildLiteBehavior [ RunTime:0.000018s ]
INFO: [ app_init ] --END-- [ RunTime:0.000380s ]
ERR: æ— æ³•åŠ è½½æ¨¡å—:Uploads

[ 2016-12-29T09:11:28+08:00 ] ::1 /%EF%BF%A52717.80%20_%20%E3%80%90%E7%81%AB%E5%B8%81%E3%80%91%E8%99%9A%E6%8B%9F%E8%B4%A7%E5%B8%81%E4%BA%A4%E6%98%93_%E6%AF%94%E7%89%B9%E5%B8%81%E4%BA%A4%E6%98%93%E5%B9%B3%E5%8F%B0_%E8%99%9A%E6%8B%9F%E5%B8%81%E8%8E%B1%E7%89%B9%E5%B8%81_%E6%AF%94%E7%89%B9%E5%B8%81%E5%AE%98%E7%BD%91_files/page_glb_var.js
INFO: [ app_init ] --START--
INFO: Run Behavior\BuildLiteBehavior [ RunTime:0.000009s ]
INFO: [ app_init ] --END-- [ RunTime:0.000221s ]
ERR: æ— æ³•åŠ è½½æ¨¡å—:ï¿¥2717.80 _ ã€ç«å¸ã€‘è™šæ‹Ÿè´§å¸äº¤æ˜“_æ¯”ç‰¹å¸äº¤æ˜“å¹³å°_è™šæ‹Ÿå¸è±ç‰¹å¸_æ¯”ç‰¹å¸å®˜ç½‘_files

[ 2016-12-29T09:11:28+08:00 ] ::1 /Public/Home/js/dist/page_index.js
INFO: [ app_init ] --START--
INFO: Run Behavior\BuildLiteBehavior [ RunTime:0.000013s ]
INFO: [ app_init ] --END-- [ RunTime:0.000245s ]
ERR: æ— æ³•åŠ è½½æ¨¡å—:Public

[ 2016-12-29T09:11:28+08:00 ] ::1 /Uploads/Public/Uploads/2016-03-19/56ecc75e1312d.jpg
INFO: [ app_init ] --START--
INFO: Run Behavior\BuildLiteBehavior [ RunTime:0.000021s ]
INFO: [ app_init ] --END-- [ RunTime:0.000346s ]
ERR: æ— æ³•åŠ è½½æ¨¡å—:Uploads

[ 2016-12-29T09:11:41+08:00 ] ::1 /%EF%BF%A52717.80%20_%20%E3%80%90%E7%81%AB%E5%B8%81%E3%80%91%E8%99%9A%E6%8B%9F%E8%B4%A7%E5%B8%81%E4%BA%A4%E6%98%93_%E6%AF%94%E7%89%B9%E5%B8%81%E4%BA%A4%E6%98%93%E5%B9%B3%E5%8F%B0_%E8%99%9A%E6%8B%9F%E5%B8%81%E8%8E%B1%E7%89%B9%E5%B8%81_%E6%AF%94%E7%89%B9%E5%B8%81%E5%AE%98%E7%BD%91_files/page_glb_var.js
INFO: [ app_init ] --START--
INFO: Run Behavior\BuildLiteBehavior [ RunTime:0.000011s ]
INFO: [ app_init ] --END-- [ RunTime:0.000287s ]
ERR: æ— æ³•åŠ è½½æ¨¡å—:ï¿¥2717.80 _ ã€ç«å¸ã€‘è™šæ‹Ÿè´§å¸äº¤æ˜“_æ¯”ç‰¹å¸äº¤æ˜“å¹³å°_è™šæ‹Ÿå¸è±ç‰¹å¸_æ¯”ç‰¹å¸å®˜ç½‘_files

[ 2016-12-29T09:11:41+08:00 ] ::1 /Uploads/Public/Uploads/2016-03-19/56ecc75e1312d.jpg
INFO: [ app_init ] --START--
INFO: Run Behavior\BuildLiteBehavior [ RunTime:0.000014s ]
INFO: [ app_init ] --END-- [ RunTime:0.000343s ]
ERR: æ— æ³•åŠ è½½æ¨¡å—:Uploads

[ 2016-12-29T09:11:41+08:00 ] ::1 /%EF%BF%A52717.80%20_%20%E3%80%90%E7%81%AB%E5%B8%81%E3%80%91%E8%99%9A%E6%8B%9F%E8%B4%A7%E5%B8%81%E4%BA%A4%E6%98%93_%E6%AF%94%E7%89%B9%E5%B8%81%E4%BA%A4%E6%98%93%E5%B9%B3%E5%8F%B0_%E8%99%9A%E6%8B%9F%E5%B8%81%E8%8E%B1%E7%89%B9%E5%B8%81_%E6%AF%94%E7%89%B9%E5%B8%81%E5%AE%98%E7%BD%91_files/page_glb_var.js
INFO: [ app_init ] --START--
INFO: Run Behavior\BuildLiteBehavior [ RunTime:0.000030s ]
INFO: [ app_init ] --END-- [ RunTime:0.000313s ]
ERR: æ— æ³•åŠ è½½æ¨¡å—:ï¿¥2717.80 _ ã€ç«å¸ã€‘è™šæ‹Ÿè´§å¸äº¤æ˜“_æ¯”ç‰¹å¸äº¤æ˜“å¹³å°_è™šæ‹Ÿå¸è±ç‰¹å¸_æ¯”ç‰¹å¸å®˜ç½‘_files

[ 2016-12-29T09:11:41+08:00 ] ::1 /Public/Home/js/dist/page_index.js
INFO: [ app_init ] --START--
INFO: Run Behavior\BuildLiteBehavior [ RunTime:0.000010s ]
INFO: [ app_init ] --END-- [ RunTime:0.000226s ]
ERR: æ— æ³•åŠ è½½æ¨¡å—:Public

[ 2016-12-29T09:11:41+08:00 ] ::1 /Uploads/Public/Uploads/2016-03-19/56ecc75e1312d.jpg
INFO: [ app_init ] --START--
INFO: Run Behavior\BuildLiteBehavior [ RunTime:0.000021s ]
INFO: [ app_init ] --END-- [ RunTime:0.000291s ]
ERR: æ— æ³•åŠ è½½æ¨¡å—:Uploads

[ 2016-12-29T09:14:26+08:00 ] ::1 /Uploads/Public/Uploads/2016-03-19/56ecc75e1312d.jpg
INFO: [ app_init ] --START--
INFO: Run Behavior\BuildLiteBehavior [ RunTime:0.000010s ]
INFO: [ app_init ] --END-- [ RunTime:0.000228s ]
ERR: æ— æ³•åŠ è½½æ¨¡å—:Uploads

[ 2016-12-29T09:14:26+08:00 ] ::1 /%EF%BF%A52717.80%20_%20%E3%80%90%E7%81%AB%E5%B8%81%E3%80%91%E8%99%9A%E6%8B%9F%E8%B4%A7%E5%B8%81%E4%BA%A4%E6%98%93_%E6%AF%94%E7%89%B9%E5%B8%81%E4%BA%A4%E6%98%93%E5%B9%B3%E5%8F%B0_%E8%99%9A%E6%8B%9F%E5%B8%81%E8%8E%B1%E7%89%B9%E5%B8%81_%E6%AF%94%E7%89%B9%E5%B8%81%E5%AE%98%E7%BD%91_files/page_glb_var.js
INFO: [ app_init ] --START--
INFO: Run Behavior\BuildLiteBehavior [ RunTime:0.000015s ]
INFO: [ app_init ] --END-- [ RunTime:0.000392s ]
ERR: æ— æ³•åŠ è½½æ¨¡å—:ï¿¥2717.80 _ ã€ç«å¸ã€‘è™šæ‹Ÿè´§å¸äº¤æ˜“_æ¯”ç‰¹å¸äº¤æ˜“å¹³å°_è™šæ‹Ÿå¸è±ç‰¹å¸_æ¯”ç‰¹å¸å®˜ç½‘_files

[ 2016-12-29T09:14:26+08:00 ] ::1 /%EF%BF%A52717.80%20_%20%E3%80%90%E7%81%AB%E5%B8%81%E3%80%91%E8%99%9A%E6%8B%9F%E8%B4%A7%E5%B8%81%E4%BA%A4%E6%98%93_%E6%AF%94%E7%89%B9%E5%B8%81%E4%BA%A4%E6%98%93%E5%B9%B3%E5%8F%B0_%E8%99%9A%E6%8B%9F%E5%B8%81%E8%8E%B1%E7%89%B9%E5%B8%81_%E6%AF%94%E7%89%B9%E5%B8%81%E5%AE%98%E7%BD%91_files/page_glb_var.js
INFO: [ app_init ] --START--
INFO: Run Behavior\BuildLiteBehavior [ RunTime:0.000017s ]
INFO: [ app_init ] --END-- [ RunTime:0.000366s ]
ERR: æ— æ³•åŠ è½½æ¨¡å—:ï¿¥2717.80 _ ã€ç«å¸ã€‘è™šæ‹Ÿè´§å¸äº¤æ˜“_æ¯”ç‰¹å¸äº¤æ˜“å¹³å°_è™šæ‹Ÿå¸è±ç‰¹å¸_æ¯”ç‰¹å¸å®˜ç½‘_files

[ 2016-12-29T09:14:26+08:00 ] ::1 /Uploads/Public/Uploads/2016-03-19/56ecc75e1312d.jpg
INFO: [ app_init ] --START--
INFO: Run Behavior\BuildLiteBehavior [ RunTime:0.000012s ]
INFO: [ app_init ] --END-- [ RunTime:0.000329s ]
ERR: æ— æ³•åŠ è½½æ¨¡å—:Uploads

[ 2016-12-29T09:14:26+08:00 ] ::1 /Public/Home/js/dist/page_index.js
INFO: [ app_init ] --START--
INFO: Run Behavior\BuildLiteBehavior [ RunTime:0.000016s ]
INFO: [ app_init ] --END-- [ RunTime:0.000373s ]
ERR: æ— æ³•åŠ è½½æ¨¡å—:Public

[ 2016-12-29T09:14:58+08:00 ] ::1 /Uploads/Public/Uploads/2016-03-19/56ecc75e1312d.jpg
INFO: [ app_init ] --START--
INFO: Run Behavior\BuildLiteBehavior [ RunTime:0.000012s ]
INFO: [ app_init ] --END-- [ RunTime:0.000274s ]
ERR: æ— æ³•åŠ è½½æ¨¡å—:Uploads

[ 2016-12-29T09:14:58+08:00 ] ::1 /%EF%BF%A52717.80%20_%20%E3%80%90%E7%81%AB%E5%B8%81%E3%80%91%E8%99%9A%E6%8B%9F%E8%B4%A7%E5%B8%81%E4%BA%A4%E6%98%93_%E6%AF%94%E7%89%B9%E5%B8%81%E4%BA%A4%E6%98%93%E5%B9%B3%E5%8F%B0_%E8%99%9A%E6%8B%9F%E5%B8%81%E8%8E%B1%E7%89%B9%E5%B8%81_%E6%AF%94%E7%89%B9%E5%B8%81%E5%AE%98%E7%BD%91_files/page_glb_var.js
INFO: [ app_init ] --START--
INFO: Run Behavior\BuildLiteBehavior [ RunTime:0.000010s ]
INFO: [ app_init ] --END-- [ RunTime:0.000265s ]
ERR: æ— æ³•åŠ è½½æ¨¡å—:ï¿¥2717.80 _ ã€ç«å¸ã€‘è™šæ‹Ÿè´§å¸äº¤æ˜“_æ¯”ç‰¹å¸äº¤æ˜“å¹³å°_è™šæ‹Ÿå¸è±ç‰¹å¸_æ¯”ç‰¹å¸å®˜ç½‘_files

[ 2016-12-29T09:14:58+08:00 ] ::1 /Public/Home/js/dist/page_index.js
INFO: [ app_init ] --START--
INFO: Run Behavior\BuildLiteBehavior [ RunTime:0.000015s ]
INFO: [ app_init ] --END-- [ RunTime:0.000339s ]
ERR: æ— æ³•åŠ è½½æ¨¡å—:Public

[ 2016-12-29T09:14:58+08:00 ] ::1 /Uploads/Public/Uploads/2016-03-19/56ecc75e1312d.jpg
INFO: [ app_init ] --START--
INFO: Run Behavior\BuildLiteBehavior [ RunTime:0.000014s ]
INFO: [ app_init ] --END-- [ RunTime:0.000330s ]
ERR: æ— æ³•åŠ è½½æ¨¡å—:Uploads

[ 2016-12-29T09:15:35+08:00 ] ::1 /Uploads/Public/Uploads/2016-03-19/56ecc75e1312d.jpg
INFO: [ app_init ] --START--
INFO: Run Behavior\BuildLiteBehavior [ RunTime:0.000011s ]
INFO: [ app_init ] --END-- [ RunTime:0.000281s ]
ERR: æ— æ³•åŠ è½½æ¨¡å—:Uploads

[ 2016-12-29T09:15:35+08:00 ] ::1 /%EF%BF%A52717.80%20_%20%E3%80%90%E7%81%AB%E5%B8%81%E3%80%91%E8%99%9A%E6%8B%9F%E8%B4%A7%E5%B8%81%E4%BA%A4%E6%98%93_%E6%AF%94%E7%89%B9%E5%B8%81%E4%BA%A4%E6%98%93%E5%B9%B3%E5%8F%B0_%E8%99%9A%E6%8B%9F%E5%B8%81%E8%8E%B1%E7%89%B9%E5%B8%81_%E6%AF%94%E7%89%B9%E5%B8%81%E5%AE%98%E7%BD%91_files/page_glb_var.js
INFO: [ app_init ] --START--
INFO: Run Behavior\BuildLiteBehavior [ RunTime:0.000024s ]
INFO: [ app_init ] --END-- [ RunTime:0.000408s ]
ERR: æ— æ³•åŠ è½½æ¨¡å—:ï¿¥2717.80 _ ã€ç«å¸ã€‘è™šæ‹Ÿè´§å¸äº¤æ˜“_æ¯”ç‰¹å¸äº¤æ˜“å¹³å°_è™šæ‹Ÿå¸è±ç‰¹å¸_æ¯”ç‰¹å¸å®˜ç½‘_files

[ 2016-12-29T09:15:35+08:00 ] ::1 /Public/Home/js/dist/page_index.js
INFO: [ app_init ] --START--
INFO: Run Behavior\BuildLiteBehavior [ RunTime:0.000018s ]
INFO: [ app_init ] --END-- [ RunTime:0.000267s ]
ERR: æ— æ³•åŠ è½½æ¨¡å—:Public

½æ¨¡å—:Uploads

[ 2016-12-29T09:16:58+08:00 ] ::1 /%EF%BF%A52717.80%20_%20%E3%80%90%E7%81%AB%E5%B8%81%E3%80%91%E8%99%9A%E6%8B%9F%E8%B4%A7%E5%B8%81%E4%BA%A4%E6%98%93_%E6%AF%94%E7%89%B9%E5%B8%81%E4%BA%A4%E6%98%93%E5%B9%B3%E5%8F%B0_%E8%99%9A%E6%8B%9F%E5%B8%81%E8%8E%B1%E7%89%B9%E5%B8%81_%E6%AF%94%E7%89%B9%E5%B8%81%E5%AE%98%E7%BD%91_files/page_glb_var.js
INFO: [ app_init ] --START--
INFO: Run Behavior\BuildLiteBehavior [ RunTime:0.000010s ]
INFO: [ app_init ] --END-- [ RunTime:0.000261s ]
ERR: æ— æ³•åŠ è½½æ¨¡å—:ï¿¥2717.80 _ ã€ç«å¸ã€‘è™šæ‹Ÿè´§å¸äº¤æ˜“_æ¯”ç‰¹å¸äº¤æ˜“å¹³å°_è™šæ‹Ÿå¸è±ç‰¹å¸_æ¯”ç‰¹å¸å®˜ç½‘_files

[ 2016-12-29T09:16:58+08:00 ] ::1 /Uploads/Public/Uploads/2016-03-19/56ecc75e1312d.jpg
INFO: [ app_init ] --START--
INFO: Run Behavior\BuildLiteBehavior [ RunTime:0.000011s ]
INFO: [ app_init ] --END-- [ RunTime:0.000249s ]
ERR: æ— æ³•åŠ è½½æ¨¡å—:Uploads

[ 2016-12-29T09:16:58+08:00 ] ::1 /%EF%BF%A52717.80%20_%20%E3%80%90%E7%81%AB%E5%B8%81%E3%80%91%E8%99%9A%E6%8B%9F%E8%B4%A7%E5%B8%81%E4%BA%A4%E6%98%93_%E6%AF%94%E7%89%B9%E5%B8%81%E4%BA%A4%E6%98%93%E5%B9%B3%E5%8F%B0_%E8%99%9A%E6%8B%9F%E5%B8%81%E8%8E%B1%E7%89%B9%E5%B8%81_%E6%AF%94%E7%89%B9%E5%B8%81%E5%AE%98%E7%BD%91_files/page_glb_var.js
INFO: [ app_init ] --START--
INFO: Run Behavior\BuildLiteBehavior [ RunTime:0.000009s ]
INFO: [ app_init ] --END-- [ RunTime:0.000222s ]
ERR: æ— æ³•åŠ è½½æ¨¡å—:ï¿¥2717.80 _ ã€ç«å¸ã€‘è™šæ‹Ÿè´§å¸äº¤æ˜“_æ¯”ç‰¹å¸äº¤æ˜“å¹³å°_è™šæ‹Ÿå¸è±ç‰¹å¸_æ¯”ç‰¹å¸å®˜ç½‘_files

[ 2016-12-29T09:16:58+08:00 ] ::1 /Public/Home/js/dist/page_index.js
INFO: [ app_init ] --START--
INFO: Run Behavior\BuildLiteBehavior [ RunTime:0.000016s ]
INFO: [ app_init ] --END-- [ RunTime:0.000396s ]
ERR: æ— æ³•åŠ è½½æ¨¡å—:Public

[ 2016-12-29T09:16:58+08:00 ] ::1 /Uploads/Public/Uploads/2016-03-19/56ecc75e1312d.jpg
INFO: [ app_init ] --START--
INFO: Run Behavior\BuildLiteBehavior [ RunTime:0.000010s ]
INFO: [ app_init ] --END-- [ RunTime:0.000282s ]
ERR: æ— æ³•åŠ è½½æ¨¡å—:Uploads

[ 2016-12-29T09:19:38+08:00 ] ::1 /Uploads/Public/Uploads/2016-03-19/56ecc75e1312d.jpg
INFO: [ app_init ] --START--
INFO: Run Behavior\BuildLiteBehavior [ RunTime:0.000014s ]
INFO: [ app_init ] --END-- [ RunTime:0.000269s ]
ERR: æ— æ³•åŠ è½½æ¨¡å—:Uploads

[ 2016-12-29T09:19:38+08:00 ] ::1 /%EF%BF%A52717.80%20_%20%E3%80%90%E7%81%AB%E5%B8%81%E3%80%91%E8%99%9A%E6%8B%9F%E8%B4%A7%E5%B8%81%E4%BA%A4%E6%98%93_%E6%AF%94%E7%89%B9%E5%B8%81%E4%BA%A4%E6%98%93%E5%B9%B3%E5%8F%B0_%E8%99%9A%E6%8B%9F%E5%B8%81%E8%8E%B1%E7%89%B9%E5%B8%81_%E6%AF%94%E7%89%B9%E5%B8%81%E5%AE%98%E7%BD%91_files/page_glb_var.js
INFO: [ app_init ] --START--
INFO: Run Behavior\BuildLiteBehavior [ RunTime:0.000010s ]
INFO: [ app_init ] --END-- [ RunTime:0.000412s ]
ERR: æ— æ³•åŠ è½½æ¨¡å—:ï¿¥2717.80 _ ã€ç«å¸ã€‘è™šæ‹Ÿè´§å¸äº¤æ˜“_æ¯”ç‰¹å¸äº¤æ˜“å¹³å°_è™šæ‹Ÿå¸è±ç‰¹å¸_æ¯”ç‰¹å¸å®˜ç½‘_files

[ 2016-12-29T09:19:38+08:00 ] ::1 /Public/Home/js/dist/page_index.js
INFO: [ app_init ] --START--
INFO: Run Behavior\BuildLiteBehavior [ RunTime:0.000009s ]
INFO: [ app_init ] --END-- [ RunTime:0.000230s ]
ERR: æ— æ³•åŠ è½½æ¨¡å—:Public

[ 2016-12-29T09:19:38+08:00 ] ::1 /Uploads/Public/Uploads/2016-03-19/56ecc75e1312d.jpg
INFO: [ app_init ] --START--
INFO: Run Behavior\BuildLiteBehavior [ RunTime:0.000023s ]
INFO: [ app_init ] --END-- [ RunTime:0.000273s ]
ERR: æ— æ³•åŠ è½½æ¨¡å—:Uploads

[ 2016-12-29T09:20:39+08:00 ] ::1 /Uploads/Public/Uploads/2016-03-19/56ecc75e1312d.jpg
INFO: [ app_init ] --START--
INFO: Run Behavior\BuildLiteBehavior [ RunTime:0.000016s ]
INFO: [ app_init ] --END-- [ RunTime:0.000359s ]
ERR: æ— æ³•åŠ è½½æ¨¡å—:Uploads

[ 2016-12-29T09:20:39+08:00 ] ::1 /%EF%BF%A52717.80%20_%20%E3%80%90%E7%81%AB%E5%B8%81%E3%80%91%E8%99%9A%E6%8B%9F%E8%B4%A7%E5%B8%81%E4%BA%A4%E6%98%93_%E6%AF%94%E7%89%B9%E5%B8%81%E4%BA%A4%E6%98%93%E5%B9%B3%E5%8F%B0_%E8%99%9A%E6%8B%9F%E5%B8%81%E8%8E%B1%E7%89%B9%E5%B8%81_%E6%AF%94%E7%89%B9%E5%B8%81%E5%AE%98%E7%BD%91_files/page_glb_var.js
INFO: [ app_init ] --START--
INFO: Run Behavior\BuildLiteBehavior [ RunTime:0.000011s ]
INFO: [ app_init ] --END-- [ RunTime:0.000320s ]
ERR: æ— æ³•åŠ è½½æ¨¡å—:ï¿¥2717.80 _ ã€ç«å¸ã€‘è™šæ‹Ÿè´§å¸äº¤æ˜“_æ¯”ç‰¹å¸äº¤æ˜“å¹³å°_è™šæ‹Ÿå¸è±ç‰¹å¸_æ¯”ç‰¹å¸å®˜ç½‘_files

[ 2016-12-29T09:20:39+08:00 ] ::1 /Public/Home/js/dist/page_index.js
INFO: [ app_init ] --START--
INFO: Run Behavior\BuildLiteBehavior [ RunTime:0.000010s ]
INFO: [ app_init ] --END-- [ RunTime:0.000235s ]
ERR: æ— æ³•åŠ è½½æ¨¡å—:Public

[ 2016-12-29T09:20:39+08:00 ] ::1 /Uploads/Public/Uploads/2016-03-19/56ecc75e1312d.jpg
INFO: [ app_init ] --START--
INFO: Run Behavior\BuildLiteBehavior [ RunTime:0.000008s ]
INFO: [ app_init ] --END-- [ RunTime:0.000306s ]
ERR: æ— æ³•åŠ è½½æ¨¡å—:Uploads

[ 2016-12-29T09:22:09+08:00 ] ::1 /Uploads/Public/Uploads/2016-03-19/56ecc75e1312d.jpg
INFO: [ app_init ] --START--
INFO: Run Behavior\BuildLiteBehavior [ RunTime:0.000010s ]
INFO: [ app_init ] --END-- [ RunTime:0.000285s ]
ERR: æ— æ³•åŠ è½½æ¨¡å—:Uploads

[ 2016-12-29T09:22:09+08:00 ] ::1 /%EF%BF%A52717.80%20_%20%E3%80%90%E7%81%AB%E5%B8%81%E3%80%91%E8%99%9A%E6%8B%9F%E8%B4%A7%E5%B8%81%E4%BA%A4%E6%98%93_%E6%AF%94%E7%89%B9%E5%B8%81%E4%BA%A4%E6%98%93%E5%B9%B3%E5%8F%B0_%E8%99%9A%E6%8B%9F%E5%B8%81%E8%8E%B1%E7%89%B9%E5%B8%81_%E6%AF%94%E7%89%B9%E5%B8%81%E5%AE%98%E7%BD%91_files/page_glb_var.js
INFO: [ app_init ] --START--
INFO: Run Behavior\BuildLiteBehavior [ RunTime:0.000009s ]
INFO: [ app_init ] --END-- [ RunTime:0.000248s ]
ERR: æ— æ³•åŠ è½½æ¨¡å—:ï¿¥2717.80 _ ã€ç«å¸ã€‘è™šæ‹Ÿè´§å¸äº¤æ˜“_æ¯”ç‰¹å¸äº¤æ˜“å¹³å°_è™šæ‹Ÿå¸è±ç‰¹å¸_æ¯”ç‰¹å¸å®˜ç½‘_files

[ 2016-12-29T09:22:10+08:00 ] ::1 /%EF%BF%A52717.80%20_%20%E3%80%90%E7%81%AB%E5%B8%81%E3%80%91%E8%99%9A%E6%8B%9F%E8%B4%A7%E5%B8%81%E4%BA%A4%E6%98%93_%E6%AF%94%E7%89%B9%E5%B8%81%E4%BA%A4%E6%98%93%E5%B9%B3%E5%8F%B0_%E8%99%9A%E6%8B%9F%E5%B8%81%E8%8E%B1%E7%89%B9%E5%B8%81_%E6%AF%94%E7%89%B9%E5%B8%81%E5%AE%98%E7%BD%91_files/page_glb_var.js
INFO: [ app_init ] --START--
INFO: Run Behavior\BuildLiteBehavior [ RunTime:0.000016s ]
INFO: [ app_init ] --END-- [ RunTime:0.000563s ]
ERR: æ— æ³•åŠ è½½æ¨¡å—:ï¿¥2717.80 _ ã€ç«å¸ã€‘è™šæ‹Ÿè´§å¸äº¤æ˜“_æ¯”ç‰¹å¸äº¤æ˜“å¹³å°_è™šæ‹Ÿå¸è±ç‰¹å¸_æ¯”ç‰¹å¸å®˜ç½‘_files

[ 2016-12-29T09:22:10+08:00 ] ::1 /Uploads/Public/Uploads/2016-03-19/56ecc75e1312d.jpg
INFO: [ app_init ] --START--
INFO: Run Behavior\BuildLiteBehavior [ RunTime:0.000025s ]
INFO: [ app_init ] --END-- [ RunTime:0.000312s ]
ERR: æ— æ³•åŠ è½½æ¨¡å—:Uploads

[ 2016-12-29T09:22:31+08:00 ] ::1 /%EF%BF%A52717.80%20_%20%E3%80%90%E7%81%AB%E5%B8%81%E3%80%91%E8%99%9A%E6%8B%9F%E8%B4%A7%E5%B8%81%E4%BA%A4%E6%98%93_%E6%AF%94%E7%89%B9%E5%B8%81%E4%BA%A4%E6%98%93%E5%B9%B3%E5%8F%B0_%E8%99%9A%E6%8B%9F%E5%B8%81%E8%8E%B1%E7%89%B9%E5%B8%81_%E6%AF%94%E7%89%B9%E5%B8%81%E5%AE%98%E7%BD%91_files/page_glb_var.js
INFO: [ app_init ] --START--
INFO: Run Behavior\BuildLiteBehavior [ RunTime:0.000022s ]
INFO: [ app_init ] --END-- [ RunTime:0.000295s ]
ERR: æ— æ³•åŠ è½½æ¨¡å—:ï¿¥2717.80 _ ã€ç«å¸ã€‘è™šæ‹Ÿè´§å¸äº¤æ˜“_æ¯”ç‰¹å¸äº¤æ˜“å¹³å°_è™šæ‹Ÿå¸è±ç‰¹å¸_æ¯”ç‰¹å¸å®˜ç½‘_files

[ 2016-12-29T09:22:31+08:00 ] ::1 /Uploads/Public/Uploads/2016-03-19/56ecc75e1312d.jpg
INFO: [ app_init ] --START--
INFO: Run Behavior\BuildLiteBehavior [ RunTime:0.000015s ]
INFO: [ app_init ] --END-- [ RunTime:0.000334s ]
ERR: æ— æ³•åŠ è½½æ¨¡å—:Uploads

[ 2016-12-29T09:22:31+08:00 ] ::1 /%EF%BF%A52717.80%20_%20%E3%80%90%E7%81%AB%E5%B8%81%E3%80%91%E8%99%9A%E6%8B%9F%E8%B4%A7%E5%B8%81%E4%BA%A4%E6%98%93_%E6%AF%94%E7%89%B9%E5%B8%81%E4%BA%A4%E6%98%93%E5%B9%B3%E5%8F%B0_%E8%99%9A%E6%8B%9F%E5%B8%81%E8%8E%B1%E7%89%B9%E5%B8%81_%E6%AF%94%E7%89%B9%E5%B8%81%E5%AE%98%E7%BD%91_files/page_glb_var.js
INFO: [ app_init ] --START--
INFO: Run Behavior\BuildLiteBehavior [ RunTime:0.000013s ]
INFO: [ app_init ] --END-- [ RunTime:0.000377s ]
ERR: æ— æ³•åŠ è½½æ¨¡å—:ï¿¥2717.80 _ ã€ç«å¸ã€‘è™šæ‹Ÿè´§å¸äº¤æ˜“_æ¯”ç‰¹å¸äº¤æ˜“å¹³å°_è™šæ‹Ÿå¸è±ç‰¹å¸_æ¯”ç‰¹å¸å®˜ç½‘_files

[ 2016-12-29T09:22:31+08:00 ] ::1 /Public/Home/js/dist/page_index.js
INFO: [ app_init ] --START--
INFO: Run Behavior\BuildLiteBehavior [ RunTime:0.000010s ]
INFO: [ app_init ] --END-- [ RunTime:0.000238s ]
ERR: æ— æ³•åŠ è½½æ¨¡å—:Public

[ 2016-12-29T09:22:31+08:00 ] ::1 /Uploads/Public/Uploads/2016-03-19/56ecc75e1312d.jpg
INFO: [ app_init ] --START--
INFO: Run Behavior\BuildLiteBehavior [ RunTime:0.000026s ]
INFO: [ app_init ] --END-- [ RunTime:0.000448s ]
ERR: æ— æ³•åŠ è½½æ¨¡å—:Uploads

[ 2016-12-29T09:24:25+08:00 ] ::1 /%EF%BF%A52717.80%20_%20%E3%80%90%E7%81%AB%E5%B8%81%E3%80%91%E8%99%9A%E6%8B%9F%E8%B4%A7%E5%B8%81%E4%BA%A4%E6%98%93_%E6%AF%94%E7%89%B9%E5%B8%81%E4%BA%A4%E6%98%93%E5%B9%B3%E5%8F%B0_%E8%99%9A%E6%8B%9F%E5%B8%81%E8%8E%B1%E7%89%B9%E5%B8%81_%E6%AF%94%E7%89%B9%E5%B8%81%E5%AE%98%E7%BD%91_files/page_glb_var.js
INFO: [ app_init ] --START--
INFO: Run Behavior\BuildLiteBehavior [ RunTime:0.000021s ]
INFO: [ app_init ] --END-- [ RunTime:0.000291s ]
ERR: æ— æ³•åŠ è½½æ¨¡å—:ï¿¥2717.80 _ ã€ç«å¸ã€‘è™šæ‹Ÿè´§å¸äº¤æ˜“_æ¯”ç‰¹å¸äº¤æ˜“å¹³å°_è™šæ‹Ÿå¸è±ç‰¹å¸_æ¯”ç‰¹å¸å®˜ç½‘_files

[ 2016-12-29T09:24:25+08:00 ] ::1 /Uploads/Public/Uploads/2016-03-19/56ecc75e1312d.jpg
INFO: [ app_init ] --START--
INFO: Run Behavior\BuildLiteBehavior [ RunTime:0.000011s ]
INFO: [ app_init ] --END-- [ RunTime:0.000248s ]
ERR: æ— æ³•åŠ è½½æ¨¡å—:Uploads

[ 2016-12-29T09:24:25+08:00 ] ::1 /%EF%BF%A52717.80%20_%20%E3%80%90%E7%81%AB%E5%B8%81%E3%80%91%E8%99%9A%E6%8B%9F%E8%B4%A7%E5%B8%81%E4%BA%A4%E6%98%93_%E6%AF%94%E7%89%B9%E5%B8%81%E4%BA%A4%E6%98%93%E5%B9%B3%E5%8F%B0_%E8%99%9A%E6%8B%9F%E5%B8%81%E8%8E%B1%E7%89%B9%E5%B8%81_%E6%AF%94%E7%89%B9%E5%B8%81%E5%AE%98%E7%BD%91_files/page_glb_var.js
INFO: [ app_init ] --START--
INFO: Run Behavior\BuildLiteBehavior [ RunTime:0.000010s ]
INFO: [ app_init ] --END-- [ RunTime:0.000231s ]
ERR: æ— æ³•åŠ è½½æ¨¡å—:ï¿¥2717.80 _ ã€ç«å¸ã€‘è™šæ‹Ÿè´§å¸äº¤æ˜“_æ¯”ç‰¹å¸äº¤æ˜“å¹³å°_è™šæ‹Ÿå¸è±ç‰¹å¸_æ¯”ç‰¹å¸å®˜ç½‘_files

[ 2016-12-29T09:24:25+08:00 ] ::1 /Public/Home/js/dist/page_index.js
INFO: [ app_init ] --START--
INFO: Run Behavior\BuildLiteBehavior [ RunTime:0.000010s ]
INFO: [ app_init ] --END-- [ RunTime:0.000236s ]
ERR: æ— æ³•åŠ è½½æ¨¡å—:Public

[ 2016-12-29T09:24:25+08:00 ] ::1 /Uploads/Public/Uploads/2016-03-19/56ecc75e1312d.jpg
INFO: [ app_init ] --START--
INFO: Run Behavior\BuildLiteBehavior [ RunTime:0.000015s ]
INFO: [ app_init ] --END-- [ RunTime:0.000357s ]
ERR: æ— æ³•åŠ è½½æ¨¡å—:Uploads

[ 2016-12-29T09:25:28+08:00 ] 127.0.0.1 /vq/init?flash=WIN%2024,0,0,186&auto=1&vid=8u8T2XMCh-j56YhA7QBECg..&ver=Version_3.0.2730_build:201611021500&uuid=412B180F4B6B40A2C3FB37725C1B66B096771A12&url=http%3A%2F%2Fv.baidu.com%2Fwatch%2F02095134366631948900.html%3Fframehost%3Dbaidu.ku6.com%26referer%3Dhttp%3A%2F%2Fwww.baidu.com%2Flink%253Furl%253DrvThKVhMcSpzB3II-NJlYpbkfrUp2L07YlJ3StMeovzdCzRkDq1ZLL8blBS_RJIm9lJAdDLdofQnKEOaBE50wq%2526wd%253D%2526eqid%253Dae69b678000109bb00000002586465eb%26inner&refer=http%3A%2F%2Fbaidu.ku6.com%2Fwatch%2F02095134366631948900.html&cid=&kuid=
INFO: [ app_init ] --START--
INFO: Run Behavior\BuildLiteBehavior [ RunTime:0.000011s ]
INFO: [ app_init ] --END-- [ RunTime:0.000242s ]
ERR: æ— æ³•åŠ è½½æ¨¡å—:Vq

[ 2016-12-29T09:25:28+08:00 ] 127.0.0.1 /vq/start?utime=1266&error=0&atime=15&timeout=0&ver=Version_3.0.2730_build:201611021500&uuid=412B180F4B6B40A2C3FB37725C1B66B096771A12&url=http%3A%2F%2Fv.baidu.com%2Fwatch%2F02095134366631948900.html%3Fframehost%3Dbaidu.ku6.com%26referer%3Dhttp%3A%2F%2Fwww.baidu.com%2Flink%253Furl%253DrvThKVhMcSpzB3II-NJlYpbkfrUp2L07YlJ3StMeovzdCzRkDq1ZLL8blBS_RJIm9lJAdDLdofQnKEOaBE50wq%2526wd%253D%2526eqid%253Dae69b678000109bb00000002586465eb%26inner&refer=http%3A%2F%2Fbaidu.ku6.com%2Fwatch%2F02095134366631948900.html&cid=105000&kuid=
INFO: [ app_init ] --START--
INFO: Run Behavior\BuildLiteBehavior [ RunTime:0.000011s ]
INFO: [ app_init ] --END-- [ RunTime:0.000246s ]
ERR: æ— æ³•åŠ è½½æ¨¡å—:Vq

[ 2016-12-29T09:25:29+08:00 ] 127.0.0.1 /vq/gslbinfo?utime=226&error=0&gone=58001&split=1&proxyurl=http%3A%2F%2F119.167.216.134%2F587%2F89%2F74%2Fb2f6e9a5710e143ce386f89191dbb647-f4v-h264-aac-260-32-15511.0-572760-1328532460209-2a4d03ec380dcd78f522d19383056477-1-00-00-00.f4v%3Fvid%3D36957374%26lp%3D8084%26lroot%3D%2F3%26kfd%3D1%26cmd%3D0%26start%3D0%26uuid%3D412B180F4B6B40A2C3FB37725C1B66B096771A12%26tm%3D1483061142%26key%3D69c7ce3c343d368f470f05b1a5b4f326%26diskid%3D510%26lr%3D0%26nlh%3D0%26check%3D1%26id%3Dku6_vod%26usrip%3D112.250.206.74%26uloc%3D15.0.2%26ipsm%3D1%26ext%3D.f4v&ver=Version_3.0.2730_build:201611021500&fid=http://119.167.216.134/587/89/74/b2f6e9a5710e143ce386f89191dbb647-f4v-h264-aac-260-32-15511.0-572760-1328532460209-2a4d03ec380dcd78f522d19383056477-1-00-00-00.f4v?vid=36957374&lp=8084&lroot=/3&kfd=1&cmd=0&start=0&uuid=412B180F4B6B40A2C3FB37725C1B66B096771A12&tm=1483061142&key=69c7ce3c343d368f470f05b1a5b4f326&diskid=510&lr=0&nlh=0&check=1&id=ku6_vod&usrip=112.250.206.74&uloc=15.0.2&ipsm=1&ext=.f4v&uuid=412B180F4B6B40A2C3FB37725C1B66B096771A12&url=http%3A%2F%2Fv.baidu.com%2Fwatch%2F02095134366631948900.html%3Fframehost%3Dbaidu.ku6.com%26referer%3Dhttp%3A%2F%2Fwww.baidu.com%2Flink%253Furl%253DrvThKVhMcSpzB3II-NJlYpbkfrUp2L07YlJ3StMeovzdCzRkDq1ZLL8blBS_RJIm9lJAdDLdofQnKEOaBE50wq%2526wd%253D%2526eqid%253Dae69b678000109bb00000002586465eb%26inner&refer=http%3A%2F%2Fbaidu.ku6.com%2Fwatch%2F02095134366631948900.html&cid=105000&kuid=
INFO: [ app_init ] --START--
INFO: Run Behavior\BuildLiteBehavior [ RunTime:0.000016s ]
INFO: [ app_init ] --END-- [ RunTime:0.000352s ]
ERR: æ— æ³•åŠ è½½æ¨¡å—:Vq

[ 2016-12-29T09:25:29+08:00 ] 127.0.0.1 /vq/play?fid=zuDDGD5RoXreL6Qy&userrate=0&videorate=299&audiorate=null&retry=0&error=0&utime=2099&kps=0&hd=0&rnd=0.7346252235583961&gone=58001&split=1&ver=Version_3.0.2730_build:201611021500&time=15&preload=1&uid=17059996&vid=8u8T2XMCh-j56YhA7QBECg..&proxyurl=http%3A%2F%2Fmain.gslb.ku6.com%2Fs1%2FzuDDGD5RoXreL6Qy%2F1328532903483%2F4c6b356ebabbb5fc2e0d9f3feb53f3ba%2F1482974741992%2Fv587%2F89%2F74%2Fb2f6e9a5710e143ce386f89191dbb647-f4v-h264-aac-260-32-15511.0-572760-1328532460209-2a4d03ec380dcd78f522d19383056477-1-00-00-00.f4v%3Fuuid%3D412B180F4B6B40A2C3FB37725C1B66B096771A12%26rate%3D799%26start%3D0&streamurl=http%3A%2F%2Fmain.gslb.ku6.com%2Fs1%2FzuDDGD5RoXreL6Qy%2F1328532903483%2F4c6b356ebabbb5fc2e0d9f3feb53f3ba%2F1482974741992%2Fv587%2F89%2F74%2Fb2f6e9a5710e143ce386f89191dbb647-f4v-h264-aac-260-32-15511.0-572760-1328532460209-2a4d03ec380dcd78f522d19383056477-1-00-00-00.f4v%3Fuuid%3D412B180F4B6B40A2C3FB37725C1B66B096771A12%26rate%3D799%26start%3D0&drag=0&loginuid=&split=1&testrate=0&tvpercent=0&timeout=0&pid=null&clientTime=883&kernel=Ku6_Kernel_1.0.2572&from=&flash=WIN%2024,0,0,186&wnd=412B180F4B6B40A2C3FB37725C1B66B096771A12&playtimes=1&mediasrc=0&ref=http%3A%2F%2Fbaidu.ku6.com%2Fwatch%2F02095134366631948900.html&frombd=&vvsplit=1&uploadtime=1328535462&uuid=412B180F4B6B40A2C3FB37725C1B66B096771A12&url=http%3A%2F%2Fv.baidu.com%2Fwatch%2F02095134366631948900.html%3Fframehost%3Dbaidu.ku6.com%26referer%3Dhttp%3A%2F%2Fwww.baidu.com%2Flink%253Furl%253DrvThKVhMcSpzB3II-NJlYpbkfrUp2L07YlJ3StMeovzdCzRkDq1ZLL8blBS_RJIm9lJAdDLdofQnKEOaBE50wq%2526wd%253D%2526eqid%253Dae69b678000109bb00000002586465eb%26inner&refer=http%3A%2F%2Fbaidu.ku6.com%2Fwatch%2F02095134366631948900.html&cid=105000&kuid=
INFO: [ app_init ] --START--
INFO: Run Behavior\BuildLiteBehavior [ RunTime:0.000009s ]
INFO: [ app_init ] --END-- [ RunTime:0.000286s ]
ERR: æ— æ³•åŠ è½½æ¨¡å—:Vq

[ 2016-12-29T09:25:29+08:00 ] 127.0.0.1 /vq/action?utime=684&timeload=9.473575319505551&timetotal=15&byteload=361739&bytetotal=610017&byteloadtime=685&streamspeed=516&cdnuse=0&ontime=0&streamurl=http%3A%2F%2Fmain.gslb.ku6.com%2Fs1%2FzuDDGD5RoXreL6Qy%2F1328532903483%2F4c6b356ebabbb5fc2e0d9f3feb53f3ba%2F1482974741992%2Fv587%2F89%2F74%2Fb2f6e9a5710e143ce386f89191dbb647-f4v-h264-aac-260-32-15511.0-572760-1328532460209-2a4d03ec380dcd78f522d19383056477-1-00-00-00.f4v%3Fuuid%3D412B180F4B6B40A2C3FB37725C1B66B096771A12%26rate%3D799%26start%3D0&orate=299&vrate=299&drag=0&preload=1&proxyurl=http%3A%2F%2Fmain.gslb.ku6.com%2Fs1%2FzuDDGD5RoXreL6Qy%2F1328532903483%2F4c6b356ebabbb5fc2e0d9f3feb53f3ba%2F1482974741992%2Fv587%2F89%2F74%2Fb2f6e9a5710e143ce386f89191dbb647-f4v-h264-aac-260-32-15511.0-572760-1328532460209-2a4d03ec380dcd78f522d19383056477-1-00-00-00.f4v%3Fuuid%3D412B180F4B6B40A2C3FB37725C1B66B096771A12%26rate%3D799%26start%3D0%26ref%3Dout&retry=0&split=1&start=0&time=15&gone=58001&vtime=0&percent=0.00&action=streamspeed&vid=8u8T2XMCh-j56YhA7QBECg..&uuid=412B180F4B6B40A2C3FB37725C1B66B096771A12&rnd=0.6386276641860604&refer=http%3A%2F%2Fbaidu.ku6.com%2Fwatch%2F02095134366631948900.html&url=http%3A%2F%2Fv.baidu.com%2Fwatch%2F02095134366631948900.html%3Fframehost%3Dbaidu.ku6.com%26referer%3Dhttp%3A%2F%2Fwww.baidu.com%2Flink%253Furl%253DrvThKVhMcSpzB3II-NJlYpbkfrUp2L07YlJ3StMeovzdCzRkDq1ZLL8blBS_RJIm9lJAdDLdofQnKEOaBE50wq%2526wd%253D%2526eqid%253Dae69b678000109bb00000002586465eb%26inner&pid=null&cid=105000&clientTime=2183&ver=Version_3.0.2730_build:201611021500&kernel=Ku6_Kernel_1.0.2572&from=&script=true&flash=WIN%2024,0,0,186&wnd=412B180F4B6B40A2C3FB37725C1B66B096771A12&playtimes=1&mediasrc=0&uid=17059996&ref=&frombd=&uploadtime=1328535462
INFO: [ app_init ] --START--
INFO: Run Behavior\BuildLiteBehavior [ RunTime:0.000010s ]
INFO: [ app_init ] --END-- [ RunTime:0.000271s ]
ERR: æ— æ³•åŠ è½½æ¨¡å—:Vq

[ 2016-12-29T09:25:29+08:00 ] 127.0.0.1 /vq/cv?&flash=WIN%2024,0,0,186&vid=8u8T2XMCh-j56YhA7QBECg..&ref=&split=1&time=15&start=0&rnd=0.22556361136958003&ver=Version_3.0.2730_build:201611021500&uuid=412B180F4B6B40A2C3FB37725C1B66B096771A12&url=http%3A%2F%2Fv.baidu.com%2Fwatch%2F02095134366631948900.html%3Fframehost%3Dbaidu.ku6.com%26referer%3Dhttp%3A%2F%2Fwww.baidu.com%2Flink%253Furl%253DrvThKVhMcSpzB3II-NJlYpbkfrUp2L07YlJ3StMeovzdCzRkDq1ZLL8blBS_RJIm9lJAdDLdofQnKEOaBE50wq%2526wd%253D%2526eqid%253Dae69b678000109bb00000002586465eb%26inner&refer=http%3A%2F%2Fbaidu.ku6.com%2Fwatch%2F02095134366631948900.html&cid=105000&kuid=
INFO: [ app_init ] --START--
INFO: Run Behavior\BuildLiteBehavior [ RunTime:0.000009s ]
INFO: [ app_init ] --END-- [ RunTime:0.000247s ]
ERR: æ— æ³•åŠ è½½æ¨¡å—:Vq

[ 2016-12-29T09:25:45+08:00 ] 127.0.0.1 /vq/end?ver=Version_3.0.2730_build:201611021500&uuid=412B180F4B6B40A2C3FB37725C1B66B096771A12&url=http%3A%2F%2Fv.baidu.com%2Fwatch%2F02095134366631948900.html%3Fframehost%3Dbaidu.ku6.com%26referer%3Dhttp%3A%2F%2Fwww.baidu.com%2Flink%253Furl%253DrvThKVhMcSpzB3II-NJlYpbkfrUp2L07YlJ3StMeovzdCzRkDq1ZLL8blBS_RJIm9lJAdDLdofQnKEOaBE50wq%2526wd%253D%2526eqid%253Dae69b678000109bb00000002586465eb%26inner&refer=http%3A%2F%2Fbaidu.ku6.com%2Fwatch%2F02095134366631948900.html&cid=105000&kuid=
INFO: [ app_init ] --START--
INFO: Run Behavior\BuildLiteBehavior [ RunTime:0.000020s ]
INFO: [ app_init ] --END-- [ RunTime:0.000452s ]
ERR: æ— æ³•åŠ è½½æ¨¡å—:Vq

[ 2016-12-29T09:25:45+08:00 ] 127.0.0.1 /vq/end?ver=Version_3.0.2730_build:201611021500&uuid=412B180F4B6B40A2C3FB37725C1B66B096771A12&url=http%3A%2F%2Fv.baidu.com%2Fwatch%2F02095134366631948900.html%3Fframehost%3Dbaidu.ku6.com%26referer%3Dhttp%3A%2F%2Fwww.baidu.com%2Flink%253Furl%253DrvThKVhMcSpzB3II-NJlYpbkfrUp2L07YlJ3StMeovzdCzRkDq1ZLL8blBS_RJIm9lJAdDLdofQnKEOaBE50wq%2526wd%253D%2526eqid%253Dae69b678000109bb00000002586465eb%26inner&refer=http%3A%2F%2Fbaidu.ku6.com%2Fwatch%2F02095134366631948900.html&cid=105000&kuid=
INFO: [ app_init ] --START--
INFO: Run Behavior\BuildLiteBehavior [ RunTime:0.000010s ]
INFO: [ app_init ] --END-- [ RunTime:0.000241s ]
ERR: æ— æ³•åŠ è½½æ¨¡å—:Vq

[ 2016-12-29T09:25:48+08:00 ] 127.0.0.1 /vq/init?flash=WIN%2024,0,0,186&auto=1&vid=LrjZNlUdaWMpDrj2T-5K_w..&ver=Version_3.0.2730_build:201611021500&uuid=F199F34CA0BD27FB57C0BAE90310906532B48EA7&url=http%3A%2F%2Fv.baidu.com%2Fwatch%2F6059185411977289755.html%3F%26recFrom%3Dsite%26list%3D1%26framehost%3Dbaidu.ku6.com%26referer%3Dhttp%3A%2F%2Fbaidu.ku6.com%2Fwatch%2F02095134366631948900.html%26inner&refer=http%3A%2F%2Fbaidu.ku6.com%2Fwatch%2F6059185411977289755.html%3F%26recFrom%3Dsite%26list%3D1&cid=&kuid=
INFO: [ app_init ] --START--
INFO: Run Behavior\BuildLiteBehavior [ RunTime:0.000012s ]
INFO: [ app_init ] --END-- [ RunTime:0.000248s ]
ERR: æ— æ³•åŠ è½½æ¨¡å—:Vq

[ 2016-12-29T09:25:48+08:00 ] 127.0.0.1 /vq/start?utime=1268&error=0&atime=47&timeout=0&ver=Version_3.0.2730_build:201611021500&uuid=F199F34CA0BD27FB57C0BAE90310906532B48EA7&url=http%3A%2F%2Fv.baidu.com%2Fwatch%2F6059185411977289755.html%3F%26recFrom%3Dsite%26list%3D1%26framehost%3Dbaidu.ku6.com%26referer%3Dhttp%3A%2F%2Fbaidu.ku6.com%2Fwatch%2F02095134366631948900.html%26inner&refer=http%3A%2F%2Fbaidu.ku6.com%2Fwatch%2F6059185411977289755.html%3F%26recFrom%3Dsite%26list%3D1&cid=105000&kuid=
INFO: [ app_init ] --START--
INFO: Run Behavior\BuildLiteBehavior [ RunTime:0.000013s ]
INFO: [ app_init ] --END-- [ RunTime:0.000306s ]
ERR: æ— æ³•åŠ è½½æ¨¡å—:Vq

[ 2016-12-29T09:25:49+08:00 ] 127.0.0.1 /vq/gslbinfo?utime=320&error=0&gone=58001&split=1&proxyurl=http%3A%2F%2F119.167.216.88%2F534%2F63%2F34%2Fe3f0052812b4a385fba351eb0e04c3a4-f4v-h264-aac-250-32-47334.0-1727501-1366765146866-a33c4a32b7a6cf01641dba04c10be045-1-00-00-00.f4v%3Fvid%3D61697937%26lp%3D8083%26lroot%3D%2F2%26kfd%3D1%26cmd%3D0%26start%3D0%26uuid%3DF199F34CA0BD27FB57C0BAE90310906532B48EA7%26tm%3D1483061162%26key%3Df9d3ee1626825cd05aa21d19d8bf0a9d%26diskid%3D451%26lr%3D0%26nlh%3D0%26check%3D1%26id%3Dku6_vod%26usrip%3D112.250.206.74%26uloc%3D15.0.2%26ipsm%3D1%26ext%3D.f4v&ver=Version_3.0.2730_build:201611021500&fid=http://119.167.216.88/534/63/34/e3f0052812b4a385fba351eb0e04c3a4-f4v-h264-aac-250-32-47334.0-1727501-1366765146866-a33c4a32b7a6cf01641dba04c10be045-1-00-00-00.f4v?vid=61697937&lp=8083&lroot=/2&kfd=1&cmd=0&start=0&uuid=F199F34CA0BD27FB57C0BAE90310906532B48EA7&tm=1483061162&key=f9d3ee1626825cd05aa21d19d8bf0a9d&diskid=451&lr=0&nlh=0&check=1&id=ku6_vod&usrip=112.250.206.74&uloc=15.0.2&ipsm=1&ext=.f4v&uuid=F199F34CA0BD27FB57C0BAE90310906532B48EA7&url=http%3A%2F%2Fv.baidu.com%2Fwatch%2F6059185411977289755.html%3F%26recFrom%3Dsite%26list%3D1%26framehost%3Dbaidu.ku6.com%26referer%3Dhttp%3A%2F%2Fbaidu.ku6.com%2Fwatch%2F02095134366631948900.html%26inner&refer=http%3A%2F%2Fbaidu.ku6.com%2Fwatch%2F6059185411977289755.html%3F%26recFrom%3Dsite%26list%3D1&cid=105000&kuid=
INFO: [ app_init ] --START--
INFO: Run Behavior\BuildLiteBehavior [ RunTime:0.000023s ]
INFO: [ app_init ] --END-- [ RunTime:0.000522s ]
ERR: æ— æ³•åŠ è½½æ¨¡å—:Vq

[ 2016-12-29T09:25:49+08:00 ] 127.0.0.1 /vq/play?fid=aa1EGkHjuk4DXzlV&userrate=0&videorate=299&audiorate=null&retry=0&error=0&utime=2604&kps=0&hd=0&rnd=0.28742217272520065&gone=58001&split=1&ver=Version_3.0.2730_build:201611021500&time=47&preload=1&uid=22056787&vid=LrjZNlUdaWMpDrj2T-5K_w..&proxyurl=http%3A%2F%2Fmain.gslb.ku6.com%2Fs1%2Faa1EGkHjuk4DXzlV%2F1366765184183%2F197abcf5c8f16d4a9aa1f61e2cc1a36e%2F1482974761529%2Fv534%2F63%2F34%2Fe3f0052812b4a385fba351eb0e04c3a4-f4v-h264-aac-250-32-47334.0-1727501-1366765146866-a33c4a32b7a6cf01641dba04c10be045-1-00-00-00.f4v%3Fuuid%3DF199F34CA0BD27FB57C0BAE90310906532B48EA7%26rate%3D799%26start%3D0&streamurl=http%3A%2F%2Fmain.gslb.ku6.com%2Fs1%2Faa1EGkHjuk4DXzlV%2F1366765184183%2F197abcf5c8f16d4a9aa1f61e2cc1a36e%2F1482974761529%2Fv534%2F63%2F34%2Fe3f0052812b4a385fba351eb0e04c3a4-f4v-h264-aac-250-32-47334.0-1727501-1366765146866-a33c4a32b7a6cf01641dba04c10be045-1-00-00-00.f4v%3Fuuid%3DF199F34CA0BD27FB57C0BAE90310906532B48EA7%26rate%3D799%26start%3D0&drag=0&loginuid=&split=1&testrate=0&tvpercent=0&timeout=0&pid=null&clientTime=769&kernel=Ku6_Kernel_1.0.2572&from=&flash=WIN%2024,0,0,186&wnd=412B180F4B6B40A2C3FB37725C1B66B096771A12&playtimes=1&mediasrc=0&ref=http%3A%2F%2Fbaidu.ku6.com%2Fwatch%2F6059185411977289755.html%3F%26recFrom%3Dsite%26list%3D1&frombd=&vvsplit=1&uploadtime=1386134500&uuid=F199F34CA0BD27FB57C0BAE90310906532B48EA7&url=http%3A%2F%2Fv.baidu.com%2Fwatch%2F6059185411977289755.html%3F%26recFrom%3Dsite%26list%3D1%26framehost%3Dbaidu.ku6.com%26referer%3Dhttp%3A%2F%2Fbaidu.ku6.com%2Fwatch%2F02095134366631948900.html%26inner&refer=http%3A%2F%2Fbaidu.ku6.com%2Fwatch%2F6059185411977289755.html%3F%26recFrom%3Dsite%26list%3D1&cid=105000&kuid=
INFO: [ app_init ] --START--
INFO: Run Behavior\BuildLiteBehavior [ RunTime:0.000012s ]
INFO: [ app_init ] --END-- [ RunTime:0.000268s ]
ERR: æ— æ³•åŠ è½½æ¨¡å—:Vq

[ 2016-12-29T09:25:49+08:00 ] 127.0.0.1 /vq/action?utime=1118&timeload=30.472333735262673&timetotal=47&byteload=1120021&bytetotal=1854554&byteloadtime=1118&streamspeed=978&cdnuse=0&ontime=0&streamurl=http%3A%2F%2Fmain.gslb.ku6.com%2Fs1%2Faa1EGkHjuk4DXzlV%2F1366765184183%2F197abcf5c8f16d4a9aa1f61e2cc1a36e%2F1482974761529%2Fv534%2F63%2F34%2Fe3f0052812b4a385fba351eb0e04c3a4-f4v-h264-aac-250-32-47334.0-1727501-1366765146866-a33c4a32b7a6cf01641dba04c10be045-1-00-00-00.f4v%3Fuuid%3DF199F34CA0BD27FB57C0BAE90310906532B48EA7%26rate%3D799%26start%3D0&orate=299&vrate=299&drag=0&preload=1&proxyurl=http%3A%2F%2Fmain.gslb.ku6.com%2Fs1%2Faa1EGkHjuk4DXzlV%2F1366765184183%2F197abcf5c8f16d4a9aa1f61e2cc1a36e%2F1482974761529%2Fv534%2F63%2F34%2Fe3f0052812b4a385fba351eb0e04c3a4-f4v-h264-aac-250-32-47334.0-1727501-1366765146866-a33c4a32b7a6cf01641dba04c10be045-1-00-00-00.f4v%3Fuuid%3DF199F34CA0BD27FB57C0BAE90310906532B48EA7%26rate%3D799%26start%3D0%26ref%3Dout&retry=0&split=1&start=0&time=47&gone=58001&vtime=0&percent=0.00&action=streamspeed&vid=LrjZNlUdaWMpDrj2T-5K_w..&uuid=F199F34CA0BD27FB57C0BAE90310906532B48EA7&rnd=0.515827486757189&refer=http%3A%2F%2Fbaidu.ku6.com%2Fwatch%2F6059185411977289755.html%3F%26recFrom%3Dsite%26list%3D1&url=http%3A%2F%2Fv.baidu.com%2Fwatch%2F6059185411977289755.html%3F%26recFrom%3Dsite%26list%3D1%26framehost%3Dbaidu.ku6.com%26referer%3Dhttp%3A%2F%2Fbaidu.ku6.com%2Fwatch%2F02095134366631948900.html%26inner&pid=null&cid=105000&clientTime=2689&ver=Version_3.0.2730_build:201611021500&kernel=Ku6_Kernel_1.0.2572&from=&script=true&flash=WIN%2024,0,0,186&wnd=412B180F4B6B40A2C3FB37725C1B66B096771A12&playtimes=1&mediasrc=0&uid=22056787&ref=&frombd=&uploadtime=1386134500
INFO: [ app_init ] --START--
INFO: Run Behavior\BuildLiteBehavior [ RunTime:0.000013s ]
INFO: [ app_init ] --END-- [ RunTime:0.000298s ]
ERR: æ— æ³•åŠ è½½æ¨¡å—:Vq

[ 2016-12-29T09:25:49+08:00 ] 127.0.0.1 /vq/cv?&flash=WIN%2024,0,0,186&vid=LrjZNlUdaWMpDrj2T-5K_w..&ref=&split=1&time=47&start=0&rnd=0.7140545938163996&ver=Version_3.0.2730_build:201611021500&uuid=F199F34CA0BD27FB57C0BAE90310906532B48EA7&url=http%3A%2F%2Fv.baidu.com%2Fwatch%2F6059185411977289755.html%3F%26recFrom%3Dsite%26list%3D1%26framehost%3Dbaidu.ku6.com%26referer%3Dhttp%3A%2F%2Fbaidu.ku6.com%2Fwatch%2F02095134366631948900.html%26inner&refer=http%3A%2F%2Fbaidu.ku6.com%2Fwatch%2F6059185411977289755.html%3F%26recFrom%3Dsite%26list%3D1&cid=105000&kuid=
INFO: [ app_init ] --START--
INFO: Run Behavior\BuildLiteBehavior [ RunTime:0.000012s ]
INFO: [ app_init ] --END-- [ RunTime:0.000305s ]
ERR: æ— æ³•åŠ è½½æ¨¡å—:Vq

[ 2016-12-29T09:25:49+08:00 ] 127.0.0.1 /dostatv.do?method=setVideoPlayCount&o=22056787&c=105000&v=LrjZNlUdaWMpDrj2T-5K_w..&rnd=0.4448314728215337
INFO: [ app_init ] --START--
INFO: Run Behavior\BuildLiteBehavior [ RunTime:0.000012s ]
INFO: [ app_init ] --END-- [ RunTime:0.000310s ]
ERR: æ— æ³•åŠ è½½æ¨¡å—:Dostatv

[ 2016-12-29T09:26:37+08:00 ] 127.0.0.1 /vq/end?ver=Version_3.0.2730_build:201611021500&uuid=F199F34CA0BD27FB57C0BAE90310906532B48EA7&url=http%3A%2F%2Fv.baidu.com%2Fwatch%2F6059185411977289755.html%3F%26recFrom%3Dsite%26list%3D1%26framehost%3Dbaidu.ku6.com%26referer%3Dhttp%3A%2F%2Fbaidu.ku6.com%2Fwatch%2F02095134366631948900.html%26inner&refer=http%3A%2F%2Fbaidu.ku6.com%2Fwatch%2F6059185411977289755.html%3F%26recFrom%3Dsite%26list%3D1&cid=105000&kuid=
INFO: [ app_init ] --START--
INFO: Run Behavior\BuildLiteBehavior [ RunTime:0.000010s ]
INFO: [ app_init ] --END-- [ RunTime:0.000230s ]
ERR: æ— æ³•åŠ è½½æ¨¡å—:Vq

[ 2016-12-29T09:26:40+08:00 ] 127.0.0.1 /vq/init?flash=WIN%2024,0,0,186&auto=1&vid=3poCJoN_pCVx9tiYLKnNfQ..&ver=Version_3.0.2730_build:201611021500&uuid=83CF0ADDD490FF146603F695CFE1DF82F40EEDB7&url=http%3A%2F%2Fv.baidu.com%2Fwatch%2F09158617834832340784.html%3F%26recFrom%3Dsite%26list%3D1%26framehost%3Dbaidu.ku6.com%26referer%3Dhttp%3A%2F%2Fbaidu.ku6.com%2Fwatch%2F6059185411977289755.html%253F%2526recFrom%253Dsite%2526list%253D1%26inner&refer=http%3A%2F%2Fbaidu.ku6.com%2Fwatch%2F09158617834832340784.html%3F%26recFrom%3Dsite%26list%3D1&cid=&kuid=
INFO: [ app_init ] --START--
INFO: Run Behavior\BuildLiteBehavior [ RunTime:0.000010s ]
INFO: [ app_init ] --END-- [ RunTime:0.000223s ]
ERR: æ— æ³•åŠ è½½æ¨¡å—:Vq

[ 2016-12-29T09:26:40+08:00 ] 127.0.0.1 /vq/start?utime=997&error=0&atime=422&timeout=0&ver=Version_3.0.2730_build:201611021500&uuid=83CF0ADDD490FF146603F695CFE1DF82F40EEDB7&url=http%3A%2F%2Fv.baidu.com%2Fwatch%2F09158617834832340784.html%3F%26recFrom%3Dsite%26list%3D1%26framehost%3Dbaidu.ku6.com%26referer%3Dhttp%3A%2F%2Fbaidu.ku6.com%2Fwatch%2F6059185411977289755.html%253F%2526recFrom%253Dsite%2526list%253D1%26inner&refer=http%3A%2F%2Fbaidu.ku6.com%2Fwatch%2F09158617834832340784.html%3F%26recFrom%3Dsite%26list%3D1&cid=105000&kuid=
INFO: [ app_init ] --START--
INFO: Run Behavior\BuildLiteBehavior [ RunTime:0.000022s ]
INFO: [ app_init ] --END-- [ RunTime:0.000253s ]
ERR: æ— æ³•åŠ è½½æ¨¡å—:Vq

[ 2016-12-29T09:26:41+08:00 ] 127.0.0.1 /vq/gslbinfo?utime=392&error=0&gone=58001&split=1&proxyurl=http%3A%2F%2F119.167.216.206%2F520%2F13%2F51%2Fde4ec84f957a30c73589acbbe22e1e5a-f4v-h264-aac-299-32-298283.0-12817951-1333506975014-c8d3fac4496ac239671cf03fd0d25c4a-1-00-00-00.f4v%3Fvid%3D40626914%26lp%3D8083%26lroot%3D%2F2%26kfd%3D1%26cmd%3D0%26start%3D0%26uuid%3D83CF0ADDD490FF146603F695CFE1DF82F40EEDB7%26tm%3D1483061214%26key%3D65fcdfd877da031bfbb3bd11351a9a8b%26diskid%3D852%26lr%3D0%26nlh%3D0%26check%3D1%26id%3Dku6_vod%26usrip%3D112.250.206.74%26uloc%3D15.0.2%26ipsm%3D1%26ext%3D.f4v&ver=Version_3.0.2730_build:201611021500&fid=http://119.167.216.206/520/13/51/de4ec84f957a30c73589acbbe22e1e5a-f4v-h264-aac-299-32-298283.0-12817951-1333506975014-c8d3fac4496ac239671cf03fd0d25c4a-1-00-00-00.f4v?vid=40626914&lp=8083&lroot=/2&kfd=1&cmd=0&start=0&uuid=83CF0ADDD490FF146603F695CFE1DF82F40EEDB7&tm=1483061214&key=65fcdfd877da031bfbb3bd11351a9a8b&diskid=852&lr=0&nlh=0&check=1&id=ku6_vod&usrip=112.250.206.74&uloc=15.0.2&ipsm=1&ext=.f4v&uuid=83CF0ADDD490FF146603F695CFE1DF82F40EEDB7&url=http%3A%2F%2Fv.baidu.com%2Fwatch%2F09158617834832340784.html%3F%26recFrom%3Dsite%26list%3D1%26framehost%3Dbaidu.ku6.com%26referer%3Dhttp%3A%2F%2Fbaidu.ku6.com%2Fwatch%2F6059185411977289755.html%253F%2526recFrom%253Dsite%2526list%253D1%26inner&refer=http%3A%2F%2Fbaidu.ku6.com%2Fwatch%2F09158617834832340784.html%3F%26recFrom%3Dsite%26list%3D1&cid=105000&kuid=
INFO: [ app_init ] --START--
INFO: Run Behavior\BuildLiteBehavior [ RunTime:0.000019s ]
INFO: [ app_init ] --END-- [ RunTime:0.000381s ]
ERR: æ— æ³•åŠ è½½æ¨¡å—:Vq

[ 2016-12-29T09:26:42+08:00 ] 127.0.0.1 /vq/play?fid=Nj3hmmdA5IaPeBZ_&userrate=0&videorate=299&audiorate=null&retry=0&error=0&utime=2659&kps=0&hd=0&rnd=0.13167360285297036&gone=58001&split=1&ver=Version_3.0.2730_build:201611021500&time=422&preload=1&uid=21175877&vid=3poCJoN_pCVx9tiYLKnNfQ..&proxyurl=http%3A%2F%2Fmain.gslb.ku6.com%2Fs0%2FNj3hmmdA5IaPeBZ_%2F1333506726556%2Ff7503e0faf3e4d4fb9b9474d1d5706e3%2F1482974813893%2Fv520%2F13%2F51%2Fde4ec84f957a30c73589acbbe22e1e5a-f4v-h264-aac-299-32-298283.0-12817951-1333506975014-c8d3fac4496ac239671cf03fd0d25c4a-1-00-00-00.f4v%3Fuuid%3D83CF0ADDD490FF146603F695CFE1DF82F40EEDB7%26rate%3D799%26start%3D0&streamurl=http%3A%2F%2Fmain.gslb.ku6.com%2Fs0%2FNj3hmmdA5IaPeBZ_%2F1333506726556%2Ff7503e0faf3e4d4fb9b9474d1d5706e3%2F1482974813893%2Fv520%2F13%2F51%2Fde4ec84f957a30c73589acbbe22e1e5a-f4v-h264-aac-299-32-298283.0-12817951-1333506975014-c8d3fac4496ac239671cf03fd0d25c4a-1-00-00-00.f4v%3Fuuid%3D83CF0ADDD490FF146603F695CFE1DF82F40EEDB7%26rate%3D799%26start%3D0&drag=0&loginuid=&split=1&testrate=0&tvpercent=0&timeout=0&pid=null&clientTime=297&kernel=Ku6_Kernel_1.0.2572&from=&flash=WIN%2024,0,0,186&wnd=412B180F4B6B40A2C3FB37725C1B66B096771A12&playtimes=1&mediasrc=0&ref=http%3A%2F%2Fbaidu.ku6.com%2Fwatch%2F09158617834832340784.html%3F%26recFrom%3Dsite%26list%3D1&frombd=&vvsplit=1&uploadtime=1356809766&uuid=83CF0ADDD490FF146603F695CFE1DF82F40EEDB7&url=http%3A%2F%2Fv.baidu.com%2Fwatch%2F09158617834832340784.html%3F%26recFrom%3Dsite%26list%3D1%26framehost%3Dbaidu.ku6.com%26referer%3Dhttp%3A%2F%2Fbaidu.ku6.com%2Fwatch%2F6059185411977289755.html%253F%2526recFrom%253Dsite%2526list%253D1%26inner&refer=http%3A%2F%2Fbaidu.ku6.com%2Fwatch%2F09158617834832340784.html%3F%26recFrom%3Dsite%26list%3D1&cid=105000&kuid=
INFO: [ app_init ] --START--
INFO: Run Behavior\BuildLiteBehavior [ RunTime:0.000016s ]
INFO: [ app_init ] --END-- [ RunTime:0.000323s ]
ERR: æ— æ³•åŠ è½½æ¨¡å—:Vq

[ 2016-12-29T09:26:42+08:00 ] 127.0.0.1 /vq/cv?&flash=WIN%2024,0,0,186&vid=3poCJoN_pCVx9tiYLKnNfQ..&ref=&split=1&time=422&start=0&rnd=0.9253092999570072&ver=Version_3.0.2730_build:201611021500&uuid=83CF0ADDD490FF146603F695CFE1DF82F40EEDB7&url=http%3A%2F%2Fv.baidu.com%2Fwatch%2F09158617834832340784.html%3F%26recFrom%3Dsite%26list%3D1%26framehost%3Dbaidu.ku6.com%26referer%3Dhttp%3A%2F%2Fbaidu.ku6.com%2Fwatch%2F6059185411977289755.html%253F%2526recFrom%253Dsite%2526list%253D1%26inner&refer=http%3A%2F%2Fbaidu.ku6.com%2Fwatch%2F09158617834832340784.html%3F%26recFrom%3Dsite%26list%3D1&cid=105000&kuid=
INFO: [ app_init ] --START--
INFO: Run Behavior\BuildLiteBehavior [ RunTime:0.000014s ]
INFO: [ app_init ] --END-- [ RunTime:0.000357s ]
ERR: æ— æ³•åŠ è½½æ¨¡å—:Vq

[ 2016-12-29T09:26:42+08:00 ] 127.0.0.1 /vq/action?utime=1389&timeload=10.126645046466475&timetotal=422&byteload=435580&bytetotal=17460373&byteloadtime=1392&streamspeed=306&cdnuse=0&ontime=0&streamurl=http%3A%2F%2Fmain.gslb.ku6.com%2Fs0%2FNj3hmmdA5IaPeBZ_%2F1333506726556%2Ff7503e0faf3e4d4fb9b9474d1d5706e3%2F1482974813893%2Fv520%2F13%2F51%2Fde4ec84f957a30c73589acbbe22e1e5a-f4v-h264-aac-299-32-298283.0-12817951-1333506975014-c8d3fac4496ac239671cf03fd0d25c4a-1-00-00-00.f4v%3Fuuid%3D83CF0ADDD490FF146603F695CFE1DF82F40EEDB7%26rate%3D799%26start%3D0&orate=299&vrate=299&drag=0&preload=1&proxyurl=http%3A%2F%2Fmain.gslb.ku6.com%2Fs0%2FNj3hmmdA5IaPeBZ_%2F1333506726556%2Ff7503e0faf3e4d4fb9b9474d1d5706e3%2F1482974813893%2Fv520%2F13%2F51%2Fde4ec84f957a30c73589acbbe22e1e5a-f4v-h264-aac-299-32-298283.0-12817951-1333506975014-c8d3fac4496ac239671cf03fd0d25c4a-1-00-00-00.f4v%3Fuuid%3D83CF0ADDD490FF146603F695CFE1DF82F40EEDB7%26rate%3D799%26start%3D0%26ref%3Dout&retry=0&split=1&start=0&time=422&gone=58001&vtime=0&percent=0.00&action=streamspeed&vid=3poCJoN_pCVx9tiYLKnNfQ..&uuid=83CF0ADDD490FF146603F695CFE1DF82F40EEDB7&rnd=0.8811054574325681&refer=http%3A%2F%2Fbaidu.ku6.com%2Fwatch%2F09158617834832340784.html%3F%26recFrom%3Dsite%26list%3D1&url=http%3A%2F%2Fv.baidu.com%2Fwatch%2F09158617834832340784.html%3F%26recFrom%3Dsite%26list%3D1%26framehost%3Dbaidu.ku6.com%26referer%3Dhttp%3A%2F%2Fbaidu.ku6.com%2Fwatch%2F6059185411977289755.html%253F%2526recFrom%253Dsite%2526list%253D1%26inner&pid=null&cid=105000&clientTime=2786&ver=Version_3.0.2730_build:201611021500&kernel=Ku6_Kernel_1.0.2572&from=&script=true&flash=WIN%2024,0,0,186&wnd=412B180F4B6B40A2C3FB37725C1B66B096771A12&playtimes=1&mediasrc=0&uid=21175877&ref=&frombd=&uploadtime=1356809766
INFO: [ app_init ] --START--
INFO: Run Behavior\BuildLiteBehavior [ RunTime:0.000013s ]
INFO: [ app_init ] --END-- [ RunTime:0.000385s ]
ERR: æ— æ³•åŠ è½½æ¨¡å—:Vq

[ 2016-12-29T09:27:59+08:00 ] ::1 /Uploads/Public/Uploads/2016-03-19/56ecc75e1312d.jpg
INFO: [ app_init ] --START--
INFO: Run Behavior\BuildLiteBehavior [ RunTime:0.000012s ]
INFO: [ app_init ] --END-- [ RunTime:0.000278s ]
ERR: æ— æ³•åŠ è½½æ¨¡å—:Uploads

[ 2016-12-29T10:43:34+08:00 ] 127.0.0.1 /cs/jsfile/js/c.js
INFO: [ app_init ] --START--
INFO: Run Behavior\BuildLiteBehavior [ RunTime:0.000014s ]
INFO: [ app_init ] --END-- [ RunTime:0.000521s ]
ERR: æ— æ³•åŠ è½½æ¨¡å—:Cs

[ 2016-12-29T10:43:57+08:00 ] 127.0.0.1 /cs/jsfile/js/c.js
INFO: [ app_init ] --START--
INFO: Run Behavior\BuildLiteBehavior [ RunTime:0.000013s ]
INFO: [ app_init ] --END-- [ RunTime:0.000343s ]
ERR: æ— æ³•åŠ è½½æ¨¡å—:Cs

[ 2016-12-29T10:43:57+08:00 ] 127.0.0.1 /cs/jsfile/js/c.js
INFO: [ app_init ] --START--
INFO: Run Behavior\BuildLiteBehavior [ RunTime:0.000016s ]
INFO: [ app_init ] --END-- [ RunTime:0.000346s ]
ERR: æ— æ³•åŠ è½½æ¨¡å—:Cs

[ 2016-12-29T10:43:57+08:00 ] 127.0.0.1 /cs/jsfile/js/c.js
INFO: [ app_init ] --START--
INFO: Run Behavior\BuildLiteBehavior [ RunTime:0.000010s ]
INFO: [ app_init ] --END-- [ RunTime:0.000224s ]
ERR: æ— æ³•åŠ è½½æ¨¡å—:Cs

[ 2016-12-29T12:43:55+08:00 ] 127.0.0.1 /player/addPlayerStaticReport
INFO: [ app_init ] --START--
INFO: Run Behavior\BuildLiteBehavior [ RunTime:0.000008s ]
INFO: [ app_init ] --END-- [ RunTime:0.000237s ]
ERR: æ— æ³•åŠ è½½æ¨¡å—:Player

[ 2016-12-29T12:43:55+08:00 ] 127.0.0.1 /player/addPlayerDynamicReport
INFO: [ app_init ] --START--
INFO: Run Behavior\BuildLiteBehavior [ RunTime:0.000008s ]
INFO: [ app_init ] --END-- [ RunTime:0.000218s ]
ERR: æ— æ³•åŠ è½½æ¨¡å—:Player

[ 2016-12-29T12:43:57+08:00 ] 127.0.0.1 /crossdomain.xml
INFO: [ app_init ] --START--
INFO: Run Behavior\BuildLiteBehavior [ RunTime:0.000012s ]
INFO: [ app_init ] --END-- [ RunTime:0.000315s ]
ERR: æ— æ³•åŠ è½½æ¨¡å—:Crossdomain

[ 2016-12-29T12:43:57+08:00 ] 127.0.0.1 /player/addPlayerDurationReport?videoOwnerId=940885237&rnd=586&pb=0&isvip=0&showid%5Fv2=&tk=2549&playstate=1&showid%5Fv3=&oip=1895485002&show%5Fvideotype=&sid=5482986636119100d0666&stg=&Type=0&pid=15d547aa22676cf4&fullflag=0&playComplete=0&Tid=0&unCookie=&Copyright=&ct=n&hd=0&cs=266&cna=&winType=40&totalsec=30&langid=&url=http%253A%252F%252Fwww%2Ecarking001%2Ecom%252F&continuationPlay=0&mtype=oth&ctype=60&currentPlayTime=0&paystate=0&referUrl=null&emb=MTEyLjI1MC4yMDYuNzQCNDA2NTk3MTg5And3dy5jYXJraW5nMDAxLmNvbQIv&number=59&topHdVideo=74147&ev=1&source=out&pvid=1482986633155dyT&format=0&fct=&timestamp=1482986633540&ikuflag=u&viewUserId=0&guid=1D21A9820DAC2566A53B2F933667F84E2A32EFF3&frame=&videoid=XMTYyNjM4ODc1Ng%3D%3D
INFO: [ app_init ] --START--
INFO: Run Behavior\BuildLiteBehavior [ RunTime:0.000010s ]
INFO: [ app_init ] --END-- [ RunTime:0.000224s ]
ERR: æ— æ³•åŠ è½½æ¨¡å—:Player

[ 2016-12-29T12:43:57+08:00 ] 127.0.0.1 /crossdomain.xml
INFO: [ app_init ] --START--
INFO: Run Behavior\BuildLiteBehavior [ RunTime:0.000009s ]
INFO: [ app_init ] --END-- [ RunTime:0.000237s ]
ERR: æ— æ³•åŠ è½½æ¨¡å—:Crossdomain

[ 2016-12-29T12:44:27+08:00 ] 127.0.0.1 /player/addPlayerDynamicReport
INFO: [ app_init ] --START--
INFO: Run Behavior\BuildLiteBehavior [ RunTime:0.000017s ]
INFO: [ app_init ] --END-- [ RunTime:0.000423s ]
ERR: æ— æ³•åŠ è½½æ¨¡å—:Player

[ 2016-12-29T12:44:27+08:00 ] 127.0.0.1 /player/addPlayerDynamicReport
INFO: [ app_init ] --START--
INFO: Run Behavior\BuildLiteBehavior [ RunTime:0.000016s ]
INFO: [ app_init ] --END-- [ RunTime:0.000418s ]
ERR: æ— æ³•åŠ è½½æ¨¡å—:Player

[ 2016-12-29T19:21:04+08:00 ] ::1 /%EF%BF%A52717.80%20_%20%E3%80%90%E7%81%AB%E5%B8%81%E3%80%91%E8%99%9A%E6%8B%9F%E8%B4%A7%E5%B8%81%E4%BA%A4%E6%98%93_%E6%AF%94%E7%89%B9%E5%B8%81%E4%BA%A4%E6%98%93%E5%B9%B3%E5%8F%B0_%E8%99%9A%E6%8B%9F%E5%B8%81%E8%8E%B1%E7%89%B9%E5%B8%81_%E6%AF%94%E7%89%B9%E5%B8%81%E5%AE%98%E7%BD%91_files/page_glb_var.js
INFO: [ app_init ] --START--
INFO: Run Behavior\BuildLiteBehavior [ RunTime:0.000016s ]
INFO: [ app_init ] --END-- [ RunTime:0.000331s ]
ERR: æ— æ³•åŠ è½½æ¨¡å—:ï¿¥2717.80 _ ã€ç«å¸ã€‘è™šæ‹Ÿè´§å¸äº¤æ˜“_æ¯”ç‰¹å¸äº¤æ˜“å¹³å°_è™šæ‹Ÿå¸è±ç‰¹å¸_æ¯”ç‰¹å¸å®˜ç½‘_files

[ 2016-12-29T19:21:04+08:00 ] ::1 /Uploads/Public/Uploads/2016-03-19/56ecc75e1312d.jpg
INFO: [ app_init ] --START--
INFO: Run Behavior\BuildLiteBehavior [ RunTime:0.000010s ]
INFO: [ app_init ] --END-- [ RunTime:0.000259s ]
ERR: æ— æ³•åŠ è½½æ¨¡å—:Uploads

[ 2016-12-29T19:21:04+08:00 ] ::1 /%EF%BF%A52717.80%20_%20%E3%80%90%E7%81%AB%E5%B8%81%E3%80%91%E8%99%9A%E6%8B%9F%E8%B4%A7%E5%B8%81%E4%BA%A4%E6%98%93_%E6%AF%94%E7%89%B9%E5%B8%81%E4%BA%A4%E6%98%93%E5%B9%B3%E5%8F%B0_%E8%99%9A%E6%8B%9F%E5%B8%81%E8%8E%B1%E7%89%B9%E5%B8%81_%E6%AF%94%E7%89%B9%E5%B8%81%E5%AE%98%E7%BD%91_files/page_glb_var.js
INFO: [ app_init ] --START--
INFO: Run Behavior\BuildLiteBehavior [ RunTime:0.000012s ]
INFO: [ app_init ] --END-- [ RunTime:0.000276s ]
ERR: æ— æ³•åŠ è½½æ¨¡å—:ï¿¥2717.80 _ ã€ç«å¸ã€‘è™šæ‹Ÿè´§å¸äº¤æ˜“_æ¯”ç‰¹å¸äº¤æ˜“å¹³å°_è™šæ‹Ÿå¸è±ç‰¹å¸_æ¯”ç‰¹å¸å®˜ç½‘_files

[ 2016-12-29T19:21:04+08:00 ] ::1 /Public/Home/js/dist/page_index.js
INFO: [ app_init ] --START--
INFO: Run Behavior\BuildLiteBehavior [ RunTime:0.000016s ]
INFO: [ app_init ] --END-- [ RunTime:0.000339s ]
ERR: æ— æ³•åŠ è½½æ¨¡å—:Public

[ 2016-12-29T19:21:04+08:00 ] ::1 /Uploads/Public/Uploads/2016-03-19/56ecc75e1312d.jpg
INFO: [ app_init ] --START--
INFO: Run Behavior\BuildLiteBehavior [ RunTime:0.000012s ]
INFO: [ app_init ] --END-- [ RunTime:0.000308s ]
ERR: æ— æ³•åŠ è½½æ¨¡å—:Uploads

[ 2016-12-29T19:21:04+08:00 ] ::1 /favicon.ico
INFO: [ app_init ] --START--
INFO: Run Behavior\BuildLiteBehavior [ RunTime:0.000014s ]
INFO: [ app_init ] --END-- [ RunTime:0.000321s ]
ERR: æ— æ³•åŠ è½½æ¨¡å—:Favicon

[ 2016-12-29T19:21:24+08:00 ] ::1 /Uploads/Public/Uploads/2016-03-19/56ecc75e1312d.jpg
INFO: [ app_init ] --START--
INFO: Run Behavior\BuildLiteBehavior [ RunTime:0.000009s ]
INFO: [ app_init ] --END-- [ RunTime:0.000286s ]
ERR: æ— æ³•åŠ è½½æ¨¡å—:Uploads

[ 2016-12-29T19:21:25+08:00 ] ::1 /Uploads/Public/Uploads/2016-03-19/56ecc75e1312d.jpg
INFO: [ app_init ] --START--
INFO: Run Behavior\BuildLiteBehavior [ RunTime:0.000016s ]
INFO: [ app_init ] --END-- [ RunTime:0.000384s ]
ERR: æ— æ³•åŠ è½½æ¨¡å—:Uploads

[ 2016-12-29T19:24:04+08:00 ] ::1 /Uploads/Public/Uploads/2016-03-19/56ecc75e1312d.jpg
INFO: [ app_init ] --START--
INFO: Run Behavior\BuildLiteBehavior [ RunTime:0.000012s ]
INFO: [ app_init ] --END-- [ RunTime:0.000262s ]
ERR: æ— æ³•åŠ è½½æ¨¡å—:Uploads

[ 2016-12-29T19:24:05+08:00 ] ::1 /Uploads/Public/Uploads/2016-03-19/56ecc75e1312d.jpg
INFO: [ app_init ] --START--
INFO: Run Behavior\BuildLiteBehavior [ RunTime:0.000016s ]
INFO: [ app_init ] --END-- [ RunTime:0.000369s ]
ERR: æ— æ³•åŠ è½½æ¨¡å—:Uploads

[ 2016-12-29T19:24:15+08:00 ] ::1 /Uploads/Public/Uploads/2016-03-19/56ecc75e1312d.jpg
INFO: [ app_init ] --START--
INFO: Run Behavior\BuildLiteBehavior [ RunTime:0.000017s ]
INFO: [ app_init ] --END-- [ RunTime:0.000463s ]
ERR: æ— æ³•åŠ è½½æ¨¡å—:Uploads

[ 2016-12-29T19:24:15+08:00 ] ::1 /images/jubi/zhuce.png
INFO: [ app_init ] --START--
INFO: Run Behavior\BuildLiteBehavior [ RunTime:0.000017s ]
INFO: [ app_init ] --END-- [ RunTime:0.000352s ]
ERR: æ— æ³•åŠ è½½æ¨¡å—:Images

[ 2016-12-29T19:24:26+08:00 ] ::1 /Uploads/Public/Uploads/2016-03-19/56ecc75e1312d.jpg
INFO: [ app_init ] --START--
INFO: Run Behavior\BuildLiteBehavior [ RunTime:0.000016s ]
INFO: [ app_init ] --END-- [ RunTime:0.000392s ]
ERR: æ— æ³•åŠ è½½æ¨¡å—:Uploads

[ 2016-12-29T19:24:27+08:00 ] ::1 /Uploads/Public/Uploads/2016-03-19/56ecc75e1312d.jpg
INFO: [ app_init ] --START--
INFO: Run Behavior\BuildLiteBehavior [ RunTime:0.000014s ]
INFO: [ app_init ] --END-- [ RunTime:0.000403s ]
ERR: æ— æ³•åŠ è½½æ¨¡å—:Uploads

[ 2016-12-29T19:24:41+08:00 ] ::1 /Uploads/Public/Uploads/2016-03-19/56ecc75e1312d.jpg
INFO: [ app_init ] --START--
INFO: Run Behavior\BuildLiteBehavior [ RunTime:0.000011s ]
INFO: [ app_init ] --END-- [ RunTime:0.000247s ]
ERR: æ— æ³•åŠ è½½æ¨¡å—:Uploads

[ 2016-12-29T19:24:42+08:00 ] ::1 /Uploads/Public/Uploads/2016-03-19/56ecc75e1312d.jpg
INFO: [ app_init ] --START--
INFO: Run Behavior\BuildLiteBehavior [ RunTime:0.000012s ]
INFO: [ app_init ] --END-- [ RunTime:0.000248s ]
ERR: æ— æ³•åŠ è½½æ¨¡å—:Uploads

[ 2016-12-29T19:24:50+08:00 ] ::1 /Uploads/Public/Uploads/2016-03-19/56ecc75e1312d.jpg
INFO: [ app_init ] --START--
INFO: Run Behavior\BuildLiteBehavior [ RunTime:0.000008s ]
INFO: [ app_init ] --END-- [ RunTime:0.000216s ]
ERR: æ— æ³•åŠ è½½æ¨¡å—:Uploads

[ 2016-12-29T19:24:51+08:00 ] ::1 /Uploads/Public/Uploads/2016-03-19/56ecc75e1312d.jpg
INFO: [ app_init ] --START--
INFO: Run Behavior\BuildLiteBehavior [ RunTime:0.000010s ]
INFO: [ app_init ] --END-- [ RunTime:0.000224s ]
ERR: æ— æ³•åŠ è½½æ¨¡å—:Uploads

[ 2016-12-29T19:25:48+08:00 ] ::1 /Uploads/Public/Uploads/2016-03-19/56ecc75e1312d.jpg
INFO: [ app_init ] --START--
INFO: Run Behavior\BuildLiteBehavior [ RunTime:0.000016s ]
INFO: [ app_init ] --END-- [ RunTime:0.000317s ]
ERR: æ— æ³•åŠ è½½æ¨¡å—:Uploads

[ 2016-12-29T19:26:02+08:00 ] ::1 /Uploads/Public/Uploads/2016-03-19/56ecc75e1312d.jpg
INFO: [ app_init ] --START--
INFO: Run Behavior\BuildLiteBehavior [ RunTime:0.000011s ]
INFO: [ app_init ] --END-- [ RunTime:0.000334s ]
ERR: æ— æ³•åŠ è½½æ¨¡å—:Uploads

[ 2016-12-29T19:26:04+08:00 ] ::1 /Uploads/Public/Uploads/2016-03-19/56ecc75e1312d.jpg
INFO: [ app_init ] --START--
INFO: Run Behavior\BuildLiteBehavior [ RunTime:0.000016s ]
INFO: [ app_init ] --END-- [ RunTime:0.000359s ]
ERR: æ— æ³•åŠ è½½æ¨¡å—:Uploads

[ 2016-12-29T19:26:28+08:00 ] ::1 /Uploads/Public/Uploads/2016-03-19/56ecc75e1312d.jpg
INFO: [ app_init ] --START--
INFO: Run Behavior\BuildLiteBehavior [ RunTime:0.000011s ]
INFO: [ app_init ] --END-- [ RunTime:0.000371s ]
ERR: æ— æ³•åŠ è½½æ¨¡å—:Uploads

[ 2016-12-29T19:27:52+08:00 ] ::1 /Uploads/Public/Uploads/2016-03-19/56ecc75e1312d.jpg
INFO: [ app_init ] --START--
INFO: Run Behavior\BuildLiteBehavior [ RunTime:0.000011s ]
INFO: [ app_init ] --END-- [ RunTime:0.000360s ]
ERR: æ— æ³•åŠ è½½æ¨¡å—:Uploads

[ 2016-12-29T19:27:53+08:00 ] ::1 /Uploads/Public/Uploads/2016-03-19/56ecc75e1312d.jpg
INFO: [ app_init ] --START--
INFO: Run Behavior\BuildLiteBehavior [ RunTime:0.000018s ]
INFO: [ app_init ] --END-- [ RunTime:0.000394s ]
ERR: æ— æ³•åŠ è½½æ¨¡å—:Uploads

[ 2016-12-29T19:27:53+08:00 ] ::1 /images/jubi/now.png
INFO: [ app_init ] --START--
INFO: Run Behavior\BuildLiteBehavior [ RunTime:0.000011s ]
INFO: [ app_init ] --END-- [ RunTime:0.000309s ]
ERR: æ— æ³•åŠ è½½æ¨¡å—:Images

[ 2016-12-29T19:27:55+08:00 ] ::1 /Uploads/Public/Uploads/2016-03-19/56ecc75e1312d.jpg
INFO: [ app_init ] --START--
INFO: Run Behavior\BuildLiteBehavior [ RunTime:0.000013s ]
INFO: [ app_init ] --END-- [ RunTime:0.000364s ]
ERR: æ— æ³•åŠ è½½æ¨¡å—:Uploads

[ 2016-12-29T19:27:55+08:00 ] ::1 /js/depth.js?t=0.005771102480732981
INFO: [ app_init ] --START--
INFO: Run Behavior\BuildLiteBehavior [ RunTime:0.000014s ]
INFO: [ app_init ] --END-- [ RunTime:0.000343s ]
ERR: æ— æ³•åŠ è½½æ¨¡å—:Js

[ 2016-12-29T19:27:55+08:00 ] ::1 /Uploads/Public/Uploads/2016-03-19/56ecc75e1312d.jpg
INFO: [ app_init ] --START--
INFO: Run Behavior\BuildLiteBehavior [ RunTime:0.000017s ]
INFO: [ app_init ] --END-- [ RunTime:0.000371s ]
ERR: æ— æ³•åŠ è½½æ¨¡å—:Uploads

[ 2016-12-29T19:30:34+08:00 ] ::1 /Uploads/Public/Uploads/2016-03-19/56ecc75e1312d.jpg
INFO: [ app_init ] --START--
INFO: Run Behavior\BuildLiteBehavior [ RunTime:0.000009s ]
INFO: [ app_init ] --END-- [ RunTime:0.000222s ]
ERR: æ— æ³•åŠ è½½æ¨¡å—:Uploads

[ 2016-12-29T19:30:34+08:00 ] ::1 /js/depth.js?t=0.014852971717119745
INFO: [ app_init ] --START--
INFO: Run Behavior\BuildLiteBehavior [ RunTime:0.000025s ]
INFO: [ app_init ] --END-- [ RunTime:0.000338s ]
ERR: æ— æ³•åŠ è½½æ¨¡å—:Js

[ 2016-12-29T19:30:34+08:00 ] ::1 /Uploads/Public/Uploads/2016-03-19/56ecc75e1312d.jpg
INFO: [ app_init ] --START--
INFO: Run Behavior\BuildLiteBehavior [ RunTime:0.000009s ]
INFO: [ app_init ] --END-- [ RunTime:0.000221s ]
ERR: æ— æ³•åŠ è½½æ¨¡å—:Uploads

