[ 2017-01-06T12:40:20+08:00 ] 127.0.0.1 /crossdomain.xml
INFO: [ app_init ] --START--
INFO: Run Behavior\BuildLiteBehavior [ RunTime:0.000017s ]
INFO: [ app_init ] --END-- [ RunTime:0.009533s ]
ERR: 无法加载模块:Crossdomain

ayer

[ 2017-01-06T12:40:20+08:00 ] 127.0.0.1 /player/addPlayerDurationReport?number=59&url=http%3A%2F%2Fplayer%2Eyouku%2Ecom%2Fembed%2FXMTY1ODcwMDY0OA%3D%3D&cs=263&source=out&pid=0edbfd2e4fc91b72&playComplete=0&Type=0&referUrl=null&ctype=10&emb=MTE5LjE4Ni45Ni4yNDYCNDE0Njc1MTYyAnBsYXllci55b3VrdS5jb20CL2VtYmVkL1hNVFkxT0Rjd01EWTBPQT09&format=2&currentPlayTime=0&hd=0&continuationPlay=1&winType=3&sid=048367761156310926e9e&topHdVideo=1&videoOwnerId=822913876&viewUserId=0&mtype=oth&rnd=9482&totalsec=182&guid=a3573f2d%2D8c84%2D9558%2Dd2ee%2D6C69EAA19c35&fullflag=0&videoid=414675162&showid%5Fv2=&ikuflag=u&langid=0&ev=1&timestamp=1483677619990&isvip=0&tk=0519&paystate=0&starttime=0&oip=2008703222&playstate=1&ct=n&Tid=0
INFO: [ app_init ] --START--
INFO: Run Behavior\BuildLiteBehavior [ RunTime:0.000012s ]
INFO: [ app_init ] --END-- [ RunTime:0.009508s ]
ERR: 无法加载模块:Player

[ 2017-01-06T12:40:20+08:00 ] 127.0.0.1 /player/addPlayerDynamicReport
INFO: [ app_init ] --START--
INFO: Run Behavior\BuildLiteBehavior [ RunTime:0.000029s ]
INFO: [ app_init ] --END-- [ RunTime:0.000749s ]
ERR: 无法加载模块:Player

[ 2017-01-06T12:40:24+08:00 ] 127.0.0.1 /player/addPlayerDurationReport?number=60&cs=263&source=out&pid=0edbfd2e4fc91b72&playComplete=0&rs=1&Type=0&ctype=10&format=2&currentPlayTime=0&hd=0&continuationPlay=1&winType=3&sid=048367761156310926e9e&topHdVideo=1&videoOwnerId=822913876&viewUserId=0&mtype=oth&rnd=13981&totalsec=182&guid=a3573f2d%2D8c84%2D9558%2Dd2ee%2D6C69EAA19c35&fullflag=0&videoid=414675162&showid%5Fv2=&ikuflag=u&langid=0&ev=1&timestamp=1483677624488&isvip=0&tk=0519&paystate=0&oip=2008703222&playstate=1&ct=n&Tid=0
INFO: [ app_init ] --START--
INFO: Run Behavior\BuildLiteBehavior [ RunTime:0.000012s ]
INFO: [ app_init ] --END-- [ RunTime:0.000294s ]
ERR: 无法加载模块:Player

[ 2017-01-06T12:40:24+08:00 ] 127.0.0.1 /crossdomain.xml
INFO: [ app_init ] --START--
INFO: Run Behavior\BuildLiteBehavior [ RunTime:0.000017s ]
INFO: [ app_init ] --END-- [ RunTime:0.000431s ]
ERR: 无法加载模块:Crossdomain

[ 2017-01-06T12:40:33+08:00 ] 127.0.0.1 /fullscreen.php?type=0&videoid=414675162&cs=263&rand=57673&guid=a3573f2d%2D8c84%2D9558%2Dd2ee%2D6C69EAA19c35&fullflag=1&ct=n&winType=3
INFO: [ app_init ] --START--
INFO: Run Behavior\BuildLiteBehavior [ RunTime:0.000010s ]
INFO: [ app_init ] --END-- [ RunTime:0.000258s ]
ERR: 无法加载模块:Fullscreen

[ 2017-01-06T12:41:28+08:00 ] 127.0.0.1 /player/addPlayerDurationReport?number=60&cs=263&source=out&pid=0edbfd2e4fc91b72&playComplete=0&Type=0&ctype=10&format=2&currentPlayTime=59%2E87&hd=0&continuationPlay=1&winType=3&sid=048367761156310926e9e&topHdVideo=1&videoOwnerId=822913876&viewUserId=0&mtype=oth&rnd=77613&totalsec=182&guid=a3573f2d%2D8c84%2D9558%2Dd2ee%2D6C69EAA19c35&fullflag=1&videoid=414675162&showid%5Fv2=&ikuflag=u&langid=0&ev=1&timestamp=1483677688120&isvip=0&tk=0519&paystate=0&oip=2008703222&playstate=1&ct=n&Tid=0
INFO: [ app_init ] --START--
INFO: Run Behavior\BuildLiteBehavior [ RunTime:0.000037s ]
INFO: [ app_init ] --END-- [ RunTime:0.001069s ]
ERR: 无法加载模块:Player

[ 2017-01-06T12:42:28+08:00 ] 127.0.0.1 /player/addPlayerDurationReport?number=60&cs=263&source=out&pid=0edbfd2e4fc91b72&playComplete=0&Type=0&ctype=10&format=2&currentPlayTime=140%2E548&hd=0&continuationPlay=1&winType=3&sid=048367761156310926e9e&topHdVideo=1&videoOwnerId=822913876&viewUserId=0&mtype=oth&rnd=138087&totalsec=182&guid=a3573f2d%2D8c84%2D9558%2Dd2ee%2D6C69EAA19c35&fullflag=1&videoid=414675162&showid%5Fv2=&ikuflag=u&langid=0&ev=1&timestamp=1483677748594&isvip=0&tk=0519&paystate=0&oip=2008703222&playstate=1&ct=n&Tid=0
INFO: [ app_init ] --START--
INFO: Run Behavior\BuildLiteBehavior [ RunTime:0.000011s ]
INFO: [ app_init ] --END-- [ RunTime:0.000321s ]
ERR: 无法加载模块:Player

[ 2017-01-06T12:43:00+08:00 ] 127.0.0.1 /crossdomain.xml
INFO: [ app_init ] --START--
INFO: Run Behavior\BuildLiteBehavior [ RunTime:0.000022s ]
INFO: [ app_init ] --END-- [ RunTime:0.000561s ]
ERR: 无法加载模块:Crossdomain

[ 2017-01-06T12:43:02+08:00 ] 127.0.0.1 /fullscreen.php?type=0&videoid=414675162&cs=263&rand=98319&guid=a3573f2d%2D8c84%2D9558%2Dd2ee%2D6C69EAA19c35&fullflag=0&ct=n&winType=3
INFO: [ app_init ] --START--
INFO: Run Behavior\BuildLiteBehavior [ RunTime:0.000011s ]
INFO: [ app_init ] --END-- [ RunTime:0.000277s ]
ERR: 无法加载模块:Fullscreen

[ 2017-01-06T12:43:10+08:00 ] 127.0.0.1 /player/addPlayerDynamicReport
INFO: [ app_init ] --START--
INFO: Run Behavior\BuildLiteBehavior [ RunTime:0.000013s ]
INFO: [ app_init ] --END-- [ RunTime:0.000311s ]
ERR: 无法加载模块:Player

[ 2017-01-06T12:43:10+08:00 ] 127.0.0.1 /player/addPlayerDynamicReport
INFO: [ app_init ] --START--
INFO: Run Behavior\BuildLiteBehavior [ RunTime:0.000053s ]
INFO: [ app_init ] --END-- [ RunTime:0.000424s ]
ERR: 无法加载模块:Player

[ 2017-01-06T12:43:10+08:00 ] 127.0.0.1 /player/addPlayerDurationReport?number=61&cs=263&source=out&pid=0edbfd2e4fc91b72&playComplete=1&Type=0&ctype=10&format=2&currentPlayTime=182%2E48&hd=0&continuationPlay=1&winType=3&sid=048367761156310926e9e&topHdVideo=1&videoOwnerId=822913876&viewUserId=0&mtype=oth&rnd=180229&totalsec=182&guid=a3573f2d%2D8c84%2D9558%2Dd2ee%2D6C69EAA19c35&fullflag=0&videoid=414675162&showid%5Fv2=&ikuflag=u&langid=0&ev=1&timestamp=1483677790738&isvip=0&tk=0519&paystate=0&oip=2008703222&playstate=1&ct=n&Tid=0
INFO: [ app_init ] --START--
INFO: Run Behavior\BuildLiteBehavior [ RunTime:0.000025s ]
INFO: [ app_init ] --END-- [ RunTime:0.000529s ]
ERR: 无法加载模块:Player

[ 2017-01-06T13:09:47+08:00 ] 127.0.0.1 /crossdomain.xml
INFO: [ app_init ] --START--
INFO: Run Behavior\BuildLiteBehavior [ RunTime:0.000012s ]
INFO: [ app_init ] --END-- [ RunTime:0.000346s ]
ERR: 无法加载模块:Crossdomain

[ 2017-01-06T13:09:48+08:00 ] 127.0.0.1 /player/addPlayerStaticReport
INFO: [ app_init ] --START--
INFO: Run Behavior\BuildLiteBehavior [ RunTime:0.000011s ]
INFO: [ app_init ] --END-- [ RunTime:0.000257s ]
ERR: 无法加载模块:Player

[ 2017-01-06T13:09:48+08:00 ] 127.0.0.1 /player/addPlayerDurationReport?number=59&url=http%3A%2F%2Fplayer%2Eyouku%2Ecom%2Fembed%2FXMTc0MDg0MjExMg%3D%3D&referUrl=null&cs=263&source=out&emb=MTE5LjE4Ni45Ni4yNDYCNDM1MjEwNTI4AnBsYXllci55b3VrdS5jb20CL2VtYmVkL1hNVGMwTURnME1qRXhNZz09&currentPlayTime=0&hd=0&continuationPlay=1&playComplete=0&format=2&totalsec=350&sid=048367938183910d73e6b&fullflag=0&viewUserId=0&pid=0edbfd2e4fc91b72&ikuflag=u&rnd=6680&topHdVideo=1&videoOwnerId=822913876&guid=a3573f2d%2D8c84%2D9558%2Dd2ee%2D6C69EAA19c35&tk=0549&showid%5Fv2=&starttime=0&ctype=10&langid=0&isvip=0&ct=n&videoid=435210528&winType=3&playstate=1&ev=1&timestamp=1483679388044&paystate=0&Tid=0&oip=2008703222&mtype=oth&Type=0
INFO: [ app_init ] --START--
INFO: Run Behavior\BuildLiteBehavior [ RunTime:0.000009s ]
INFO: [ app_init ] --END-- [ RunTime:0.000288s ]
ERR: 无法加载模块:Player

[ 2017-01-06T13:09:48+08:00 ] 127.0.0.1 /player/addPlayerDynamicReport
INFO: [ app_init ] --START--
INFO: Run Behavior\BuildLiteBehavior [ RunTime:0.000037s ]
INFO: [ app_init ] --END-- [ RunTime:0.000869s ]
ERR: 无法加载模块:Player

[ 2017-01-06T13:09:49+08:00 ] 127.0.0.1 /player/addPlayerDurationReport?number=60&rs=1&cs=263&source=out&pid=0edbfd2e4fc91b72&currentPlayTime=0&hd=0&continuationPlay=1&playComplete=0&format=2&topHdVideo=1&sid=048367938183910d73e6b&fullflag=0&viewUserId=0&ctype=10&ikuflag=u&rnd=8253&totalsec=350&videoOwnerId=822913876&guid=a3573f2d%2D8c84%2D9558%2Dd2ee%2D6C69EAA19c35&tk=0549&showid%5Fv2=&winType=3&oip=2008703222&langid=0&isvip=0&ct=n&videoid=435210528&mtype=oth&playstate=1&ev=1&timestamp=1483679389615&paystate=0&Tid=0&Type=0
INFO: [ app_init ] --START--
INFO: Run Behavior\BuildLiteBehavior [ RunTime:0.000009s ]
INFO: [ app_init ] --END-- [ RunTime:0.000222s ]
ERR: 无法加载模块:Player

[ 2017-01-06T13:09:49+08:00 ] 127.0.0.1 /crossdomain.xml
INFO: [ app_init ] --START--
INFO: Run Behavior\BuildLiteBehavior [ RunTime:0.000021s ]
INFO: [ app_init ] --END-- [ RunTime:0.000567s ]
ERR: 无法加载模块:Crossdomain

[ 2017-01-06T13:10:05+08:00 ] 127.0.0.1 /fullscreen.php?guid=a3573f2d%2D8c84%2D9558%2Dd2ee%2D6C69EAA19c35&fullflag=1&winType=3&cs=263&type=0&ct=n&videoid=435210528&rand=78725
INFO: [ app_init ] --START--
INFO: Run Behavior\BuildLiteBehavior [ RunTime:0.000013s ]
INFO: [ app_init ] --END-- [ RunTime:0.000254s ]
ERR: 无法加载模块:Fullscreen

[ 2017-01-06T13:10:49+08:00 ] 127.0.0.1 /player/addPlayerDurationReport?number=60&cs=263&source=out&pid=0edbfd2e4fc91b72&currentPlayTime=60%2E026&hd=0&continuationPlay=1&playComplete=0&format=2&topHdVideo=1&sid=048367938183910d73e6b&fullflag=1&viewUserId=0&ctype=10&ikuflag=u&rnd=68241&totalsec=350&videoOwnerId=822913876&guid=a3573f2d%2D8c84%2D9558%2Dd2ee%2D6C69EAA19c35&tk=0549&showid%5Fv2=&winType=3&oip=2008703222&langid=0&isvip=0&ct=n&videoid=435210528&mtype=oth&playstate=1&ev=1&timestamp=1483679449610&paystate=0&Tid=0&Type=0
INFO: [ app_init ] --START--
INFO: Run Behavior\BuildLiteBehavior [ RunTime:0.000014s ]
INFO: [ app_init ] --END-- [ RunTime:0.000341s ]
ERR: 无法加载模块:Player

[ 2017-01-06T13:11:49+08:00 ] 127.0.0.1 /player/addPlayerDurationReport?number=60&cs=263&source=out&pid=0edbfd2e4fc91b72&currentPlayTime=120%2E03&hd=0&continuationPlay=1&playComplete=0&format=2&topHdVideo=1&sid=048367938183910d73e6b&fullflag=1&viewUserId=0&ctype=10&ikuflag=u&rnd=128246&totalsec=350&videoOwnerId=822913876&guid=a3573f2d%2D8c84%2D9558%2Dd2ee%2D6C69EAA19c35&tk=0549&showid%5Fv2=&winType=3&oip=2008703222&langid=0&isvip=0&ct=n&videoid=435210528&mtype=oth&playstate=1&ev=1&timestamp=1483679509609&paystate=0&Tid=0&Type=0
INFO: [ app_init ] --START--
INFO: Run Behavior\BuildLiteBehavior [ RunTime:0.000021s ]
INFO: [ app_init ] --END-- [ RunTime:0.000595s ]
ERR: 无法加载模块:Player

[ 2017-01-06T13:12:49+08:00 ] 127.0.0.1 /player/addPlayerDurationReport?number=60&cs=263&source=out&pid=0edbfd2e4fc91b72&currentPlayTime=180%2E033&hd=0&continuationPlay=1&playComplete=0&format=2&topHdVideo=1&sid=048367938183910d73e6b&fullflag=1&viewUserId=0&ctype=10&ikuflag=u&rnd=188249&totalsec=350&videoOwnerId=822913876&guid=a3573f2d%2D8c84%2D9558%2Dd2ee%2D6C69EAA19c35&tk=0549&showid%5Fv2=&winType=3&oip=2008703222&langid=0&isvip=0&ct=n&videoid=435210528&mtype=oth&playstate=1&ev=1&timestamp=1483679569611&paystate=0&Tid=0&Type=0
INFO: [ app_init ] --START--
INFO: Run Behavior\BuildLiteBehavior [ RunTime:0.000016s ]
INFO: [ app_init ] --END-- [ RunTime:0.000398s ]
ERR: 无法加载模块:Player

[ 2017-01-06T13:13:49+08:00 ] 127.0.0.1 /player/addPlayerDurationReport?number=60&cs=263&source=out&pid=0edbfd2e4fc91b72&currentPlayTime=240%2E055&hd=0&continuationPlay=1&playComplete=0&format=2&topHdVideo=1&sid=048367938183910d73e6b&fullflag=1&viewUserId=0&ctype=10&ikuflag=u&rnd=248275&totalsec=350&videoOwnerId=822913876&guid=a3573f2d%2D8c84%2D9558%2Dd2ee%2D6C69EAA19c35&tk=0549&showid%5Fv2=&winType=3&oip=2008703222&langid=0&isvip=0&ct=n&videoid=435210528&mtype=oth&playstate=1&ev=1&timestamp=1483679629641&paystate=0&Tid=0&Type=0
INFO: [ app_init ] --START--
INFO: Run Behavior\BuildLiteBehavior [ RunTime:0.000011s ]
INFO: [ app_init ] --END-- [ RunTime:0.000284s ]
ERR: 无法加载模块:Player

[ 2017-01-06T13:14:49+08:00 ] 127.0.0.1 /player/addPlayerDurationReport?number=60&cs=263&source=out&pid=0edbfd2e4fc91b72&currentPlayTime=300%2E135&hd=0&continuationPlay=1&playComplete=0&format=2&topHdVideo=1&sid=048367938183910d73e6b&fullflag=1&viewUserId=0&ctype=10&ikuflag=u&rnd=308358&totalsec=350&videoOwnerId=822913876&guid=a3573f2d%2D8c84%2D9558%2Dd2ee%2D6C69EAA19c35&tk=0549&showid%5Fv2=&winType=3&oip=2008703222&langid=0&isvip=0&ct=n&videoid=435210528&mtype=oth&playstate=1&ev=1&timestamp=1483679689721&paystate=0&Tid=0&Type=0
INFO: [ app_init ] --START--
INFO: Run Behavior\BuildLiteBehavior [ RunTime:0.000028s ]
INFO: [ app_init ] --END-- [ RunTime:0.000755s ]
ERR: 无法加载模块:Player

[ 2017-01-06T13:15:29+08:00 ] 127.0.0.1 /crossdomain.xml
INFO: [ app_init ] --START--
INFO: Run Behavior\BuildLiteBehavior [ RunTime:0.000014s ]
INFO: [ app_init ] --END-- [ RunTime:0.000331s ]
ERR: 无法加载模块:Crossdomain

[ 2017-01-06T13:15:32+08:00 ] 127.0.0.1 /fullscreen.php?guid=a3573f2d%2D8c84%2D9558%2Dd2ee%2D6C69EAA19c35&fullflag=0&winType=3&cs=263&type=0&ct=n&videoid=435210528&rand=37965
INFO: [ app_init ] --START--
INFO: Run Behavior\BuildLiteBehavior [ RunTime:0.000010s ]
INFO: [ app_init ] --END-- [ RunTime:0.000334s ]
ERR: 无法加载模块:Fullscreen

[ 2017-01-06T13:15:37+08:00 ] 127.0.0.1 /crossdomain.xml
INFO: [ app_init ] --START--
INFO: Run Behavior\BuildLiteBehavior [ RunTime:0.000009s ]
INFO: [ app_init ] --END-- [ RunTime:0.000233s ]
ERR: 无法加载模块:Crossdomain

[ 2017-01-06T13:21:09+08:00 ] 127.0.0.1 /crossdomain.xml
INFO: [ app_init ] --START--
INFO: Run Behavior\BuildLiteBehavior [ RunTime:0.000011s ]
INFO: [ app_init ] --END-- [ RunTime:0.000279s ]
ERR: 无法加载模块:Crossdomain

[ 2017-01-06T13:21:09+08:00 ] 127.0.0.1 /player/addPlayerStaticReport
INFO: [ app_init ] --START--
INFO: Run Behavior\BuildLiteBehavior [ RunTime:0.000010s ]
INFO: [ app_init ] --END-- [ RunTime:0.000275s ]
ERR: 无法加载模块:Player

[ 2017-01-06T13:21:09+08:00 ] 127.0.0.1 /player/addPlayerDurationReport?number=59&playComplete=0&url=http%3A%2F%2Fplayer%2Eyouku%2Ecom%2Fembed%2FXMTc0MDg0MjExMg%3D%3D&cs=263&source=out&referUrl=null&emb=MTE5LjE4Ni45Ni4yNDYCNDM1MjEwNTI4AnBsYXllci55b3VrdS5jb20CL2VtYmVkL1hNVGMwTURnME1qRXhNZz09&currentPlayTime=0&hd=0&Type=0&continuationPlay=1&format=2&sid=04836800622761023db5b&totalsec=350&videoOwnerId=822913876&pid=0edbfd2e4fc91b72&fullflag=0&viewUserId=0&ikuflag=u&rnd=7812&topHdVideo=1&guid=a3573f2d%2D8c84%2D9558%2Dd2ee%2D6C69EAA19c35&winType=3&ctype=10&showid%5Fv2=&starttime=0&oip=2008703222&isvip=0&videoid=435210528&tk=0534&paystate=0&langid=0&mtype=oth&timestamp=1483680069423&ct=n&Tid=0&playstate=1&ev=1
INFO: [ app_init ] --START--
INFO: Run Behavior\BuildLiteBehavior [ RunTime:0.000010s ]
INFO: [ app_init ] --END-- [ RunTime:0.000275s ]
ERR: 无法加载模块:Player

[ 2017-01-06T13:21:19+08:00 ] 127.0.0.1 /crossdomain.xml
INFO: [ app_init ] --START--
INFO: Run Behavior\BuildLiteBehavior [ RunTime:0.000021s ]
INFO: [ app_init ] --END-- [ RunTime:0.000361s ]
ERR: 无法加载模块:Crossdomain

[ 2017-01-06T13:21:19+08:00 ] 127.0.0.1 /player/addPlayerStaticReport
INFO: [ app_init ] --START--
INFO: Run Behavior\BuildLiteBehavior [ RunTime:0.000009s ]
INFO: [ app_init ] --END-- [ RunTime:0.000224s ]
ERR: 无法加载模块:Player

[ 2017-01-06T13:21:19+08:00 ] 127.0.0.1 /player/addPlayerDurationReport?number=59&url=http%3A%2F%2Fplayer%2Eyouku%2Ecom%2Fembed%2FXMTc0MDg0MjExMg%3D%3D&referUrl=null&cs=263&playComplete=0&emb=MTE5LjE4Ni45Ni4yNDYCNDM1MjEwNTI4AnBsYXllci55b3VrdS5jb20CL2VtYmVkL1hNVGMwTURnME1qRXhNZz09&currentPlayTime=0&hd=0&continuationPlay=1&source=out&pid=0edbfd2e4fc91b72&format=2&totalsec=350&sid=0483680075099103e5df1&fullflag=0&viewUserId=0&ctype=10&ikuflag=u&rnd=5154&topHdVideo=1&videoOwnerId=822913876&guid=a3573f2d%2D8c84%2D9558%2Dd2ee%2D6C69EAA19c35&tk=0549&showid%5Fv2=&starttime=0&oip=2008703222&langid=0&isvip=0&paystate=0&videoid=435210528&winType=3&playstate=1&ev=1&timestamp=1483680079630&ct=n&Tid=0&mtype=oth&Type=0
INFO: [ app_init ] --START--
INFO: Run Behavior\BuildLiteBehavior [ RunTime:0.000010s ]
INFO: [ app_init ] --END-- [ RunTime:0.000232s ]
ERR: 无法加载模块:Player

[ 2017-01-06T13:21:58+08:00 ] 127.0.0.1 /player/addPlayerDynamicReport
INFO: [ app_init ] --START--
INFO: Run Behavior\BuildLiteBehavior [ RunTime:0.000010s ]
INFO: [ app_init ] --END-- [ RunTime:0.000237s ]
ERR: 无法加载模块:Player

[ 2017-01-06T13:22:00+08:00 ] 127.0.0.1 /player/addPlayerDurationReport?number=60&rs=1&cs=263&playComplete=0&pid=0edbfd2e4fc91b72&currentPlayTime=0&hd=0&continuationPlay=1&source=out&ctype=10&format=2&topHdVideo=1&sid=0483680075099103e5df1&fullflag=0&viewUserId=0&ikuflag=u&rnd=45938&totalsec=350&videoOwnerId=822913876&guid=a3573f2d%2D8c84%2D9558%2Dd2ee%2D6C69EAA19c35&tk=0549&showid%5Fv2=&winType=3&oip=2008703222&langid=0&isvip=0&paystate=0&videoid=435210528&mtype=oth&playstate=1&ev=1&timestamp=1483680120414&ct=n&Tid=0&Type=0
INFO: [ app_init ] --START--
INFO: Run Behavior\BuildLiteBehavior [ RunTime:0.000012s ]
INFO: [ app_init ] --END-- [ RunTime:0.000268s ]
ERR: 无法加载模块:Player

[ 2017-01-06T13:22:06+08:00 ] 127.0.0.1 /crossdomain.xml
INFO: [ app_init ] --START--
INFO: Run Behavior\BuildLiteBehavior [ RunTime:0.000009s ]
INFO: [ app_init ] --END-- [ RunTime:0.000223s ]
ERR: 无法加载模块:Crossdomain

[ 2017-01-06T13:22:44+08:00 ] 127.0.0.1 /crossdomain.xml
INFO: [ app_init ] --START--
INFO: Run Behavior\BuildLiteBehavior [ RunTime:0.000009s ]
INFO: [ app_init ] --END-- [ RunTime:0.000234s ]
ERR: 无法加载模块:Crossdomain

[ 2017-01-06T17:21:05+08:00 ] ::1 /%EF%BF%A52717.80%20_%20%E3%80%90%E7%81%AB%E5%B8%81%E3%80%91%E8%99%9A%E6%8B%9F%E8%B4%A7%E5%B8%81%E4%BA%A4%E6%98%93_%E6%AF%94%E7%89%B9%E5%B8%81%E4%BA%A4%E6%98%93%E5%B9%B3%E5%8F%B0_%E8%99%9A%E6%8B%9F%E5%B8%81%E8%8E%B1%E7%89%B9%E5%B8%81_%E6%AF%94%E7%89%B9%E5%B8%81%E5%AE%98%E7%BD%91_files/page_glb_var.js
INFO: [ app_init ] --START--
INFO: Run Behavior\BuildLiteBehavior [ RunTime:0.000012s ]
INFO: [ app_init ] --END-- [ RunTime:0.000293s ]
ERR: 无法加载模块:￥2717.80 _ 【火币】虚拟货币交易_比特币交易平台_虚拟币莱特币_比特币官网_files

[ 2017-01-06T17:21:05+08:00 ] ::1 /Uploads/Public/Uploads/2016-03-19/56ecc75e1312d.jpg
INFO: [ app_init ] --START--
INFO: Run Behavior\BuildLiteBehavior [ RunTime:0.000009s ]
INFO: [ app_init ] --END-- [ RunTime:0.000247s ]
ERR: 无法加载模块:Uploads

[ 2017-01-06T17:21:05+08:00 ] ::1 /%EF%BF%A52717.80%20_%20%E3%80%90%E7%81%AB%E5%B8%81%E3%80%91%E8%99%9A%E6%8B%9F%E8%B4%A7%E5%B8%81%E4%BA%A4%E6%98%93_%E6%AF%94%E7%89%B9%E5%B8%81%E4%BA%A4%E6%98%93%E5%B9%B3%E5%8F%B0_%E8%99%9A%E6%8B%9F%E5%B8%81%E8%8E%B1%E7%89%B9%E5%B8%81_%E6%AF%94%E7%89%B9%E5%B8%81%E5%AE%98%E7%BD%91_files/page_glb_var.js
INFO: [ app_init ] --START--
INFO: Run Behavior\BuildLiteBehavior [ RunTime:0.000010s ]
INFO: [ app_init ] --END-- [ RunTime:0.000328s ]
ERR: 无法加载模块:￥2717.80 _ 【火币】虚拟货币交易_比特币交易平台_虚拟币莱特币_比特币官网_files

[ 2017-01-06T17:21:05+08:00 ] ::1 /Public/Home/js/dist/page_index.js
INFO: [ app_init ] --START--
INFO: Run Behavior\BuildLiteBehavior [ RunTime:0.000011s ]
INFO: [ app_init ] --END-- [ RunTime:0.000237s ]
ERR: 无法加载模块:Public

[ 2017-01-06T17:21:05+08:00 ] ::1 /Uploads/Public/Uploads/2016-03-19/56ecc75e1312d.jpg
INFO: [ app_init ] --START--
INFO: Run Behavior\BuildLiteBehavior [ RunTime:0.000010s ]
INFO: [ app_init ] --END-- [ RunTime:0.000265s ]
ERR: 无法加载模块:Uploads

[ 2017-01-06T17:39:54+08:00 ] ::1 /Uploads/Public/Uploads/2016-03-19/56ecc75e1312d.jpg
INFO: [ app_init ] --START--
INFO: Run Behavior\BuildLiteBehavior [ RunTime:0.000015s ]
INFO: [ app_init ] --END-- [ RunTime:0.000387s ]
ERR: 无法加载模块:Uploads

[ 2017-01-06T17:39:54+08:00 ] ::1 /%EF%BF%A52717.80%20_%20%E3%80%90%E7%81%AB%E5%B8%81%E3%80%91%E8%99%9A%E6%8B%9F%E8%B4%A7%E5%B8%81%E4%BA%A4%E6%98%93_%E6%AF%94%E7%89%B9%E5%B8%81%E4%BA%A4%E6%98%93%E5%B9%B3%E5%8F%B0_%E8%99%9A%E6%8B%9F%E5%B8%81%E8%8E%B1%E7%89%B9%E5%B8%81_%E6%AF%94%E7%89%B9%E5%B8%81%E5%AE%98%E7%BD%91_files/page_glb_var.js
INFO: [ app_init ] --START--
INFO: Run Behavior\BuildLiteBehavior [ RunTime:0.000010s ]
INFO: [ app_init ] --END-- [ RunTime:0.000288s ]
ERR: 无法加载模块:￥2717.80 _ 【火币】虚拟货币交易_比特币交易平台_虚拟币莱特币_比特币官网_files

[ 2017-01-06T17:39:54+08:00 ] ::1 /%EF%BF%A52717.80%20_%20%E3%80%90%E7%81%AB%E5%B8%81%E3%80%91%E8%99%9A%E6%8B%9F%E8%B4%A7%E5%B8%81%E4%BA%A4%E6%98%93_%E6%AF%94%E7%89%B9%E5%B8%81%E4%BA%A4%E6%98%93%E5%B9%B3%E5%8F%B0_%E8%99%9A%E6%8B%9F%E5%B8%81%E8%8E%B1%E7%89%B9%E5%B8%81_%E6%AF%94%E7%89%B9%E5%B8%81%E5%AE%98%E7%BD%91_files/page_glb_var.js
INFO: [ app_init ] --START--
INFO: Run Behavior\BuildLiteBehavior [ RunTime:0.000009s ]
INFO: [ app_init ] --END-- [ RunTime:0.000218s ]
ERR: 无法加载模块:￥2717.80 _ 【火币】虚拟货币交易_比特币交易平台_虚拟币莱特币_比特币官网_files

[ 2017-01-06T17:39:54+08:00 ] ::1 /Public/Home/js/dist/page_index.js
INFO: [ app_init ] --START--
INFO: Run Behavior\BuildLiteBehavior [ RunTime:0.000014s ]
INFO: [ app_init ] --END-- [ RunTime:0.000310s ]
ERR: 无法加载模块:Public

[ 2017-01-06T17:39:54+08:00 ] ::1 /Uploads/Public/Uploads/2016-03-19/56ecc75e1312d.jpg
INFO: [ app_init ] --START--
INFO: Run Behavior\BuildLiteBehavior [ RunTime:0.000014s ]
INFO: [ app_init ] --END-- [ RunTime:0.000378s ]
ERR: 无法加载模块:Uploads

[ 2017-01-06T17:40:14+08:00 ] ::1 /Public/Admin/iconfont/iconfont/iconfont.woff?t=1458976880
INFO: [ app_init ] --START--
INFO: Run Behavior\BuildLiteBehavior [ RunTime:0.000013s ]
INFO: [ app_init ] --END-- [ RunTime:0.000317s ]
ERR: 无法加载模块:Public

[ 2017-01-06T17:40:20+08:00 ] ::1 /Public/kindeditor/plugins/prettify.js
INFO: [ app_init ] --START--
INFO: Run Behavior\BuildLiteBehavior [ RunTime:0.000011s ]
INFO: [ app_init ] --END-- [ RunTime:0.000256s ]
ERR: 无法加载模块:Public

[ 2017-01-06T17:40:20+08:00 ] ::1 /Public/Admin/iconfont/iconfont/iconfont.woff?t=1458976880
INFO: [ app_init ] --START--
INFO: Run Behavior\BuildLiteBehavior [ RunTime:0.000009s ]
INFO: [ app_init ] --END-- [ RunTime:0.000238s ]
ERR: 无法加载模块:Public

[ 2017-01-06T17:40:21+08:00 ] ::1 /Public/kindeditor/plugins/prettify.js
INFO: [ app_init ] --START--
INFO: Run Behavior\BuildLiteBehavior [ RunTime:0.000009s ]
INFO: [ app_init ] --END-- [ RunTime:0.000219s ]
ERR: 无法加载模块:Public

[ 2017-01-06T17:40:24+08:00 ] ::1 /Public/Admin/iconfont/iconfont/iconfont.woff?t=1458976880
INFO: [ app_init ] --START--
INFO: Run Behavior\BuildLiteBehavior [ RunTime:0.000012s ]
INFO: [ app_init ] --END-- [ RunTime:0.000251s ]
ERR: 无法加载模块:Public

[ 2017-01-06T17:40:29+08:00 ] ::1 /Public/Admin/iconfont/iconfont/iconfont.woff?t=1458976880
INFO: [ app_init ] --START--
INFO: Run Behavior\BuildLiteBehavior [ RunTime:0.000010s ]
INFO: [ app_init ] --END-- [ RunTime:0.000272s ]
ERR: 无法加载模块:Public

[ 2017-01-06T17:40:33+08:00 ] ::1 /Public/Admin/iconfont/iconfont/iconfont.woff?t=1458976880
INFO: [ app_init ] --START--
INFO: Run Behavior\BuildLiteBehavior [ RunTime:0.000016s ]
INFO: [ app_init ] --END-- [ RunTime:0.000357s ]
ERR: 无法加载模块:Public

[ 2017-01-06T17:40:37+08:00 ] ::1 /Public/Admin/iconfont/iconfont/iconfont.woff?t=1458976880
INFO: [ app_init ] --START--
INFO: Run Behavior\BuildLiteBehavior [ RunTime:0.000018s ]
INFO: [ app_init ] --END-- [ RunTime:0.000343s ]
ERR: 无法加载模块:Public

[ 2017-01-06T17:40:42+08:00 ] ::1 /Public/Admin/iconfont/iconfont/iconfont.woff?t=1458976880
INFO: [ app_init ] --START--
INFO: Run Behavior\BuildLiteBehavior [ RunTime:0.000010s ]
INFO: [ app_init ] --END-- [ RunTime:0.000224s ]
ERR: 无法加载模块:Public

[ 2017-01-06T17:40:45+08:00 ] ::1 /Public/Admin/iconfont/iconfont/iconfont.woff?t=1458976880
INFO: [ app_init ] --START--
INFO: Run Behavior\BuildLiteBehavior [ RunTime:0.000010s ]
INFO: [ app_init ] --END-- [ RunTime:0.000240s ]
ERR: 无法加载模块:Public

[ 2017-01-06T17:40:50+08:00 ] ::1 /Public/Admin/iconfont/iconfont/iconfont.woff?t=1458976880
INFO: [ app_init ] --START--
INFO: Run Behavior\BuildLiteBehavior [ RunTime:0.000012s ]
INFO: [ app_init ] --END-- [ RunTime:0.000297s ]
ERR: 无法加载模块:Public

[ 2017-01-06T17:40:55+08:00 ] ::1 /Public/Admin/iconfont/iconfont/iconfont.woff?t=1458976880
INFO: [ app_init ] --START--
INFO: Run Behavior\BuildLiteBehavior [ RunTime:0.000009s ]
INFO: [ app_init ] --END-- [ RunTime:0.000260s ]
ERR: 无法加载模块:Public

[ 2017-01-06T17:40:59+08:00 ] ::1 /Public/Admin/iconfont/iconfont/iconfont.woff?t=1458976880
INFO: [ app_init ] --START--
INFO: Run Behavior\BuildLiteBehavior [ RunTime:0.000010s ]
INFO: [ app_init ] --END-- [ RunTime:0.000253s ]
ERR: 无法加载模块:Public

[ 2017-01-06T17:41:03+08:00 ] ::1 /Public/Admin/iconfont/iconfont/iconfont.woff?t=1458976880
INFO: [ app_init ] --START--
INFO: Run Behavior\BuildLiteBehavior [ RunTime:0.000009s ]
INFO: [ app_init ] --END-- [ RunTime:0.000278s ]
ERR: 无法加载模块:Public

[ 2017-01-06T17:41:06+08:00 ] ::1 /Public/Admin/iconfont/iconfont/iconfont.woff?t=1458976880
INFO: [ app_init ] --START--
INFO: Run Behavior\BuildLiteBehavior [ RunTime:0.000010s ]
INFO: [ app_init ] --END-- [ RunTime:0.000330s ]
ERR: 无法加载模块:Public

[ 2017-01-06T17:41:12+08:00 ] ::1 /Public/Admin/iconfont/iconfont/iconfont.woff?t=1458976880
INFO: [ app_init ] --START--
INFO: Run Behavior\BuildLiteBehavior [ RunTime:0.000010s ]
INFO: [ app_init ] --END-- [ RunTime:0.000239s ]
ERR: 无法加载模块:Public

[ 2017-01-06T17:41:16+08:00 ] ::1 /Public/Admin/iconfont/iconfont/iconfont.woff?t=1458976880
INFO: [ app_init ] --START--
INFO: Run Behavior\BuildLiteBehavior [ RunTime:0.000009s ]
INFO: [ app_init ] --END-- [ RunTime:0.000236s ]
ERR: 无法加载模块:Public

[ 2017-01-06T17:41:21+08:00 ] ::1 /Public/Admin/iconfont/iconfont/iconfont.woff?t=1458976880
INFO: [ app_init ] --START--
INFO: Run Behavior\BuildLiteBehavior [ RunTime:0.000016s ]
INFO: [ app_init ] --END-- [ RunTime:0.000360s ]
ERR: 无法加载模块:Public

[ 2017-01-06T17:41:21+08:00 ] ::1 /Public/Admin/css/images/ui-bg_highlight-soft_100_eeeeee_1x100.png
INFO: [ app_init ] --START--
INFO: Run Behavior\BuildLiteBehavior [ RunTime:0.000009s ]
INFO: [ app_init ] --END-- [ RunTime:0.000224s ]
ERR: 无法加载模块:Public

[ 2017-01-06T17:41:23+08:00 ] ::1 /Public/Admin/css/images/ui-bg_glass_100_f6f6f6_1x400.png
INFO: [ app_init ] --START--
INFO: Run Behavior\BuildLiteBehavior [ RunTime:0.000010s ]
INFO: [ app_init ] --END-- [ RunTime:0.000242s ]
ERR: 无法加载模块:Public

[ 2017-01-06T17:41:23+08:00 ] ::1 /Public/Admin/css/images/ui-bg_glass_65_ffffff_1x400.png
INFO: [ app_init ] --START--
INFO: Run Behavior\BuildLiteBehavior [ RunTime:0.000010s ]
INFO: [ app_init ] --END-- [ RunTime:0.000247s ]
ERR: 无法加载模块:Public

[ 2017-01-06T17:41:23+08:00 ] ::1 /Public/Admin/css/images/ui-bg_gloss-wave_35_f6a828_500x100.png
INFO: [ app_init ] --START--
INFO: Run Behavior\BuildLiteBehavior [ RunTime:0.000010s ]
INFO: [ app_init ] --END-- [ RunTime:0.000227s ]
ERR: 无法加载模块:Public

[ 2017-01-06T17:41:24+08:00 ] ::1 /Public/Admin/css/images/ui-icons_ef8c08_256x240.png
INFO: [ app_init ] --START--
INFO: Run Behavior\BuildLiteBehavior [ RunTime:0.000014s ]
INFO: [ app_init ] --END-- [ RunTime:0.000383s ]
ERR: 无法加载模块:Public

[ 2017-01-06T17:41:24+08:00 ] ::1 /Public/Admin/css/images/ui-bg_glass_100_fdf5ce_1x400.png
INFO: [ app_init ] --START--
INFO: Run Behavior\BuildLiteBehavior [ RunTime:0.000015s ]
INFO: [ app_init ] --END-- [ RunTime:0.000384s ]
ERR: 无法加载模块:Public

[ 2017-01-06T17:41:28+08:00 ] ::1 /Public/Admin/iconfont/iconfont/iconfont.woff?t=1458976880
INFO: [ app_init ] --START--
INFO: Run Behavior\BuildLiteBehavior [ RunTime:0.000015s ]
INFO: [ app_init ] --END-- [ RunTime:0.000337s ]
ERR: 无法加载模块:Public

[ 2017-01-06T17:41:31+08:00 ] ::1 /Public/Admin/iconfont/iconfont/iconfont.woff?t=1458976880
INFO: [ app_init ] --START--
INFO: Run Behavior\BuildLiteBehavior [ RunTime:0.000017s ]
INFO: [ app_init ] --END-- [ RunTime:0.000370s ]
ERR: 无法加载模块:Public

[ 2017-01-06T17:41:33+08:00 ] ::1 /Public/Admin/iconfont/iconfont/iconfont.woff?t=1458976880
INFO: [ app_init ] --START--
INFO: Run Behavior\BuildLiteBehavior [ RunTime:0.000011s ]
INFO: [ app_init ] --END-- [ RunTime:0.000262s ]
ERR: 无法加载模块:Public

[ 2017-01-06T17:41:35+08:00 ] ::1 /Public/Admin/iconfont/iconfont/iconfont.woff?t=1458976880
INFO: [ app_init ] --START--
INFO: Run Behavior\BuildLiteBehavior [ RunTime:0.000018s ]
INFO: [ app_init ] --END-- [ RunTime:0.000363s ]
ERR: 无法加载模块:Public

[ 2017-01-06T17:41:38+08:00 ] ::1 /Public/Admin/iconfont/iconfont/iconfont.woff?t=1458976880
INFO: [ app_init ] --START--
INFO: Run Behavior\BuildLiteBehavior [ RunTime:0.000013s ]
INFO: [ app_init ] --END-- [ RunTime:0.000300s ]
ERR: 无法加载模块:Public

[ 2017-01-06T17:41:42+08:00 ] ::1 /Public/Admin/iconfont/iconfont/iconfont.woff?t=1458976880
INFO: [ app_init ] --START--
INFO: Run Behavior\BuildLiteBehavior [ RunTime:0.000016s ]
INFO: [ app_init ] --END-- [ RunTime:0.000471s ]
ERR: 无法加载模块:Public

[ 2017-01-06T17:41:44+08:00 ] ::1 /Public/Admin/iconfont/iconfont/iconfont.woff?t=1458976880
INFO: [ app_init ] --START--
INFO: Run Behavior\BuildLiteBehavior [ RunTime:0.000010s ]
INFO: [ app_init ] --END-- [ RunTime:0.000227s ]
ERR: 无法加载模块:Public

[ 2017-01-06T17:41:47+08:00 ] ::1 /Public/Admin/iconfont/iconfont/iconfont.woff?t=1458976880
INFO: [ app_init ] --START--
INFO: Run Behavior\BuildLiteBehavior [ RunTime:0.000010s ]
INFO: [ app_init ] --END-- [ RunTime:0.000227s ]
ERR: 无法加载模块:Public

[ 2017-01-06T17:41:53+08:00 ] ::1 /Public/Admin/iconfont/iconfont/iconfont.woff?t=1458976880
INFO: [ app_init ] --START--
INFO: Run Behavior\BuildLiteBehavior [ RunTime:0.000011s ]
INFO: [ app_init ] --END-- [ RunTime:0.000236s ]
ERR: 无法加载模块:Public

[ 2017-01-06T17:41:57+08:00 ] ::1 /Public/Admin/iconfont/iconfont/iconfont.woff?t=1458976880
INFO: [ app_init ] --START--
INFO: Run Behavior\BuildLiteBehavior [ RunTime:0.000009s ]
INFO: [ app_init ] --END-- [ RunTime:0.000256s ]
ERR: 无法加载模块:Public

[ 2017-01-06T17:42:00+08:00 ] ::1 /Public/Admin/iconfont/iconfont/iconfont.woff?t=1458976880
INFO: [ app_init ] --START--
INFO: Run Behavior\BuildLiteBehavior [ RunTime:0.000009s ]
INFO: [ app_init ] --END-- [ RunTime:0.000223s ]
ERR: 无法加载模块:Public

[ 2017-01-06T17:42:04+08:00 ] ::1 /Public/Admin/iconfont/iconfont/iconfont.woff?t=1458976880
INFO: [ app_init ] --START--
INFO: Run Behavior\BuildLiteBehavior [ RunTime:0.000009s ]
INFO: [ app_init ] --END-- [ RunTime:0.000221s ]
ERR: 无法加载模块:Public

[ 2017-01-06T17:42:07+08:00 ] ::1 /Public/Admin/iconfont/iconfont/iconfont.woff?t=1458976880
INFO: [ app_init ] --START--
INFO: Run Behavior\BuildLiteBehavior [ RunTime:0.000026s ]
INFO: [ app_init ] --END-- [ RunTime:0.000356s ]
ERR: 无法加载模块:Public

[ 2017-01-06T17:42:11+08:00 ] ::1 /Public/Admin/iconfont/iconfont/iconfont.woff?t=1458976880
INFO: [ app_init ] --START--
INFO: Run Behavior\BuildLiteBehavior [ RunTime:0.000010s ]
INFO: [ app_init ] --END-- [ RunTime:0.000223s ]
ERR: 无法加载模块:Public

[ 2017-01-06T17:42:20+08:00 ] ::1 /Uploads/Public/Uploads/2016-03-19/56ecc75e1312d.jpg
INFO: [ app_init ] --START--
INFO: Run Behavior\BuildLiteBehavior [ RunTime:0.000015s ]
INFO: [ app_init ] --END-- [ RunTime:0.000269s ]
ERR: 无法加载模块:Uploads

[ 2017-01-06T17:42:55+08:00 ] ::1 /Uploads/Public/Uploads/2016-03-19/56ecc75e1312d.jpg
INFO: [ app_init ] --START--
INFO: Run Behavior\BuildLiteBehavior [ RunTime:0.000009s ]
INFO: [ app_init ] --END-- [ RunTime:0.000223s ]
ERR: 无法加载模块:Uploads

[ 2017-01-06T17:42:56+08:00 ] ::1 /Uploads/Public/Uploads/2016-03-19/56ecc75e1312d.jpg
INFO: [ app_init ] --START--
INFO: Run Behavior\BuildLiteBehavior [ RunTime:0.000023s ]
INFO: [ app_init ] --END-- [ RunTime:0.000293s ]
ERR: 无法加载模块:Uploads

[ 2017-01-06T17:43:09+08:00 ] ::1 /Uploads/Public/Uploads/2016-03-19/56ecc75e1312d.jpg
INFO: [ app_init ] --START--
INFO: Run Behavior\BuildLiteBehavior [ RunTime:0.000010s ]
INFO: [ app_init ] --END-- [ RunTime:0.000260s ]
ERR: 无法加载模块:Uploads

[ 2017-01-06T17:43:09+08:00 ] ::1 /Uploads/Public/Uploads/2016-03-19/56ecc75e1312d.jpg
INFO: [ app_init ] --START--
INFO: Run Behavior\BuildLiteBehavior [ RunTime:0.000014s ]
INFO: [ app_init ] --END-- [ RunTime:0.000384s ]
ERR: 无法加载模块:Uploads

[ 2017-01-06T17:45:08+08:00 ] ::1 /Uploads/Public/Uploads/2016-03-19/56ecc75e1312d.jpg
INFO: [ app_init ] --START--
INFO: Run Behavior\BuildLiteBehavior [ RunTime:0.000017s ]
INFO: [ app_init ] --END-- [ RunTime:0.000478s ]
ERR: 无法加载模块:Uploads

[ 2017-01-06T17:48:20+08:00 ] ::1 /Uploads/Public/Uploads/2016-03-19/56ecc75e1312d.jpg
INFO: [ app_init ] --START--
INFO: Run Behavior\BuildLiteBehavior [ RunTime:0.000011s ]
INFO: [ app_init ] --END-- [ RunTime:0.000246s ]
ERR: 无法加载模块:Uploads

[ 2017-01-06T17:48:44+08:00 ] ::1 /Uploads/Public/Uploads/2016-03-19/56ecc75e1312d.jpg
INFO: [ app_init ] --START--
INFO: Run Behavior\BuildLiteBehavior [ RunTime:0.000024s ]
INFO: [ app_init ] --END-- [ RunTime:0.000311s ]
ERR: 无法加载模块:Uploads

[ 2017-01-06T17:52:41+08:00 ] ::1 /Uploads/Public/Uploads/2016-03-19/56ecc75e1312d.jpg
INFO: [ app_init ] --START--
INFO: Run Behavior\BuildLiteBehavior [ RunTime:0.000011s ]
INFO: [ app_init ] --END-- [ RunTime:0.000242s ]
ERR: 无法加载模块:Uploads

[ 2017-01-06T17:54:04+08:00 ] ::1 /Uploads/Public/Uploads/2016-03-19/56ecc75e1312d.jpg
INFO: [ app_init ] --START--
INFO: Run Behavior\BuildLiteBehavior [ RunTime:0.000010s ]
INFO: [ app_init ] --END-- [ RunTime:0.000231s ]
ERR: 无法加载模块:Uploads

[ 2017-01-06T17:54:05+08:00 ] ::1 /Uploads/Public/Uploads/2016-03-19/56ecc75e1312d.jpg
INFO: [ app_init ] --START--
INFO: Run Behavior\BuildLiteBehavior [ RunTime:0.000010s ]
INFO: [ app_init ] --END-- [ RunTime:0.000289s ]
ERR: 无法加载模块:Uploads

[ 2017-01-06T18:01:57+08:00 ] ::1 /Uploads/Public/Uploads/2016-03-19/56ecc75e1312d.jpg
INFO: [ app_init ] --START--
INFO: Run Behavior\BuildLiteBehavior [ RunTime:0.000012s ]
INFO: [ app_init ] --END-- [ RunTime:0.000291s ]
ERR: 无法加载模块:Uploads

[ 2017-01-06T18:01:57+08:00 ] ::1 /Uploads/Public/Uploads/2016-03-19/56ecc75e1312d.jpg
INFO: [ app_init ] --START--
INFO: Run Behavior\BuildLiteBehavior [ RunTime:0.000012s ]
INFO: [ app_init ] --END-- [ RunTime:0.000338s ]
ERR: 无法加载模块:Uploads

[ 2017-01-06T18:03:43+08:00 ] ::1 /Uploads/Public/Uploads/2016-03-19/56ecc75e1312d.jpg
INFO: [ app_init ] --START--
INFO: Run Behavior\BuildLiteBehavior [ RunTime:0.000011s ]
INFO: [ app_init ] --END-- [ RunTime:0.000257s ]
ERR: 无法加载模块:Uploads

[ 2017-01-06T18:03:43+08:00 ] ::1 /Uploads/Public/Uploads/2016-03-19/56ecc75e1312d.jpg
INFO: [ app_init ] --START--
INFO: Run Behavior\BuildLiteBehavior [ RunTime:0.000016s ]
INFO: [ app_init ] --END-- [ RunTime:0.000338s ]
ERR: 无法加载模块:Uploads

[ 2017-01-06T18:05:24+08:00 ] ::1 /Uploads/Public/Uploads/2016-03-19/56ecc75e1312d.jpg
INFO: [ app_init ] --START--
INFO: Run Behavior\BuildLiteBehavior [ RunTime:0.000010s ]
INFO: [ app_init ] --END-- [ RunTime:0.000236s ]
ERR: 无法加载模块:Uploads

[ 2017-01-06T18:05:24+08:00 ] ::1 /Uploads/Public/Uploads/2016-03-19/56ecc75e1312d.jpg
INFO: [ app_init ] --START--
INFO: Run Behavior\BuildLiteBehavior [ RunTime:0.000009s ]
INFO: [ app_init ] --END-- [ RunTime:0.000227s ]
ERR: 无法加载模块:Uploads

[ 2017-01-06T18:05:52+08:00 ] ::1 /Uploads/Public/Uploads/2016-03-19/56ecc75e1312d.jpg
INFO: [ app_init ] --START--
INFO: Run Behavior\BuildLiteBehavior [ RunTime:0.000011s ]
INFO: [ app_init ] --END-- [ RunTime:0.000287s ]
ERR: 无法加载模块:Uploads

[ 2017-01-06T18:05:53+08:00 ] ::1 /Uploads/Public/Uploads/2016-03-19/56ecc75e1312d.jpg
INFO: [ app_init ] --START--
INFO: Run Behavior\BuildLiteBehavior [ RunTime:0.000015s ]
INFO: [ app_init ] --END-- [ RunTime:0.000347s ]
ERR: 无法加载模块:Uploads

[ 2017-01-06T18:06:01+08:00 ] ::1 /Uploads/Public/Uploads/2016-03-19/56ecc75e1312d.jpg
INFO: [ app_init ] --START--
INFO: Run Behavior\BuildLiteBehavior [ RunTime:0.000009s ]
INFO: [ app_init ] --END-- [ RunTime:0.000217s ]
ERR: 无法加载模块:Uploads

[ 2017-01-06T18:06:01+08:00 ] ::1 /images/ybc_dui_bg.png
INFO: [ app_init ] --START--
INFO: Run Behavior\BuildLiteBehavior [ RunTime:0.000014s ]
INFO: [ app_init ] --END-- [ RunTime:0.000313s ]
ERR: 无法加载模块:Images

[ 2017-01-06T18:06:01+08:00 ] ::1 /Uploads/Public/Uploads/2016-03-19/56ecc75e1312d.jpg
INFO: [ app_init ] --START--
INFO: Run Behavior\BuildLiteBehavior [ RunTime:0.000016s ]
INFO: [ app_init ] --END-- [ RunTime:0.000367s ]
ERR: 无法加载模块:Uploads

[ 2017-01-06T18:06:01+08:00 ] ::1 /Public/Home/js/themes/default/default.css
INFO: [ app_init ] --START--
INFO: Run Behavior\BuildLiteBehavior [ RunTime:0.000018s ]
INFO: [ app_init ] --END-- [ RunTime:0.000354s ]
ERR: 无法加载模块:Public

[ 2017-01-06T18:06:29+08:00 ] ::1 /Uploads/Public/Uploads/2016-03-19/56ecc75e1312d.jpg
INFO: [ app_init ] --START--
INFO: Run Behavior\BuildLiteBehavior [ RunTime:0.000011s ]
INFO: [ app_init ] --END-- [ RunTime:0.000290s ]
ERR: 无法加载模块:Uploads

[ 2017-01-06T18:06:29+08:00 ] ::1 /Uploads/Public/Uploads/2016-03-19/56ecc75e1312d.jpg
INFO: [ app_init ] --START--
INFO: Run Behavior\BuildLiteBehavior [ RunTime:0.000016s ]
INFO: [ app_init ] --END-- [ RunTime:0.000393s ]
ERR: 无法加载模块:Uploads

[ 2017-01-06T18:07:02+08:00 ] ::1 /Uploads/Public/Uploads/2016-03-19/56ecc75e1312d.jpg
INFO: [ app_init ] --START--
INFO: Run Behavior\BuildLiteBehavior [ RunTime:0.000011s ]
INFO: [ app_init ] --END-- [ RunTime:0.000235s ]
ERR: 无法加载模块:Uploads

[ 2017-01-06T18:07:02+08:00 ] ::1 /Uploads/Public/Uploads/2016-03-19/56ecc75e1312d.jpg
INFO: [ app_init ] --START--
INFO: Run Behavior\BuildLiteBehavior [ RunTime:0.000016s ]
INFO: [ app_init ] --END-- [ RunTime:0.000360s ]
ERR: 无法加载模块:Uploads

[ 2017-01-06T18:07:02+08:00 ] ::1 /Public/Home/js/themes/default/default.css
INFO: [ app_init ] --START--
INFO: Run Behavior\BuildLiteBehavior [ RunTime:0.000015s ]
INFO: [ app_init ] --END-- [ RunTime:0.000412s ]
ERR: 无法加载模块:Public

[ 2017-01-06T18:08:57+08:00 ] ::1 /Uploads/Public/Uploads/2016-03-19/56ecc75e1312d.jpg
INFO: [ app_init ] --START--
INFO: Run Behavior\BuildLiteBehavior [ RunTime:0.000010s ]
INFO: [ app_init ] --END-- [ RunTime:0.000248s ]
ERR: 无法加载模块:Uploads

[ 2017-01-06T18:08:57+08:00 ] ::1 /Uploads/Public/Uploads/2016-03-19/56ecc75e1312d.jpg
INFO: [ app_init ] --START--
INFO: Run Behavior\BuildLiteBehavior [ RunTime:0.000020s ]
INFO: [ app_init ] --END-- [ RunTime:0.000377s ]
ERR: 无法加载模块:Uploads

[ 2017-01-06T18:08:57+08:00 ] ::1 /Public/Home/js/themes/default/default.css
INFO: [ app_init ] --START--
INFO: Run Behavior\BuildLiteBehavior [ RunTime:0.000015s ]
INFO: [ app_init ] --END-- [ RunTime:0.000387s ]
ERR: 无法加载模块:Public

[ 2017-01-06T18:09:16+08:00 ] ::1 /Uploads/Public/Uploads/2016-03-19/56ecc75e1312d.jpg
INFO: [ app_init ] --START--
INFO: Run Behavior\BuildLiteBehavior [ RunTime:0.000010s ]
INFO: [ app_init ] --END-- [ RunTime:0.000225s ]
ERR: 无法加载模块:Uploads

[ 2017-01-06T18:09:17+08:00 ] ::1 /Uploads/Public/Uploads/2016-03-19/56ecc75e1312d.jpg
INFO: [ app_init ] --START--
INFO: Run Behavior\BuildLiteBehavior [ RunTime:0.000011s ]
INFO: [ app_init ] --END-- [ RunTime:0.000324s ]
ERR: 无法加载模块:Uploads

[ 2017-01-06T18:09:17+08:00 ] ::1 /Public/Home/js/themes/default/default.css
INFO: [ app_init ] --START--
INFO: Run Behavior\BuildLiteBehavior [ RunTime:0.000010s ]
INFO: [ app_init ] --END-- [ RunTime:0.000229s ]
ERR: 无法加载模块:Public

[ 2017-01-06T18:09:42+08:00 ] ::1 /Uploads/Public/Uploads/2016-03-19/56ecc75e1312d.jpg
INFO: [ app_init ] --START--
INFO: Run Behavior\BuildLiteBehavior [ RunTime:0.000010s ]
INFO: [ app_init ] --END-- [ RunTime:0.000228s ]
ERR: 无法加载模块:Uploads

[ 2017-01-06T18:09:42+08:00 ] ::1 /Uploads/Public/Uploads/2016-03-19/56ecc75e1312d.jpg
INFO: [ app_init ] --START--
INFO: Run Behavior\BuildLiteBehavior [ RunTime:0.000011s ]
INFO: [ app_init ] --END-- [ RunTime:0.000249s ]
ERR: 无法加载模块:Uploads

[ 2017-01-06T18:09:42+08:00 ] ::1 /Public/Home/js/themes/default/default.css
INFO: [ app_init ] --START--
INFO: Run Behavior\BuildLiteBehavior [ RunTime:0.000010s ]
INFO: [ app_init ] --END-- [ RunTime:0.000225s ]
ERR: 无法加载模块:Public

[ 2017-01-06T18:10:25+08:00 ] ::1 /Uploads/Public/Uploads/2016-03-19/56ecc75e1312d.jpg
INFO: [ app_init ] --START--
INFO: Run Behavior\BuildLiteBehavior [ RunTime:0.000010s ]
INFO: [ app_init ] --END-- [ RunTime:0.000493s ]
ERR: 无法加载模块:Uploads

[ 2017-01-06T18:10:26+08:00 ] ::1 /Uploads/Public/Uploads/2016-03-19/56ecc75e1312d.jpg
INFO: [ app_init ] --START--
INFO: Run Behavior\BuildLiteBehavior [ RunTime:0.000015s ]
INFO: [ app_init ] --END-- [ RunTime:0.000352s ]
ERR: 无法加载模块:Uploads

[ 2017-01-06T18:10:30+08:00 ] ::1 /Uploads/Public/Uploads/2016-03-19/56ecc75e1312d.jpg
INFO: [ app_init ] --START--
INFO: Run Behavior\BuildLiteBehavior [ RunTime:0.000011s ]
INFO: [ app_init ] --END-- [ RunTime:0.000242s ]
ERR: 无法加载模块:Uploads

[ 2017-01-06T18:10:30+08:00 ] ::1 /Uploads/Public/Uploads/2016-03-19/56ecc75e1312d.jpg
INFO: [ app_init ] --START--
INFO: Run Behavior\BuildLiteBehavior [ RunTime:0.000027s ]
INFO: [ app_init ] --END-- [ RunTime:0.000419s ]
ERR: 无法加载模块:Uploads

[ 2017-01-06T18:10:52+08:00 ] ::1 /images/close.png
INFO: [ app_init ] --START--
INFO: Run Behavior\BuildLiteBehavior [ RunTime:0.000009s ]
INFO: [ app_init ] --END-- [ RunTime:0.000211s ]
ERR: 无法加载模块:Images

[ 2017-01-06T18:10:58+08:00 ] ::1 /Uploads/Public/Uploads/2016-03-19/56ecc75e1312d.jpg
INFO: [ app_init ] --START--
INFO: Run Behavior\BuildLiteBehavior [ RunTime:0.000022s ]
INFO: [ app_init ] --END-- [ RunTime:0.000269s ]
ERR: 无法加载模块:Uploads

[ 2017-01-06T18:10:58+08:00 ] ::1 /Uploads/Public/Uploads/2016-03-19/56ecc75e1312d.jpg
INFO: [ app_init ] --START--
INFO: Run Behavior\BuildLiteBehavior [ RunTime:0.000010s ]
INFO: [ app_init ] --END-- [ RunTime:0.000226s ]
ERR: 无法加载模块:Uploads

[ 2017-01-06T18:11:10+08:00 ] ::1 /Public/Admin/iconfont/iconfont/iconfont.woff?t=1458976880
INFO: [ app_init ] --START--
INFO: Run Behavior\BuildLiteBehavior [ RunTime:0.000016s ]
INFO: [ app_init ] --END-- [ RunTime:0.000274s ]
ERR: 无法加载模块:Public

[ 2017-01-06T18:11:19+08:00 ] ::1 /Public/Admin/iconfont/iconfont/iconfont.woff?t=1458976880
INFO: [ app_init ] --START--
INFO: Run Behavior\BuildLiteBehavior [ RunTime:0.000021s ]
INFO: [ app_init ] --END-- [ RunTime:0.000445s ]
ERR: 无法加载模块:Public

[ 2017-01-06T18:11:24+08:00 ] ::1 /Uploads/Public/Uploads/2016-03-19/56ecc75e1312d.jpg
INFO: [ app_init ] --START--
INFO: Run Behavior\BuildLiteBehavior [ RunTime:0.000010s ]
INFO: [ app_init ] --END-- [ RunTime:0.000262s ]
ERR: 无法加载模块:Uploads

[ 2017-01-06T18:11:24+08:00 ] ::1 /Uploads/Public/Uploads/2016-03-19/56ecc75e1312d.jpg
INFO: [ app_init ] --START--
INFO: Run Behavior\BuildLiteBehavior [ RunTime:0.000014s ]
INFO: [ app_init ] --END-- [ RunTime:0.000338s ]
ERR: 无法加载模块:Uploads

[ 2017-01-06T18:11:27+08:00 ] ::1 /Uploads/Public/Uploads/2016-03-19/56ecc75e1312d.jpg
INFO: [ app_init ] --START--
INFO: Run Behavior\BuildLiteBehavior [ RunTime:0.000009s ]
INFO: [ app_init ] --END-- [ RunTime:0.000247s ]
ERR: 无法加载模块:Uploads

[ 2017-01-06T18:11:28+08:00 ] ::1 /Uploads/Public/Uploads/2016-03-19/56ecc75e1312d.jpg
INFO: [ app_init ] --START--
INFO: Run Behavior\BuildLiteBehavior [ RunTime:0.000010s ]
INFO: [ app_init ] --END-- [ RunTime:0.000271s ]
ERR: 无法加载模块:Uploads

[ 2017-01-06T18:11:41+08:00 ] ::1 /Uploads/Public/Uploads/2016-03-19/56ecc75e1312d.jpg
INFO: [ app_init ] --START--
INFO: Run Behavior\BuildLiteBehavior [ RunTime:0.000009s ]
INFO: [ app_init ] --END-- [ RunTime:0.000214s ]
ERR: 无法加载模块:Uploads

[ 2017-01-06T18:11:44+08:00 ] ::1 /Uploads/Public/Uploads/2016-03-19/56ecc75e1312d.jpg
INFO: [ app_init ] --START--
INFO: Run Behavior\BuildLiteBehavior [ RunTime:0.000010s ]
INFO: [ app_init ] --END-- [ RunTime:0.000231s ]
ERR: 无法加载模块:Uploads

[ 2017-01-06T18:13:56+08:00 ] ::1 /Uploads/Public/Uploads/2016-03-19/56ecc75e1312d.jpg
INFO: [ app_init ] --START--
INFO: Run Behavior\BuildLiteBehavior [ RunTime:0.000008s ]
INFO: [ app_init ] --END-- [ RunTime:0.000256s ]
ERR: 无法加载模块:Uploads

[ 2017-01-06T18:13:59+08:00 ] ::1 /Uploads/Public/Uploads/2016-03-19/56ecc75e1312d.jpg
INFO: [ app_init ] --START--
INFO: Run Behavior\BuildLiteBehavior [ RunTime:0.000024s ]
INFO: [ app_init ] --END-- [ RunTime:0.000423s ]
ERR: 无法加载模块:Uploads

[ 2017-01-06T18:15:25+08:00 ] ::1 /Uploads/Public/Uploads/2016-03-19/56ecc75e1312d.jpg
INFO: [ app_init ] --START--
INFO: Run Behavior\BuildLiteBehavior [ RunTime:0.000008s ]
INFO: [ app_init ] --END-- [ RunTime:0.000244s ]
ERR: 无法加载模块:Uploads

[ 2017-01-06T18:15:28+08:00 ] ::1 /Uploads/Public/Uploads/2016-03-19/56ecc75e1312d.jpg
INFO: [ app_init ] --START--
INFO: Run Behavior\BuildLiteBehavior [ RunTime:0.000014s ]
INFO: [ app_init ] --END-- [ RunTime:0.000337s ]
ERR: 无法加载模块:Uploads

[ 2017-01-06T18:16:27+08:00 ] ::1 /Uploads/Public/Uploads/2016-03-19/56ecc75e1312d.jpg
INFO: [ app_init ] --START--
INFO: Run Behavior\BuildLiteBehavior [ RunTime:0.000009s ]
INFO: [ app_init ] --END-- [ RunTime:0.000278s ]
ERR: 无法加载模块:Uploads

[ 2017-01-06T18:16:30+08:00 ] ::1 /Uploads/Public/Uploads/2016-03-19/56ecc75e1312d.jpg
INFO: [ app_init ] --START--
INFO: Run Behavior\BuildLiteBehavior [ RunTime:0.000018s ]
INFO: [ app_init ] --END-- [ RunTime:0.000380s ]
ERR: 无法加载模块:Uploads

[ 2017-01-06T18:16:44+08:00 ] ::1 /Uploads/Public/Uploads/2016-03-19/56ecc75e1312d.jpg
INFO: [ app_init ] --START--
INFO: Run Behavior\BuildLiteBehavior [ RunTime:0.000009s ]
INFO: [ app_init ] --END-- [ RunTime:0.000214s ]
ERR: 无法加载模块:Uploads

[ 2017-01-06T18:16:49+08:00 ] ::1 /Uploads/Public/Uploads/2016-03-19/56ecc75e1312d.jpg
INFO: [ app_init ] --START--
INFO: Run Behavior\BuildLiteBehavior [ RunTime:0.000010s ]
INFO: [ app_init ] --END-- [ RunTime:0.000238s ]
ERR: 无法加载模块:Uploads

[ 2017-01-06T18:16:54+08:00 ] ::1 /Public/Admin/iconfont/iconfont/iconfont.woff?t=1458976880
INFO: [ app_init ] --START--
INFO: Run Behavior\BuildLiteBehavior [ RunTime:0.000010s ]
INFO: [ app_init ] --END-- [ RunTime:0.000224s ]
ERR: 无法加载模块:Public

[ 2017-01-06T18:17:09+08:00 ] ::1 /Public/Admin/iconfont/iconfont/iconfont.woff?t=1458976880
INFO: [ app_init ] --START--
INFO: Run Behavior\BuildLiteBehavior [ RunTime:0.000010s ]
INFO: [ app_init ] --END-- [ RunTime:0.000228s ]
ERR: 无法加载模块:Public

[ 2017-01-06T18:17:10+08:00 ] ::1 /Uploads/Public/Uploads/2016-03-19/56ecc75e1312d.jpg
INFO: [ app_init ] --START--
INFO: Run Behavior\BuildLiteBehavior [ RunTime:0.000015s ]
INFO: [ app_init ] --END-- [ RunTime:0.000368s ]
ERR: 无法加载模块:Uploads

[ 2017-01-06T18:17:11+08:00 ] ::1 /Uploads/Public/Uploads/2016-03-19/56ecc75e1312d.jpg
INFO: [ app_init ] --START--
INFO: Run Behavior\BuildLiteBehavior [ RunTime:0.000016s ]
INFO: [ app_init ] --END-- [ RunTime:0.000350s ]
ERR: 无法加载模块:Uploads

[ 2017-01-06T18:17:16+08:00 ] ::1 /Uploads/Public/Uploads/2016-03-19/56ecc75e1312d.jpg
INFO: [ app_init ] --START--
INFO: Run Behavior\BuildLiteBehavior [ RunTime:0.000016s ]
INFO: [ app_init ] --END-- [ RunTime:0.000332s ]
ERR: 无法加载模块:Uploads

[ 2017-01-06T18:17:19+08:00 ] ::1 /Uploads/Public/Uploads/2016-03-19/56ecc75e1312d.jpg
INFO: [ app_init ] --START--
INFO: Run Behavior\BuildLiteBehavior [ RunTime:0.000014s ]
INFO: [ app_init ] --END-- [ RunTime:0.000331s ]
ERR: 无法加载模块:Uploads

[ 2017-01-06T18:17:29+08:00 ] ::1 /Uploads/Public/Uploads/2016-03-19/56ecc75e1312d.jpg
INFO: [ app_init ] --START--
INFO: Run Behavior\BuildLiteBehavior [ RunTime:0.000013s ]
INFO: [ app_init ] --END-- [ RunTime:0.000320s ]
ERR: 无法加载模块:Uploads

[ 2017-01-06T18:17:30+08:00 ] ::1 /Uploads/Public/Uploads/2016-03-19/56ecc75e1312d.jpg
INFO: [ app_init ] --START--
INFO: Run Behavior\BuildLiteBehavior [ RunTime:0.000011s ]
INFO: [ app_init ] --END-- [ RunTime:0.000281s ]
ERR: 无法加载模块:Uploads

[ 2017-01-06T18:17:33+08:00 ] ::1 /Uploads/Public/Uploads/2016-03-19/56ecc75e1312d.jpg
INFO: [ app_init ] --START--
INFO: Run Behavior\BuildLiteBehavior [ RunTime:0.000011s ]
INFO: [ app_init ] --END-- [ RunTime:0.000251s ]
ERR: 无法加载模块:Uploads

[ 2017-01-06T18:17:33+08:00 ] ::1 /Uploads/Public/Uploads/2016-03-19/56ecc75e1312d.jpg
INFO: [ app_init ] --START--
INFO: Run Behavior\BuildLiteBehavior [ RunTime:0.000010s ]
INFO: [ app_init ] --END-- [ RunTime:0.000227s ]
ERR: 无法加载模块:Uploads

[ 2017-01-06T18:20:23+08:00 ] ::1 /Public/Admin/iconfont/iconfont/iconfont.woff?t=1458976880
INFO: [ app_init ] --START--
INFO: Run Behavior\BuildLiteBehavior [ RunTime:0.000010s ]
INFO: [ app_init ] --END-- [ RunTime:0.000234s ]
ERR: 无法加载模块:Public

[ 2017-01-06T18:20:31+08:00 ] ::1 /Public/Admin/iconfont/iconfont/iconfont.woff?t=1458976880
INFO: [ app_init ] --START--
INFO: Run Behavior\BuildLiteBehavior [ RunTime:0.000009s ]
INFO: [ app_init ] --END-- [ RunTime:0.000226s ]
ERR: 无法加载模块:Public

[ 2017-01-06T18:20:37+08:00 ] ::1 /Public/Admin/iconfont/iconfont/iconfont.woff?t=1458976880
INFO: [ app_init ] --START--
INFO: Run Behavior\BuildLiteBehavior [ RunTime:0.000009s ]
INFO: [ app_init ] --END-- [ RunTime:0.000228s ]
ERR: 无法加载模块:Public

[ 2017-01-06T18:20:47+08:00 ] ::1 /Public/Admin/iconfont/iconfont/iconfont.woff?t=1458976880
INFO: [ app_init ] --START--
INFO: Run Behavior\BuildLiteBehavior [ RunTime:0.000015s ]
INFO: [ app_init ] --END-- [ RunTime:0.000323s ]
ERR: 无法加载模块:Public

[ 2017-01-06T18:20:52+08:00 ] ::1 /Uploads/Public/Uploads/2016-03-19/56ecc75e1312d.jpg
INFO: [ app_init ] --START--
INFO: Run Behavior\BuildLiteBehavior [ RunTime:0.000026s ]
INFO: [ app_init ] --END-- [ RunTime:0.000356s ]
ERR: 无法加载模块:Uploads

[ 2017-01-06T18:20:53+08:00 ] ::1 /Uploads/Public/Uploads/2016-03-19/56ecc75e1312d.jpg
INFO: [ app_init ] --START--
INFO: Run Behavior\BuildLiteBehavior [ RunTime:0.000011s ]
INFO: [ app_init ] --END-- [ RunTime:0.000237s ]
ERR: 无法加载模块:Uploads

[ 2017-01-06T18:27:12+08:00 ] ::1 /Uploads/Public/Uploads/2016-03-19/56ecc75e1312d.jpg
INFO: [ app_init ] --START--
INFO: Run Behavior\BuildLiteBehavior [ RunTime:0.000022s ]
INFO: [ app_init ] --END-- [ RunTime:0.000322s ]
ERR: 无法加载模块:Uploads

[ 2017-01-06T18:27:13+08:00 ] ::1 /Uploads/Public/Uploads/2016-03-19/56ecc75e1312d.jpg
INFO: [ app_init ] --START--
INFO: Run Behavior\BuildLiteBehavior [ RunTime:0.000016s ]
INFO: [ app_init ] --END-- [ RunTime:0.000375s ]
ERR: 无法加载模块:Uploads

[ 2017-01-06T18:27:17+08:00 ] ::1 /Uploads/Public/Uploads/2016-03-19/56ecc75e1312d.jpg
INFO: [ app_init ] --START--
INFO: Run Behavior\BuildLiteBehavior [ RunTime:0.000015s ]
INFO: [ app_init ] --END-- [ RunTime:0.000433s ]
ERR: 无法加载模块:Uploads

[ 2017-01-06T18:27:17+08:00 ] ::1 /Uploads/Public/Uploads/2016-03-19/56ecc75e1312d.jpg
INFO: [ app_init ] --START--
INFO: Run Behavior\BuildLiteBehavior [ RunTime:0.000011s ]
INFO: [ app_init ] --END-- [ RunTime:0.000240s ]
ERR: 无法加载模块:Uploads

[ 2017-01-06T18:27:24+08:00 ] ::1 /Uploads/Public/Uploads/2016-03-19/56ecc75e1312d.jpg
INFO: [ app_init ] --START--
INFO: Run Behavior\BuildLiteBehavior [ RunTime:0.000021s ]
INFO: [ app_init ] --END-- [ RunTime:0.000279s ]
ERR: 无法加载模块:Uploads

[ 2017-01-06T18:27:24+08:00 ] ::1 /Uploads/Public/Uploads/2016-03-19/56ecc75e1312d.jpg
INFO: [ app_init ] --START--
INFO: Run Behavior\BuildLiteBehavior [ RunTime:0.000016s ]
INFO: [ app_init ] --END-- [ RunTime:0.000344s ]
ERR: 无法加载模块:Uploads

[ 2017-01-06T18:31:59+08:00 ] ::1 /Uploads/Public/Uploads/2016-03-19/56ecc75e1312d.jpg
INFO: [ app_init ] --START--
INFO: Run Behavior\BuildLiteBehavior [ RunTime:0.000017s ]
INFO: [ app_init ] --END-- [ RunTime:0.000435s ]
ERR: 无法加载模块:Uploads

[ 2017-01-06T18:32:00+08:00 ] ::1 /Uploads/Public/Uploads/2016-03-19/56ecc75e1312d.jpg
INFO: [ app_init ] --START--
INFO: Run Behavior\BuildLiteBehavior [ RunTime:0.000012s ]
INFO: [ app_init ] --END-- [ RunTime:0.000356s ]
ERR: 无法加载模块:Uploads

[ 2017-01-06T18:32:35+08:00 ] ::1 /Uploads/Public/Uploads/2016-03-19/56ecc75e1312d.jpg
INFO: [ app_init ] --START--
INFO: Run Behavior\BuildLiteBehavior [ RunTime:0.000010s ]
INFO: [ app_init ] --END-- [ RunTime:0.000230s ]
ERR: 无法加载模块:Uploads

[ 2017-01-06T18:32:36+08:00 ] ::1 /Uploads/Public/Uploads/2016-03-19/56ecc75e1312d.jpg
INFO: [ app_init ] --START--
INFO: Run Behavior\BuildLiteBehavior [ RunTime:0.000017s ]
INFO: [ app_init ] --END-- [ RunTime:0.000562s ]
ERR: 无法加载模块:Uploads

[ 2017-01-06T18:32:42+08:00 ] ::1 /Uploads/Public/Uploads/2016-03-19/56ecc75e1312d.jpg
INFO: [ app_init ] --START--
INFO: Run Behavior\BuildLiteBehavior [ RunTime:0.000009s ]
INFO: [ app_init ] --END-- [ RunTime:0.000219s ]
ERR: 无法加载模块:Uploads

[ 2017-01-06T18:32:43+08:00 ] ::1 /Uploads/Public/Uploads/2016-03-19/56ecc75e1312d.jpg
INFO: [ app_init ] --START--
INFO: Run Behavior\BuildLiteBehavior [ RunTime:0.000010s ]
INFO: [ app_init ] --END-- [ RunTime:0.000232s ]
ERR: 无法加载模块:Uploads

[ 2017-01-06T18:37:37+08:00 ] ::1 /Uploads/Public/Uploads/2016-03-19/56ecc75e1312d.jpg
INFO: [ app_init ] --START--
INFO: Run Behavior\BuildLiteBehavior [ RunTime:0.000008s ]
INFO: [ app_init ] --END-- [ RunTime:0.000291s ]
ERR: 无法加载模块:Uploads

[ 2017-01-06T18:37:58+08:00 ] ::1 /Uploads/Public/Uploads/2016-03-19/56ecc75e1312d.jpg
INFO: [ app_init ] --START--
INFO: Run Behavior\BuildLiteBehavior [ RunTime:0.000008s ]
INFO: [ app_init ] --END-- [ RunTime:0.000219s ]
ERR: 无法加载模块:Uploads

[ 2017-01-06T18:38:02+08:00 ] ::1 /Uploads/Public/Uploads/2016-03-19/56ecc75e1312d.jpg
INFO: [ app_init ] --START--
INFO: Run Behavior\BuildLiteBehavior [ RunTime:0.000014s ]
INFO: [ app_init ] --END-- [ RunTime:0.000329s ]
ERR: 无法加载模块:Uploads

[ 2017-01-06T18:38:02+08:00 ] ::1 /Uploads/Public/Uploads/2016-03-19/56ecc75e1312d.jpg
INFO: [ app_init ] --START--
INFO: Run Behavior\BuildLiteBehavior [ RunTime:0.000015s ]
INFO: [ app_init ] --END-- [ RunTime:0.000345s ]
ERR: 无法加载模块:Uploads

[ 2017-01-06T18:38:50+08:00 ] ::1 /Uploads/Public/Uploads/2016-03-19/56ecc75e1312d.jpg
INFO: [ app_init ] --START--
INFO: Run Behavior\BuildLiteBehavior [ RunTime:0.000012s ]
INFO: [ app_init ] --END-- [ RunTime:0.000345s ]
ERR: 无法加载模块:Uploads

[ 2017-01-06T18:38:55+08:00 ] ::1 /Uploads/Public/Uploads/2016-03-19/56ecc75e1312d.jpg
INFO: [ app_init ] --START--
INFO: Run Behavior\BuildLiteBehavior [ RunTime:0.000009s ]
INFO: [ app_init ] --END-- [ RunTime:0.000221s ]
ERR: 无法加载模块:Uploads

