[ 2017-01-14T17:16:35+08:00 ] ::1 /Uploads/Public/Uploads/2016-03-19/56ecc75e1312d.jpg
INFO: [ app_init ] --START--
INFO: Run Behavior\BuildLiteBehavior [ RunTime:0.000017s ]
INFO: [ app_init ] --END-- [ RunTime:0.000508s ]
ERR: 无法加载模块:Uploads

8%81_%E6%AF%94%E7%89%B9%E5%B8%81%E5%AE%98%E7%BD%91_files/page_glb_var.js
INFO: [ app_init ] --START--
INFO: Run Behavior\BuildLiteBehavior [ RunTime:0.000015s ]
INFO: [ app_init ] --END-- [ RunTime:0.000373s ]
ERR: 无法加载模块:￥2717.80 _ 【火币】虚拟货币交易_比特币交易平台_虚拟币莱特币_比特币官网_files

[ 2017-01-14T17:16:36+08:00 ] ::1 /Public/Home/js/dist/page_index.js
INFO: [ app_init ] --START--
INFO: Run Behavior\BuildLiteBehavior [ RunTime:0.000012s ]
INFO: [ app_init ] --END-- [ RunTime:0.000269s ]
ERR: 无法加载模块:Public

[ 2017-01-14T17:16:38+08:00 ] ::1 /Uploads/Public/Uploads/2016-03-19/56ecc75e1312d.jpg
INFO: [ app_init ] --START--
INFO: Run Behavior\BuildLiteBehavior [ RunTime:0.000018s ]
INFO: [ app_init ] --END-- [ RunTime:0.000341s ]
ERR: 无法加载模块:Uploads

[ 2017-01-14T17:16:38+08:00 ] ::1 /Uploads/Public/Uploads/2016-03-19/56ecc75e1312d.jpg
INFO: [ app_init ] --START--
INFO: Run Behavior\BuildLiteBehavior [ RunTime:0.000010s ]
INFO: [ app_init ] --END-- [ RunTime:0.000249s ]
ERR: 无法加载模块:Uploads

[ 2017-01-14T17:16:38+08:00 ] ::1 /images/jubi/zhuce.png
INFO: [ app_init ] --START--
INFO: Run Behavior\BuildLiteBehavior [ RunTime:0.000012s ]
INFO: [ app_init ] --END-- [ RunTime:0.000274s ]
ERR: 无法加载模块:Images

[ 2017-01-14T17:16:40+08:00 ] ::1 /Uploads/Public/Uploads/2016-03-19/56ecc75e1312d.jpg
INFO: [ app_init ] --START--
INFO: Run Behavior\BuildLiteBehavior [ RunTime:0.000016s ]
INFO: [ app_init ] --END-- [ RunTime:0.000343s ]
ERR: 无法加载模块:Uploads

[ 2017-01-14T17:16:40+08:00 ] ::1 /Uploads/Public/Uploads/2016-03-19/56ecc75e1312d.jpg
INFO: [ app_init ] --START--
INFO: Run Behavior\BuildLiteBehavior [ RunTime:0.000016s ]
INFO: [ app_init ] --END-- [ RunTime:0.000392s ]
ERR: 无法加载模块:Uploads

[ 2017-01-14T17:17:20+08:00 ] ::1 /Uploads/Public/Uploads/2016-03-19/56ecc75e1312d.jpg
INFO: [ app_init ] --START--
INFO: Run Behavior\BuildLiteBehavior [ RunTime:0.000017s ]
INFO: [ app_init ] --END-- [ RunTime:0.000421s ]
ERR: 无法加载模块:Uploads

[ 2017-01-14T17:17:20+08:00 ] ::1 /Uploads/Public/Uploads/2016-03-19/56ecc75e1312d.jpg
INFO: [ app_init ] --START--
INFO: Run Behavior\BuildLiteBehavior [ RunTime:0.000009s ]
INFO: [ app_init ] --END-- [ RunTime:0.000295s ]
ERR: 无法加载模块:Uploads

[ 2017-01-14T17:18:51+08:00 ] ::1 /Uploads/Public/Uploads/2016-03-19/56ecc75e1312d.jpg
INFO: [ app_init ] --START--
INFO: Run Behavior\BuildLiteBehavior [ RunTime:0.000017s ]
INFO: [ app_init ] --END-- [ RunTime:0.000419s ]
ERR: 无法加载模块:Uploads

[ 2017-01-14T17:18:51+08:00 ] ::1 /images/jubi/zhuce.png
INFO: [ app_init ] --START--
INFO: Run Behavior\BuildLiteBehavior [ RunTime:0.000012s ]
INFO: [ app_init ] --END-- [ RunTime:0.000433s ]
ERR: 无法加载模块:Images

[ 2017-01-14T17:19:01+08:00 ] ::1 /Uploads/Public/Uploads/2016-03-19/56ecc75e1312d.jpg
INFO: [ app_init ] --START--
INFO: Run Behavior\BuildLiteBehavior [ RunTime:0.000013s ]
INFO: [ app_init ] --END-- [ RunTime:0.000285s ]
ERR: 无法加载模块:Uploads

[ 2017-01-14T17:19:02+08:00 ] ::1 /Uploads/Public/Uploads/2016-03-19/56ecc75e1312d.jpg
INFO: [ app_init ] --START--
INFO: Run Behavior\BuildLiteBehavior [ RunTime:0.000009s ]
INFO: [ app_init ] --END-- [ RunTime:0.000281s ]
ERR: 无法加载模块:Uploads

[ 2017-01-14T17:19:05+08:00 ] ::1 /Uploads/Public/Uploads/2016-03-19/56ecc75e1312d.jpg
INFO: [ app_init ] --START--
INFO: Run Behavior\BuildLiteBehavior [ RunTime:0.000010s ]
INFO: [ app_init ] --END-- [ RunTime:0.000327s ]
ERR: 无法加载模块:Uploads

[ 2017-01-14T17:19:06+08:00 ] ::1 /Uploads/Public/Uploads/2016-03-19/56ecc75e1312d.jpg
INFO: [ app_init ] --START--
INFO: Run Behavior\BuildLiteBehavior [ RunTime:0.000011s ]
INFO: [ app_init ] --END-- [ RunTime:0.000268s ]
ERR: 无法加载模块:Uploads

[ 2017-01-14T17:19:09+08:00 ] ::1 /Uploads/Public/Uploads/2016-03-19/56ecc75e1312d.jpg
INFO: [ app_init ] --START--
INFO: Run Behavior\BuildLiteBehavior [ RunTime:0.000009s ]
INFO: [ app_init ] --END-- [ RunTime:0.000224s ]
ERR: 无法加载模块:Uploads

[ 2017-01-14T17:19:09+08:00 ] ::1 /Uploads/Public/Uploads/2016-03-19/56ecc75e1312d.jpg
INFO: [ app_init ] --START--
INFO: Run Behavior\BuildLiteBehavior [ RunTime:0.000010s ]
INFO: [ app_init ] --END-- [ RunTime:0.000238s ]
ERR: 无法加载模块:Uploads

[ 2017-01-14T17:20:30+08:00 ] ::1 /Uploads/Public/Uploads/2016-03-19/56ecc75e1312d.jpg
INFO: [ app_init ] --START--
INFO: Run Behavior\BuildLiteBehavior [ RunTime:0.000016s ]
INFO: [ app_init ] --END-- [ RunTime:0.000468s ]
ERR: 无法加载模块:Uploads

